2022-10-12 18:37:58,982 - org.apache.commons.logging.Log -INFO - Click on sign button
2022-10-12 18:37:59,117 - org.apache.commons.logging.Log -INFO - Enter Username
2022-10-12 18:37:59,201 - org.apache.commons.logging.Log -INFO - Enter Password
2022-10-12 18:37:59,294 - org.apache.commons.logging.Log -INFO - click on sign button
2022-10-12 18:38:33,725 - org.apache.commons.logging.Log -INFO - Click on sign button
2022-10-12 18:38:33,880 - org.apache.commons.logging.Log -INFO - Enter Username
2022-10-12 18:38:34,032 - org.apache.commons.logging.Log -INFO - Enter Password
2022-10-12 18:38:34,165 - org.apache.commons.logging.Log -INFO - click on sign button
2022-10-12 18:39:39,492 - org.apache.commons.logging.Log -INFO - Click on sign button
2022-10-12 18:39:39,615 - org.apache.commons.logging.Log -INFO - Enter Username
2022-10-12 18:39:39,712 - org.apache.commons.logging.Log -INFO - Enter Password
2022-10-12 18:39:39,820 - org.apache.commons.logging.Log -INFO - click on sign button
2022-10-12 18:49:03,157 - org.apache.commons.logging.Log -INFO - Click on sign button
2022-10-12 18:49:03,328 - org.apache.commons.logging.Log -INFO - Enter Username
2022-10-12 18:49:03,436 - org.apache.commons.logging.Log -INFO - Enter Password
2022-10-12 18:49:03,553 - org.apache.commons.logging.Log -INFO - click on sign button
2022-10-13 10:21:58,410 - org.apache.commons.logging.Log -INFO - Click on sign button
2022-10-13 10:21:58,556 - org.apache.commons.logging.Log -INFO - Enter Username
2022-10-13 10:21:58,638 - org.apache.commons.logging.Log -INFO - Enter Password
2022-10-13 10:21:58,773 - org.apache.commons.logging.Log -INFO - click on sign button
2022-10-13 10:27:47,700 - org.apache.commons.logging.Log -INFO - Click on sign button
2022-10-13 10:27:47,834 - org.apache.commons.logging.Log -INFO - Enter Username
2022-10-13 10:27:47,928 - org.apache.commons.logging.Log -INFO - Enter Password
2022-10-13 10:27:48,041 - org.apache.commons.logging.Log -INFO - click on sign button
2022-10-13 10:28:37,927 - org.apache.commons.logging.Log -INFO - Failure  because of ....org.openqa.selenium.ElementClickInterceptedException: element click intercepted: Element is not clickable at point (852, -41)
  (Session info: chrome=106.0.5249.119)
Build info: version: '3.141.59', revision: 'e82be7d358', time: '2018-11-14T08:17:03'
System info: host: 'DESKTOP-KMVAA5F', ip: '192.168.80.48', os.name: 'Windows 10', os.arch: 'amd64', os.version: '10.0', java.version: '11'
Driver info: org.openqa.selenium.chrome.ChromeDriver
Capabilities {acceptInsecureCerts: false, browserName: chrome, browserVersion: 106.0.5249.119, chrome: {chromedriverVersion: 106.0.5249.61 (511755355844..., userDataDir: C:\Users\samco\AppData\Loca...}, goog:chromeOptions: {debuggerAddress: localhost:53997}, javascriptEnabled: true, networkConnectionEnabled: false, pageLoadStrategy: normal, platform: WINDOWS, platformName: WINDOWS, proxy: Proxy(), setWindowRect: true, strictFileInteractability: false, timeouts: {implicit: 0, pageLoad: 300000, script: 30000}, unhandledPromptBehavior: dismiss and notify, webauthn:extension:credBlob: true, webauthn:extension:largeBlob: true, webauthn:virtualAuthenticators: true}
Session ID: 9a1e96ab3aa1351172b74b28021d93af
2022-10-13 10:28:38,247 - org.apache.commons.logging.Log -INFO - 
2022-10-13 10:28:38,249 - org.apache.commons.logging.Log -INFO - Skipped because of ....java.lang.Throwable: Method BasketLumpsum_NEFTTest.clickonbasketpage()[pri:0, instance:com.Test.Rankmfselenium.BasketLumpsum_NEFTTest@12359a82] depends on not successfully finished methods
2022-10-13 10:28:38,251 - org.apache.commons.logging.Log -INFO - 
2022-10-13 10:28:38,252 - org.apache.commons.logging.Log -INFO - Skipped because of ....java.lang.Throwable: Method BasketLumpsum_NEFTTest.Clickonconservative()[pri:0, instance:com.Test.Rankmfselenium.BasketLumpsum_NEFTTest@12359a82] depends on not successfully finished methods
2022-10-13 10:28:38,254 - org.apache.commons.logging.Log -INFO - 
2022-10-13 10:28:38,255 - org.apache.commons.logging.Log -INFO - Skipped because of ....java.lang.Throwable: Method BasketLumpsum_NEFTTest.clickoninvest()[pri:0, instance:com.Test.Rankmfselenium.BasketLumpsum_NEFTTest@12359a82] depends on not successfully finished methods
2022-10-13 10:28:38,258 - org.apache.commons.logging.Log -INFO - 
2022-10-13 10:28:38,259 - org.apache.commons.logging.Log -INFO - Skipped because of ....java.lang.Throwable: Method BasketLumpsum_NEFTTest.clickonpaymentmode()[pri:0, instance:com.Test.Rankmfselenium.BasketLumpsum_NEFTTest@12359a82] depends on not successfully finished methods
2022-10-13 10:28:38,261 - org.apache.commons.logging.Log -INFO - 
2022-10-13 10:28:38,264 - org.apache.commons.logging.Log -INFO - Skipped because of ....java.lang.Throwable: Method BasketLumpsum_NEFTTest.clickon_Enter_UtrNo()[pri:0, instance:com.Test.Rankmfselenium.BasketLumpsum_NEFTTest@12359a82] depends on not successfully finished methods
2022-10-13 10:28:38,267 - org.apache.commons.logging.Log -INFO - 
2022-10-13 10:28:38,269 - org.apache.commons.logging.Log -INFO - Skipped because of ....java.lang.Throwable: Method BasketLumpsum_NEFTTest.ClickonVerifyOTP()[pri:0, instance:com.Test.Rankmfselenium.BasketLumpsum_NEFTTest@12359a82] depends on not successfully finished methods
2022-10-13 10:28:38,272 - org.apache.commons.logging.Log -INFO - 
2022-10-13 10:28:38,274 - org.apache.commons.logging.Log -INFO - Skipped because of ....java.lang.Throwable: Method BasketLumpsum_NEFTTest.enterotpnum()[pri:0, instance:com.Test.Rankmfselenium.BasketLumpsum_NEFTTest@12359a82] depends on not successfully finished methods
2022-10-13 10:28:38,275 - org.apache.commons.logging.Log -INFO - 
2022-10-13 10:28:38,278 - org.apache.commons.logging.Log -INFO - Skipped because of ....java.lang.Throwable: Method BasketLumpsum_NEFTTest.show_orderplaced_popup()[pri:0, instance:com.Test.Rankmfselenium.BasketLumpsum_NEFTTest@12359a82] depends on not successfully finished methods
2022-10-13 10:28:38,280 - org.apache.commons.logging.Log -INFO - 
2022-10-13 10:28:38,281 - org.apache.commons.logging.Log -INFO - Skipped because of ....java.lang.Throwable: Method BasketLumpsum_NEFTTest.Email_sendnotification()[pri:0, instance:com.Test.Rankmfselenium.BasketLumpsum_NEFTTest@12359a82] depends on not successfully finished methods
2022-10-13 10:28:38,306 - org.apache.commons.logging.Log -INFO - ................On Finish  Testcases..... ....BasketLumpsumorder
2022-10-13 10:29:05,640 - org.apache.commons.logging.Log -INFO - Click on sign button
2022-10-13 10:29:05,791 - org.apache.commons.logging.Log -INFO - Enter Username
2022-10-13 10:29:05,870 - org.apache.commons.logging.Log -INFO - Enter Password
2022-10-13 10:29:05,961 - org.apache.commons.logging.Log -INFO - click on sign button
2022-10-13 10:29:05,968 - org.apache.commons.logging.Log -INFO - Failure  because of ....java.lang.NullPointerException
2022-10-13 10:29:09,034 - org.apache.commons.logging.Log -INFO - 
2022-10-13 10:29:09,036 - org.apache.commons.logging.Log -INFO - Skipped because of ....java.lang.Throwable: Method BasketLumpsum_NEFTTest.clickonbasketpage()[pri:0, instance:com.Test.Rankmfselenium.BasketLumpsum_NEFTTest@12359a82] depends on not successfully finished methods
2022-10-13 10:29:09,039 - org.apache.commons.logging.Log -INFO - 
2022-10-13 10:29:09,040 - org.apache.commons.logging.Log -INFO - Skipped because of ....java.lang.Throwable: Method BasketLumpsum_NEFTTest.Clickonconservative()[pri:0, instance:com.Test.Rankmfselenium.BasketLumpsum_NEFTTest@12359a82] depends on not successfully finished methods
2022-10-13 10:29:09,042 - org.apache.commons.logging.Log -INFO - 
2022-10-13 10:29:09,044 - org.apache.commons.logging.Log -INFO - Skipped because of ....java.lang.Throwable: Method BasketLumpsum_NEFTTest.clickoninvest()[pri:0, instance:com.Test.Rankmfselenium.BasketLumpsum_NEFTTest@12359a82] depends on not successfully finished methods
2022-10-13 10:29:09,046 - org.apache.commons.logging.Log -INFO - 
2022-10-13 10:29:09,048 - org.apache.commons.logging.Log -INFO - Skipped because of ....java.lang.Throwable: Method BasketLumpsum_NEFTTest.clickonpaymentmode()[pri:0, instance:com.Test.Rankmfselenium.BasketLumpsum_NEFTTest@12359a82] depends on not successfully finished methods
2022-10-13 10:29:09,051 - org.apache.commons.logging.Log -INFO - 
2022-10-13 10:29:09,053 - org.apache.commons.logging.Log -INFO - Skipped because of ....java.lang.Throwable: Method BasketLumpsum_NEFTTest.clickon_Enter_UtrNo()[pri:0, instance:com.Test.Rankmfselenium.BasketLumpsum_NEFTTest@12359a82] depends on not successfully finished methods
2022-10-13 10:29:09,056 - org.apache.commons.logging.Log -INFO - 
2022-10-13 10:29:09,059 - org.apache.commons.logging.Log -INFO - Skipped because of ....java.lang.Throwable: Method BasketLumpsum_NEFTTest.ClickonVerifyOTP()[pri:0, instance:com.Test.Rankmfselenium.BasketLumpsum_NEFTTest@12359a82] depends on not successfully finished methods
2022-10-13 10:29:09,061 - org.apache.commons.logging.Log -INFO - 
2022-10-13 10:29:09,068 - org.apache.commons.logging.Log -INFO - Skipped because of ....java.lang.Throwable: Method BasketLumpsum_NEFTTest.enterotpnum()[pri:0, instance:com.Test.Rankmfselenium.BasketLumpsum_NEFTTest@12359a82] depends on not successfully finished methods
2022-10-13 10:29:09,070 - org.apache.commons.logging.Log -INFO - 
2022-10-13 10:29:09,071 - org.apache.commons.logging.Log -INFO - Skipped because of ....java.lang.Throwable: Method BasketLumpsum_NEFTTest.show_orderplaced_popup()[pri:0, instance:com.Test.Rankmfselenium.BasketLumpsum_NEFTTest@12359a82] depends on not successfully finished methods
2022-10-13 10:29:09,073 - org.apache.commons.logging.Log -INFO - 
2022-10-13 10:29:09,074 - org.apache.commons.logging.Log -INFO - Skipped because of ....java.lang.Throwable: Method BasketLumpsum_NEFTTest.Email_sendnotification()[pri:0, instance:com.Test.Rankmfselenium.BasketLumpsum_NEFTTest@12359a82] depends on not successfully finished methods
2022-10-13 10:29:09,098 - org.apache.commons.logging.Log -INFO - ................On Finish  Testcases..... ....BasketLumpsumorder
2022-10-13 10:30:11,550 - org.apache.commons.logging.Log -INFO - Click on sign button
2022-10-13 10:30:11,639 - org.apache.commons.logging.Log -INFO - Enter Username
2022-10-13 10:30:11,774 - org.apache.commons.logging.Log -INFO - Enter Password
2022-10-13 10:30:11,897 - org.apache.commons.logging.Log -INFO - click on sign button
2022-10-13 10:30:11,908 - org.apache.commons.logging.Log -INFO - clickonSigninPagepassed
2022-10-13 10:30:11,918 - org.apache.commons.logging.Log -INFO - 
2022-10-13 10:30:16,378 - org.apache.commons.logging.Log -INFO - clickonbasketpagepassed
2022-10-13 10:30:16,381 - org.apache.commons.logging.Log -INFO - 
2022-10-13 10:30:20,330 - org.apache.commons.logging.Log -INFO - Clickonconservativepassed
2022-10-13 10:30:20,333 - org.apache.commons.logging.Log -INFO - 
2022-10-13 10:30:23,410 - org.apache.commons.logging.Log -INFO - clickoninvestpassed
2022-10-13 10:30:23,412 - org.apache.commons.logging.Log -INFO - 
2022-10-13 10:30:25,620 - org.apache.commons.logging.Log -INFO - clickonpaymentmodepassed
2022-10-13 10:30:25,622 - org.apache.commons.logging.Log -INFO - 
2022-10-13 10:30:29,850 - org.apache.commons.logging.Log -INFO - clickon_Enter_UtrNopassed
2022-10-13 10:30:29,852 - org.apache.commons.logging.Log -INFO - 
2022-10-13 10:30:32,018 - org.apache.commons.logging.Log -INFO - ClickonVerifyOTPpassed
2022-10-13 10:30:32,021 - org.apache.commons.logging.Log -INFO - 
2022-10-13 10:30:40,317 - org.apache.commons.logging.Log -INFO - enterotpnumpassed
2022-10-13 10:30:40,320 - org.apache.commons.logging.Log -INFO - 
2022-10-13 10:30:43,091 - org.apache.commons.logging.Log -INFO - show_orderplaced_popuppassed
2022-10-13 10:30:43,094 - org.apache.commons.logging.Log -INFO - 
2022-10-13 10:30:52,549 - org.apache.commons.logging.Log -INFO - Email_sendnotificationpassed
2022-10-13 10:30:52,574 - org.apache.commons.logging.Log -INFO - ................On Finish  Testcases..... ....BasketLumpsumorder
2022-10-13 10:32:54,372 - org.apache.commons.logging.Log -INFO - Click on sign button
2022-10-13 10:32:54,509 - org.apache.commons.logging.Log -INFO - Enter Username
2022-10-13 10:32:54,615 - org.apache.commons.logging.Log -INFO - Enter Password
2022-10-13 10:32:54,714 - org.apache.commons.logging.Log -INFO - click on sign button
2022-10-13 10:32:54,725 - org.apache.commons.logging.Log -INFO - clickonSigninPagepassed
2022-10-13 10:32:54,730 - org.apache.commons.logging.Log -INFO - 
2022-10-13 10:33:05,764 - org.apache.commons.logging.Log -INFO - clickonbasketpagepassed
2022-10-13 10:33:05,765 - org.apache.commons.logging.Log -INFO - 
2022-10-13 10:33:10,807 - org.apache.commons.logging.Log -INFO - Clickonconservativepassed
2022-10-13 10:33:10,811 - org.apache.commons.logging.Log -INFO - 
2022-10-13 10:33:13,916 - org.apache.commons.logging.Log -INFO - clickoninvestpassed
2022-10-13 10:33:13,919 - org.apache.commons.logging.Log -INFO - 
2022-10-13 10:33:16,148 - org.apache.commons.logging.Log -INFO - clickonpaymentmodepassed
2022-10-13 10:33:16,151 - org.apache.commons.logging.Log -INFO - 
2022-10-13 10:33:20,393 - org.apache.commons.logging.Log -INFO - clickon_Enter_UtrNopassed
2022-10-13 10:33:20,395 - org.apache.commons.logging.Log -INFO - 
2022-10-13 10:33:22,583 - org.apache.commons.logging.Log -INFO - ClickonVerifyOTPpassed
2022-10-13 10:33:22,585 - org.apache.commons.logging.Log -INFO - 
2022-10-13 10:33:31,271 - org.apache.commons.logging.Log -INFO - enterotpnumpassed
2022-10-13 10:33:31,274 - org.apache.commons.logging.Log -INFO - 
2022-10-13 10:33:34,144 - org.apache.commons.logging.Log -INFO - show_orderplaced_popuppassed
2022-10-13 10:33:34,147 - org.apache.commons.logging.Log -INFO - 
2022-10-13 10:33:42,599 - org.apache.commons.logging.Log -INFO - Email_sendnotificationpassed
2022-10-13 10:33:42,613 - org.apache.commons.logging.Log -INFO - ................On Finish  Testcases..... ....BasketLumpsumorder
2022-10-13 10:39:24,309 - org.apache.commons.logging.Log -INFO - Click on sign button
2022-10-13 10:39:24,432 - org.apache.commons.logging.Log -INFO - Enter Username
2022-10-13 10:39:24,547 - org.apache.commons.logging.Log -INFO - Enter Password
2022-10-13 10:39:24,667 - org.apache.commons.logging.Log -INFO - click on sign button
2022-10-13 10:39:24,675 - org.apache.commons.logging.Log -INFO - Passed Testcase ....null
2022-10-13 10:39:24,682 - org.apache.commons.logging.Log -INFO - Failure  because of ....java.lang.NullPointerException
2022-10-13 10:39:30,286 - org.apache.commons.logging.Log -INFO - 
2022-10-13 10:39:30,288 - org.apache.commons.logging.Log -INFO - Skipped because of ....java.lang.Throwable: Method BasketLumpsum_NEFTTest.clickonbasketpage()[pri:0, instance:com.Test.Rankmfselenium.BasketLumpsum_NEFTTest@12359a82] depends on not successfully finished methods
2022-10-13 10:39:30,291 - org.apache.commons.logging.Log -INFO - 
2022-10-13 10:39:30,292 - org.apache.commons.logging.Log -INFO - Skipped because of ....java.lang.Throwable: Method BasketLumpsum_NEFTTest.Clickonconservative()[pri:0, instance:com.Test.Rankmfselenium.BasketLumpsum_NEFTTest@12359a82] depends on not successfully finished methods
2022-10-13 10:39:30,295 - org.apache.commons.logging.Log -INFO - 
2022-10-13 10:39:30,297 - org.apache.commons.logging.Log -INFO - Skipped because of ....java.lang.Throwable: Method BasketLumpsum_NEFTTest.clickoninvest()[pri:0, instance:com.Test.Rankmfselenium.BasketLumpsum_NEFTTest@12359a82] depends on not successfully finished methods
2022-10-13 10:39:30,301 - org.apache.commons.logging.Log -INFO - 
2022-10-13 10:39:30,304 - org.apache.commons.logging.Log -INFO - Skipped because of ....java.lang.Throwable: Method BasketLumpsum_NEFTTest.clickonpaymentmode()[pri:0, instance:com.Test.Rankmfselenium.BasketLumpsum_NEFTTest@12359a82] depends on not successfully finished methods
2022-10-13 10:39:30,307 - org.apache.commons.logging.Log -INFO - 
2022-10-13 10:39:30,308 - org.apache.commons.logging.Log -INFO - Skipped because of ....java.lang.Throwable: Method BasketLumpsum_NEFTTest.clickon_Enter_UtrNo()[pri:0, instance:com.Test.Rankmfselenium.BasketLumpsum_NEFTTest@12359a82] depends on not successfully finished methods
2022-10-13 10:39:30,311 - org.apache.commons.logging.Log -INFO - 
2022-10-13 10:39:30,313 - org.apache.commons.logging.Log -INFO - Skipped because of ....java.lang.Throwable: Method BasketLumpsum_NEFTTest.ClickonVerifyOTP()[pri:0, instance:com.Test.Rankmfselenium.BasketLumpsum_NEFTTest@12359a82] depends on not successfully finished methods
2022-10-13 10:39:30,320 - org.apache.commons.logging.Log -INFO - 
2022-10-13 10:39:30,321 - org.apache.commons.logging.Log -INFO - Skipped because of ....java.lang.Throwable: Method BasketLumpsum_NEFTTest.enterotpnum()[pri:0, instance:com.Test.Rankmfselenium.BasketLumpsum_NEFTTest@12359a82] depends on not successfully finished methods
2022-10-13 10:39:30,323 - org.apache.commons.logging.Log -INFO - 
2022-10-13 10:39:30,324 - org.apache.commons.logging.Log -INFO - Skipped because of ....java.lang.Throwable: Method BasketLumpsum_NEFTTest.show_orderplaced_popup()[pri:0, instance:com.Test.Rankmfselenium.BasketLumpsum_NEFTTest@12359a82] depends on not successfully finished methods
2022-10-13 10:39:30,326 - org.apache.commons.logging.Log -INFO - 
2022-10-13 10:39:30,328 - org.apache.commons.logging.Log -INFO - Skipped because of ....java.lang.Throwable: Method BasketLumpsum_NEFTTest.Email_sendnotification()[pri:0, instance:com.Test.Rankmfselenium.BasketLumpsum_NEFTTest@12359a82] depends on not successfully finished methods
2022-10-13 10:39:30,358 - org.apache.commons.logging.Log -INFO - ................On Finish  Testcases..... ....BasketLumpsumorder
2022-10-13 10:41:18,339 - org.apache.commons.logging.Log -INFO - Click on sign button
2022-10-13 10:41:18,521 - org.apache.commons.logging.Log -INFO - Enter Username
2022-10-13 10:41:18,621 - org.apache.commons.logging.Log -INFO - Enter Password
2022-10-13 10:41:18,723 - org.apache.commons.logging.Log -INFO - click on sign button
2022-10-13 10:41:18,730 - org.apache.commons.logging.Log -INFO - Passed Testcase ....null
2022-10-13 10:41:18,736 - org.apache.commons.logging.Log -INFO - Failure  because of ....java.lang.NullPointerException
2022-10-13 10:41:21,048 - org.apache.commons.logging.Log -INFO - 
2022-10-13 10:41:21,050 - org.apache.commons.logging.Log -INFO - Skipped because of ....java.lang.Throwable: Method BasketLumpsum_NEFTTest.clickonbasketpage()[pri:0, instance:com.Test.Rankmfselenium.BasketLumpsum_NEFTTest@12359a82] depends on not successfully finished methods
2022-10-13 10:41:21,053 - org.apache.commons.logging.Log -INFO - 
2022-10-13 10:41:21,054 - org.apache.commons.logging.Log -INFO - Skipped because of ....java.lang.Throwable: Method BasketLumpsum_NEFTTest.Clickonconservative()[pri:0, instance:com.Test.Rankmfselenium.BasketLumpsum_NEFTTest@12359a82] depends on not successfully finished methods
2022-10-13 10:41:21,058 - org.apache.commons.logging.Log -INFO - 
2022-10-13 10:41:21,060 - org.apache.commons.logging.Log -INFO - Skipped because of ....java.lang.Throwable: Method BasketLumpsum_NEFTTest.clickoninvest()[pri:0, instance:com.Test.Rankmfselenium.BasketLumpsum_NEFTTest@12359a82] depends on not successfully finished methods
2022-10-13 10:41:21,063 - org.apache.commons.logging.Log -INFO - 
2022-10-13 10:41:21,064 - org.apache.commons.logging.Log -INFO - Skipped because of ....java.lang.Throwable: Method BasketLumpsum_NEFTTest.clickonpaymentmode()[pri:0, instance:com.Test.Rankmfselenium.BasketLumpsum_NEFTTest@12359a82] depends on not successfully finished methods
2022-10-13 10:41:21,067 - org.apache.commons.logging.Log -INFO - 
2022-10-13 10:41:21,068 - org.apache.commons.logging.Log -INFO - Skipped because of ....java.lang.Throwable: Method BasketLumpsum_NEFTTest.clickon_Enter_UtrNo()[pri:0, instance:com.Test.Rankmfselenium.BasketLumpsum_NEFTTest@12359a82] depends on not successfully finished methods
2022-10-13 10:41:21,072 - org.apache.commons.logging.Log -INFO - 
2022-10-13 10:41:21,075 - org.apache.commons.logging.Log -INFO - Skipped because of ....java.lang.Throwable: Method BasketLumpsum_NEFTTest.ClickonVerifyOTP()[pri:0, instance:com.Test.Rankmfselenium.BasketLumpsum_NEFTTest@12359a82] depends on not successfully finished methods
2022-10-13 10:41:21,082 - org.apache.commons.logging.Log -INFO - 
2022-10-13 10:41:21,083 - org.apache.commons.logging.Log -INFO - Skipped because of ....java.lang.Throwable: Method BasketLumpsum_NEFTTest.enterotpnum()[pri:0, instance:com.Test.Rankmfselenium.BasketLumpsum_NEFTTest@12359a82] depends on not successfully finished methods
2022-10-13 10:41:21,086 - org.apache.commons.logging.Log -INFO - 
2022-10-13 10:41:21,088 - org.apache.commons.logging.Log -INFO - Skipped because of ....java.lang.Throwable: Method BasketLumpsum_NEFTTest.show_orderplaced_popup()[pri:0, instance:com.Test.Rankmfselenium.BasketLumpsum_NEFTTest@12359a82] depends on not successfully finished methods
2022-10-13 10:41:21,090 - org.apache.commons.logging.Log -INFO - 
2022-10-13 10:41:21,092 - org.apache.commons.logging.Log -INFO - Skipped because of ....java.lang.Throwable: Method BasketLumpsum_NEFTTest.Email_sendnotification()[pri:0, instance:com.Test.Rankmfselenium.BasketLumpsum_NEFTTest@12359a82] depends on not successfully finished methods
2022-10-13 10:41:21,125 - org.apache.commons.logging.Log -INFO - ................On Finish  Testcases..... ....BasketLumpsumorder
2022-10-13 11:04:27,317 - org.apache.commons.logging.Log -INFO - Click on sign button
2022-10-13 11:04:27,452 - org.apache.commons.logging.Log -INFO - Enter Username
2022-10-13 11:04:27,558 - org.apache.commons.logging.Log -INFO - Enter Password
2022-10-13 11:04:27,661 - org.apache.commons.logging.Log -INFO - click on sign button
2022-10-13 11:04:27,667 - org.apache.commons.logging.Log -INFO - Passed Testcase ....null
2022-10-13 11:04:27,672 - org.apache.commons.logging.Log -INFO - Failure  because of ....java.lang.NullPointerException
2022-10-13 11:04:31,914 - org.apache.commons.logging.Log -INFO - 
2022-10-13 11:04:31,915 - org.apache.commons.logging.Log -INFO - Skipped because of ....java.lang.Throwable: Method BasketLumpsum_NEFTTest.clickonbasketpage()[pri:0, instance:com.Test.Rankmfselenium.BasketLumpsum_NEFTTest@12359a82] depends on not successfully finished methods
2022-10-13 11:04:31,918 - org.apache.commons.logging.Log -INFO - 
2022-10-13 11:04:31,920 - org.apache.commons.logging.Log -INFO - Skipped because of ....java.lang.Throwable: Method BasketLumpsum_NEFTTest.Clickonconservative()[pri:0, instance:com.Test.Rankmfselenium.BasketLumpsum_NEFTTest@12359a82] depends on not successfully finished methods
2022-10-13 11:04:31,922 - org.apache.commons.logging.Log -INFO - 
2022-10-13 11:04:31,924 - org.apache.commons.logging.Log -INFO - Skipped because of ....java.lang.Throwable: Method BasketLumpsum_NEFTTest.clickoninvest()[pri:0, instance:com.Test.Rankmfselenium.BasketLumpsum_NEFTTest@12359a82] depends on not successfully finished methods
2022-10-13 11:04:31,928 - org.apache.commons.logging.Log -INFO - 
2022-10-13 11:04:31,930 - org.apache.commons.logging.Log -INFO - Skipped because of ....java.lang.Throwable: Method BasketLumpsum_NEFTTest.clickonpaymentmode()[pri:0, instance:com.Test.Rankmfselenium.BasketLumpsum_NEFTTest@12359a82] depends on not successfully finished methods
2022-10-13 11:04:31,932 - org.apache.commons.logging.Log -INFO - 
2022-10-13 11:04:31,933 - org.apache.commons.logging.Log -INFO - Skipped because of ....java.lang.Throwable: Method BasketLumpsum_NEFTTest.clickon_Enter_UtrNo()[pri:0, instance:com.Test.Rankmfselenium.BasketLumpsum_NEFTTest@12359a82] depends on not successfully finished methods
2022-10-13 11:04:31,935 - org.apache.commons.logging.Log -INFO - 
2022-10-13 11:04:31,937 - org.apache.commons.logging.Log -INFO - Skipped because of ....java.lang.Throwable: Method BasketLumpsum_NEFTTest.ClickonVerifyOTP()[pri:0, instance:com.Test.Rankmfselenium.BasketLumpsum_NEFTTest@12359a82] depends on not successfully finished methods
2022-10-13 11:04:31,944 - org.apache.commons.logging.Log -INFO - 
2022-10-13 11:04:31,946 - org.apache.commons.logging.Log -INFO - Skipped because of ....java.lang.Throwable: Method BasketLumpsum_NEFTTest.enterotpnum()[pri:0, instance:com.Test.Rankmfselenium.BasketLumpsum_NEFTTest@12359a82] depends on not successfully finished methods
2022-10-13 11:04:31,948 - org.apache.commons.logging.Log -INFO - 
2022-10-13 11:04:31,949 - org.apache.commons.logging.Log -INFO - Skipped because of ....java.lang.Throwable: Method BasketLumpsum_NEFTTest.show_orderplaced_popup()[pri:0, instance:com.Test.Rankmfselenium.BasketLumpsum_NEFTTest@12359a82] depends on not successfully finished methods
2022-10-13 11:04:31,951 - org.apache.commons.logging.Log -INFO - 
2022-10-13 11:04:31,952 - org.apache.commons.logging.Log -INFO - Skipped because of ....java.lang.Throwable: Method BasketLumpsum_NEFTTest.Email_sendnotification()[pri:0, instance:com.Test.Rankmfselenium.BasketLumpsum_NEFTTest@12359a82] depends on not successfully finished methods
2022-10-13 11:04:31,987 - org.apache.commons.logging.Log -INFO - ................On Finish  Testcases..... ....BasketLumpsumorder
2022-10-13 11:56:04,106 - org.apache.commons.logging.Log -INFO - Click on sign button
2022-10-13 11:56:04,218 - org.apache.commons.logging.Log -INFO - Enter Username
2022-10-13 11:56:04,314 - org.apache.commons.logging.Log -INFO - Enter Password
2022-10-13 11:56:04,422 - org.apache.commons.logging.Log -INFO - click on sign button
2022-10-13 11:56:04,427 - org.apache.commons.logging.Log -INFO - Passed Testcase ....null
2022-10-13 11:56:06,633 - org.apache.commons.logging.Log -INFO - clickonSigninPagepassed
2022-10-13 11:56:06,636 - org.apache.commons.logging.Log -INFO - 
2022-10-13 11:56:09,504 - org.apache.commons.logging.Log -INFO - Passed Testcase ....null
2022-10-13 11:56:09,979 - org.apache.commons.logging.Log -INFO - clickonbasketpagepassed
2022-10-13 11:56:09,981 - org.apache.commons.logging.Log -INFO - 
2022-10-13 11:56:14,053 - org.apache.commons.logging.Log -INFO - Passed Testcase ....null
2022-10-13 11:56:14,807 - org.apache.commons.logging.Log -INFO - Clickonconservativepassed
2022-10-13 11:56:14,809 - org.apache.commons.logging.Log -INFO - 
2022-10-13 11:56:17,921 - org.apache.commons.logging.Log -INFO - Passed Testcase ....null
2022-10-13 11:56:18,480 - org.apache.commons.logging.Log -INFO - clickoninvestpassed
2022-10-13 11:56:18,482 - org.apache.commons.logging.Log -INFO - 
2022-10-13 11:56:20,700 - org.apache.commons.logging.Log -INFO - Passed Testcase ....null
2022-10-13 11:56:21,042 - org.apache.commons.logging.Log -INFO - clickonpaymentmodepassed
2022-10-13 11:56:21,044 - org.apache.commons.logging.Log -INFO - 
2022-10-13 11:56:25,272 - org.apache.commons.logging.Log -INFO - Passed Testcase ....null
2022-10-13 11:56:25,664 - org.apache.commons.logging.Log -INFO - clickon_Enter_UtrNopassed
2022-10-13 11:56:25,666 - org.apache.commons.logging.Log -INFO - 
2022-10-13 11:56:27,842 - org.apache.commons.logging.Log -INFO - Passed Testcase ....null
2022-10-13 11:56:28,127 - org.apache.commons.logging.Log -INFO - ClickonVerifyOTPpassed
2022-10-13 11:56:28,128 - org.apache.commons.logging.Log -INFO - 
2022-10-13 11:56:35,963 - org.apache.commons.logging.Log -INFO - Passed Testcase ....null
2022-10-13 11:56:36,306 - org.apache.commons.logging.Log -INFO - enterotpnumpassed
2022-10-13 11:56:36,307 - org.apache.commons.logging.Log -INFO - 
2022-10-13 11:56:38,925 - org.apache.commons.logging.Log -INFO - Passed Testcase ....null
2022-10-13 11:56:39,568 - org.apache.commons.logging.Log -INFO - show_orderplaced_popuppassed
2022-10-13 11:56:39,569 - org.apache.commons.logging.Log -INFO - 
2022-10-13 11:56:48,000 - org.apache.commons.logging.Log -INFO - Passed Testcase ....null
2022-10-13 11:56:48,448 - org.apache.commons.logging.Log -INFO - Email_sendnotificationpassed
2022-10-13 11:56:48,460 - org.apache.commons.logging.Log -INFO - ................On Finish  Testcases..... ....BasketLumpsumorder
2022-10-13 12:03:06,725 - org.apache.commons.logging.Log -INFO - Click on sign button
2022-10-13 12:03:06,824 - org.apache.commons.logging.Log -INFO - Enter Username
2022-10-13 12:03:06,935 - org.apache.commons.logging.Log -INFO - Enter Password
2022-10-13 12:03:07,019 - org.apache.commons.logging.Log -INFO - click on sign button
2022-10-13 12:03:07,023 - org.apache.commons.logging.Log -INFO - Passed Testcase ....null
2022-10-13 12:03:07,029 - org.apache.commons.logging.Log -INFO - Failure  because of ....java.lang.NullPointerException
2022-10-13 12:03:10,304 - org.apache.commons.logging.Log -INFO - 
2022-10-13 12:03:10,307 - org.apache.commons.logging.Log -INFO - Skipped because of ....java.lang.Throwable: Method BasketLumpsum_NEFTTest.clickonbasketpage()[pri:0, instance:com.Test.Rankmfselenium.BasketLumpsum_NEFTTest@12359a82] depends on not successfully finished methods
2022-10-13 12:03:10,313 - org.apache.commons.logging.Log -INFO - 
2022-10-13 12:03:10,315 - org.apache.commons.logging.Log -INFO - Skipped because of ....java.lang.Throwable: Method BasketLumpsum_NEFTTest.Clickonconservative()[pri:0, instance:com.Test.Rankmfselenium.BasketLumpsum_NEFTTest@12359a82] depends on not successfully finished methods
2022-10-13 12:03:10,318 - org.apache.commons.logging.Log -INFO - 
2022-10-13 12:03:10,320 - org.apache.commons.logging.Log -INFO - Skipped because of ....java.lang.Throwable: Method BasketLumpsum_NEFTTest.clickoninvest()[pri:0, instance:com.Test.Rankmfselenium.BasketLumpsum_NEFTTest@12359a82] depends on not successfully finished methods
2022-10-13 12:03:10,323 - org.apache.commons.logging.Log -INFO - 
2022-10-13 12:03:10,326 - org.apache.commons.logging.Log -INFO - Skipped because of ....java.lang.Throwable: Method BasketLumpsum_NEFTTest.clickonpaymentmode()[pri:0, instance:com.Test.Rankmfselenium.BasketLumpsum_NEFTTest@12359a82] depends on not successfully finished methods
2022-10-13 12:03:10,331 - org.apache.commons.logging.Log -INFO - 
2022-10-13 12:03:10,333 - org.apache.commons.logging.Log -INFO - Skipped because of ....java.lang.Throwable: Method BasketLumpsum_NEFTTest.clickon_Enter_UtrNo()[pri:0, instance:com.Test.Rankmfselenium.BasketLumpsum_NEFTTest@12359a82] depends on not successfully finished methods
2022-10-13 12:03:10,337 - org.apache.commons.logging.Log -INFO - 
2022-10-13 12:03:10,338 - org.apache.commons.logging.Log -INFO - Skipped because of ....java.lang.Throwable: Method BasketLumpsum_NEFTTest.ClickonVerifyOTP()[pri:0, instance:com.Test.Rankmfselenium.BasketLumpsum_NEFTTest@12359a82] depends on not successfully finished methods
2022-10-13 12:03:10,348 - org.apache.commons.logging.Log -INFO - 
2022-10-13 12:03:10,349 - org.apache.commons.logging.Log -INFO - Skipped because of ....java.lang.Throwable: Method BasketLumpsum_NEFTTest.enterotpnum()[pri:0, instance:com.Test.Rankmfselenium.BasketLumpsum_NEFTTest@12359a82] depends on not successfully finished methods
2022-10-13 12:03:10,351 - org.apache.commons.logging.Log -INFO - 
2022-10-13 12:03:10,352 - org.apache.commons.logging.Log -INFO - Skipped because of ....java.lang.Throwable: Method BasketLumpsum_NEFTTest.show_orderplaced_popup()[pri:0, instance:com.Test.Rankmfselenium.BasketLumpsum_NEFTTest@12359a82] depends on not successfully finished methods
2022-10-13 12:03:10,354 - org.apache.commons.logging.Log -INFO - 
2022-10-13 12:03:10,355 - org.apache.commons.logging.Log -INFO - Skipped because of ....java.lang.Throwable: Method BasketLumpsum_NEFTTest.Email_sendnotification()[pri:0, instance:com.Test.Rankmfselenium.BasketLumpsum_NEFTTest@12359a82] depends on not successfully finished methods
2022-10-13 12:03:10,380 - org.apache.commons.logging.Log -INFO - ................On Finish  Testcases..... ....BasketLumpsumorder
2022-10-13 12:03:53,006 - org.apache.commons.logging.Log -INFO - Click on sign button
2022-10-13 12:03:53,170 - org.apache.commons.logging.Log -INFO - Enter Username
2022-10-13 12:03:53,285 - org.apache.commons.logging.Log -INFO - Enter Password
2022-10-13 12:03:53,382 - org.apache.commons.logging.Log -INFO - click on sign button
2022-10-13 12:03:53,387 - org.apache.commons.logging.Log -INFO - Passed Testcase ....null
2022-10-13 12:03:53,393 - org.apache.commons.logging.Log -INFO - Failure  because of ....java.lang.NullPointerException
2022-10-13 12:03:55,549 - org.apache.commons.logging.Log -INFO - 
2022-10-13 12:03:55,551 - org.apache.commons.logging.Log -INFO - Skipped because of ....java.lang.Throwable: Method BasketLumpsum_NEFTTest.clickonbasketpage()[pri:0, instance:com.Test.Rankmfselenium.BasketLumpsum_NEFTTest@12359a82] depends on not successfully finished methods
2022-10-13 12:03:55,553 - org.apache.commons.logging.Log -INFO - 
2022-10-13 12:03:55,555 - org.apache.commons.logging.Log -INFO - Skipped because of ....java.lang.Throwable: Method BasketLumpsum_NEFTTest.Clickonconservative()[pri:0, instance:com.Test.Rankmfselenium.BasketLumpsum_NEFTTest@12359a82] depends on not successfully finished methods
2022-10-13 12:03:55,557 - org.apache.commons.logging.Log -INFO - 
2022-10-13 12:03:55,560 - org.apache.commons.logging.Log -INFO - Skipped because of ....java.lang.Throwable: Method BasketLumpsum_NEFTTest.clickoninvest()[pri:0, instance:com.Test.Rankmfselenium.BasketLumpsum_NEFTTest@12359a82] depends on not successfully finished methods
2022-10-13 12:03:55,563 - org.apache.commons.logging.Log -INFO - 
2022-10-13 12:03:55,565 - org.apache.commons.logging.Log -INFO - Skipped because of ....java.lang.Throwable: Method BasketLumpsum_NEFTTest.clickonpaymentmode()[pri:0, instance:com.Test.Rankmfselenium.BasketLumpsum_NEFTTest@12359a82] depends on not successfully finished methods
2022-10-13 12:03:55,567 - org.apache.commons.logging.Log -INFO - 
2022-10-13 12:03:55,568 - org.apache.commons.logging.Log -INFO - Skipped because of ....java.lang.Throwable: Method BasketLumpsum_NEFTTest.clickon_Enter_UtrNo()[pri:0, instance:com.Test.Rankmfselenium.BasketLumpsum_NEFTTest@12359a82] depends on not successfully finished methods
2022-10-13 12:03:55,572 - org.apache.commons.logging.Log -INFO - 
2022-10-13 12:03:55,573 - org.apache.commons.logging.Log -INFO - Skipped because of ....java.lang.Throwable: Method BasketLumpsum_NEFTTest.ClickonVerifyOTP()[pri:0, instance:com.Test.Rankmfselenium.BasketLumpsum_NEFTTest@12359a82] depends on not successfully finished methods
2022-10-13 12:03:55,580 - org.apache.commons.logging.Log -INFO - 
2022-10-13 12:03:55,582 - org.apache.commons.logging.Log -INFO - Skipped because of ....java.lang.Throwable: Method BasketLumpsum_NEFTTest.enterotpnum()[pri:0, instance:com.Test.Rankmfselenium.BasketLumpsum_NEFTTest@12359a82] depends on not successfully finished methods
2022-10-13 12:03:55,583 - org.apache.commons.logging.Log -INFO - 
2022-10-13 12:03:55,584 - org.apache.commons.logging.Log -INFO - Skipped because of ....java.lang.Throwable: Method BasketLumpsum_NEFTTest.show_orderplaced_popup()[pri:0, instance:com.Test.Rankmfselenium.BasketLumpsum_NEFTTest@12359a82] depends on not successfully finished methods
2022-10-13 12:03:55,586 - org.apache.commons.logging.Log -INFO - 
2022-10-13 12:03:55,587 - org.apache.commons.logging.Log -INFO - Skipped because of ....java.lang.Throwable: Method BasketLumpsum_NEFTTest.Email_sendnotification()[pri:0, instance:com.Test.Rankmfselenium.BasketLumpsum_NEFTTest@12359a82] depends on not successfully finished methods
2022-10-13 12:03:55,612 - org.apache.commons.logging.Log -INFO - ................On Finish  Testcases..... ....BasketLumpsumorder
2022-10-13 12:04:54,163 - org.apache.commons.logging.Log -INFO - Click on sign button
2022-10-13 12:04:54,281 - org.apache.commons.logging.Log -INFO - Enter Username
2022-10-13 12:04:54,381 - org.apache.commons.logging.Log -INFO - Enter Password
2022-10-13 12:04:54,525 - org.apache.commons.logging.Log -INFO - click on sign button
2022-10-13 12:04:54,530 - org.apache.commons.logging.Log -INFO - Passed Testcase ....null
2022-10-13 12:04:54,535 - org.apache.commons.logging.Log -INFO - clickonSigninPagepassed
2022-10-13 12:04:54,546 - org.apache.commons.logging.Log -INFO - 
2022-10-13 12:04:59,072 - org.apache.commons.logging.Log -INFO - Passed Testcase ....null
2022-10-13 12:04:59,073 - org.apache.commons.logging.Log -INFO - clickonbasketpagepassed
2022-10-13 12:04:59,076 - org.apache.commons.logging.Log -INFO - 
2022-10-13 12:05:03,350 - org.apache.commons.logging.Log -INFO - Passed Testcase ....null
2022-10-13 12:05:03,351 - org.apache.commons.logging.Log -INFO - Clickonconservativepassed
2022-10-13 12:05:03,355 - org.apache.commons.logging.Log -INFO - 
2022-10-13 12:05:06,462 - org.apache.commons.logging.Log -INFO - Passed Testcase ....null
2022-10-13 12:05:06,462 - org.apache.commons.logging.Log -INFO - clickoninvestpassed
2022-10-13 12:05:06,464 - org.apache.commons.logging.Log -INFO - 
2022-10-13 12:05:08,683 - org.apache.commons.logging.Log -INFO - Passed Testcase ....null
2022-10-13 12:05:08,684 - org.apache.commons.logging.Log -INFO - clickonpaymentmodepassed
2022-10-13 12:05:08,686 - org.apache.commons.logging.Log -INFO - 
2022-10-13 12:05:12,904 - org.apache.commons.logging.Log -INFO - Passed Testcase ....null
2022-10-13 12:05:12,904 - org.apache.commons.logging.Log -INFO - clickon_Enter_UtrNopassed
2022-10-13 12:05:12,907 - org.apache.commons.logging.Log -INFO - 
2022-10-13 12:05:15,082 - org.apache.commons.logging.Log -INFO - Passed Testcase ....null
2022-10-13 12:05:15,083 - org.apache.commons.logging.Log -INFO - ClickonVerifyOTPpassed
2022-10-13 12:05:15,087 - org.apache.commons.logging.Log -INFO - 
2022-10-13 12:05:22,902 - org.apache.commons.logging.Log -INFO - Passed Testcase ....null
2022-10-13 12:05:22,903 - org.apache.commons.logging.Log -INFO - enterotpnumpassed
2022-10-13 12:05:22,905 - org.apache.commons.logging.Log -INFO - 
2022-10-13 12:05:26,154 - org.apache.commons.logging.Log -INFO - Passed Testcase ....null
2022-10-13 12:05:26,156 - org.apache.commons.logging.Log -INFO - show_orderplaced_popuppassed
2022-10-13 12:05:26,158 - org.apache.commons.logging.Log -INFO - 
2022-10-13 12:05:33,925 - org.apache.commons.logging.Log -INFO - Passed Testcase ....null
2022-10-13 12:05:33,926 - org.apache.commons.logging.Log -INFO - Email_sendnotificationpassed
2022-10-13 12:05:33,938 - org.apache.commons.logging.Log -INFO - ................On Finish  Testcases..... ....BasketLumpsumorder
2022-10-13 12:07:14,963 - org.apache.commons.logging.Log -INFO - Click on sign button
2022-10-13 12:07:15,064 - org.apache.commons.logging.Log -INFO - Enter Username
2022-10-13 12:07:15,177 - org.apache.commons.logging.Log -INFO - Enter Password
2022-10-13 12:07:15,320 - org.apache.commons.logging.Log -INFO - click on sign button
2022-10-13 12:07:15,328 - org.apache.commons.logging.Log -INFO - Passed Testcase ....null
2022-10-13 12:07:15,332 - org.apache.commons.logging.Log -INFO - clickonSigninPagepassed
2022-10-13 12:07:15,342 - org.apache.commons.logging.Log -INFO - 
2022-10-13 12:07:18,958 - org.apache.commons.logging.Log -INFO - Passed Testcase ....null
2022-10-13 12:07:18,959 - org.apache.commons.logging.Log -INFO - clickonbasketpagepassed
2022-10-13 12:07:18,961 - org.apache.commons.logging.Log -INFO - 
2022-10-13 12:07:22,866 - org.apache.commons.logging.Log -INFO - Passed Testcase ....null
2022-10-13 12:07:22,867 - org.apache.commons.logging.Log -INFO - Clickonconservativepassed
2022-10-13 12:07:22,868 - org.apache.commons.logging.Log -INFO - 
2022-10-13 12:07:25,984 - org.apache.commons.logging.Log -INFO - Passed Testcase ....null
2022-10-13 12:07:25,985 - org.apache.commons.logging.Log -INFO - clickoninvestpassed
2022-10-13 12:07:25,988 - org.apache.commons.logging.Log -INFO - 
2022-10-13 12:07:28,197 - org.apache.commons.logging.Log -INFO - Passed Testcase ....null
2022-10-13 12:07:28,198 - org.apache.commons.logging.Log -INFO - clickonpaymentmodepassed
2022-10-13 12:07:28,200 - org.apache.commons.logging.Log -INFO - 
2022-10-13 12:07:32,432 - org.apache.commons.logging.Log -INFO - Passed Testcase ....null
2022-10-13 12:07:32,433 - org.apache.commons.logging.Log -INFO - clickon_Enter_UtrNopassed
2022-10-13 12:07:32,435 - org.apache.commons.logging.Log -INFO - 
2022-10-13 12:07:34,606 - org.apache.commons.logging.Log -INFO - Passed Testcase ....null
2022-10-13 12:07:34,606 - org.apache.commons.logging.Log -INFO - ClickonVerifyOTPpassed
2022-10-13 12:07:34,607 - org.apache.commons.logging.Log -INFO - 
2022-10-13 12:07:42,231 - org.apache.commons.logging.Log -INFO - Passed Testcase ....null
2022-10-13 12:07:42,232 - org.apache.commons.logging.Log -INFO - enterotpnumpassed
2022-10-13 12:07:42,233 - org.apache.commons.logging.Log -INFO - 
2022-10-13 12:07:44,304 - org.apache.commons.logging.Log -INFO - Passed Testcase ....null
2022-10-13 12:07:44,305 - org.apache.commons.logging.Log -INFO - show_orderplaced_popuppassed
2022-10-13 12:07:44,314 - org.apache.commons.logging.Log -INFO - 
2022-10-13 12:07:51,931 - org.apache.commons.logging.Log -INFO - Passed Testcase ....null
2022-10-13 12:07:51,931 - org.apache.commons.logging.Log -INFO - Email_sendnotificationpassed
2022-10-13 12:07:51,943 - org.apache.commons.logging.Log -INFO - ................On Finish  Testcases..... ....BasketLumpsumorder
2022-10-13 14:27:08,664 - org.apache.commons.logging.Log -INFO - Click on sign button
2022-10-13 14:27:08,782 - org.apache.commons.logging.Log -INFO - Enter Username
2022-10-13 14:27:08,889 - org.apache.commons.logging.Log -INFO - Enter Password
2022-10-13 14:27:09,015 - org.apache.commons.logging.Log -INFO - click on sign button
2022-10-13 14:27:09,021 - org.apache.commons.logging.Log -INFO - Passed Testcase ....null
2022-10-13 14:27:09,030 - org.apache.commons.logging.Log -INFO - clickonSigninPagepassed
2022-10-13 14:27:09,040 - org.apache.commons.logging.Log -INFO - 
2022-10-13 14:27:17,559 - org.apache.commons.logging.Log -INFO - Passed Testcase ....null
2022-10-13 14:27:17,560 - org.apache.commons.logging.Log -INFO - clickonbasketpagepassed
2022-10-13 14:27:17,562 - org.apache.commons.logging.Log -INFO - 
2022-10-13 14:27:21,555 - org.apache.commons.logging.Log -INFO - Passed Testcase ....null
2022-10-13 14:27:21,556 - org.apache.commons.logging.Log -INFO - Clickonconservativepassed
2022-10-13 14:27:21,558 - org.apache.commons.logging.Log -INFO - 
2022-10-13 14:27:24,661 - org.apache.commons.logging.Log -INFO - Passed Testcase ....null
2022-10-13 14:27:24,662 - org.apache.commons.logging.Log -INFO - clickoninvestpassed
2022-10-13 14:27:24,665 - org.apache.commons.logging.Log -INFO - 
2022-10-13 14:27:26,933 - org.apache.commons.logging.Log -INFO - Passed Testcase ....null
2022-10-13 14:27:26,934 - org.apache.commons.logging.Log -INFO - clickonpaymentmodepassed
2022-10-13 14:27:26,937 - org.apache.commons.logging.Log -INFO - 
2022-10-13 14:27:31,235 - org.apache.commons.logging.Log -INFO - Passed Testcase ....null
2022-10-13 14:27:31,236 - org.apache.commons.logging.Log -INFO - clickon_Enter_UtrNopassed
2022-10-13 14:27:31,238 - org.apache.commons.logging.Log -INFO - 
2022-10-13 14:27:33,399 - org.apache.commons.logging.Log -INFO - Passed Testcase ....null
2022-10-13 14:27:33,401 - org.apache.commons.logging.Log -INFO - ClickonVerifyOTPpassed
2022-10-13 14:27:33,404 - org.apache.commons.logging.Log -INFO - 
2022-10-13 14:27:41,693 - org.apache.commons.logging.Log -INFO - Passed Testcase ....null
2022-10-13 14:27:41,694 - org.apache.commons.logging.Log -INFO - enterotpnumpassed
2022-10-13 14:27:41,697 - org.apache.commons.logging.Log -INFO - 
2022-10-13 14:27:44,604 - org.apache.commons.logging.Log -INFO - Passed Testcase ....null
2022-10-13 14:27:44,605 - org.apache.commons.logging.Log -INFO - show_orderplaced_popuppassed
2022-10-13 14:27:44,607 - org.apache.commons.logging.Log -INFO - 
2022-10-13 14:27:46,799 - org.apache.commons.logging.Log -INFO - Passed Testcase ....null
2022-10-13 14:27:46,799 - org.apache.commons.logging.Log -INFO - Clickon_logoutpassed
2022-10-13 14:27:46,801 - org.apache.commons.logging.Log -INFO - 
2022-10-13 14:27:55,242 - org.apache.commons.logging.Log -INFO - Passed Testcase ....null
2022-10-13 14:27:55,243 - org.apache.commons.logging.Log -INFO - Email_sendnotificationpassed
2022-10-13 14:27:55,245 - org.apache.commons.logging.Log -INFO - 
2022-10-13 14:27:58,271 - org.apache.commons.logging.Log -INFO - Passed Testcase ....null
2022-10-13 14:27:58,272 - org.apache.commons.logging.Log -INFO - Click_logoutbtnpassed
2022-10-13 14:27:58,298 - org.apache.commons.logging.Log -INFO - ................On Finish  Testcases..... ....BasketLumpsumorder
2022-10-13 14:31:41,098 - org.apache.commons.logging.Log -INFO - Click on sign button
2022-10-13 14:31:41,234 - org.apache.commons.logging.Log -INFO - Enter Username
2022-10-13 14:31:41,354 - org.apache.commons.logging.Log -INFO - Enter Password
2022-10-13 14:31:41,487 - org.apache.commons.logging.Log -INFO - click on sign button
2022-10-13 14:31:41,497 - org.apache.commons.logging.Log -INFO - Passed Testcase ....null
2022-10-13 14:31:41,503 - org.apache.commons.logging.Log -INFO - clickonSigninPagepassed
2022-10-13 14:31:41,514 - org.apache.commons.logging.Log -INFO - 
2022-10-13 14:31:46,094 - org.apache.commons.logging.Log -INFO - Passed Testcase ....null
2022-10-13 14:31:46,095 - org.apache.commons.logging.Log -INFO - clickonbasketpagepassed
2022-10-13 14:31:46,097 - org.apache.commons.logging.Log -INFO - 
2022-10-13 14:31:50,075 - org.apache.commons.logging.Log -INFO - Passed Testcase ....null
2022-10-13 14:31:50,075 - org.apache.commons.logging.Log -INFO - Clickonconservativepassed
2022-10-13 14:31:50,077 - org.apache.commons.logging.Log -INFO - 
2022-10-13 14:31:53,169 - org.apache.commons.logging.Log -INFO - Passed Testcase ....null
2022-10-13 14:31:53,170 - org.apache.commons.logging.Log -INFO - clickoninvestpassed
2022-10-13 14:31:53,173 - org.apache.commons.logging.Log -INFO - 
2022-10-13 14:31:55,392 - org.apache.commons.logging.Log -INFO - Passed Testcase ....null
2022-10-13 14:31:55,393 - org.apache.commons.logging.Log -INFO - clickonpaymentmodepassed
2022-10-13 14:31:55,395 - org.apache.commons.logging.Log -INFO - 
2022-10-13 14:31:59,630 - org.apache.commons.logging.Log -INFO - Passed Testcase ....null
2022-10-13 14:31:59,631 - org.apache.commons.logging.Log -INFO - clickon_Enter_UtrNopassed
2022-10-13 14:31:59,634 - org.apache.commons.logging.Log -INFO - 
2022-10-13 14:32:01,845 - org.apache.commons.logging.Log -INFO - Passed Testcase ....null
2022-10-13 14:32:01,845 - org.apache.commons.logging.Log -INFO - ClickonVerifyOTPpassed
2022-10-13 14:32:01,847 - org.apache.commons.logging.Log -INFO - 
2022-10-13 14:32:09,537 - org.apache.commons.logging.Log -INFO - Passed Testcase ....null
2022-10-13 14:32:09,538 - org.apache.commons.logging.Log -INFO - enterotpnumpassed
2022-10-13 14:32:09,540 - org.apache.commons.logging.Log -INFO - 
2022-10-13 14:32:12,373 - org.apache.commons.logging.Log -INFO - Passed Testcase ....null
2022-10-13 14:32:12,374 - org.apache.commons.logging.Log -INFO - show_orderplaced_popuppassed
2022-10-13 14:32:12,376 - org.apache.commons.logging.Log -INFO - 
2022-10-13 14:32:14,563 - org.apache.commons.logging.Log -INFO - Passed Testcase ....null
2022-10-13 14:32:14,564 - org.apache.commons.logging.Log -INFO - Clickon_logoutpassed
2022-10-13 14:32:14,566 - org.apache.commons.logging.Log -INFO - 
2022-10-13 14:32:23,024 - org.apache.commons.logging.Log -INFO - Passed Testcase ....null
2022-10-13 14:32:23,025 - org.apache.commons.logging.Log -INFO - Email_sendnotificationpassed
2022-10-13 14:32:23,027 - org.apache.commons.logging.Log -INFO - 
2022-10-13 14:32:42,264 - org.apache.commons.logging.Log -INFO - Passed Testcase ....null
2022-10-13 14:32:42,265 - org.apache.commons.logging.Log -INFO - Click_logoutbtnpassed
2022-10-13 14:32:42,291 - org.apache.commons.logging.Log -INFO - ................On Finish  Testcases..... ....BasketLumpsumorder
2022-10-13 16:19:13,837 - org.apache.commons.logging.Log -INFO - Click on sign button
2022-10-13 16:19:13,951 - org.apache.commons.logging.Log -INFO - Enter Username
2022-10-13 16:19:14,049 - org.apache.commons.logging.Log -INFO - Enter Password
2022-10-13 16:19:14,128 - org.apache.commons.logging.Log -INFO - click on sign button
2022-10-13 16:21:36,886 - org.apache.commons.logging.Log -INFO - Click on sign button
2022-10-13 16:21:36,994 - org.apache.commons.logging.Log -INFO - Enter Username
2022-10-13 16:21:37,105 - org.apache.commons.logging.Log -INFO - Enter Password
2022-10-13 16:21:37,236 - org.apache.commons.logging.Log -INFO - click on sign button
2022-10-13 17:54:47,689 - org.apache.commons.logging.Log -INFO - Click on sign button
2022-10-13 17:54:47,858 - org.apache.commons.logging.Log -INFO - Enter Username
2022-10-13 17:54:47,936 - org.apache.commons.logging.Log -INFO - Enter Password
2022-10-13 17:54:48,017 - org.apache.commons.logging.Log -INFO - click on sign button
2022-10-13 17:55:00,733 - org.apache.commons.logging.Log -INFO - click on invest button
2022-10-13 17:55:02,863 - org.apache.commons.logging.Log -INFO - select payment mode as org.openqa.selenium.support.ui.Select@375b5b7f
2022-10-13 17:55:02,939 - org.apache.commons.logging.Log -INFO - click on conform and continue button
2022-10-13 17:55:05,124 - org.apache.commons.logging.Log -INFO - verify otp number
2022-10-13 17:59:43,014 - org.apache.commons.logging.Log -INFO - Click on sign button
2022-10-13 17:59:43,127 - org.apache.commons.logging.Log -INFO - Enter Username
2022-10-13 17:59:43,232 - org.apache.commons.logging.Log -INFO - Enter Password
2022-10-13 17:59:43,328 - org.apache.commons.logging.Log -INFO - click on sign button
2022-10-13 17:59:55,960 - org.apache.commons.logging.Log -INFO - click on invest button
2022-10-13 17:59:58,063 - org.apache.commons.logging.Log -INFO - select payment mode as org.openqa.selenium.support.ui.Select@375b5b7f
2022-10-13 17:59:58,143 - org.apache.commons.logging.Log -INFO - click on conform and continue button
2022-10-13 18:00:00,339 - org.apache.commons.logging.Log -INFO - verify otp number
2022-10-13 18:00:44,599 - org.apache.commons.logging.Log -INFO - Click on sign button
2022-10-13 18:00:44,711 - org.apache.commons.logging.Log -INFO - Enter Username
2022-10-13 18:00:44,808 - org.apache.commons.logging.Log -INFO - Enter Password
2022-10-13 18:00:44,891 - org.apache.commons.logging.Log -INFO - click on sign button
2022-10-13 18:00:58,850 - org.apache.commons.logging.Log -INFO - click on invest button
2022-10-13 18:01:00,953 - org.apache.commons.logging.Log -INFO - select payment mode as org.openqa.selenium.support.ui.Select@375b5b7f
2022-10-13 18:01:01,033 - org.apache.commons.logging.Log -INFO - click on conform and continue button
2022-10-13 18:01:03,206 - org.apache.commons.logging.Log -INFO - verify otp number
2022-10-13 18:04:37,742 - org.apache.commons.logging.Log -INFO - Click on sign button
2022-10-13 18:04:37,847 - org.apache.commons.logging.Log -INFO - Enter Username
2022-10-13 18:04:37,934 - org.apache.commons.logging.Log -INFO - Enter Password
2022-10-13 18:04:38,035 - org.apache.commons.logging.Log -INFO - click on sign button
2022-10-13 18:04:49,693 - org.apache.commons.logging.Log -INFO - click on invest button
2022-10-13 18:04:51,795 - org.apache.commons.logging.Log -INFO - select payment mode as org.openqa.selenium.support.ui.Select@375b5b7f
2022-10-13 18:04:51,876 - org.apache.commons.logging.Log -INFO - click on conform and continue button
2022-10-13 18:04:54,048 - org.apache.commons.logging.Log -INFO - verify otp number
2022-10-13 18:08:41,435 - org.apache.commons.logging.Log -INFO - Click on sign button
2022-10-13 18:08:41,586 - org.apache.commons.logging.Log -INFO - Enter Username
2022-10-13 18:08:41,669 - org.apache.commons.logging.Log -INFO - Enter Password
2022-10-13 18:08:41,762 - org.apache.commons.logging.Log -INFO - click on sign button
2022-10-13 18:09:22,745 - org.apache.commons.logging.Log -INFO - Click on sign button
2022-10-13 18:09:22,848 - org.apache.commons.logging.Log -INFO - Enter Username
2022-10-13 18:09:22,945 - org.apache.commons.logging.Log -INFO - Enter Password
2022-10-13 18:09:23,048 - org.apache.commons.logging.Log -INFO - click on sign button
2022-10-13 18:09:35,250 - org.apache.commons.logging.Log -INFO - click on invest button
2022-10-13 18:09:37,354 - org.apache.commons.logging.Log -INFO - select payment mode as org.openqa.selenium.support.ui.Select@375b5b7f
2022-10-13 18:09:37,433 - org.apache.commons.logging.Log -INFO - click on conform and continue button
2022-10-13 18:09:39,624 - org.apache.commons.logging.Log -INFO - verify otp number
2022-10-13 18:11:09,139 - org.apache.commons.logging.Log -INFO - Click on sign button
2022-10-13 18:11:09,230 - org.apache.commons.logging.Log -INFO - Enter Username
2022-10-13 18:11:09,323 - org.apache.commons.logging.Log -INFO - Enter Password
2022-10-13 18:11:09,418 - org.apache.commons.logging.Log -INFO - click on sign button
2022-10-13 18:11:21,347 - org.apache.commons.logging.Log -INFO - click on invest button
2022-10-13 18:11:23,457 - org.apache.commons.logging.Log -INFO - select payment mode as org.openqa.selenium.support.ui.Select@375b5b7f
2022-10-13 18:11:23,532 - org.apache.commons.logging.Log -INFO - click on conform and continue button
2022-10-13 18:11:25,714 - org.apache.commons.logging.Log -INFO - verify otp number
2022-10-13 18:17:16,163 - org.apache.commons.logging.Log -INFO - Click on sign button
2022-10-13 18:17:16,268 - org.apache.commons.logging.Log -INFO - Enter Username
2022-10-13 18:17:16,369 - org.apache.commons.logging.Log -INFO - Enter Password
2022-10-13 18:17:16,473 - org.apache.commons.logging.Log -INFO - click on sign button
2022-10-13 18:17:28,768 - org.apache.commons.logging.Log -INFO - click on invest button
2022-10-13 18:17:30,860 - org.apache.commons.logging.Log -INFO - select payment mode as org.openqa.selenium.support.ui.Select@375b5b7f
2022-10-13 18:17:30,937 - org.apache.commons.logging.Log -INFO - click on conform and continue button
2022-10-13 18:17:33,128 - org.apache.commons.logging.Log -INFO - verify otp number
2022-10-13 18:19:03,243 - org.apache.commons.logging.Log -INFO - Click on sign button
2022-10-13 18:19:03,371 - org.apache.commons.logging.Log -INFO - Enter Username
2022-10-13 18:19:03,491 - org.apache.commons.logging.Log -INFO - Enter Password
2022-10-13 18:19:03,601 - org.apache.commons.logging.Log -INFO - click on sign button
2022-10-13 18:19:17,186 - org.apache.commons.logging.Log -INFO - click on invest button
2022-10-13 18:19:19,291 - org.apache.commons.logging.Log -INFO - select payment mode as org.openqa.selenium.support.ui.Select@375b5b7f
2022-10-13 18:19:19,367 - org.apache.commons.logging.Log -INFO - click on conform and continue button
2022-10-13 18:19:21,551 - org.apache.commons.logging.Log -INFO - verify otp number
2022-10-13 18:23:43,608 - org.apache.commons.logging.Log -INFO - Click on sign button
2022-10-13 18:23:43,777 - org.apache.commons.logging.Log -INFO - Enter Username
2022-10-13 18:23:43,862 - org.apache.commons.logging.Log -INFO - Enter Password
2022-10-13 18:23:43,953 - org.apache.commons.logging.Log -INFO - click on sign button
2022-10-13 18:23:55,977 - org.apache.commons.logging.Log -INFO - click on invest button
2022-10-13 18:23:58,078 - org.apache.commons.logging.Log -INFO - select payment mode as org.openqa.selenium.support.ui.Select@375b5b7f
2022-10-13 18:23:58,161 - org.apache.commons.logging.Log -INFO - click on conform and continue button
2022-10-13 18:24:00,358 - org.apache.commons.logging.Log -INFO - verify otp number
2022-10-13 18:31:07,043 - org.apache.commons.logging.Log -INFO - Click on sign button
2022-10-13 18:31:07,161 - org.apache.commons.logging.Log -INFO - Enter Username
2022-10-13 18:31:07,238 - org.apache.commons.logging.Log -INFO - Enter Password
2022-10-13 18:31:07,348 - org.apache.commons.logging.Log -INFO - click on sign button
2022-10-13 18:31:20,492 - org.apache.commons.logging.Log -INFO - click on invest button
2022-10-13 18:31:22,589 - org.apache.commons.logging.Log -INFO - select payment mode as org.openqa.selenium.support.ui.Select@375b5b7f
2022-10-13 18:31:22,664 - org.apache.commons.logging.Log -INFO - click on conform and continue button
2022-10-13 18:31:24,840 - org.apache.commons.logging.Log -INFO - verify otp number
2022-10-13 18:38:56,193 - org.apache.commons.logging.Log -INFO - Click on sign button
2022-10-13 18:38:56,305 - org.apache.commons.logging.Log -INFO - Enter Username
2022-10-13 18:38:56,382 - org.apache.commons.logging.Log -INFO - Enter Password
2022-10-13 18:38:56,505 - org.apache.commons.logging.Log -INFO - click on sign button
2022-10-13 18:39:09,405 - org.apache.commons.logging.Log -INFO - click on invest button
2022-10-13 18:39:11,506 - org.apache.commons.logging.Log -INFO - select payment mode as org.openqa.selenium.support.ui.Select@375b5b7f
2022-10-13 18:39:11,580 - org.apache.commons.logging.Log -INFO - click on conform and continue button
2022-10-13 18:39:13,755 - org.apache.commons.logging.Log -INFO - verify otp number
2022-10-13 18:40:01,830 - org.apache.commons.logging.Log -INFO - Click on sign button
2022-10-13 18:40:01,922 - org.apache.commons.logging.Log -INFO - Enter Username
2022-10-13 18:40:02,035 - org.apache.commons.logging.Log -INFO - Enter Password
2022-10-13 18:40:02,166 - org.apache.commons.logging.Log -INFO - click on sign button
2022-10-13 18:40:14,512 - org.apache.commons.logging.Log -INFO - click on invest button
2022-10-13 18:40:16,603 - org.apache.commons.logging.Log -INFO - select payment mode as org.openqa.selenium.support.ui.Select@a619c2
2022-10-13 18:40:16,681 - org.apache.commons.logging.Log -INFO - click on conform and continue button
2022-10-13 18:40:18,874 - org.apache.commons.logging.Log -INFO - verify otp number
2022-10-13 18:48:39,346 - org.apache.commons.logging.Log -INFO - Click on sign button
2022-10-13 18:48:39,448 - org.apache.commons.logging.Log -INFO - Enter Username
2022-10-13 18:48:39,532 - org.apache.commons.logging.Log -INFO - Enter Password
2022-10-13 18:48:39,626 - org.apache.commons.logging.Log -INFO - click on sign button
2022-10-13 18:48:39,633 - org.apache.commons.logging.Log -INFO - Passed Testcase ....null
2022-10-13 18:48:39,653 - org.apache.commons.logging.Log -INFO - clickonSigninPagepassed
2022-10-13 18:48:39,661 - org.apache.commons.logging.Log -INFO - 
2022-10-13 18:48:42,852 - org.apache.commons.logging.Log -INFO - Passed Testcase ....null
2022-10-13 18:48:42,853 - org.apache.commons.logging.Log -INFO - clickonbasketpagepassed
2022-10-13 18:48:42,854 - org.apache.commons.logging.Log -INFO - 
2022-10-13 18:48:46,661 - org.apache.commons.logging.Log -INFO - Passed Testcase ....null
2022-10-13 18:48:46,662 - org.apache.commons.logging.Log -INFO - Clickonconservativepassed
2022-10-13 18:48:46,665 - org.apache.commons.logging.Log -INFO - 
2022-10-13 18:48:49,775 - org.apache.commons.logging.Log -INFO - Passed Testcase ....null
2022-10-13 18:48:49,776 - org.apache.commons.logging.Log -INFO - clickoninvestpassed
2022-10-13 18:48:49,777 - org.apache.commons.logging.Log -INFO - 
2022-10-13 18:48:51,995 - org.apache.commons.logging.Log -INFO - Passed Testcase ....null
2022-10-13 18:48:51,996 - org.apache.commons.logging.Log -INFO - clickonpaymentmodepassed
2022-10-13 18:48:51,998 - org.apache.commons.logging.Log -INFO - 
2022-10-13 18:48:56,209 - org.apache.commons.logging.Log -INFO - Passed Testcase ....null
2022-10-13 18:48:56,210 - org.apache.commons.logging.Log -INFO - clickon_Enter_UtrNopassed
2022-10-13 18:48:56,211 - org.apache.commons.logging.Log -INFO - 
2022-10-13 18:48:58,393 - org.apache.commons.logging.Log -INFO - Passed Testcase ....null
2022-10-13 18:48:58,394 - org.apache.commons.logging.Log -INFO - ClickonVerifyOTPpassed
2022-10-13 18:48:58,395 - org.apache.commons.logging.Log -INFO - 
2022-10-13 18:49:06,021 - org.apache.commons.logging.Log -INFO - Passed Testcase ....null
2022-10-13 18:49:06,022 - org.apache.commons.logging.Log -INFO - enterotpnumpassed
2022-10-13 18:49:06,024 - org.apache.commons.logging.Log -INFO - 
2022-10-13 18:49:08,777 - org.apache.commons.logging.Log -INFO - Passed Testcase ....null
2022-10-13 18:49:08,778 - org.apache.commons.logging.Log -INFO - show_orderplaced_popuppassed
2022-10-13 18:49:08,780 - org.apache.commons.logging.Log -INFO - 
2022-10-13 18:49:11,966 - org.apache.commons.logging.Log -INFO - Passed Testcase ....null
2022-10-13 18:49:11,967 - org.apache.commons.logging.Log -INFO - Clickon_logoutpassed
2022-10-13 18:49:11,968 - org.apache.commons.logging.Log -INFO - 
2022-10-13 18:49:20,342 - org.apache.commons.logging.Log -INFO - Passed Testcase ....null
2022-10-13 18:49:20,343 - org.apache.commons.logging.Log -INFO - Email_sendnotificationpassed
2022-10-13 18:49:20,344 - org.apache.commons.logging.Log -INFO - 
2022-10-13 18:49:23,124 - org.apache.commons.logging.Log -INFO - Passed Testcase ....null
2022-10-13 18:49:23,126 - org.apache.commons.logging.Log -INFO - Click_logoutbtnpassed
2022-10-13 18:49:23,173 - org.apache.commons.logging.Log -INFO - ................On Finish  Testcases..... ....BasketLumpsumorder
2022-10-13 18:49:27,964 - org.apache.commons.logging.Log -INFO - 
2022-10-13 18:49:28,078 - org.apache.commons.logging.Log -INFO - Click on sign button
2022-10-13 18:49:28,171 - org.apache.commons.logging.Log -INFO - Enter Username
2022-10-13 18:49:28,268 - org.apache.commons.logging.Log -INFO - Enter Password
2022-10-13 18:49:28,387 - org.apache.commons.logging.Log -INFO - click on sign button
2022-10-13 18:49:28,393 - org.apache.commons.logging.Log -INFO - Passed Testcase ....null
2022-10-13 18:49:28,394 - org.apache.commons.logging.Log -INFO - clickonSigninPagepassed
2022-10-13 18:49:28,398 - org.apache.commons.logging.Log -INFO - 
2022-10-13 18:49:31,295 - org.apache.commons.logging.Log -INFO - Passed Testcase ....null
2022-10-13 18:49:31,296 - org.apache.commons.logging.Log -INFO - clickonbasketpagepassed
2022-10-13 18:49:31,298 - org.apache.commons.logging.Log -INFO - 
2022-10-13 18:49:34,948 - org.apache.commons.logging.Log -INFO - Passed Testcase ....null
2022-10-13 18:49:34,950 - org.apache.commons.logging.Log -INFO - Clickonconservativepassed
2022-10-13 18:49:34,951 - org.apache.commons.logging.Log -INFO - 
2022-10-13 18:49:38,038 - org.apache.commons.logging.Log -INFO - Passed Testcase ....null
2022-10-13 18:49:38,039 - org.apache.commons.logging.Log -INFO - clickoninvestpassed
2022-10-13 18:49:38,041 - org.apache.commons.logging.Log -INFO - 
2022-10-13 18:49:40,263 - org.apache.commons.logging.Log -INFO - Passed Testcase ....null
2022-10-13 18:49:40,264 - org.apache.commons.logging.Log -INFO - clickonpaymentmodepassed
2022-10-13 18:49:40,266 - org.apache.commons.logging.Log -INFO - 
2022-10-13 18:49:42,448 - org.apache.commons.logging.Log -INFO - Passed Testcase ....null
2022-10-13 18:49:42,449 - org.apache.commons.logging.Log -INFO - ClickonVerifyOTPpassed
2022-10-13 18:49:42,453 - org.apache.commons.logging.Log -INFO - 
2022-10-13 18:49:49,782 - org.apache.commons.logging.Log -INFO - Passed Testcase ....null
2022-10-13 18:49:49,784 - org.apache.commons.logging.Log -INFO - enterotpnumpassed
2022-10-13 18:49:49,786 - org.apache.commons.logging.Log -INFO - 
2022-10-13 18:49:52,903 - org.apache.commons.logging.Log -INFO - Passed Testcase ....null
2022-10-13 18:49:52,904 - org.apache.commons.logging.Log -INFO - RedirectNetbankingurlpassed
2022-10-13 18:49:52,906 - org.apache.commons.logging.Log -INFO - 
2022-10-13 18:49:56,075 - org.apache.commons.logging.Log -INFO - Passed Testcase ....null
2022-10-13 18:49:56,075 - org.apache.commons.logging.Log -INFO - Clickon_logoutpassed
2022-10-13 18:49:56,077 - org.apache.commons.logging.Log -INFO - 
2022-10-13 18:49:58,726 - org.apache.commons.logging.Log -INFO - Passed Testcase ....null
2022-10-13 18:49:58,726 - org.apache.commons.logging.Log -INFO - Click_logoutbtnpassed
2022-10-13 18:49:58,728 - org.apache.commons.logging.Log -INFO - 
2022-10-13 18:50:07,024 - org.apache.commons.logging.Log -INFO - Passed Testcase ....null
2022-10-13 18:50:07,025 - org.apache.commons.logging.Log -INFO - Email_sendnotificationpassed
2022-10-13 18:50:07,030 - org.apache.commons.logging.Log -INFO - ................On Finish  Testcases..... ....BasketLumpsumorder_NetBanking
2022-10-13 18:50:11,517 - org.apache.commons.logging.Log -INFO - 
2022-10-13 18:50:11,711 - org.apache.commons.logging.Log -INFO - Click on sign button
2022-10-13 18:50:11,888 - org.apache.commons.logging.Log -INFO - Enter Username
2022-10-13 18:50:11,968 - org.apache.commons.logging.Log -INFO - Enter Password
2022-10-13 18:50:12,074 - org.apache.commons.logging.Log -INFO - click on sign button
2022-10-13 18:50:12,076 - org.apache.commons.logging.Log -INFO - Passed Testcase ....null
2022-10-13 18:50:12,077 - org.apache.commons.logging.Log -INFO - clickonSigninPagepassed
2022-10-13 18:50:12,079 - org.apache.commons.logging.Log -INFO - 
2022-10-13 18:50:15,645 - org.apache.commons.logging.Log -INFO - Passed Testcase ....null
2022-10-13 18:50:15,646 - org.apache.commons.logging.Log -INFO - Click_HomePagepassed
2022-10-13 18:50:15,647 - org.apache.commons.logging.Log -INFO - 
2022-10-13 18:50:23,084 - org.apache.commons.logging.Log -INFO - Passed Testcase ....null
2022-10-13 18:50:23,086 - org.apache.commons.logging.Log -INFO - Search_Mutualfundpassed
2022-10-13 18:50:23,089 - org.apache.commons.logging.Log -INFO - 
2022-10-13 18:50:25,186 - org.apache.commons.logging.Log -INFO - click on invest button
2022-10-13 18:50:25,188 - org.apache.commons.logging.Log -INFO - Passed Testcase ....null
2022-10-13 18:50:25,189 - org.apache.commons.logging.Log -INFO - click_INVESTpassed
2022-10-13 18:50:25,191 - org.apache.commons.logging.Log -INFO - 
2022-10-13 18:50:27,277 - org.apache.commons.logging.Log -INFO - select payment mode as Netbanking
2022-10-13 18:50:27,360 - org.apache.commons.logging.Log -INFO - click on conform and continue button
2022-10-13 18:50:27,360 - org.apache.commons.logging.Log -INFO - Passed Testcase ....null
2022-10-13 18:50:27,361 - org.apache.commons.logging.Log -INFO - Select_PaymentModepassed
2022-10-13 18:50:27,362 - org.apache.commons.logging.Log -INFO - 
2022-10-13 18:50:29,543 - org.apache.commons.logging.Log -INFO - verify otp number
2022-10-13 18:50:29,545 - org.apache.commons.logging.Log -INFO - Passed Testcase ....null
2022-10-13 18:50:29,545 - org.apache.commons.logging.Log -INFO - Click_VerifyOTPpassed
2022-10-13 18:50:29,547 - org.apache.commons.logging.Log -INFO - 
2022-10-13 18:50:36,942 - org.apache.commons.logging.Log -INFO - Passed Testcase ....null
2022-10-13 18:50:36,942 - org.apache.commons.logging.Log -INFO - enterotpnumpassed
2022-10-13 18:50:36,944 - org.apache.commons.logging.Log -INFO - 
2022-10-13 18:50:45,188 - org.apache.commons.logging.Log -INFO - Passed Testcase ....null
2022-10-13 18:50:45,188 - org.apache.commons.logging.Log -INFO - RedirectNetbankingurlpassed
2022-10-13 18:50:45,189 - org.apache.commons.logging.Log -INFO - 
2022-10-13 18:50:52,523 - org.apache.commons.logging.Log -INFO - Passed Testcase ....null
2022-10-13 18:50:52,524 - org.apache.commons.logging.Log -INFO - Email_sendnotificationpassed
2022-10-13 18:50:52,529 - org.apache.commons.logging.Log -INFO - ................On Finish  Testcases..... ....Normal_lumpsumNetbanking
2022-10-13 18:50:56,983 - org.apache.commons.logging.Log -INFO - 
2022-10-13 18:50:57,103 - org.apache.commons.logging.Log -INFO - Click on sign button
2022-10-13 18:50:57,210 - org.apache.commons.logging.Log -INFO - Enter Username
2022-10-13 18:50:57,324 - org.apache.commons.logging.Log -INFO - Enter Password
2022-10-13 18:50:57,423 - org.apache.commons.logging.Log -INFO - click on sign button
2022-10-13 18:50:57,427 - org.apache.commons.logging.Log -INFO - Passed Testcase ....null
2022-10-13 18:50:57,427 - org.apache.commons.logging.Log -INFO - ClickonSigninPagepassed
2022-10-13 18:50:57,429 - org.apache.commons.logging.Log -INFO - 
2022-10-13 18:50:59,494 - org.apache.commons.logging.Log -INFO - Passed Testcase ....null
2022-10-13 18:50:59,495 - org.apache.commons.logging.Log -INFO - Clickon_TotalInvestmentvaluepassed
2022-10-13 18:50:59,496 - org.apache.commons.logging.Log -INFO - 
2022-10-13 18:51:02,288 - org.apache.commons.logging.Log -INFO - Passed Testcase ....null
2022-10-13 18:51:02,289 - org.apache.commons.logging.Log -INFO - Click_HomePagepassed
2022-10-13 18:51:02,293 - org.apache.commons.logging.Log -INFO - 
2022-10-13 18:51:09,586 - org.apache.commons.logging.Log -INFO - Passed Testcase ....null
2022-10-13 18:51:09,587 - org.apache.commons.logging.Log -INFO - search_mutualfundspassed
2022-10-13 18:51:09,589 - org.apache.commons.logging.Log -INFO - 
2022-10-13 18:51:15,911 - org.apache.commons.logging.Log -INFO - Passed Testcase ....null
2022-10-13 18:51:15,912 - org.apache.commons.logging.Log -INFO - Click_Normalsippassed
2022-10-13 18:51:15,913 - org.apache.commons.logging.Log -INFO - 
2022-10-13 18:51:18,260 - org.apache.commons.logging.Log -INFO - Passed Testcase ....null
2022-10-13 18:51:18,260 - org.apache.commons.logging.Log -INFO - Click_sipcontinuebtnpassed
2022-10-13 18:51:18,262 - org.apache.commons.logging.Log -INFO - 
2022-10-13 18:51:21,502 - org.apache.commons.logging.Log -INFO - Passed Testcase ....null
2022-10-13 18:51:21,503 - org.apache.commons.logging.Log -INFO - InstallementStartdatepassed
2022-10-13 18:51:21,507 - org.apache.commons.logging.Log -INFO - 
2022-10-13 18:51:25,218 - org.apache.commons.logging.Log -INFO - Passed Testcase ....null
2022-10-13 18:51:25,219 - org.apache.commons.logging.Log -INFO - Startdatepickerpassed
2022-10-13 18:51:25,220 - org.apache.commons.logging.Log -INFO - 
2022-10-13 18:51:27,342 - org.apache.commons.logging.Log -INFO - Passed Testcase ....null
2022-10-13 18:51:27,342 - org.apache.commons.logging.Log -INFO - Click_continuebtnpassed
2022-10-13 18:51:27,345 - org.apache.commons.logging.Log -INFO - 
2022-10-13 18:51:29,541 - org.apache.commons.logging.Log -INFO - Passed Testcase ....null
2022-10-13 18:51:29,541 - org.apache.commons.logging.Log -INFO - check_VerifyOTPpassed
2022-10-13 18:51:29,544 - org.apache.commons.logging.Log -INFO - 
2022-10-13 18:51:31,784 - org.apache.commons.logging.Log -INFO - Passed Testcase ....null
2022-10-13 18:51:31,784 - org.apache.commons.logging.Log -INFO - check_enterotpnumpassed
2022-10-13 18:51:31,785 - org.apache.commons.logging.Log -INFO - 
2022-10-13 18:51:33,902 - org.apache.commons.logging.Log -INFO - Passed Testcase ....null
2022-10-13 18:51:33,902 - org.apache.commons.logging.Log -INFO - Clickon_confirmcontinuepassed
2022-10-13 18:51:33,904 - org.apache.commons.logging.Log -INFO - 
2022-10-13 18:51:36,951 - org.apache.commons.logging.Log -INFO - Failure  because of ....org.openqa.selenium.NoSuchElementException: no such element: Unable to locate element: {"method":"xpath","selector":"//body/div[1]/div[1]/div[4]/div[1]/div[1]/div[1]/div[3]/p[1]/div[1]/p[1]"}
  (Session info: chrome=106.0.5249.119)
For documentation on this error, please visit: https://www.seleniumhq.org/exceptions/no_such_element.html
Build info: version: '3.141.59', revision: 'e82be7d358', time: '2018-11-14T08:17:03'
System info: host: 'DESKTOP-KMVAA5F', ip: '192.168.80.48', os.name: 'Windows 10', os.arch: 'amd64', os.version: '10.0', java.version: '11'
Driver info: org.openqa.selenium.chrome.ChromeDriver
Capabilities {acceptInsecureCerts: false, browserName: chrome, browserVersion: 106.0.5249.119, chrome: {chromedriverVersion: 106.0.5249.61 (511755355844..., userDataDir: C:\Users\samco\AppData\Loca...}, goog:chromeOptions: {debuggerAddress: localhost:50534}, javascriptEnabled: true, networkConnectionEnabled: false, pageLoadStrategy: normal, platform: WINDOWS, platformName: WINDOWS, proxy: Proxy(), setWindowRect: true, strictFileInteractability: false, timeouts: {implicit: 0, pageLoad: 300000, script: 30000}, unhandledPromptBehavior: dismiss and notify, webauthn:extension:credBlob: true, webauthn:extension:largeBlob: true, webauthn:virtualAuthenticators: true}
Session ID: 1605ac6e8cc643396dda5ce60ba9bfd7
*** Element info: {Using=xpath, value=//body/div[1]/div[1]/div[4]/div[1]/div[1]/div[1]/div[3]/p[1]/div[1]/p[1]}
2022-10-13 18:51:37,222 - org.apache.commons.logging.Log -INFO - 
2022-10-13 18:51:40,967 - org.apache.commons.logging.Log -INFO - Passed Testcase ....null
2022-10-13 18:51:40,967 - org.apache.commons.logging.Log -INFO - Clickon_skipsteppassed
2022-10-13 18:51:40,969 - org.apache.commons.logging.Log -INFO - 
2022-10-13 18:51:50,965 - org.apache.commons.logging.Log -INFO - Passed Testcase ....null
2022-10-13 18:51:50,965 - org.apache.commons.logging.Log -INFO - Clickon_cancelsmartsiporderpassed
2022-10-13 18:51:50,966 - org.apache.commons.logging.Log -INFO - 
2022-10-13 18:51:54,149 - org.apache.commons.logging.Log -INFO - Passed Testcase ....null
2022-10-13 18:51:54,151 - org.apache.commons.logging.Log -INFO - Clickon_logoutpassed
2022-10-13 18:51:54,153 - org.apache.commons.logging.Log -INFO - 
2022-10-13 18:51:57,172 - org.apache.commons.logging.Log -INFO - Passed Testcase ....null
2022-10-13 18:51:57,173 - org.apache.commons.logging.Log -INFO - Click_logoutbtnpassed
2022-10-13 18:51:57,174 - org.apache.commons.logging.Log -INFO - 
2022-10-13 18:52:05,826 - org.apache.commons.logging.Log -INFO - Passed Testcase ....null
2022-10-13 18:52:05,826 - org.apache.commons.logging.Log -INFO - Email_sendnotificationpassed
2022-10-13 18:52:05,846 - org.apache.commons.logging.Log -INFO - ................On Finish  Testcases..... ....NormalSiporder
2022-10-13 18:52:13,224 - org.apache.commons.logging.Log -INFO - 
2022-10-13 18:52:13,347 - org.apache.commons.logging.Log -INFO - Click on sign button
2022-10-13 18:52:13,450 - org.apache.commons.logging.Log -INFO - Enter Username
2022-10-13 18:52:13,539 - org.apache.commons.logging.Log -INFO - Enter Password
2022-10-13 18:52:13,651 - org.apache.commons.logging.Log -INFO - click on sign button
2022-10-13 18:52:13,653 - org.apache.commons.logging.Log -INFO - Passed Testcase ....null
2022-10-13 18:52:13,653 - org.apache.commons.logging.Log -INFO - ClickonSigninPagepassed
2022-10-13 18:52:13,656 - org.apache.commons.logging.Log -INFO - 
2022-10-13 18:52:29,937 - org.apache.commons.logging.Log -INFO - Passed Testcase ....null
2022-10-13 18:52:29,938 - org.apache.commons.logging.Log -INFO - Clickon_TotalInvestmentvaluepassed
2022-10-13 18:52:29,939 - org.apache.commons.logging.Log -INFO - 
2022-10-13 18:52:32,974 - org.apache.commons.logging.Log -INFO - Failure  because of ....org.openqa.selenium.NoSuchElementException: no such element: Unable to locate element: {"method":"xpath","selector":"//header/div[1]/div[1]/div[1]/nav[1]/div[1]/a[2]/img[1]"}
  (Session info: chrome=106.0.5249.119)
For documentation on this error, please visit: https://www.seleniumhq.org/exceptions/no_such_element.html
Build info: version: '3.141.59', revision: 'e82be7d358', time: '2018-11-14T08:17:03'
System info: host: 'DESKTOP-KMVAA5F', ip: '192.168.80.48', os.name: 'Windows 10', os.arch: 'amd64', os.version: '10.0', java.version: '11'
Driver info: org.openqa.selenium.chrome.ChromeDriver
Capabilities {acceptInsecureCerts: false, browserName: chrome, browserVersion: 106.0.5249.119, chrome: {chromedriverVersion: 106.0.5249.61 (511755355844..., userDataDir: C:\Users\samco\AppData\Loca...}, goog:chromeOptions: {debuggerAddress: localhost:50670}, javascriptEnabled: true, networkConnectionEnabled: false, pageLoadStrategy: normal, platform: WINDOWS, platformName: WINDOWS, proxy: Proxy(), setWindowRect: true, strictFileInteractability: false, timeouts: {implicit: 0, pageLoad: 300000, script: 30000}, unhandledPromptBehavior: dismiss and notify, webauthn:extension:credBlob: true, webauthn:extension:largeBlob: true, webauthn:virtualAuthenticators: true}
Session ID: 056eceb56f76dbf604785ef05ee69053
*** Element info: {Using=xpath, value=//header/div[1]/div[1]/div[1]/nav[1]/div[1]/a[2]/img[1]}
2022-10-13 18:52:33,550 - org.apache.commons.logging.Log -INFO - 
2022-10-13 18:52:33,551 - org.apache.commons.logging.Log -INFO - Skipped because of ....java.lang.Throwable: Method NormalSmartsiporderTest.Click_Investsmartsip()[pri:0, instance:com.Test.Rankmfselenium.NormalSmartsiporderTest@32c726ee] depends on not successfully finished methods
2022-10-13 18:52:33,553 - org.apache.commons.logging.Log -INFO - 
2022-10-13 18:52:33,554 - org.apache.commons.logging.Log -INFO - Skipped because of ....java.lang.Throwable: Method NormalSmartsiporderTest.Click_smartsip()[pri:0, instance:com.Test.Rankmfselenium.NormalSmartsiporderTest@32c726ee] depends on not successfully finished methods
2022-10-13 18:52:33,555 - org.apache.commons.logging.Log -INFO - 
2022-10-13 18:52:33,555 - org.apache.commons.logging.Log -INFO - Skipped because of ....java.lang.Throwable: Method NormalSmartsiporderTest.click_continue()[pri:0, instance:com.Test.Rankmfselenium.NormalSmartsiporderTest@32c726ee] depends on not successfully finished methods
2022-10-13 18:52:33,556 - org.apache.commons.logging.Log -INFO - 
2022-10-13 18:52:33,557 - org.apache.commons.logging.Log -INFO - Skipped because of ....java.lang.Throwable: Method NormalSmartsiporderTest.Installementdate()[pri:0, instance:com.Test.Rankmfselenium.NormalSmartsiporderTest@32c726ee] depends on not successfully finished methods
2022-10-13 18:52:33,558 - org.apache.commons.logging.Log -INFO - 
2022-10-13 18:52:33,559 - org.apache.commons.logging.Log -INFO - Skipped because of ....java.lang.Throwable: Method NormalSmartsiporderTest.InstallementStartdate()[pri:0, instance:com.Test.Rankmfselenium.NormalSmartsiporderTest@32c726ee] depends on not successfully finished methods
2022-10-13 18:52:33,561 - org.apache.commons.logging.Log -INFO - 
2022-10-13 18:52:33,562 - org.apache.commons.logging.Log -INFO - Skipped because of ....java.lang.Throwable: Method NormalSmartsiporderTest.Clickalert()[pri:0, instance:com.Test.Rankmfselenium.NormalSmartsiporderTest@32c726ee] depends on not successfully finished methods
2022-10-13 18:52:33,564 - org.apache.commons.logging.Log -INFO - 
2022-10-13 18:52:33,565 - org.apache.commons.logging.Log -INFO - Skipped because of ....java.lang.Throwable: Method NormalSmartsiporderTest.check_VerifyOTP()[pri:0, instance:com.Test.Rankmfselenium.NormalSmartsiporderTest@32c726ee] depends on not successfully finished methods
2022-10-13 18:52:33,566 - org.apache.commons.logging.Log -INFO - 
2022-10-13 18:52:33,567 - org.apache.commons.logging.Log -INFO - Skipped because of ....java.lang.Throwable: Method NormalSmartsiporderTest.check_enterotpnum()[pri:0, instance:com.Test.Rankmfselenium.NormalSmartsiporderTest@32c726ee] depends on not successfully finished methods
2022-10-13 18:52:33,569 - org.apache.commons.logging.Log -INFO - 
2022-10-13 18:52:33,570 - org.apache.commons.logging.Log -INFO - Skipped because of ....java.lang.Throwable: Method NormalSmartsiporderTest.Clickon_confirmcontinue()[pri:0, instance:com.Test.Rankmfselenium.NormalSmartsiporderTest@32c726ee] depends on not successfully finished methods
2022-10-13 18:52:33,572 - org.apache.commons.logging.Log -INFO - 
2022-10-13 18:52:33,572 - org.apache.commons.logging.Log -INFO - Skipped because of ....java.lang.Throwable: Method NormalSmartsiporderTest.Clickon_fetchsmartsippalcedorder()[pri:0, instance:com.Test.Rankmfselenium.NormalSmartsiporderTest@32c726ee] depends on not successfully finished methods
2022-10-13 18:52:33,574 - org.apache.commons.logging.Log -INFO - 
2022-10-13 18:52:33,575 - org.apache.commons.logging.Log -INFO - Skipped because of ....java.lang.Throwable: Method NormalSmartsiporderTest.Clickon_closepopup()[pri:0, instance:com.Test.Rankmfselenium.NormalSmartsiporderTest@32c726ee] depends on not successfully finished methods
2022-10-13 18:52:33,576 - org.apache.commons.logging.Log -INFO - 
2022-10-13 18:52:33,577 - org.apache.commons.logging.Log -INFO - Skipped because of ....java.lang.Throwable: Method NormalSmartsiporderTest.Clickon_cancelsmartsiporder()[pri:0, instance:com.Test.Rankmfselenium.NormalSmartsiporderTest@32c726ee] depends on not successfully finished methods
2022-10-13 18:52:33,578 - org.apache.commons.logging.Log -INFO - 
2022-10-13 18:52:33,579 - org.apache.commons.logging.Log -INFO - Skipped because of ....java.lang.Throwable: Method NormalSmartsiporderTest.Clickon_logout()[pri:0, instance:com.Test.Rankmfselenium.NormalSmartsiporderTest@32c726ee] depends on not successfully finished methods
2022-10-13 18:52:33,580 - org.apache.commons.logging.Log -INFO - 
2022-10-13 18:52:33,581 - org.apache.commons.logging.Log -INFO - Skipped because of ....java.lang.Throwable: Method NormalSmartsiporderTest.Click_logoutbtn()[pri:0, instance:com.Test.Rankmfselenium.NormalSmartsiporderTest@32c726ee] depends on not successfully finished methods
2022-10-13 18:52:33,583 - org.apache.commons.logging.Log -INFO - 
2022-10-13 18:52:33,584 - org.apache.commons.logging.Log -INFO - Skipped because of ....java.lang.Throwable: Method NormalSmartsiporderTest.Email_sendnotification()[pri:0, instance:com.Test.Rankmfselenium.NormalSmartsiporderTest@32c726ee] depends on not successfully finished methods
2022-10-13 18:52:33,606 - org.apache.commons.logging.Log -INFO - ................On Finish  Testcases..... ....NormalSmartsiporder
2022-10-14 10:59:17,733 - org.apache.commons.logging.Log -INFO - Click on sign button
2022-10-14 10:59:17,854 - org.apache.commons.logging.Log -INFO - Enter Username
2022-10-14 10:59:17,947 - org.apache.commons.logging.Log -INFO - Enter Password
2022-10-14 10:59:18,047 - org.apache.commons.logging.Log -INFO - click on sign button
2022-10-14 10:59:18,053 - org.apache.commons.logging.Log -INFO - Passed Testcase ....null
2022-10-14 10:59:18,059 - org.apache.commons.logging.Log -INFO - clickonSigninPagepassed
2022-10-14 10:59:18,063 - org.apache.commons.logging.Log -INFO - 
2022-10-14 10:59:22,368 - org.apache.commons.logging.Log -INFO - Passed Testcase ....null
2022-10-14 10:59:22,369 - org.apache.commons.logging.Log -INFO - clickonbasketpagepassed
2022-10-14 10:59:22,371 - org.apache.commons.logging.Log -INFO - 
2022-10-14 10:59:26,242 - org.apache.commons.logging.Log -INFO - Passed Testcase ....null
2022-10-14 10:59:26,243 - org.apache.commons.logging.Log -INFO - Clickonconservativepassed
2022-10-14 10:59:26,246 - org.apache.commons.logging.Log -INFO - 
2022-10-14 10:59:29,333 - org.apache.commons.logging.Log -INFO - Passed Testcase ....null
2022-10-14 10:59:29,334 - org.apache.commons.logging.Log -INFO - clickoninvestpassed
2022-10-14 10:59:29,337 - org.apache.commons.logging.Log -INFO - 
2022-10-14 10:59:31,564 - org.apache.commons.logging.Log -INFO - Passed Testcase ....null
2022-10-14 10:59:31,564 - org.apache.commons.logging.Log -INFO - clickonpaymentmodepassed
2022-10-14 10:59:31,567 - org.apache.commons.logging.Log -INFO - 
2022-10-14 10:59:35,785 - org.apache.commons.logging.Log -INFO - Passed Testcase ....null
2022-10-14 10:59:35,786 - org.apache.commons.logging.Log -INFO - clickon_Enter_UtrNopassed
2022-10-14 10:59:35,787 - org.apache.commons.logging.Log -INFO - 
2022-10-14 10:59:37,959 - org.apache.commons.logging.Log -INFO - Passed Testcase ....null
2022-10-14 10:59:37,960 - org.apache.commons.logging.Log -INFO - ClickonVerifyOTPpassed
2022-10-14 10:59:37,963 - org.apache.commons.logging.Log -INFO - 
2022-10-14 10:59:45,619 - org.apache.commons.logging.Log -INFO - Passed Testcase ....null
2022-10-14 10:59:45,619 - org.apache.commons.logging.Log -INFO - enterotpnumpassed
2022-10-14 10:59:45,621 - org.apache.commons.logging.Log -INFO - 
2022-10-14 10:59:48,420 - org.apache.commons.logging.Log -INFO - Passed Testcase ....null
2022-10-14 10:59:48,420 - org.apache.commons.logging.Log -INFO - show_orderplaced_popuppassed
2022-10-14 10:59:48,423 - org.apache.commons.logging.Log -INFO - 
2022-10-14 10:59:51,608 - org.apache.commons.logging.Log -INFO - Passed Testcase ....null
2022-10-14 10:59:51,608 - org.apache.commons.logging.Log -INFO - Clickon_logoutpassed
2022-10-14 10:59:51,610 - org.apache.commons.logging.Log -INFO - 
2022-10-14 10:59:54,454 - org.apache.commons.logging.Log -INFO - Passed Testcase ....null
2022-10-14 10:59:54,455 - org.apache.commons.logging.Log -INFO - Click_logoutbtnpassed
2022-10-14 10:59:54,473 - org.apache.commons.logging.Log -INFO - ................On Finish  Testcases..... ....BasketLumpsumorder
2022-10-14 10:59:59,689 - org.apache.commons.logging.Log -INFO - 
2022-10-14 10:59:59,843 - org.apache.commons.logging.Log -INFO - Click on sign button
2022-10-14 10:59:59,928 - org.apache.commons.logging.Log -INFO - Enter Username
2022-10-14 11:00:00,030 - org.apache.commons.logging.Log -INFO - Enter Password
2022-10-14 11:00:00,134 - org.apache.commons.logging.Log -INFO - click on sign button
2022-10-14 11:00:00,139 - org.apache.commons.logging.Log -INFO - Passed Testcase ....null
2022-10-14 11:00:00,140 - org.apache.commons.logging.Log -INFO - clickonSigninPagepassed
2022-10-14 11:00:00,144 - org.apache.commons.logging.Log -INFO - 
2022-10-14 11:00:03,431 - org.apache.commons.logging.Log -INFO - Passed Testcase ....null
2022-10-14 11:00:03,432 - org.apache.commons.logging.Log -INFO - clickonbasketpagepassed
2022-10-14 11:00:03,436 - org.apache.commons.logging.Log -INFO - 
2022-10-14 11:00:07,236 - org.apache.commons.logging.Log -INFO - Passed Testcase ....null
2022-10-14 11:00:07,237 - org.apache.commons.logging.Log -INFO - Clickonconservativepassed
2022-10-14 11:00:07,240 - org.apache.commons.logging.Log -INFO - 
2022-10-14 11:00:10,326 - org.apache.commons.logging.Log -INFO - Passed Testcase ....null
2022-10-14 11:00:10,327 - org.apache.commons.logging.Log -INFO - clickoninvestpassed
2022-10-14 11:00:10,329 - org.apache.commons.logging.Log -INFO - 
2022-10-14 11:00:12,560 - org.apache.commons.logging.Log -INFO - Passed Testcase ....null
2022-10-14 11:00:12,560 - org.apache.commons.logging.Log -INFO - clickonpaymentmodepassed
2022-10-14 11:00:12,563 - org.apache.commons.logging.Log -INFO - 
2022-10-14 11:00:14,744 - org.apache.commons.logging.Log -INFO - Passed Testcase ....null
2022-10-14 11:00:14,745 - org.apache.commons.logging.Log -INFO - ClickonVerifyOTPpassed
2022-10-14 11:00:14,746 - org.apache.commons.logging.Log -INFO - 
2022-10-14 11:00:22,135 - org.apache.commons.logging.Log -INFO - Passed Testcase ....null
2022-10-14 11:00:22,135 - org.apache.commons.logging.Log -INFO - enterotpnumpassed
2022-10-14 11:00:22,137 - org.apache.commons.logging.Log -INFO - 
2022-10-14 11:00:25,255 - org.apache.commons.logging.Log -INFO - Passed Testcase ....null
2022-10-14 11:00:25,256 - org.apache.commons.logging.Log -INFO - RedirectNetbankingurlpassed
2022-10-14 11:00:25,258 - org.apache.commons.logging.Log -INFO - 
2022-10-14 11:00:28,446 - org.apache.commons.logging.Log -INFO - Passed Testcase ....null
2022-10-14 11:00:28,446 - org.apache.commons.logging.Log -INFO - Clickon_logoutpassed
2022-10-14 11:00:28,448 - org.apache.commons.logging.Log -INFO - 
2022-10-14 11:00:31,348 - org.apache.commons.logging.Log -INFO - Passed Testcase ....null
2022-10-14 11:00:31,349 - org.apache.commons.logging.Log -INFO - Click_logoutbtnpassed
2022-10-14 11:00:31,354 - org.apache.commons.logging.Log -INFO - ................On Finish  Testcases..... ....BasketLumpsumorder_NetBanking
2022-10-14 11:00:36,281 - org.apache.commons.logging.Log -INFO - 
2022-10-14 11:00:36,416 - org.apache.commons.logging.Log -INFO - Click on sign button
2022-10-14 11:00:36,515 - org.apache.commons.logging.Log -INFO - Enter Username
2022-10-14 11:00:36,603 - org.apache.commons.logging.Log -INFO - Enter Password
2022-10-14 11:00:36,712 - org.apache.commons.logging.Log -INFO - click on sign button
2022-10-14 11:00:36,714 - org.apache.commons.logging.Log -INFO - Passed Testcase ....null
2022-10-14 11:00:36,715 - org.apache.commons.logging.Log -INFO - clickonSigninPagepassed
2022-10-14 11:00:36,717 - org.apache.commons.logging.Log -INFO - 
2022-10-14 11:00:41,246 - org.apache.commons.logging.Log -INFO - Passed Testcase ....null
2022-10-14 11:00:41,247 - org.apache.commons.logging.Log -INFO - Click_HomePagepassed
2022-10-14 11:00:41,249 - org.apache.commons.logging.Log -INFO - 
2022-10-14 11:00:49,770 - org.apache.commons.logging.Log -INFO - Passed Testcase ....null
2022-10-14 11:00:49,771 - org.apache.commons.logging.Log -INFO - Search_Mutualfundpassed
2022-10-14 11:00:49,774 - org.apache.commons.logging.Log -INFO - 
2022-10-14 11:00:51,904 - org.apache.commons.logging.Log -INFO - click on invest button
2022-10-14 11:00:51,905 - org.apache.commons.logging.Log -INFO - Passed Testcase ....null
2022-10-14 11:00:51,905 - org.apache.commons.logging.Log -INFO - click_INVESTpassed
2022-10-14 11:00:51,907 - org.apache.commons.logging.Log -INFO - 
2022-10-14 11:00:54,003 - org.apache.commons.logging.Log -INFO - select payment mode as Netbanking
2022-10-14 11:00:54,081 - org.apache.commons.logging.Log -INFO - click on conform and continue button
2022-10-14 11:00:54,082 - org.apache.commons.logging.Log -INFO - Passed Testcase ....null
2022-10-14 11:00:54,083 - org.apache.commons.logging.Log -INFO - Select_PaymentModepassed
2022-10-14 11:00:54,085 - org.apache.commons.logging.Log -INFO - 
2022-10-14 11:00:56,310 - org.apache.commons.logging.Log -INFO - verify otp number
2022-10-14 11:00:56,311 - org.apache.commons.logging.Log -INFO - Passed Testcase ....null
2022-10-14 11:00:56,312 - org.apache.commons.logging.Log -INFO - Click_VerifyOTPpassed
2022-10-14 11:00:56,313 - org.apache.commons.logging.Log -INFO - 
2022-10-14 11:01:03,680 - org.apache.commons.logging.Log -INFO - Passed Testcase ....null
2022-10-14 11:01:03,681 - org.apache.commons.logging.Log -INFO - enterotpnumpassed
2022-10-14 11:01:03,683 - org.apache.commons.logging.Log -INFO - 
2022-10-14 11:01:10,461 - org.apache.commons.logging.Log -INFO - Passed Testcase ....null
2022-10-14 11:01:10,461 - org.apache.commons.logging.Log -INFO - RedirectNetbankingurlpassed
2022-10-14 11:01:10,466 - org.apache.commons.logging.Log -INFO - ................On Finish  Testcases..... ....Normal_lumpsumNetbanking
2022-10-14 11:01:14,912 - org.apache.commons.logging.Log -INFO - 
2022-10-14 11:01:15,037 - org.apache.commons.logging.Log -INFO - Click on sign button
2022-10-14 11:01:15,125 - org.apache.commons.logging.Log -INFO - Enter Username
2022-10-14 11:01:15,206 - org.apache.commons.logging.Log -INFO - Enter Password
2022-10-14 11:01:15,314 - org.apache.commons.logging.Log -INFO - click on sign button
2022-10-14 11:01:15,316 - org.apache.commons.logging.Log -INFO - Passed Testcase ....null
2022-10-14 11:01:15,317 - org.apache.commons.logging.Log -INFO - ClickonSigninPagepassed
2022-10-14 11:01:15,318 - org.apache.commons.logging.Log -INFO - 
2022-10-14 11:01:17,773 - org.apache.commons.logging.Log -INFO - Passed Testcase ....null
2022-10-14 11:01:17,774 - org.apache.commons.logging.Log -INFO - Clickon_TotalInvestmentvaluepassed
2022-10-14 11:01:17,775 - org.apache.commons.logging.Log -INFO - 
2022-10-14 11:01:20,552 - org.apache.commons.logging.Log -INFO - Passed Testcase ....null
2022-10-14 11:01:20,553 - org.apache.commons.logging.Log -INFO - Click_HomePagepassed
2022-10-14 11:01:20,555 - org.apache.commons.logging.Log -INFO - 
2022-10-14 11:01:27,574 - org.apache.commons.logging.Log -INFO - Passed Testcase ....null
2022-10-14 11:01:27,575 - org.apache.commons.logging.Log -INFO - search_mutualfundspassed
2022-10-14 11:01:27,577 - org.apache.commons.logging.Log -INFO - 
2022-10-14 11:01:33,880 - org.apache.commons.logging.Log -INFO - Passed Testcase ....null
2022-10-14 11:01:33,880 - org.apache.commons.logging.Log -INFO - Click_Normalsippassed
2022-10-14 11:01:33,881 - org.apache.commons.logging.Log -INFO - 
2022-10-14 11:01:36,173 - org.apache.commons.logging.Log -INFO - Passed Testcase ....null
2022-10-14 11:01:36,173 - org.apache.commons.logging.Log -INFO - Click_sipcontinuebtnpassed
2022-10-14 11:01:36,175 - org.apache.commons.logging.Log -INFO - 
2022-10-14 11:01:39,373 - org.apache.commons.logging.Log -INFO - Passed Testcase ....null
2022-10-14 11:01:39,374 - org.apache.commons.logging.Log -INFO - InstallementStartdatepassed
2022-10-14 11:01:39,376 - org.apache.commons.logging.Log -INFO - 
2022-10-14 11:01:43,052 - org.apache.commons.logging.Log -INFO - Passed Testcase ....null
2022-10-14 11:01:43,053 - org.apache.commons.logging.Log -INFO - Startdatepickerpassed
2022-10-14 11:01:43,055 - org.apache.commons.logging.Log -INFO - 
2022-10-14 11:01:45,167 - org.apache.commons.logging.Log -INFO - Passed Testcase ....null
2022-10-14 11:01:45,168 - org.apache.commons.logging.Log -INFO - Click_continuebtnpassed
2022-10-14 11:01:45,170 - org.apache.commons.logging.Log -INFO - 
2022-10-14 11:01:47,371 - org.apache.commons.logging.Log -INFO - Passed Testcase ....null
2022-10-14 11:01:47,372 - org.apache.commons.logging.Log -INFO - check_VerifyOTPpassed
2022-10-14 11:01:47,374 - org.apache.commons.logging.Log -INFO - 
2022-10-14 11:01:49,637 - org.apache.commons.logging.Log -INFO - Passed Testcase ....null
2022-10-14 11:01:49,638 - org.apache.commons.logging.Log -INFO - check_enterotpnumpassed
2022-10-14 11:01:49,639 - org.apache.commons.logging.Log -INFO - 
2022-10-14 11:01:51,749 - org.apache.commons.logging.Log -INFO - Passed Testcase ....null
2022-10-14 11:01:51,750 - org.apache.commons.logging.Log -INFO - Clickon_confirmcontinuepassed
2022-10-14 11:01:51,754 - org.apache.commons.logging.Log -INFO - 
2022-10-14 11:01:54,793 - org.apache.commons.logging.Log -INFO - Failure  because of ....org.openqa.selenium.NoSuchElementException: no such element: Unable to locate element: {"method":"xpath","selector":"//body/div[1]/div[1]/div[4]/div[1]/div[1]/div[1]/div[3]/p[1]/div[1]/p[1]"}
  (Session info: chrome=106.0.5249.119)
For documentation on this error, please visit: https://www.seleniumhq.org/exceptions/no_such_element.html
Build info: version: '3.141.59', revision: 'e82be7d358', time: '2018-11-14T08:17:03'
System info: host: 'DESKTOP-KMVAA5F', ip: '192.168.80.48', os.name: 'Windows 10', os.arch: 'amd64', os.version: '10.0', java.version: '11'
Driver info: org.openqa.selenium.chrome.ChromeDriver
Capabilities {acceptInsecureCerts: false, browserName: chrome, browserVersion: 106.0.5249.119, chrome: {chromedriverVersion: 106.0.5249.61 (511755355844..., userDataDir: C:\Users\samco\AppData\Loca...}, goog:chromeOptions: {debuggerAddress: localhost:53593}, javascriptEnabled: true, networkConnectionEnabled: false, pageLoadStrategy: normal, platform: WINDOWS, platformName: WINDOWS, proxy: Proxy(), setWindowRect: true, strictFileInteractability: false, timeouts: {implicit: 0, pageLoad: 300000, script: 30000}, unhandledPromptBehavior: dismiss and notify, webauthn:extension:credBlob: true, webauthn:extension:largeBlob: true, webauthn:virtualAuthenticators: true}
Session ID: 099b24449d69e38b08cb708d44c95362
*** Element info: {Using=xpath, value=//body/div[1]/div[1]/div[4]/div[1]/div[1]/div[1]/div[3]/p[1]/div[1]/p[1]}
2022-10-14 11:01:55,087 - org.apache.commons.logging.Log -INFO - 
2022-10-14 11:01:58,259 - org.apache.commons.logging.Log -INFO - Passed Testcase ....null
2022-10-14 11:01:58,260 - org.apache.commons.logging.Log -INFO - Clickon_skipsteppassed
2022-10-14 11:01:58,262 - org.apache.commons.logging.Log -INFO - 
2022-10-14 11:02:08,280 - org.apache.commons.logging.Log -INFO - Passed Testcase ....null
2022-10-14 11:02:08,281 - org.apache.commons.logging.Log -INFO - Clickon_cancelsmartsiporderpassed
2022-10-14 11:02:08,282 - org.apache.commons.logging.Log -INFO - 
2022-10-14 11:02:11,472 - org.apache.commons.logging.Log -INFO - Passed Testcase ....null
2022-10-14 11:02:11,472 - org.apache.commons.logging.Log -INFO - Clickon_logoutpassed
2022-10-14 11:02:11,473 - org.apache.commons.logging.Log -INFO - 
2022-10-14 11:02:14,121 - org.apache.commons.logging.Log -INFO - Passed Testcase ....null
2022-10-14 11:02:14,121 - org.apache.commons.logging.Log -INFO - Click_logoutbtnpassed
2022-10-14 11:02:14,130 - org.apache.commons.logging.Log -INFO - ................On Finish  Testcases..... ....NormalSiporder
2022-10-14 11:02:18,464 - org.apache.commons.logging.Log -INFO - 
2022-10-14 11:02:18,614 - org.apache.commons.logging.Log -INFO - Click on sign button
2022-10-14 11:02:18,837 - org.apache.commons.logging.Log -INFO - Enter Username
2022-10-14 11:02:18,925 - org.apache.commons.logging.Log -INFO - Enter Password
2022-10-14 11:02:19,023 - org.apache.commons.logging.Log -INFO - click on sign button
2022-10-14 11:02:19,024 - org.apache.commons.logging.Log -INFO - Passed Testcase ....null
2022-10-14 11:02:19,025 - org.apache.commons.logging.Log -INFO - ClickonSigninPagepassed
2022-10-14 11:02:19,027 - org.apache.commons.logging.Log -INFO - 
2022-10-14 11:02:21,081 - org.apache.commons.logging.Log -INFO - Passed Testcase ....null
2022-10-14 11:02:21,082 - org.apache.commons.logging.Log -INFO - Clickon_TotalInvestmentvaluepassed
2022-10-14 11:02:21,084 - org.apache.commons.logging.Log -INFO - 
2022-10-14 11:02:24,220 - org.apache.commons.logging.Log -INFO - Click on Invest in  smart sip
2022-10-14 11:02:24,222 - org.apache.commons.logging.Log -INFO - Passed Testcase ....null
2022-10-14 11:02:24,222 - org.apache.commons.logging.Log -INFO - Click_Investsmartsippassed
2022-10-14 11:02:24,224 - org.apache.commons.logging.Log -INFO - 
2022-10-14 11:02:26,374 - org.apache.commons.logging.Log -INFO - Click on smart sip button
2022-10-14 11:02:26,375 - org.apache.commons.logging.Log -INFO - Passed Testcase ....null
2022-10-14 11:02:26,377 - org.apache.commons.logging.Log -INFO - Click_smartsippassed
2022-10-14 11:02:26,379 - org.apache.commons.logging.Log -INFO - 
2022-10-14 11:02:29,064 - org.apache.commons.logging.Log -INFO - Click on continue button
2022-10-14 11:02:29,065 - org.apache.commons.logging.Log -INFO - Passed Testcase ....null
2022-10-14 11:02:29,066 - org.apache.commons.logging.Log -INFO - click_continuepassed
2022-10-14 11:02:29,067 - org.apache.commons.logging.Log -INFO - 
2022-10-14 11:02:32,159 - org.apache.commons.logging.Log -INFO - Click on installement date
2022-10-14 11:02:32,160 - org.apache.commons.logging.Log -INFO - Passed Testcase ....null
2022-10-14 11:02:32,161 - org.apache.commons.logging.Log -INFO - Installementdatepassed
2022-10-14 11:02:32,163 - org.apache.commons.logging.Log -INFO - 
2022-10-14 11:02:34,785 - org.apache.commons.logging.Log -INFO - select date picker
2022-10-14 11:02:34,786 - org.apache.commons.logging.Log -INFO - Passed Testcase ....null
2022-10-14 11:02:34,787 - org.apache.commons.logging.Log -INFO - InstallementStartdatepassed
2022-10-14 11:02:34,789 - org.apache.commons.logging.Log -INFO - 
2022-10-14 11:02:36,919 - org.apache.commons.logging.Log -INFO - click on ok button 
2022-10-14 11:02:36,921 - org.apache.commons.logging.Log -INFO - Passed Testcase ....null
2022-10-14 11:02:36,921 - org.apache.commons.logging.Log -INFO - Clickalertpassed
2022-10-14 11:02:36,923 - org.apache.commons.logging.Log -INFO - 
2022-10-14 11:02:39,007 - org.apache.commons.logging.Log -INFO - Click on checkbox
2022-10-14 11:02:39,099 - org.apache.commons.logging.Log -INFO - Click on verify via otp button
2022-10-14 11:02:39,099 - org.apache.commons.logging.Log -INFO - Passed Testcase ....null
2022-10-14 11:02:39,100 - org.apache.commons.logging.Log -INFO - check_VerifyOTPpassed
2022-10-14 11:02:39,101 - org.apache.commons.logging.Log -INFO - 
2022-10-14 11:02:41,402 - org.apache.commons.logging.Log -INFO - Passed Testcase ....null
2022-10-14 11:02:41,403 - org.apache.commons.logging.Log -INFO - check_enterotpnumpassed
2022-10-14 11:02:41,404 - org.apache.commons.logging.Log -INFO - 
2022-10-14 11:02:43,492 - org.apache.commons.logging.Log -INFO - Click on otp_submit button
2022-10-14 11:02:43,494 - org.apache.commons.logging.Log -INFO - Passed Testcase ....null
2022-10-14 11:02:43,494 - org.apache.commons.logging.Log -INFO - Clickon_confirmcontinuepassed
2022-10-14 11:02:43,496 - org.apache.commons.logging.Log -INFO - 
2022-10-14 11:02:46,550 - org.apache.commons.logging.Log -INFO -  order placed sucessfully popup is displayed
2022-10-14 11:02:46,551 - org.apache.commons.logging.Log -INFO - Passed Testcase ....null
2022-10-14 11:02:46,551 - org.apache.commons.logging.Log -INFO - Clickon_fetchsmartsippalcedorderpassed
2022-10-14 11:02:46,552 - org.apache.commons.logging.Log -INFO - 
2022-10-14 11:02:49,286 - org.apache.commons.logging.Log -INFO - Click on popup close button
2022-10-14 11:02:49,290 - org.apache.commons.logging.Log -INFO - Passed Testcase ....null
2022-10-14 11:02:49,290 - org.apache.commons.logging.Log -INFO - Clickon_closepopuppassed
2022-10-14 11:02:49,292 - org.apache.commons.logging.Log -INFO - 
2022-10-14 11:02:59,813 - org.apache.commons.logging.Log -INFO - Passed Testcase ....null
2022-10-14 11:02:59,814 - org.apache.commons.logging.Log -INFO - Clickon_cancelsmartsiporderpassed
2022-10-14 11:02:59,815 - org.apache.commons.logging.Log -INFO - 
2022-10-14 11:03:02,990 - org.apache.commons.logging.Log -INFO - Passed Testcase ....null
2022-10-14 11:03:02,991 - org.apache.commons.logging.Log -INFO - Clickon_logoutpassed
2022-10-14 11:03:02,992 - org.apache.commons.logging.Log -INFO - 
2022-10-14 11:03:05,735 - org.apache.commons.logging.Log -INFO - Passed Testcase ....null
2022-10-14 11:03:05,736 - org.apache.commons.logging.Log -INFO - Click_logoutbtnpassed
2022-10-14 11:03:05,737 - org.apache.commons.logging.Log -INFO - 
2022-10-14 11:03:15,502 - org.apache.commons.logging.Log -INFO - Passed Testcase ....null
2022-10-14 11:03:15,503 - org.apache.commons.logging.Log -INFO - Email_sendnotificationpassed
2022-10-14 11:03:15,506 - org.apache.commons.logging.Log -INFO - ................On Finish  Testcases..... ....NormalSmartsiporder
2022-10-14 11:03:15,550 - org.apache.commons.logging.Log -INFO - 
2022-10-14 11:03:20,813 - org.apache.commons.logging.Log -INFO - Passed Testcase ....null
2022-10-14 11:03:20,813 - org.apache.commons.logging.Log -INFO - Email_sendnotificationpassed
2022-10-14 11:03:20,818 - org.apache.commons.logging.Log -INFO - ................On Finish  Testcases..... ....Email_send
2022-10-17 11:09:37,960 - org.apache.commons.logging.Log -INFO - Click on sign button
2022-10-17 11:09:38,146 - org.apache.commons.logging.Log -INFO - Enter Username
2022-10-17 11:09:38,253 - org.apache.commons.logging.Log -INFO - Enter Password
2022-10-17 11:09:38,346 - org.apache.commons.logging.Log -INFO - click on sign button
2022-10-17 11:09:59,602 - org.apache.commons.logging.Log -INFO - click on invest button
2022-10-17 11:10:01,708 - org.apache.commons.logging.Log -INFO - select payment mode as Netbanking
2022-10-17 11:10:01,789 - org.apache.commons.logging.Log -INFO - click on conform and continue button
2022-10-17 11:15:29,870 - org.apache.commons.logging.Log -INFO - Click on sign button
2022-10-17 11:15:29,981 - org.apache.commons.logging.Log -INFO - Enter Username
2022-10-17 11:15:30,064 - org.apache.commons.logging.Log -INFO - Enter Password
2022-10-17 11:15:30,163 - org.apache.commons.logging.Log -INFO - click on sign button
2022-10-17 11:15:44,993 - org.apache.commons.logging.Log -INFO - click on invest button
2022-10-17 11:15:47,092 - org.apache.commons.logging.Log -INFO - select payment mode as Netbanking
2022-10-17 11:15:47,173 - org.apache.commons.logging.Log -INFO - click on conform and continue button
2022-10-17 11:15:49,358 - org.apache.commons.logging.Log -INFO - verify otp number
2022-10-17 11:57:41,749 - org.apache.commons.logging.Log -INFO - Click on sign button
2022-10-17 11:57:41,860 - org.apache.commons.logging.Log -INFO - Enter Username
2022-10-17 11:57:41,977 - org.apache.commons.logging.Log -INFO - Enter Password
2022-10-17 11:57:42,078 - org.apache.commons.logging.Log -INFO - click on sign button
2022-10-17 11:57:57,737 - org.apache.commons.logging.Log -INFO - click on invest button
2022-10-17 11:57:59,839 - org.apache.commons.logging.Log -INFO - select payment mode as Netbanking
2022-10-17 11:57:59,916 - org.apache.commons.logging.Log -INFO - click on conform and continue button
2022-10-17 11:58:02,092 - org.apache.commons.logging.Log -INFO - verify otp number
2022-10-17 12:25:49,336 - org.apache.commons.logging.Log -INFO - Click on sign button
2022-10-17 12:25:49,444 - org.apache.commons.logging.Log -INFO - Enter Username
2022-10-17 12:25:49,535 - org.apache.commons.logging.Log -INFO - Enter Password
2022-10-17 12:25:49,621 - org.apache.commons.logging.Log -INFO - click on sign button
2022-10-17 12:26:03,339 - org.apache.commons.logging.Log -INFO - click on invest button
2022-10-17 12:26:05,444 - org.apache.commons.logging.Log -INFO - select payment mode as Netbanking
2022-10-17 12:26:05,522 - org.apache.commons.logging.Log -INFO - click on conform and continue button
2022-10-17 12:26:07,682 - org.apache.commons.logging.Log -INFO - verify otp number
2022-10-17 12:29:29,817 - org.apache.commons.logging.Log -INFO - Click on sign button
2022-10-17 12:29:29,932 - org.apache.commons.logging.Log -INFO - Enter Username
2022-10-17 12:29:30,024 - org.apache.commons.logging.Log -INFO - Enter Password
2022-10-17 12:29:30,124 - org.apache.commons.logging.Log -INFO - click on sign button
2022-10-17 12:29:42,717 - org.apache.commons.logging.Log -INFO - click on invest button
2022-10-17 12:29:44,830 - org.apache.commons.logging.Log -INFO - select payment mode as Netbanking
2022-10-17 12:29:44,908 - org.apache.commons.logging.Log -INFO - click on conform and continue button
2022-10-17 12:29:47,084 - org.apache.commons.logging.Log -INFO - verify otp number
2022-10-17 12:33:30,295 - org.apache.commons.logging.Log -INFO - Click on sign button
2022-10-17 12:33:30,408 - org.apache.commons.logging.Log -INFO - Enter Username
2022-10-17 12:33:30,596 - org.apache.commons.logging.Log -INFO - Enter Password
2022-10-17 12:33:30,761 - org.apache.commons.logging.Log -INFO - click on sign button
2022-10-17 12:33:45,091 - org.apache.commons.logging.Log -INFO - click on invest button
2022-10-17 12:33:47,208 - org.apache.commons.logging.Log -INFO - select payment mode as Netbanking
2022-10-17 12:33:47,287 - org.apache.commons.logging.Log -INFO - click on conform and continue button
2022-10-17 12:33:49,508 - org.apache.commons.logging.Log -INFO - verify otp number
2022-10-17 12:39:11,815 - org.apache.commons.logging.Log -INFO - Click on sign button
2022-10-17 12:39:11,930 - org.apache.commons.logging.Log -INFO - Enter Username
2022-10-17 12:39:12,021 - org.apache.commons.logging.Log -INFO - Enter Password
2022-10-17 12:39:12,119 - org.apache.commons.logging.Log -INFO - click on sign button
2022-10-17 12:39:24,498 - org.apache.commons.logging.Log -INFO - click on invest button
2022-10-17 12:39:26,599 - org.apache.commons.logging.Log -INFO - select payment mode as Netbanking
2022-10-17 12:39:26,693 - org.apache.commons.logging.Log -INFO - click on conform and continue button
2022-10-17 12:39:28,889 - org.apache.commons.logging.Log -INFO - verify otp number
2022-10-17 12:49:21,084 - org.apache.commons.logging.Log -INFO - Click on sign button
2022-10-17 12:49:21,196 - org.apache.commons.logging.Log -INFO - Enter Username
2022-10-17 12:49:21,272 - org.apache.commons.logging.Log -INFO - Enter Password
2022-10-17 12:49:21,367 - org.apache.commons.logging.Log -INFO - click on sign button
2022-10-17 12:49:35,847 - org.apache.commons.logging.Log -INFO - click on invest button
2022-10-17 12:49:37,948 - org.apache.commons.logging.Log -INFO - select payment mode as Netbanking
2022-10-17 12:49:38,028 - org.apache.commons.logging.Log -INFO - click on conform and continue button
2022-10-17 12:49:40,218 - org.apache.commons.logging.Log -INFO - verify otp number
2022-10-17 12:56:04,074 - org.apache.commons.logging.Log -INFO - Click on sign button
2022-10-17 12:56:04,165 - org.apache.commons.logging.Log -INFO - Enter Username
2022-10-17 12:56:04,283 - org.apache.commons.logging.Log -INFO - Enter Password
2022-10-17 12:56:04,387 - org.apache.commons.logging.Log -INFO - click on sign button
2022-10-17 12:56:18,056 - org.apache.commons.logging.Log -INFO - click on invest button
2022-10-17 12:56:20,152 - org.apache.commons.logging.Log -INFO - select payment mode as Netbanking
2022-10-17 12:56:20,227 - org.apache.commons.logging.Log -INFO - click on conform and continue button
2022-10-17 12:56:22,390 - org.apache.commons.logging.Log -INFO - verify otp number
2022-10-17 16:24:34,733 - org.apache.commons.logging.Log -INFO - Click on sign button
2022-10-17 16:24:34,890 - org.apache.commons.logging.Log -INFO - Enter Username
2022-10-17 16:24:34,986 - org.apache.commons.logging.Log -INFO - Enter Password
2022-10-17 16:24:35,085 - org.apache.commons.logging.Log -INFO - click on sign button
2022-10-17 16:41:54,850 - org.apache.commons.logging.Log -INFO - Click on sign button
2022-10-17 16:41:54,958 - org.apache.commons.logging.Log -INFO - Enter Username
2022-10-17 16:41:55,044 - org.apache.commons.logging.Log -INFO - Enter Password
2022-10-17 16:41:55,133 - org.apache.commons.logging.Log -INFO - click on sign button
2022-10-17 16:41:55,139 - org.apache.commons.logging.Log -INFO - Passed Testcase ....null
2022-10-17 16:41:55,145 - org.apache.commons.logging.Log -INFO - clickonSigninPagepassed
2022-10-17 16:41:55,149 - org.apache.commons.logging.Log -INFO - 
2022-10-17 16:41:59,618 - org.apache.commons.logging.Log -INFO - Passed Testcase ....null
2022-10-17 16:41:59,624 - org.apache.commons.logging.Log -INFO - clickonbasketpagepassed
2022-10-17 16:41:59,626 - org.apache.commons.logging.Log -INFO - 
2022-10-17 16:42:03,492 - org.apache.commons.logging.Log -INFO - Passed Testcase ....null
2022-10-17 16:42:03,493 - org.apache.commons.logging.Log -INFO - Clickonconservativepassed
2022-10-17 16:42:03,495 - org.apache.commons.logging.Log -INFO - 
2022-10-17 16:42:06,569 - org.apache.commons.logging.Log -INFO - Passed Testcase ....null
2022-10-17 16:42:06,570 - org.apache.commons.logging.Log -INFO - clickoninvestpassed
2022-10-17 16:42:06,573 - org.apache.commons.logging.Log -INFO - 
2022-10-17 16:42:08,797 - org.apache.commons.logging.Log -INFO - Passed Testcase ....null
2022-10-17 16:42:08,798 - org.apache.commons.logging.Log -INFO - clickonpaymentmodepassed
2022-10-17 16:42:08,800 - org.apache.commons.logging.Log -INFO - 
2022-10-17 16:42:13,033 - org.apache.commons.logging.Log -INFO - Passed Testcase ....null
2022-10-17 16:42:13,034 - org.apache.commons.logging.Log -INFO - clickon_Enter_UtrNopassed
2022-10-17 16:42:13,037 - org.apache.commons.logging.Log -INFO - 
2022-10-17 16:42:15,228 - org.apache.commons.logging.Log -INFO - Passed Testcase ....null
2022-10-17 16:42:15,230 - org.apache.commons.logging.Log -INFO - ClickonVerifyOTPpassed
2022-10-17 16:42:15,232 - org.apache.commons.logging.Log -INFO - 
2022-10-17 16:42:22,817 - org.apache.commons.logging.Log -INFO - Passed Testcase ....null
2022-10-17 16:42:22,818 - org.apache.commons.logging.Log -INFO - enterotpnumpassed
2022-10-17 16:42:22,819 - org.apache.commons.logging.Log -INFO - 
2022-10-17 16:42:25,523 - org.apache.commons.logging.Log -INFO - Passed Testcase ....null
2022-10-17 16:42:25,523 - org.apache.commons.logging.Log -INFO - show_orderplaced_popuppassed
2022-10-17 16:42:25,526 - org.apache.commons.logging.Log -INFO - 
2022-10-17 16:42:28,691 - org.apache.commons.logging.Log -INFO - Passed Testcase ....null
2022-10-17 16:42:28,691 - org.apache.commons.logging.Log -INFO - Clickon_logoutpassed
2022-10-17 16:42:28,693 - org.apache.commons.logging.Log -INFO - 
2022-10-17 16:42:31,773 - org.apache.commons.logging.Log -INFO - Passed Testcase ....null
2022-10-17 16:42:31,774 - org.apache.commons.logging.Log -INFO - Click_logoutbtnpassed
2022-10-17 16:42:31,807 - org.apache.commons.logging.Log -INFO - ................On Finish  Testcases..... ....BasketLumpsumorder
2022-10-17 16:42:37,863 - org.apache.commons.logging.Log -INFO - 
2022-10-17 16:42:37,990 - org.apache.commons.logging.Log -INFO - Click on sign button
2022-10-17 16:42:38,199 - org.apache.commons.logging.Log -INFO - Enter Username
2022-10-17 16:42:38,296 - org.apache.commons.logging.Log -INFO - Enter Password
2022-10-17 16:42:38,398 - org.apache.commons.logging.Log -INFO - click on sign button
2022-10-17 16:42:38,400 - org.apache.commons.logging.Log -INFO - Passed Testcase ....null
2022-10-17 16:42:38,403 - org.apache.commons.logging.Log -INFO - clickonSigninPagepassed
2022-10-17 16:42:38,406 - org.apache.commons.logging.Log -INFO - 
2022-10-17 16:42:42,982 - org.apache.commons.logging.Log -INFO - Passed Testcase ....null
2022-10-17 16:42:42,983 - org.apache.commons.logging.Log -INFO - clickonbasketpagepassed
2022-10-17 16:42:42,987 - org.apache.commons.logging.Log -INFO - 
2022-10-17 16:42:46,794 - org.apache.commons.logging.Log -INFO - Passed Testcase ....null
2022-10-17 16:42:46,796 - org.apache.commons.logging.Log -INFO - Clickonconservativepassed
2022-10-17 16:42:46,798 - org.apache.commons.logging.Log -INFO - 
2022-10-17 16:42:49,887 - org.apache.commons.logging.Log -INFO - Passed Testcase ....null
2022-10-17 16:42:49,888 - org.apache.commons.logging.Log -INFO - clickoninvestpassed
2022-10-17 16:42:49,890 - org.apache.commons.logging.Log -INFO - 
2022-10-17 16:42:52,104 - org.apache.commons.logging.Log -INFO - Passed Testcase ....null
2022-10-17 16:42:52,105 - org.apache.commons.logging.Log -INFO - clickonpaymentmodepassed
2022-10-17 16:42:52,106 - org.apache.commons.logging.Log -INFO - 
2022-10-17 16:42:54,289 - org.apache.commons.logging.Log -INFO - Passed Testcase ....null
2022-10-17 16:42:54,290 - org.apache.commons.logging.Log -INFO - ClickonVerifyOTPpassed
2022-10-17 16:42:54,291 - org.apache.commons.logging.Log -INFO - 
2022-10-17 16:43:01,650 - org.apache.commons.logging.Log -INFO - Passed Testcase ....null
2022-10-17 16:43:01,651 - org.apache.commons.logging.Log -INFO - enterotpnumpassed
2022-10-17 16:43:01,652 - org.apache.commons.logging.Log -INFO - 
2022-10-17 16:43:04,705 - org.apache.commons.logging.Log -INFO - Passed Testcase ....null
2022-10-17 16:43:04,706 - org.apache.commons.logging.Log -INFO - RedirectNetbankingurlpassed
2022-10-17 16:43:04,708 - org.apache.commons.logging.Log -INFO - 
2022-10-17 16:43:07,878 - org.apache.commons.logging.Log -INFO - Passed Testcase ....null
2022-10-17 16:43:07,879 - org.apache.commons.logging.Log -INFO - Clickon_logoutpassed
2022-10-17 16:43:07,880 - org.apache.commons.logging.Log -INFO - 
2022-10-17 16:43:09,932 - org.apache.commons.logging.Log -INFO - Failure  because of ....org.openqa.selenium.ElementNotInteractableException: element not interactable
  (Session info: chrome=106.0.5249.119)
Build info: version: '3.141.59', revision: 'e82be7d358', time: '2018-11-14T08:17:03'
System info: host: 'DESKTOP-KMVAA5F', ip: '192.168.80.48', os.name: 'Windows 10', os.arch: 'amd64', os.version: '10.0', java.version: '11'
Driver info: org.openqa.selenium.chrome.ChromeDriver
Capabilities {acceptInsecureCerts: false, browserName: chrome, browserVersion: 106.0.5249.119, chrome: {chromedriverVersion: 106.0.5249.61 (511755355844..., userDataDir: C:\Users\samco\AppData\Loca...}, goog:chromeOptions: {debuggerAddress: localhost:61805}, javascriptEnabled: true, networkConnectionEnabled: false, pageLoadStrategy: normal, platform: WINDOWS, platformName: WINDOWS, proxy: Proxy(), setWindowRect: true, strictFileInteractability: false, timeouts: {implicit: 0, pageLoad: 300000, script: 30000}, unhandledPromptBehavior: dismiss and notify, webauthn:extension:credBlob: true, webauthn:extension:largeBlob: true, webauthn:virtualAuthenticators: true}
Session ID: 570aa5b053b44e8c0816a46e3b95fe7c
2022-10-17 16:43:10,307 - org.apache.commons.logging.Log -INFO - ................On Finish  Testcases..... ....BasketLumpsumorder_NetBanking
2022-10-17 16:43:14,918 - org.apache.commons.logging.Log -INFO - 
2022-10-17 16:43:15,068 - org.apache.commons.logging.Log -INFO - Click on sign button
2022-10-17 16:43:15,155 - org.apache.commons.logging.Log -INFO - Enter Username
2022-10-17 16:43:15,261 - org.apache.commons.logging.Log -INFO - Enter Password
2022-10-17 16:43:15,361 - org.apache.commons.logging.Log -INFO - click on sign button
2022-10-17 16:43:15,363 - org.apache.commons.logging.Log -INFO - Passed Testcase ....null
2022-10-17 16:43:15,364 - org.apache.commons.logging.Log -INFO - clickonSigninPagepassed
2022-10-17 16:43:15,365 - org.apache.commons.logging.Log -INFO - 
2022-10-17 16:43:17,963 - org.apache.commons.logging.Log -INFO - Passed Testcase ....null
2022-10-17 16:43:17,964 - org.apache.commons.logging.Log -INFO - Click_HomePagepassed
2022-10-17 16:43:17,965 - org.apache.commons.logging.Log -INFO - 
2022-10-17 16:43:25,578 - org.apache.commons.logging.Log -INFO - Passed Testcase ....null
2022-10-17 16:43:25,579 - org.apache.commons.logging.Log -INFO - Search_Mutualfundpassed
2022-10-17 16:43:25,580 - org.apache.commons.logging.Log -INFO - 
2022-10-17 16:43:27,673 - org.apache.commons.logging.Log -INFO - click on invest button
2022-10-17 16:43:27,674 - org.apache.commons.logging.Log -INFO - Passed Testcase ....null
2022-10-17 16:43:27,674 - org.apache.commons.logging.Log -INFO - click_INVESTpassed
2022-10-17 16:43:27,675 - org.apache.commons.logging.Log -INFO - 
2022-10-17 16:43:29,773 - org.apache.commons.logging.Log -INFO - select payment mode as Netbanking
2022-10-17 16:43:29,856 - org.apache.commons.logging.Log -INFO - click on conform and continue button
2022-10-17 16:43:29,857 - org.apache.commons.logging.Log -INFO - Passed Testcase ....null
2022-10-17 16:43:29,858 - org.apache.commons.logging.Log -INFO - Select_PaymentModepassed
2022-10-17 16:43:29,859 - org.apache.commons.logging.Log -INFO - 
2022-10-17 16:43:32,033 - org.apache.commons.logging.Log -INFO - verify otp number
2022-10-17 16:43:32,034 - org.apache.commons.logging.Log -INFO - Passed Testcase ....null
2022-10-17 16:43:32,035 - org.apache.commons.logging.Log -INFO - Click_VerifyOTPpassed
2022-10-17 16:43:32,038 - org.apache.commons.logging.Log -INFO - 
2022-10-17 16:43:37,464 - org.apache.commons.logging.Log -INFO - Passed Testcase ....null
2022-10-17 16:43:37,465 - org.apache.commons.logging.Log -INFO - enterotpnumpassed
2022-10-17 16:43:37,467 - org.apache.commons.logging.Log -INFO - 
2022-10-17 16:43:52,854 - org.apache.commons.logging.Log -INFO - Passed Testcase ....null
2022-10-17 16:43:52,855 - org.apache.commons.logging.Log -INFO - RedirectNetbankingurlpassed
2022-10-17 16:43:52,868 - org.apache.commons.logging.Log -INFO - ................On Finish  Testcases..... ....Normal_lumpsumNetbanking
2022-10-17 16:43:57,352 - org.apache.commons.logging.Log -INFO - 
2022-10-17 16:43:57,465 - org.apache.commons.logging.Log -INFO - Click on sign button
2022-10-17 16:43:57,558 - org.apache.commons.logging.Log -INFO - Enter Username
2022-10-17 16:43:57,652 - org.apache.commons.logging.Log -INFO - Enter Password
2022-10-17 16:43:57,746 - org.apache.commons.logging.Log -INFO - click on sign button
2022-10-17 16:43:57,749 - org.apache.commons.logging.Log -INFO - Passed Testcase ....null
2022-10-17 16:43:57,750 - org.apache.commons.logging.Log -INFO - ClickonSigninPagepassed
2022-10-17 16:43:57,751 - org.apache.commons.logging.Log -INFO - 
2022-10-17 16:43:59,800 - org.apache.commons.logging.Log -INFO - Passed Testcase ....null
2022-10-17 16:43:59,801 - org.apache.commons.logging.Log -INFO - Clickon_TotalInvestmentvaluepassed
2022-10-17 16:43:59,802 - org.apache.commons.logging.Log -INFO - 
2022-10-17 16:44:03,138 - org.apache.commons.logging.Log -INFO - Passed Testcase ....null
2022-10-17 16:44:03,139 - org.apache.commons.logging.Log -INFO - Click_HomePagepassed
2022-10-17 16:44:03,140 - org.apache.commons.logging.Log -INFO - 
2022-10-17 16:44:09,738 - org.apache.commons.logging.Log -INFO - Passed Testcase ....null
2022-10-17 16:44:09,739 - org.apache.commons.logging.Log -INFO - search_mutualfundspassed
2022-10-17 16:44:09,741 - org.apache.commons.logging.Log -INFO - 
2022-10-17 16:44:16,072 - org.apache.commons.logging.Log -INFO - Passed Testcase ....null
2022-10-17 16:44:16,072 - org.apache.commons.logging.Log -INFO - Click_Normalsippassed
2022-10-17 16:44:16,074 - org.apache.commons.logging.Log -INFO - 
2022-10-17 16:44:18,375 - org.apache.commons.logging.Log -INFO - Passed Testcase ....null
2022-10-17 16:44:18,376 - org.apache.commons.logging.Log -INFO - Click_sipcontinuebtnpassed
2022-10-17 16:44:18,377 - org.apache.commons.logging.Log -INFO - 
2022-10-17 16:44:21,524 - org.apache.commons.logging.Log -INFO - Passed Testcase ....null
2022-10-17 16:44:21,525 - org.apache.commons.logging.Log -INFO - InstallementStartdatepassed
2022-10-17 16:44:21,527 - org.apache.commons.logging.Log -INFO - 
2022-10-17 16:44:25,275 - org.apache.commons.logging.Log -INFO - Passed Testcase ....null
2022-10-17 16:44:25,276 - org.apache.commons.logging.Log -INFO - Startdatepickerpassed
2022-10-17 16:44:25,278 - org.apache.commons.logging.Log -INFO - 
2022-10-17 16:44:27,412 - org.apache.commons.logging.Log -INFO - Passed Testcase ....null
2022-10-17 16:44:27,412 - org.apache.commons.logging.Log -INFO - Click_continuebtnpassed
2022-10-17 16:44:27,414 - org.apache.commons.logging.Log -INFO - 
2022-10-17 16:44:29,640 - org.apache.commons.logging.Log -INFO - Passed Testcase ....null
2022-10-17 16:44:29,640 - org.apache.commons.logging.Log -INFO - check_VerifyOTPpassed
2022-10-17 16:44:29,642 - org.apache.commons.logging.Log -INFO - 
2022-10-17 16:44:31,878 - org.apache.commons.logging.Log -INFO - Passed Testcase ....null
2022-10-17 16:44:31,878 - org.apache.commons.logging.Log -INFO - check_enterotpnumpassed
2022-10-17 16:44:31,879 - org.apache.commons.logging.Log -INFO - 
2022-10-17 16:44:34,023 - org.apache.commons.logging.Log -INFO - Passed Testcase ....null
2022-10-17 16:44:34,023 - org.apache.commons.logging.Log -INFO - Clickon_confirmcontinuepassed
2022-10-17 16:44:34,025 - org.apache.commons.logging.Log -INFO - 
2022-10-17 16:44:37,076 - org.apache.commons.logging.Log -INFO - Failure  because of ....org.openqa.selenium.NoSuchElementException: no such element: Unable to locate element: {"method":"xpath","selector":"//*[@id="main_msg_success"]/div/p"}
  (Session info: chrome=106.0.5249.119)
For documentation on this error, please visit: https://www.seleniumhq.org/exceptions/no_such_element.html
Build info: version: '3.141.59', revision: 'e82be7d358', time: '2018-11-14T08:17:03'
System info: host: 'DESKTOP-KMVAA5F', ip: '192.168.80.48', os.name: 'Windows 10', os.arch: 'amd64', os.version: '10.0', java.version: '11'
Driver info: org.openqa.selenium.chrome.ChromeDriver
Capabilities {acceptInsecureCerts: false, browserName: chrome, browserVersion: 106.0.5249.119, chrome: {chromedriverVersion: 106.0.5249.61 (511755355844..., userDataDir: C:\Users\samco\AppData\Loca...}, goog:chromeOptions: {debuggerAddress: localhost:62029}, javascriptEnabled: true, networkConnectionEnabled: false, pageLoadStrategy: normal, platform: WINDOWS, platformName: WINDOWS, proxy: Proxy(), setWindowRect: true, strictFileInteractability: false, timeouts: {implicit: 0, pageLoad: 300000, script: 30000}, unhandledPromptBehavior: dismiss and notify, webauthn:extension:credBlob: true, webauthn:extension:largeBlob: true, webauthn:virtualAuthenticators: true}
Session ID: efce6f2f9b62bed52ef6f63cd8c967f8
*** Element info: {Using=xpath, value=//*[@id="main_msg_success"]/div/p}
2022-10-17 16:44:37,420 - org.apache.commons.logging.Log -INFO - 
2022-10-17 16:44:37,420 - org.apache.commons.logging.Log -INFO - Skipped because of ....java.lang.Throwable: Method NormalSiporderTest.Clickon_skipstep()[pri:0, instance:com.Test.Rankmfselenium.NormalSiporderTest@1e097d59] depends on not successfully finished methods
2022-10-17 16:44:37,422 - org.apache.commons.logging.Log -INFO - 
2022-10-17 16:44:37,424 - org.apache.commons.logging.Log -INFO - Skipped because of ....java.lang.Throwable: Method NormalSiporderTest.Clickon_cancelsmartSiporder()[pri:0, instance:com.Test.Rankmfselenium.NormalSiporderTest@1e097d59] depends on not successfully finished methods
2022-10-17 16:44:37,425 - org.apache.commons.logging.Log -INFO - 
2022-10-17 16:44:37,427 - org.apache.commons.logging.Log -INFO - Skipped because of ....java.lang.Throwable: Method NormalSiporderTest.Clickon_logout()[pri:0, instance:com.Test.Rankmfselenium.NormalSiporderTest@1e097d59] depends on not successfully finished methods
2022-10-17 16:44:37,428 - org.apache.commons.logging.Log -INFO - 
2022-10-17 16:44:37,429 - org.apache.commons.logging.Log -INFO - Skipped because of ....java.lang.Throwable: Method NormalSiporderTest.Click_logoutbtn()[pri:0, instance:com.Test.Rankmfselenium.NormalSiporderTest@1e097d59] depends on not successfully finished methods
2022-10-17 16:44:37,466 - org.apache.commons.logging.Log -INFO - ................On Finish  Testcases..... ....NormalSiporder
2022-10-17 16:44:42,216 - org.apache.commons.logging.Log -INFO - 
2022-10-17 16:44:42,328 - org.apache.commons.logging.Log -INFO - Click on sign button
2022-10-17 16:44:42,424 - org.apache.commons.logging.Log -INFO - Enter Username
2022-10-17 16:44:42,520 - org.apache.commons.logging.Log -INFO - Enter Password
2022-10-17 16:44:42,627 - org.apache.commons.logging.Log -INFO - click on sign button
2022-10-17 16:44:42,629 - org.apache.commons.logging.Log -INFO - Passed Testcase ....null
2022-10-17 16:44:42,630 - org.apache.commons.logging.Log -INFO - ClickonSigninPagepassed
2022-10-17 16:44:42,632 - org.apache.commons.logging.Log -INFO - 
2022-10-17 16:44:44,691 - org.apache.commons.logging.Log -INFO - Passed Testcase ....null
2022-10-17 16:44:44,692 - org.apache.commons.logging.Log -INFO - Clickon_TotalInvestmentvaluepassed
2022-10-17 16:44:44,694 - org.apache.commons.logging.Log -INFO - 
2022-10-17 16:44:47,819 - org.apache.commons.logging.Log -INFO - Click on Invest in  smart sip
2022-10-17 16:44:47,820 - org.apache.commons.logging.Log -INFO - Passed Testcase ....null
2022-10-17 16:44:47,821 - org.apache.commons.logging.Log -INFO - Click_Investsmartsippassed
2022-10-17 16:44:47,822 - org.apache.commons.logging.Log -INFO - 
2022-10-17 16:44:49,948 - org.apache.commons.logging.Log -INFO - Click on smart sip button
2022-10-17 16:44:49,950 - org.apache.commons.logging.Log -INFO - Passed Testcase ....null
2022-10-17 16:44:49,950 - org.apache.commons.logging.Log -INFO - Click_smartsippassed
2022-10-17 16:44:49,953 - org.apache.commons.logging.Log -INFO - 
2022-10-17 16:44:53,162 - org.apache.commons.logging.Log -INFO - Click on continue button
2022-10-17 16:44:53,163 - org.apache.commons.logging.Log -INFO - Passed Testcase ....null
2022-10-17 16:44:53,163 - org.apache.commons.logging.Log -INFO - click_continuepassed
2022-10-17 16:44:53,164 - org.apache.commons.logging.Log -INFO - 
2022-10-17 16:44:56,250 - org.apache.commons.logging.Log -INFO - Click on installement date
2022-10-17 16:44:56,251 - org.apache.commons.logging.Log -INFO - Passed Testcase ....null
2022-10-17 16:44:56,251 - org.apache.commons.logging.Log -INFO - Installementdatepassed
2022-10-17 16:44:56,253 - org.apache.commons.logging.Log -INFO - 
2022-10-17 16:44:58,946 - org.apache.commons.logging.Log -INFO - select date picker
2022-10-17 16:44:58,946 - org.apache.commons.logging.Log -INFO - Passed Testcase ....null
2022-10-17 16:44:58,947 - org.apache.commons.logging.Log -INFO - InstallementStartdatepassed
2022-10-17 16:44:58,948 - org.apache.commons.logging.Log -INFO - 
2022-10-17 16:45:00,994 - org.apache.commons.logging.Log -INFO - Failure  because of ....org.openqa.selenium.NoSuchElementException: no such element: Unable to locate element: {"method":"xpath","selector":"//body/div[1]/div[1]/div[5]/div[1]/div[1]/div[1]/div[2]/article[1]/form[1]/div[2]/div[2]/div[1]/div[1]/div[1]/div[2]/div[2]/div[1]/button[2]"}
  (Session info: chrome=106.0.5249.119)
For documentation on this error, please visit: https://www.seleniumhq.org/exceptions/no_such_element.html
Build info: version: '3.141.59', revision: 'e82be7d358', time: '2018-11-14T08:17:03'
System info: host: 'DESKTOP-KMVAA5F', ip: '192.168.80.48', os.name: 'Windows 10', os.arch: 'amd64', os.version: '10.0', java.version: '11'
Driver info: org.openqa.selenium.chrome.ChromeDriver
Capabilities {acceptInsecureCerts: false, browserName: chrome, browserVersion: 106.0.5249.119, chrome: {chromedriverVersion: 106.0.5249.61 (511755355844..., userDataDir: C:\Users\samco\AppData\Loca...}, goog:chromeOptions: {debuggerAddress: localhost:62156}, javascriptEnabled: true, networkConnectionEnabled: false, pageLoadStrategy: normal, platform: WINDOWS, platformName: WINDOWS, proxy: Proxy(), setWindowRect: true, strictFileInteractability: false, timeouts: {implicit: 0, pageLoad: 300000, script: 30000}, unhandledPromptBehavior: dismiss and notify, webauthn:extension:credBlob: true, webauthn:extension:largeBlob: true, webauthn:virtualAuthenticators: true}
Session ID: ff32b658c54b2c33c773c9e32ca0a730
*** Element info: {Using=xpath, value=//body/div[1]/div[1]/div[5]/div[1]/div[1]/div[1]/div[2]/article[1]/form[1]/div[2]/div[2]/div[1]/div[1]/div[1]/div[2]/div[2]/div[1]/button[2]}
2022-10-17 16:45:01,206 - org.apache.commons.logging.Log -INFO - 
2022-10-17 16:45:01,207 - org.apache.commons.logging.Log -INFO - Skipped because of ....java.lang.Throwable: Method NormalSmartsiporderTest.check_VerifyOTP()[pri:0, instance:com.Test.Rankmfselenium.NormalSmartsiporderTest@e57b96d] depends on not successfully finished methods
2022-10-17 16:45:01,208 - org.apache.commons.logging.Log -INFO - 
2022-10-17 16:45:01,209 - org.apache.commons.logging.Log -INFO - Skipped because of ....java.lang.Throwable: Method NormalSmartsiporderTest.check_enterotpnum()[pri:0, instance:com.Test.Rankmfselenium.NormalSmartsiporderTest@e57b96d] depends on not successfully finished methods
2022-10-17 16:45:01,210 - org.apache.commons.logging.Log -INFO - 
2022-10-17 16:45:01,211 - org.apache.commons.logging.Log -INFO - Skipped because of ....java.lang.Throwable: Method NormalSmartsiporderTest.Clickon_confirmcontinue()[pri:0, instance:com.Test.Rankmfselenium.NormalSmartsiporderTest@e57b96d] depends on not successfully finished methods
2022-10-17 16:45:01,213 - org.apache.commons.logging.Log -INFO - 
2022-10-17 16:45:01,214 - org.apache.commons.logging.Log -INFO - Skipped because of ....java.lang.Throwable: Method NormalSmartsiporderTest.FetchOrderPlaceText_SmartSIP()[pri:0, instance:com.Test.Rankmfselenium.NormalSmartsiporderTest@e57b96d] depends on not successfully finished methods
2022-10-17 16:45:01,216 - org.apache.commons.logging.Log -INFO - 
2022-10-17 16:45:01,217 - org.apache.commons.logging.Log -INFO - Skipped because of ....java.lang.Throwable: Method NormalSmartsiporderTest.Clickon_closepopup()[pri:0, instance:com.Test.Rankmfselenium.NormalSmartsiporderTest@e57b96d] depends on not successfully finished methods
2022-10-17 16:45:01,218 - org.apache.commons.logging.Log -INFO - 
2022-10-17 16:45:01,219 - org.apache.commons.logging.Log -INFO - Skipped because of ....java.lang.Throwable: Method NormalSmartsiporderTest.Clickon_cancelsmartsiporder()[pri:0, instance:com.Test.Rankmfselenium.NormalSmartsiporderTest@e57b96d] depends on not successfully finished methods
2022-10-17 16:45:01,220 - org.apache.commons.logging.Log -INFO - 
2022-10-17 16:45:01,221 - org.apache.commons.logging.Log -INFO - Skipped because of ....java.lang.Throwable: Method NormalSmartsiporderTest.Clickon_logout()[pri:0, instance:com.Test.Rankmfselenium.NormalSmartsiporderTest@e57b96d] depends on not successfully finished methods
2022-10-17 16:45:01,222 - org.apache.commons.logging.Log -INFO - 
2022-10-17 16:45:01,222 - org.apache.commons.logging.Log -INFO - Skipped because of ....java.lang.Throwable: Method NormalSmartsiporderTest.Click_logoutbtn()[pri:0, instance:com.Test.Rankmfselenium.NormalSmartsiporderTest@e57b96d] depends on not successfully finished methods
2022-10-17 16:45:01,223 - org.apache.commons.logging.Log -INFO - 
2022-10-17 16:45:01,224 - org.apache.commons.logging.Log -INFO - Skipped because of ....java.lang.Throwable: Method NormalSmartsiporderTest.Email_sendnotification()[pri:0, instance:com.Test.Rankmfselenium.NormalSmartsiporderTest@e57b96d] depends on not successfully finished methods
2022-10-17 16:45:01,245 - org.apache.commons.logging.Log -INFO - ................On Finish  Testcases..... ....NormalSmartsiporder
2022-10-17 16:45:01,278 - org.apache.commons.logging.Log -INFO - 
2022-10-17 16:45:04,802 - org.apache.commons.logging.Log -INFO - Failure  because of ....java.lang.RuntimeException: javax.mail.MessagingException: IOException while sending message;
  nested exception is:
	java.io.FileNotFoundException: .\Reports\RANKMF.html,.\log\application.html (The system cannot find the path specified)
2022-10-17 16:45:05,010 - org.apache.commons.logging.Log -INFO - ................On Finish  Testcases..... ....Email_send
2022-10-17 18:02:56,312 - org.apache.commons.logging.Log -INFO - Click on sign button
2022-10-17 18:02:56,410 - org.apache.commons.logging.Log -INFO - Enter Username
2022-10-17 18:02:56,491 - org.apache.commons.logging.Log -INFO - Enter Password
2022-10-17 18:02:56,582 - org.apache.commons.logging.Log -INFO - click on sign button
2022-10-17 18:02:56,587 - org.apache.commons.logging.Log -INFO - Passed Testcase ....null
2022-10-17 18:02:56,591 - org.apache.commons.logging.Log -INFO - clickonSigninPagepassed
2022-10-17 18:02:56,601 - org.apache.commons.logging.Log -INFO - 
2022-10-17 18:03:00,991 - org.apache.commons.logging.Log -INFO - Passed Testcase ....null
2022-10-17 18:03:00,992 - org.apache.commons.logging.Log -INFO - clickonbasketpagepassed
2022-10-17 18:03:00,994 - org.apache.commons.logging.Log -INFO - 
2022-10-17 18:03:04,850 - org.apache.commons.logging.Log -INFO - Passed Testcase ....null
2022-10-17 18:03:04,851 - org.apache.commons.logging.Log -INFO - Clickonconservativepassed
2022-10-17 18:03:04,855 - org.apache.commons.logging.Log -INFO - 
2022-10-17 18:03:07,951 - org.apache.commons.logging.Log -INFO - Passed Testcase ....null
2022-10-17 18:03:07,951 - org.apache.commons.logging.Log -INFO - clickoninvestpassed
2022-10-17 18:03:07,954 - org.apache.commons.logging.Log -INFO - 
2022-10-17 18:03:10,155 - org.apache.commons.logging.Log -INFO - Passed Testcase ....null
2022-10-17 18:03:10,156 - org.apache.commons.logging.Log -INFO - clickonpaymentmodepassed
2022-10-17 18:03:10,158 - org.apache.commons.logging.Log -INFO - 
2022-10-17 18:03:14,406 - org.apache.commons.logging.Log -INFO - Passed Testcase ....null
2022-10-17 18:03:14,407 - org.apache.commons.logging.Log -INFO - clickon_Enter_UtrNopassed
2022-10-17 18:03:14,410 - org.apache.commons.logging.Log -INFO - 
2022-10-17 18:03:16,552 - org.apache.commons.logging.Log -INFO - Passed Testcase ....null
2022-10-17 18:03:16,553 - org.apache.commons.logging.Log -INFO - ClickonVerifyOTPpassed
2022-10-17 18:03:16,557 - org.apache.commons.logging.Log -INFO - 
2022-10-17 18:03:24,240 - org.apache.commons.logging.Log -INFO - Passed Testcase ....null
2022-10-17 18:03:24,241 - org.apache.commons.logging.Log -INFO - enterotpnumpassed
2022-10-17 18:03:24,242 - org.apache.commons.logging.Log -INFO - 
2022-10-17 18:03:26,865 - org.apache.commons.logging.Log -INFO - Passed Testcase ....null
2022-10-17 18:03:26,866 - org.apache.commons.logging.Log -INFO - show_orderplaced_popuppassed
2022-10-17 18:03:26,869 - org.apache.commons.logging.Log -INFO - 
2022-10-17 18:03:30,056 - org.apache.commons.logging.Log -INFO - Passed Testcase ....null
2022-10-17 18:03:30,056 - org.apache.commons.logging.Log -INFO - Clickon_logoutpassed
2022-10-17 18:03:30,057 - org.apache.commons.logging.Log -INFO - 
2022-10-17 18:03:48,924 - org.apache.commons.logging.Log -INFO - Passed Testcase ....null
2022-10-17 18:03:48,925 - org.apache.commons.logging.Log -INFO - Click_logoutbtnpassed
2022-10-17 18:03:48,941 - org.apache.commons.logging.Log -INFO - ................On Finish  Testcases..... ....BasketLumpsumorder
2022-10-17 18:03:53,034 - org.apache.commons.logging.Log -INFO - 
2022-10-17 18:03:53,144 - org.apache.commons.logging.Log -INFO - Click on sign button
2022-10-17 18:03:53,245 - org.apache.commons.logging.Log -INFO - Enter Username
2022-10-17 18:03:53,352 - org.apache.commons.logging.Log -INFO - Enter Password
2022-10-17 18:03:53,471 - org.apache.commons.logging.Log -INFO - click on sign button
2022-10-17 18:03:53,473 - org.apache.commons.logging.Log -INFO - Passed Testcase ....null
2022-10-17 18:03:53,476 - org.apache.commons.logging.Log -INFO - clickonSigninPagepassed
2022-10-17 18:03:53,479 - org.apache.commons.logging.Log -INFO - 
2022-10-17 18:03:56,451 - org.apache.commons.logging.Log -INFO - Passed Testcase ....null
2022-10-17 18:03:56,452 - org.apache.commons.logging.Log -INFO - clickonbasketpagepassed
2022-10-17 18:03:56,453 - org.apache.commons.logging.Log -INFO - 
2022-10-17 18:04:00,083 - org.apache.commons.logging.Log -INFO - Passed Testcase ....null
2022-10-17 18:04:00,083 - org.apache.commons.logging.Log -INFO - Clickonconservativepassed
2022-10-17 18:04:00,085 - org.apache.commons.logging.Log -INFO - 
2022-10-17 18:04:03,168 - org.apache.commons.logging.Log -INFO - Passed Testcase ....null
2022-10-17 18:04:03,169 - org.apache.commons.logging.Log -INFO - clickoninvestpassed
2022-10-17 18:04:03,171 - org.apache.commons.logging.Log -INFO - 
2022-10-17 18:04:05,396 - org.apache.commons.logging.Log -INFO - Passed Testcase ....null
2022-10-17 18:04:05,397 - org.apache.commons.logging.Log -INFO - clickonpaymentmodepassed
2022-10-17 18:04:05,398 - org.apache.commons.logging.Log -INFO - 
2022-10-17 18:04:07,549 - org.apache.commons.logging.Log -INFO - Passed Testcase ....null
2022-10-17 18:04:07,550 - org.apache.commons.logging.Log -INFO - ClickonVerifyOTPpassed
2022-10-17 18:04:07,552 - org.apache.commons.logging.Log -INFO - 
2022-10-17 18:04:14,878 - org.apache.commons.logging.Log -INFO - Passed Testcase ....null
2022-10-17 18:04:14,879 - org.apache.commons.logging.Log -INFO - enterotpnumpassed
2022-10-17 18:04:14,881 - org.apache.commons.logging.Log -INFO - 
2022-10-17 18:04:17,989 - org.apache.commons.logging.Log -INFO - Passed Testcase ....null
2022-10-17 18:04:17,990 - org.apache.commons.logging.Log -INFO - RedirectNetbankingurlpassed
2022-10-17 18:04:17,992 - org.apache.commons.logging.Log -INFO - 
2022-10-17 18:04:21,153 - org.apache.commons.logging.Log -INFO - Passed Testcase ....null
2022-10-17 18:04:21,153 - org.apache.commons.logging.Log -INFO - Clickon_logoutpassed
2022-10-17 18:04:21,154 - org.apache.commons.logging.Log -INFO - 
2022-10-17 18:04:39,888 - org.apache.commons.logging.Log -INFO - Passed Testcase ....null
2022-10-17 18:04:39,889 - org.apache.commons.logging.Log -INFO - Click_logoutbtnpassed
2022-10-17 18:04:39,895 - org.apache.commons.logging.Log -INFO - ................On Finish  Testcases..... ....BasketLumpsumorder_NetBanking
2022-10-17 18:04:43,846 - org.apache.commons.logging.Log -INFO - 
2022-10-17 18:04:43,982 - org.apache.commons.logging.Log -INFO - Click on sign button
2022-10-17 18:04:44,069 - org.apache.commons.logging.Log -INFO - Enter Username
2022-10-17 18:04:44,162 - org.apache.commons.logging.Log -INFO - Enter Password
2022-10-17 18:04:44,325 - org.apache.commons.logging.Log -INFO - click on sign button
2022-10-17 18:04:44,326 - org.apache.commons.logging.Log -INFO - Passed Testcase ....null
2022-10-17 18:04:44,327 - org.apache.commons.logging.Log -INFO - clickonSigninPagepassed
2022-10-17 18:04:44,329 - org.apache.commons.logging.Log -INFO - 
2022-10-17 18:04:47,224 - org.apache.commons.logging.Log -INFO - Passed Testcase ....null
2022-10-17 18:04:47,225 - org.apache.commons.logging.Log -INFO - Click_HomePagepassed
2022-10-17 18:04:47,226 - org.apache.commons.logging.Log -INFO - 
2022-10-17 18:04:55,565 - org.apache.commons.logging.Log -INFO - Passed Testcase ....null
2022-10-17 18:04:55,567 - org.apache.commons.logging.Log -INFO - Search_Mutualfundpassed
2022-10-17 18:04:55,570 - org.apache.commons.logging.Log -INFO - 
2022-10-17 18:04:57,663 - org.apache.commons.logging.Log -INFO - click on invest button
2022-10-17 18:04:57,664 - org.apache.commons.logging.Log -INFO - Passed Testcase ....null
2022-10-17 18:04:57,665 - org.apache.commons.logging.Log -INFO - click_INVESTpassed
2022-10-17 18:04:57,667 - org.apache.commons.logging.Log -INFO - 
2022-10-17 18:04:59,757 - org.apache.commons.logging.Log -INFO - select payment mode as Netbanking
2022-10-17 18:04:59,841 - org.apache.commons.logging.Log -INFO - click on conform and continue button
2022-10-17 18:04:59,842 - org.apache.commons.logging.Log -INFO - Passed Testcase ....null
2022-10-17 18:04:59,842 - org.apache.commons.logging.Log -INFO - Select_PaymentModepassed
2022-10-17 18:04:59,843 - org.apache.commons.logging.Log -INFO - 
2022-10-17 18:05:02,012 - org.apache.commons.logging.Log -INFO - verify otp number
2022-10-17 18:05:02,013 - org.apache.commons.logging.Log -INFO - Passed Testcase ....null
2022-10-17 18:05:02,014 - org.apache.commons.logging.Log -INFO - Click_VerifyOTPpassed
2022-10-17 18:05:02,016 - org.apache.commons.logging.Log -INFO - 
2022-10-17 18:05:06,407 - org.apache.commons.logging.Log -INFO - Passed Testcase ....null
2022-10-17 18:05:06,407 - org.apache.commons.logging.Log -INFO - enterotpnumpassed
2022-10-17 18:05:06,408 - org.apache.commons.logging.Log -INFO - 
2022-10-17 18:05:22,661 - org.apache.commons.logging.Log -INFO - Passed Testcase ....null
2022-10-17 18:05:22,661 - org.apache.commons.logging.Log -INFO - RedirectNetbankingurlpassed
2022-10-17 18:05:22,670 - org.apache.commons.logging.Log -INFO - ................On Finish  Testcases..... ....Normal_lumpsumNetbanking
2022-10-17 18:05:27,641 - org.apache.commons.logging.Log -INFO - 
2022-10-17 18:05:27,790 - org.apache.commons.logging.Log -INFO - Click on sign button
2022-10-17 18:05:27,875 - org.apache.commons.logging.Log -INFO - Enter Username
2022-10-17 18:05:27,955 - org.apache.commons.logging.Log -INFO - Enter Password
2022-10-17 18:05:28,111 - org.apache.commons.logging.Log -INFO - click on sign button
2022-10-17 18:05:28,113 - org.apache.commons.logging.Log -INFO - Passed Testcase ....null
2022-10-17 18:05:28,114 - org.apache.commons.logging.Log -INFO - ClickonSigninPagepassed
2022-10-17 18:05:28,116 - org.apache.commons.logging.Log -INFO - 
2022-10-17 18:05:30,406 - org.apache.commons.logging.Log -INFO - Passed Testcase ....null
2022-10-17 18:05:30,407 - org.apache.commons.logging.Log -INFO - Clickon_TotalInvestmentvaluepassed
2022-10-17 18:05:30,408 - org.apache.commons.logging.Log -INFO - 
2022-10-17 18:05:33,112 - org.apache.commons.logging.Log -INFO - Passed Testcase ....null
2022-10-17 18:05:33,112 - org.apache.commons.logging.Log -INFO - Click_HomePagepassed
2022-10-17 18:05:33,114 - org.apache.commons.logging.Log -INFO - 
2022-10-17 18:05:40,237 - org.apache.commons.logging.Log -INFO - Passed Testcase ....null
2022-10-17 18:05:40,238 - org.apache.commons.logging.Log -INFO - search_mutualfundspassed
2022-10-17 18:05:40,241 - org.apache.commons.logging.Log -INFO - 
2022-10-17 18:05:46,577 - org.apache.commons.logging.Log -INFO - Passed Testcase ....null
2022-10-17 18:05:46,578 - org.apache.commons.logging.Log -INFO - Click_Normalsippassed
2022-10-17 18:05:46,579 - org.apache.commons.logging.Log -INFO - 
2022-10-17 18:05:48,858 - org.apache.commons.logging.Log -INFO - Passed Testcase ....null
2022-10-17 18:05:48,859 - org.apache.commons.logging.Log -INFO - Click_sipcontinuebtnpassed
2022-10-17 18:05:48,860 - org.apache.commons.logging.Log -INFO - 
2022-10-17 18:05:52,134 - org.apache.commons.logging.Log -INFO - Passed Testcase ....null
2022-10-17 18:05:52,135 - org.apache.commons.logging.Log -INFO - InstallementStartdatepassed
2022-10-17 18:05:52,136 - org.apache.commons.logging.Log -INFO - 
2022-10-17 18:05:55,820 - org.apache.commons.logging.Log -INFO - Passed Testcase ....null
2022-10-17 18:05:55,821 - org.apache.commons.logging.Log -INFO - Startdatepickerpassed
2022-10-17 18:05:55,822 - org.apache.commons.logging.Log -INFO - 
2022-10-17 18:05:57,951 - org.apache.commons.logging.Log -INFO - Passed Testcase ....null
2022-10-17 18:05:57,952 - org.apache.commons.logging.Log -INFO - Click_continuebtnpassed
2022-10-17 18:05:57,954 - org.apache.commons.logging.Log -INFO - 
2022-10-17 18:06:00,152 - org.apache.commons.logging.Log -INFO - Passed Testcase ....null
2022-10-17 18:06:00,153 - org.apache.commons.logging.Log -INFO - check_VerifyOTPpassed
2022-10-17 18:06:00,154 - org.apache.commons.logging.Log -INFO - 
2022-10-17 18:06:02,383 - org.apache.commons.logging.Log -INFO - Passed Testcase ....null
2022-10-17 18:06:02,384 - org.apache.commons.logging.Log -INFO - check_enterotpnumpassed
2022-10-17 18:06:02,385 - org.apache.commons.logging.Log -INFO - 
2022-10-17 18:06:04,503 - org.apache.commons.logging.Log -INFO - Passed Testcase ....null
2022-10-17 18:06:04,503 - org.apache.commons.logging.Log -INFO - Clickon_confirmcontinuepassed
2022-10-17 18:06:04,504 - org.apache.commons.logging.Log -INFO - 
2022-10-17 18:06:07,564 - org.apache.commons.logging.Log -INFO -  order placed sucessfully for NormalSip popup is displayed
2022-10-17 18:06:07,565 - org.apache.commons.logging.Log -INFO - Passed Testcase ....null
2022-10-17 18:06:07,566 - org.apache.commons.logging.Log -INFO - FetchOrderPlaceText_NormalSIPpassed
2022-10-17 18:06:07,567 - org.apache.commons.logging.Log -INFO - 
2022-10-17 18:06:11,199 - org.apache.commons.logging.Log -INFO - Passed Testcase ....null
2022-10-17 18:06:11,199 - org.apache.commons.logging.Log -INFO - Clickon_skipsteppassed
2022-10-17 18:06:11,201 - org.apache.commons.logging.Log -INFO - 
2022-10-17 18:06:16,891 - org.apache.commons.logging.Log -INFO - Failure  because of ....java.lang.IndexOutOfBoundsException: Index 0 out of bounds for length 0
2022-10-17 18:06:17,155 - org.apache.commons.logging.Log -INFO - 
2022-10-17 18:06:17,156 - org.apache.commons.logging.Log -INFO - Skipped because of ....java.lang.Throwable: Method NormalSiporderTest.Clickon_logout()[pri:0, instance:com.Test.Rankmfselenium.NormalSiporderTest@6581dc0a] depends on not successfully finished methods
2022-10-17 18:06:17,157 - org.apache.commons.logging.Log -INFO - 
2022-10-17 18:06:17,159 - org.apache.commons.logging.Log -INFO - Skipped because of ....java.lang.Throwable: Method NormalSiporderTest.Click_logoutbtn()[pri:0, instance:com.Test.Rankmfselenium.NormalSiporderTest@6581dc0a] depends on not successfully finished methods
2022-10-17 18:06:17,172 - org.apache.commons.logging.Log -INFO - ................On Finish  Testcases..... ....NormalSiporder
2022-10-17 18:06:21,510 - org.apache.commons.logging.Log -INFO - 
2022-10-17 18:06:21,626 - org.apache.commons.logging.Log -INFO - Click on sign button
2022-10-17 18:06:21,710 - org.apache.commons.logging.Log -INFO - Enter Username
2022-10-17 18:06:21,858 - org.apache.commons.logging.Log -INFO - Enter Password
2022-10-17 18:06:21,989 - org.apache.commons.logging.Log -INFO - click on sign button
2022-10-17 18:06:21,992 - org.apache.commons.logging.Log -INFO - Passed Testcase ....null
2022-10-17 18:06:21,993 - org.apache.commons.logging.Log -INFO - ClickonSigninPagepassed
2022-10-17 18:06:21,995 - org.apache.commons.logging.Log -INFO - 
2022-10-17 18:06:24,161 - org.apache.commons.logging.Log -INFO - Passed Testcase ....null
2022-10-17 18:06:24,162 - org.apache.commons.logging.Log -INFO - Clickon_TotalInvestmentvaluepassed
2022-10-17 18:06:24,163 - org.apache.commons.logging.Log -INFO - 
2022-10-17 18:06:27,332 - org.apache.commons.logging.Log -INFO - Click on Invest in  smart sip
2022-10-17 18:06:27,334 - org.apache.commons.logging.Log -INFO - Passed Testcase ....null
2022-10-17 18:06:27,334 - org.apache.commons.logging.Log -INFO - Click_Investsmartsippassed
2022-10-17 18:06:27,338 - org.apache.commons.logging.Log -INFO - 
2022-10-17 18:06:29,475 - org.apache.commons.logging.Log -INFO - Click on smart sip button
2022-10-17 18:06:29,477 - org.apache.commons.logging.Log -INFO - Passed Testcase ....null
2022-10-17 18:06:29,477 - org.apache.commons.logging.Log -INFO - Click_smartsippassed
2022-10-17 18:06:29,479 - org.apache.commons.logging.Log -INFO - 
2022-10-17 18:06:32,306 - org.apache.commons.logging.Log -INFO - Click on continue button
2022-10-17 18:06:32,307 - org.apache.commons.logging.Log -INFO - Passed Testcase ....null
2022-10-17 18:06:32,307 - org.apache.commons.logging.Log -INFO - click_continuepassed
2022-10-17 18:06:32,308 - org.apache.commons.logging.Log -INFO - 
2022-10-17 18:06:35,419 - org.apache.commons.logging.Log -INFO - Click on installement date
2022-10-17 18:06:35,419 - org.apache.commons.logging.Log -INFO - Passed Testcase ....null
2022-10-17 18:06:35,420 - org.apache.commons.logging.Log -INFO - Installementdatepassed
2022-10-17 18:06:35,421 - org.apache.commons.logging.Log -INFO - 
2022-10-17 18:06:38,086 - org.apache.commons.logging.Log -INFO - select date picker
2022-10-17 18:06:38,087 - org.apache.commons.logging.Log -INFO - Passed Testcase ....null
2022-10-17 18:06:38,087 - org.apache.commons.logging.Log -INFO - InstallementStartdatepassed
2022-10-17 18:06:38,088 - org.apache.commons.logging.Log -INFO - 
2022-10-17 18:06:40,129 - org.apache.commons.logging.Log -INFO - Failure  because of ....org.openqa.selenium.NoSuchElementException: no such element: Unable to locate element: {"method":"xpath","selector":"//*[@id="modal-1a8510b6-d0b0-5288-a632-fd0a68d6ab68"]/div/div[2]/div[2]/div/button[2]"}
  (Session info: chrome=106.0.5249.119)
For documentation on this error, please visit: https://www.seleniumhq.org/exceptions/no_such_element.html
Build info: version: '3.141.59', revision: 'e82be7d358', time: '2018-11-14T08:17:03'
System info: host: 'DESKTOP-KMVAA5F', ip: '192.168.80.48', os.name: 'Windows 10', os.arch: 'amd64', os.version: '10.0', java.version: '11'
Driver info: org.openqa.selenium.chrome.ChromeDriver
Capabilities {acceptInsecureCerts: false, browserName: chrome, browserVersion: 106.0.5249.119, chrome: {chromedriverVersion: 106.0.5249.61 (511755355844..., userDataDir: C:\Users\samco\AppData\Loca...}, goog:chromeOptions: {debuggerAddress: localhost:65472}, javascriptEnabled: true, networkConnectionEnabled: false, pageLoadStrategy: normal, platform: WINDOWS, platformName: WINDOWS, proxy: Proxy(), setWindowRect: true, strictFileInteractability: false, timeouts: {implicit: 0, pageLoad: 300000, script: 30000}, unhandledPromptBehavior: dismiss and notify, webauthn:extension:credBlob: true, webauthn:extension:largeBlob: true, webauthn:virtualAuthenticators: true}
Session ID: ef329abcc0022bbdaaa4253f1d83d300
*** Element info: {Using=xpath, value=//*[@id="modal-1a8510b6-d0b0-5288-a632-fd0a68d6ab68"]/div/div[2]/div[2]/div/button[2]}
2022-10-17 18:06:40,327 - org.apache.commons.logging.Log -INFO - 
2022-10-17 18:06:40,328 - org.apache.commons.logging.Log -INFO - Skipped because of ....java.lang.Throwable: Method NormalSmartsiporderTest.check_VerifyOTP()[pri:0, instance:com.Test.Rankmfselenium.NormalSmartsiporderTest@22f31dec] depends on not successfully finished methods
2022-10-17 18:06:40,329 - org.apache.commons.logging.Log -INFO - 
2022-10-17 18:06:40,330 - org.apache.commons.logging.Log -INFO - Skipped because of ....java.lang.Throwable: Method NormalSmartsiporderTest.check_enterotpnum()[pri:0, instance:com.Test.Rankmfselenium.NormalSmartsiporderTest@22f31dec] depends on not successfully finished methods
2022-10-17 18:06:40,330 - org.apache.commons.logging.Log -INFO - 
2022-10-17 18:06:40,331 - org.apache.commons.logging.Log -INFO - Skipped because of ....java.lang.Throwable: Method NormalSmartsiporderTest.Clickon_confirmcontinue()[pri:0, instance:com.Test.Rankmfselenium.NormalSmartsiporderTest@22f31dec] depends on not successfully finished methods
2022-10-17 18:06:40,332 - org.apache.commons.logging.Log -INFO - 
2022-10-17 18:06:40,333 - org.apache.commons.logging.Log -INFO - Skipped because of ....java.lang.Throwable: Method NormalSmartsiporderTest.FetchOrderPlaceText_SmartSIP()[pri:0, instance:com.Test.Rankmfselenium.NormalSmartsiporderTest@22f31dec] depends on not successfully finished methods
2022-10-17 18:06:40,334 - org.apache.commons.logging.Log -INFO - 
2022-10-17 18:06:40,334 - org.apache.commons.logging.Log -INFO - Skipped because of ....java.lang.Throwable: Method NormalSmartsiporderTest.Clickon_closepopup()[pri:0, instance:com.Test.Rankmfselenium.NormalSmartsiporderTest@22f31dec] depends on not successfully finished methods
2022-10-17 18:06:40,336 - org.apache.commons.logging.Log -INFO - 
2022-10-17 18:06:40,336 - org.apache.commons.logging.Log -INFO - Skipped because of ....java.lang.Throwable: Method NormalSmartsiporderTest.Clickon_cancelsmartsiporder()[pri:0, instance:com.Test.Rankmfselenium.NormalSmartsiporderTest@22f31dec] depends on not successfully finished methods
2022-10-17 18:06:40,337 - org.apache.commons.logging.Log -INFO - 
2022-10-17 18:06:40,338 - org.apache.commons.logging.Log -INFO - Skipped because of ....java.lang.Throwable: Method NormalSmartsiporderTest.Clickon_logout()[pri:0, instance:com.Test.Rankmfselenium.NormalSmartsiporderTest@22f31dec] depends on not successfully finished methods
2022-10-17 18:06:40,339 - org.apache.commons.logging.Log -INFO - 
2022-10-17 18:06:40,340 - org.apache.commons.logging.Log -INFO - Skipped because of ....java.lang.Throwable: Method NormalSmartsiporderTest.Click_logoutbtn()[pri:0, instance:com.Test.Rankmfselenium.NormalSmartsiporderTest@22f31dec] depends on not successfully finished methods
2022-10-17 18:06:40,342 - org.apache.commons.logging.Log -INFO - 
2022-10-17 18:06:40,342 - org.apache.commons.logging.Log -INFO - Skipped because of ....java.lang.Throwable: Method NormalSmartsiporderTest.Email_sendnotification()[pri:0, instance:com.Test.Rankmfselenium.NormalSmartsiporderTest@22f31dec] depends on not successfully finished methods
2022-10-17 18:06:40,356 - org.apache.commons.logging.Log -INFO - ................On Finish  Testcases..... ....NormalSmartsiporder
2022-10-17 18:06:40,396 - org.apache.commons.logging.Log -INFO - 
2022-10-17 18:06:43,358 - org.apache.commons.logging.Log -INFO - Failure  because of ....java.lang.RuntimeException: javax.mail.MessagingException: IOException while sending message;
  nested exception is:
	java.io.FileNotFoundException: .\Reports\RANKMF.html,.\log\application.html (The system cannot find the path specified)
2022-10-17 18:06:43,545 - org.apache.commons.logging.Log -INFO - ................On Finish  Testcases..... ....Email_send
2022-10-18 12:23:56,653 - org.apache.commons.logging.Log -INFO - Click on sign button
2022-10-18 12:23:56,843 - org.apache.commons.logging.Log -INFO - Enter Username
2022-10-18 12:23:56,996 - org.apache.commons.logging.Log -INFO - Enter Password
2022-10-18 12:23:57,102 - org.apache.commons.logging.Log -INFO - click on sign button
2022-10-18 12:23:57,108 - org.apache.commons.logging.Log -INFO - Passed Testcase ....null
2022-10-18 12:23:57,112 - org.apache.commons.logging.Log -INFO - clickonSigninPagepassed
2022-10-18 12:23:57,232 - org.apache.commons.logging.Log -INFO - 
2022-10-18 12:24:04,667 - org.apache.commons.logging.Log -INFO - Passed Testcase ....null
2022-10-18 12:24:04,675 - org.apache.commons.logging.Log -INFO - clickonbasketpagepassed
2022-10-18 12:24:04,676 - org.apache.commons.logging.Log -INFO - 
2022-10-18 12:24:10,113 - org.apache.commons.logging.Log -INFO - Passed Testcase ....null
2022-10-18 12:24:10,114 - org.apache.commons.logging.Log -INFO - Clickonconservativepassed
2022-10-18 12:24:10,116 - org.apache.commons.logging.Log -INFO - 
2022-10-18 12:24:13,217 - org.apache.commons.logging.Log -INFO - Passed Testcase ....null
2022-10-18 12:24:13,217 - org.apache.commons.logging.Log -INFO - clickoninvestpassed
2022-10-18 12:24:13,219 - org.apache.commons.logging.Log -INFO - 
2022-10-18 12:24:15,433 - org.apache.commons.logging.Log -INFO - Passed Testcase ....null
2022-10-18 12:24:15,433 - org.apache.commons.logging.Log -INFO - clickonpaymentmodepassed
2022-10-18 12:24:15,436 - org.apache.commons.logging.Log -INFO - 
2022-10-18 12:24:19,634 - org.apache.commons.logging.Log -INFO - Passed Testcase ....null
2022-10-18 12:24:19,635 - org.apache.commons.logging.Log -INFO - clickon_Enter_UtrNopassed
2022-10-18 12:24:19,637 - org.apache.commons.logging.Log -INFO - 
2022-10-18 12:24:21,836 - org.apache.commons.logging.Log -INFO - Passed Testcase ....null
2022-10-18 12:24:21,836 - org.apache.commons.logging.Log -INFO - ClickonVerifyOTPpassed
2022-10-18 12:24:21,838 - org.apache.commons.logging.Log -INFO - 
2022-10-18 12:24:30,336 - org.apache.commons.logging.Log -INFO - Passed Testcase ....null
2022-10-18 12:24:30,336 - org.apache.commons.logging.Log -INFO - enterotpnumpassed
2022-10-18 12:24:30,338 - org.apache.commons.logging.Log -INFO - 
2022-10-18 12:24:33,539 - org.apache.commons.logging.Log -INFO - Passed Testcase ....null
2022-10-18 12:24:33,540 - org.apache.commons.logging.Log -INFO - show_orderplaced_popuppassed
2022-10-18 12:24:33,543 - org.apache.commons.logging.Log -INFO - 
2022-10-18 12:24:36,724 - org.apache.commons.logging.Log -INFO - Passed Testcase ....null
2022-10-18 12:24:36,726 - org.apache.commons.logging.Log -INFO - Clickon_logoutpassed
2022-10-18 12:24:36,728 - org.apache.commons.logging.Log -INFO - 
2022-10-18 12:24:55,573 - org.apache.commons.logging.Log -INFO - Passed Testcase ....null
2022-10-18 12:24:55,574 - org.apache.commons.logging.Log -INFO - Click_logoutbtnpassed
2022-10-18 12:24:55,602 - org.apache.commons.logging.Log -INFO - ................On Finish  Testcases..... ....BasketLumpsumorder
2022-10-18 12:25:00,393 - org.apache.commons.logging.Log -INFO - 
2022-10-18 12:25:00,506 - org.apache.commons.logging.Log -INFO - Click on sign button
2022-10-18 12:25:00,603 - org.apache.commons.logging.Log -INFO - Enter Username
2022-10-18 12:25:00,704 - org.apache.commons.logging.Log -INFO - Enter Password
2022-10-18 12:25:00,817 - org.apache.commons.logging.Log -INFO - click on sign button
2022-10-18 12:25:00,819 - org.apache.commons.logging.Log -INFO - Passed Testcase ....null
2022-10-18 12:25:00,820 - org.apache.commons.logging.Log -INFO - clickonSigninPagepassed
2022-10-18 12:25:00,823 - org.apache.commons.logging.Log -INFO - 
2022-10-18 12:25:06,299 - org.apache.commons.logging.Log -INFO - Passed Testcase ....null
2022-10-18 12:25:06,300 - org.apache.commons.logging.Log -INFO - clickonbasketpagepassed
2022-10-18 12:25:06,302 - org.apache.commons.logging.Log -INFO - 
2022-10-18 12:25:10,916 - org.apache.commons.logging.Log -INFO - Passed Testcase ....null
2022-10-18 12:25:10,916 - org.apache.commons.logging.Log -INFO - Clickonconservativepassed
2022-10-18 12:25:10,921 - org.apache.commons.logging.Log -INFO - 
2022-10-18 12:25:14,035 - org.apache.commons.logging.Log -INFO - Passed Testcase ....null
2022-10-18 12:25:14,036 - org.apache.commons.logging.Log -INFO - clickoninvestpassed
2022-10-18 12:25:14,038 - org.apache.commons.logging.Log -INFO - 
2022-10-18 12:25:16,250 - org.apache.commons.logging.Log -INFO - Passed Testcase ....null
2022-10-18 12:25:16,251 - org.apache.commons.logging.Log -INFO - clickonpaymentmodepassed
2022-10-18 12:25:16,252 - org.apache.commons.logging.Log -INFO - 
2022-10-18 12:25:18,425 - org.apache.commons.logging.Log -INFO - Passed Testcase ....null
2022-10-18 12:25:18,426 - org.apache.commons.logging.Log -INFO - ClickonVerifyOTPpassed
2022-10-18 12:25:18,428 - org.apache.commons.logging.Log -INFO - 
2022-10-18 12:25:25,798 - org.apache.commons.logging.Log -INFO - Passed Testcase ....null
2022-10-18 12:25:25,798 - org.apache.commons.logging.Log -INFO - enterotpnumpassed
2022-10-18 12:25:25,800 - org.apache.commons.logging.Log -INFO - 
2022-10-18 12:25:28,903 - org.apache.commons.logging.Log -INFO - Passed Testcase ....null
2022-10-18 12:25:28,904 - org.apache.commons.logging.Log -INFO - RedirectNetbankingurlpassed
2022-10-18 12:25:28,906 - org.apache.commons.logging.Log -INFO - 
2022-10-18 12:25:32,091 - org.apache.commons.logging.Log -INFO - Passed Testcase ....null
2022-10-18 12:25:32,091 - org.apache.commons.logging.Log -INFO - Clickon_logoutpassed
2022-10-18 12:25:32,093 - org.apache.commons.logging.Log -INFO - 
2022-10-18 12:25:35,339 - org.apache.commons.logging.Log -INFO - Passed Testcase ....null
2022-10-18 12:25:35,340 - org.apache.commons.logging.Log -INFO - Click_logoutbtnpassed
2022-10-18 12:25:35,351 - org.apache.commons.logging.Log -INFO - ................On Finish  Testcases..... ....BasketLumpsumorder_NetBanking
2022-10-18 12:25:39,735 - org.apache.commons.logging.Log -INFO - 
2022-10-18 12:25:39,858 - org.apache.commons.logging.Log -INFO - Click on sign button
2022-10-18 12:25:39,948 - org.apache.commons.logging.Log -INFO - Enter Username
2022-10-18 12:25:40,068 - org.apache.commons.logging.Log -INFO - Enter Password
2022-10-18 12:25:40,158 - org.apache.commons.logging.Log -INFO - click on sign button
2022-10-18 12:25:40,160 - org.apache.commons.logging.Log -INFO - Passed Testcase ....null
2022-10-18 12:25:40,161 - org.apache.commons.logging.Log -INFO - clickonSigninPagepassed
2022-10-18 12:25:40,164 - org.apache.commons.logging.Log -INFO - 
2022-10-18 12:25:43,672 - org.apache.commons.logging.Log -INFO - Passed Testcase ....null
2022-10-18 12:25:43,673 - org.apache.commons.logging.Log -INFO - Click_HomePagepassed
2022-10-18 12:25:43,675 - org.apache.commons.logging.Log -INFO - 
2022-10-18 12:25:56,212 - org.apache.commons.logging.Log -INFO - Passed Testcase ....null
2022-10-18 12:25:56,213 - org.apache.commons.logging.Log -INFO - Search_Mutualfundpassed
2022-10-18 12:25:56,214 - org.apache.commons.logging.Log -INFO - 
2022-10-18 12:25:58,319 - org.apache.commons.logging.Log -INFO - click on invest button
2022-10-18 12:25:58,320 - org.apache.commons.logging.Log -INFO - Passed Testcase ....null
2022-10-18 12:25:58,320 - org.apache.commons.logging.Log -INFO - click_INVESTpassed
2022-10-18 12:25:58,322 - org.apache.commons.logging.Log -INFO - 
2022-10-18 12:26:00,407 - org.apache.commons.logging.Log -INFO - select payment mode as Netbanking
2022-10-18 12:26:00,487 - org.apache.commons.logging.Log -INFO - click on conform and continue button
2022-10-18 12:26:00,488 - org.apache.commons.logging.Log -INFO - Passed Testcase ....null
2022-10-18 12:26:00,489 - org.apache.commons.logging.Log -INFO - Select_PaymentModepassed
2022-10-18 12:26:00,490 - org.apache.commons.logging.Log -INFO - 
2022-10-18 12:26:02,652 - org.apache.commons.logging.Log -INFO - verify otp number
2022-10-18 12:26:02,653 - org.apache.commons.logging.Log -INFO - Passed Testcase ....null
2022-10-18 12:26:02,654 - org.apache.commons.logging.Log -INFO - Click_VerifyOTPpassed
2022-10-18 12:26:02,655 - org.apache.commons.logging.Log -INFO - 
2022-10-18 12:26:07,032 - org.apache.commons.logging.Log -INFO - Passed Testcase ....null
2022-10-18 12:26:07,033 - org.apache.commons.logging.Log -INFO - enterotpnumpassed
2022-10-18 12:26:07,034 - org.apache.commons.logging.Log -INFO - 
2022-10-18 12:26:20,893 - org.apache.commons.logging.Log -INFO - Passed Testcase ....null
2022-10-18 12:26:20,894 - org.apache.commons.logging.Log -INFO - RedirectNetbankingurlpassed
2022-10-18 12:26:20,901 - org.apache.commons.logging.Log -INFO - ................On Finish  Testcases..... ....Normal_lumpsumNetbanking
2022-10-18 12:26:25,942 - org.apache.commons.logging.Log -INFO - 
2022-10-18 12:26:26,057 - org.apache.commons.logging.Log -INFO - Click on sign button
2022-10-18 12:26:26,153 - org.apache.commons.logging.Log -INFO - Enter Username
2022-10-18 12:26:26,242 - org.apache.commons.logging.Log -INFO - Enter Password
2022-10-18 12:26:26,357 - org.apache.commons.logging.Log -INFO - click on sign button
2022-10-18 12:26:26,358 - org.apache.commons.logging.Log -INFO - Passed Testcase ....null
2022-10-18 12:26:26,360 - org.apache.commons.logging.Log -INFO - ClickonSigninPagepassed
2022-10-18 12:26:26,362 - org.apache.commons.logging.Log -INFO - 
2022-10-18 12:26:28,643 - org.apache.commons.logging.Log -INFO - Passed Testcase ....null
2022-10-18 12:26:28,644 - org.apache.commons.logging.Log -INFO - Clickon_TotalInvestmentvaluepassed
2022-10-18 12:26:28,645 - org.apache.commons.logging.Log -INFO - 
2022-10-18 12:26:31,306 - org.apache.commons.logging.Log -INFO - Passed Testcase ....null
2022-10-18 12:26:31,307 - org.apache.commons.logging.Log -INFO - Click_HomePagepassed
2022-10-18 12:26:31,308 - org.apache.commons.logging.Log -INFO - 
2022-10-18 12:26:41,505 - org.apache.commons.logging.Log -INFO - Passed Testcase ....null
2022-10-18 12:26:41,506 - org.apache.commons.logging.Log -INFO - search_mutualfundspassed
2022-10-18 12:26:41,510 - org.apache.commons.logging.Log -INFO - 
2022-10-18 12:26:47,837 - org.apache.commons.logging.Log -INFO - Passed Testcase ....null
2022-10-18 12:26:47,837 - org.apache.commons.logging.Log -INFO - Click_Normalsippassed
2022-10-18 12:26:47,838 - org.apache.commons.logging.Log -INFO - 
2022-10-18 12:26:50,138 - org.apache.commons.logging.Log -INFO - Passed Testcase ....null
2022-10-18 12:26:50,139 - org.apache.commons.logging.Log -INFO - Click_sipcontinuebtnpassed
2022-10-18 12:26:50,141 - org.apache.commons.logging.Log -INFO - 
2022-10-18 12:26:53,262 - org.apache.commons.logging.Log -INFO - Passed Testcase ....null
2022-10-18 12:26:53,263 - org.apache.commons.logging.Log -INFO - InstallementStartdatepassed
2022-10-18 12:26:53,264 - org.apache.commons.logging.Log -INFO - 
2022-10-18 12:26:56,948 - org.apache.commons.logging.Log -INFO - Passed Testcase ....null
2022-10-18 12:26:56,949 - org.apache.commons.logging.Log -INFO - Startdatepickerpassed
2022-10-18 12:26:56,950 - org.apache.commons.logging.Log -INFO - 
2022-10-18 12:26:59,080 - org.apache.commons.logging.Log -INFO - Passed Testcase ....null
2022-10-18 12:26:59,081 - org.apache.commons.logging.Log -INFO - Click_continuebtnpassed
2022-10-18 12:26:59,082 - org.apache.commons.logging.Log -INFO - 
2022-10-18 12:27:01,277 - org.apache.commons.logging.Log -INFO - Passed Testcase ....null
2022-10-18 12:27:01,278 - org.apache.commons.logging.Log -INFO - check_VerifyOTPpassed
2022-10-18 12:27:01,279 - org.apache.commons.logging.Log -INFO - 
2022-10-18 12:27:03,531 - org.apache.commons.logging.Log -INFO - Passed Testcase ....null
2022-10-18 12:27:03,531 - org.apache.commons.logging.Log -INFO - check_enterotpnumpassed
2022-10-18 12:27:03,532 - org.apache.commons.logging.Log -INFO - 
2022-10-18 12:27:05,634 - org.apache.commons.logging.Log -INFO - Passed Testcase ....null
2022-10-18 12:27:05,635 - org.apache.commons.logging.Log -INFO - Clickon_confirmcontinuepassed
2022-10-18 12:27:05,637 - org.apache.commons.logging.Log -INFO - 
2022-10-18 12:27:08,699 - org.apache.commons.logging.Log -INFO - Failure  because of ....org.openqa.selenium.NoSuchElementException: no such element: Unable to locate element: {"method":"xpath","selector":"//*[@id="main_msg_success"]/div/p"}
  (Session info: chrome=106.0.5249.119)
For documentation on this error, please visit: https://www.seleniumhq.org/exceptions/no_such_element.html
Build info: version: '3.141.59', revision: 'e82be7d358', time: '2018-11-14T08:17:03'
System info: host: 'DESKTOP-KMVAA5F', ip: '192.168.80.48', os.name: 'Windows 10', os.arch: 'amd64', os.version: '10.0', java.version: '11'
Driver info: org.openqa.selenium.chrome.ChromeDriver
Capabilities {acceptInsecureCerts: false, browserName: chrome, browserVersion: 106.0.5249.119, chrome: {chromedriverVersion: 106.0.5249.61 (511755355844..., userDataDir: C:\Users\samco\AppData\Loca...}, goog:chromeOptions: {debuggerAddress: localhost:56351}, javascriptEnabled: true, networkConnectionEnabled: false, pageLoadStrategy: normal, platform: WINDOWS, platformName: WINDOWS, proxy: Proxy(), setWindowRect: true, strictFileInteractability: false, timeouts: {implicit: 0, pageLoad: 300000, script: 30000}, unhandledPromptBehavior: dismiss and notify, webauthn:extension:credBlob: true, webauthn:extension:largeBlob: true, webauthn:virtualAuthenticators: true}
Session ID: 66045008e5643e0c28a42e3c88f2ee57
*** Element info: {Using=xpath, value=//*[@id="main_msg_success"]/div/p}
2022-10-18 12:27:09,116 - org.apache.commons.logging.Log -INFO - 
2022-10-18 12:27:09,117 - org.apache.commons.logging.Log -INFO - Skipped because of ....java.lang.Throwable: Method NormalSiporderTest.Clickon_skipstep()[pri:0, instance:com.Test.Rankmfselenium.NormalSiporderTest@6581dc0a] depends on not successfully finished methods
2022-10-18 12:27:09,118 - org.apache.commons.logging.Log -INFO - 
2022-10-18 12:27:09,119 - org.apache.commons.logging.Log -INFO - Skipped because of ....java.lang.Throwable: Method NormalSiporderTest.Clickon_cancelsmartSiporder()[pri:0, instance:com.Test.Rankmfselenium.NormalSiporderTest@6581dc0a] depends on not successfully finished methods
2022-10-18 12:27:09,120 - org.apache.commons.logging.Log -INFO - 
2022-10-18 12:27:09,120 - org.apache.commons.logging.Log -INFO - Skipped because of ....java.lang.Throwable: Method NormalSiporderTest.Clickon_logout()[pri:0, instance:com.Test.Rankmfselenium.NormalSiporderTest@6581dc0a] depends on not successfully finished methods
2022-10-18 12:27:09,122 - org.apache.commons.logging.Log -INFO - 
2022-10-18 12:27:09,122 - org.apache.commons.logging.Log -INFO - Skipped because of ....java.lang.Throwable: Method NormalSiporderTest.Click_logoutbtn()[pri:0, instance:com.Test.Rankmfselenium.NormalSiporderTest@6581dc0a] depends on not successfully finished methods
2022-10-18 12:27:09,135 - org.apache.commons.logging.Log -INFO - ................On Finish  Testcases..... ....NormalSiporder
2022-10-18 12:27:13,891 - org.apache.commons.logging.Log -INFO - 
2022-10-18 12:27:14,002 - org.apache.commons.logging.Log -INFO - Click on sign button
2022-10-18 12:27:14,090 - org.apache.commons.logging.Log -INFO - Enter Username
2022-10-18 12:27:14,193 - org.apache.commons.logging.Log -INFO - Enter Password
2022-10-18 12:27:14,287 - org.apache.commons.logging.Log -INFO - click on sign button
2022-10-18 12:27:14,289 - org.apache.commons.logging.Log -INFO - Passed Testcase ....null
2022-10-18 12:27:14,290 - org.apache.commons.logging.Log -INFO - ClickonSigninPagepassed
2022-10-18 12:27:14,293 - org.apache.commons.logging.Log -INFO - 
2022-10-18 12:27:17,280 - org.apache.commons.logging.Log -INFO - Passed Testcase ....null
2022-10-18 12:27:17,280 - org.apache.commons.logging.Log -INFO - Clickon_TotalInvestmentvaluepassed
2022-10-18 12:27:17,281 - org.apache.commons.logging.Log -INFO - 
2022-10-18 12:27:20,407 - org.apache.commons.logging.Log -INFO - Click on Invest in  smart sip
2022-10-18 12:27:20,408 - org.apache.commons.logging.Log -INFO - Passed Testcase ....null
2022-10-18 12:27:20,409 - org.apache.commons.logging.Log -INFO - Click_Investsmartsippassed
2022-10-18 12:27:20,410 - org.apache.commons.logging.Log -INFO - 
2022-10-18 12:27:22,547 - org.apache.commons.logging.Log -INFO - Click on smart sip button
2022-10-18 12:27:22,548 - org.apache.commons.logging.Log -INFO - Passed Testcase ....null
2022-10-18 12:27:22,549 - org.apache.commons.logging.Log -INFO - Click_smartsippassed
2022-10-18 12:27:22,551 - org.apache.commons.logging.Log -INFO - 
2022-10-18 12:27:26,058 - org.apache.commons.logging.Log -INFO - Failure  because of ....org.openqa.selenium.NoSuchElementException: no such element: Unable to locate element: {"method":"xpath","selector":"//*[@id="modal-dcf7104a-b95d-2a60-b8a2-31687e7b2e6c"]/div/div[2]/div[2]/div/button[2]"}
  (Session info: chrome=106.0.5249.119)
For documentation on this error, please visit: https://www.seleniumhq.org/exceptions/no_such_element.html
Build info: version: '3.141.59', revision: 'e82be7d358', time: '2018-11-14T08:17:03'
System info: host: 'DESKTOP-KMVAA5F', ip: '192.168.80.48', os.name: 'Windows 10', os.arch: 'amd64', os.version: '10.0', java.version: '11'
Driver info: org.openqa.selenium.chrome.ChromeDriver
Capabilities {acceptInsecureCerts: false, browserName: chrome, browserVersion: 106.0.5249.119, chrome: {chromedriverVersion: 106.0.5249.61 (511755355844..., userDataDir: C:\Users\samco\AppData\Loca...}, goog:chromeOptions: {debuggerAddress: localhost:56482}, javascriptEnabled: true, networkConnectionEnabled: false, pageLoadStrategy: normal, platform: WINDOWS, platformName: WINDOWS, proxy: Proxy(), setWindowRect: true, strictFileInteractability: false, timeouts: {implicit: 0, pageLoad: 300000, script: 30000}, unhandledPromptBehavior: dismiss and notify, webauthn:extension:credBlob: true, webauthn:extension:largeBlob: true, webauthn:virtualAuthenticators: true}
Session ID: 8790c84c87145c6943c45a1831660812
*** Element info: {Using=xpath, value=//*[@id="modal-dcf7104a-b95d-2a60-b8a2-31687e7b2e6c"]/div/div[2]/div[2]/div/button[2]}
2022-10-18 12:27:26,532 - org.apache.commons.logging.Log -INFO - 
2022-10-18 12:27:26,533 - org.apache.commons.logging.Log -INFO - Skipped because of ....java.lang.Throwable: Method NormalSmartsiporderTest.Installementdate()[pri:0, instance:com.Test.Rankmfselenium.NormalSmartsiporderTest@22f31dec] depends on not successfully finished methods
2022-10-18 12:27:26,534 - org.apache.commons.logging.Log -INFO - 
2022-10-18 12:27:26,535 - org.apache.commons.logging.Log -INFO - Skipped because of ....java.lang.Throwable: Method NormalSmartsiporderTest.InstallementStartdate()[pri:0, instance:com.Test.Rankmfselenium.NormalSmartsiporderTest@22f31dec] depends on not successfully finished methods
2022-10-18 12:27:26,536 - org.apache.commons.logging.Log -INFO - 
2022-10-18 12:27:26,537 - org.apache.commons.logging.Log -INFO - Skipped because of ....java.lang.Throwable: Method NormalSmartsiporderTest.Clickalert()[pri:0, instance:com.Test.Rankmfselenium.NormalSmartsiporderTest@22f31dec] depends on not successfully finished methods
2022-10-18 12:27:26,538 - org.apache.commons.logging.Log -INFO - 
2022-10-18 12:27:26,539 - org.apache.commons.logging.Log -INFO - Skipped because of ....java.lang.Throwable: Method NormalSmartsiporderTest.check_VerifyOTP()[pri:0, instance:com.Test.Rankmfselenium.NormalSmartsiporderTest@22f31dec] depends on not successfully finished methods
2022-10-18 12:27:26,540 - org.apache.commons.logging.Log -INFO - 
2022-10-18 12:27:26,541 - org.apache.commons.logging.Log -INFO - Skipped because of ....java.lang.Throwable: Method NormalSmartsiporderTest.check_enterotpnum()[pri:0, instance:com.Test.Rankmfselenium.NormalSmartsiporderTest@22f31dec] depends on not successfully finished methods
2022-10-18 12:27:26,543 - org.apache.commons.logging.Log -INFO - 
2022-10-18 12:27:26,544 - org.apache.commons.logging.Log -INFO - Skipped because of ....java.lang.Throwable: Method NormalSmartsiporderTest.Clickon_confirmcontinue()[pri:0, instance:com.Test.Rankmfselenium.NormalSmartsiporderTest@22f31dec] depends on not successfully finished methods
2022-10-18 12:27:26,546 - org.apache.commons.logging.Log -INFO - 
2022-10-18 12:27:26,546 - org.apache.commons.logging.Log -INFO - Skipped because of ....java.lang.Throwable: Method NormalSmartsiporderTest.FetchOrderPlaceText_SmartSIP()[pri:0, instance:com.Test.Rankmfselenium.NormalSmartsiporderTest@22f31dec] depends on not successfully finished methods
2022-10-18 12:27:26,548 - org.apache.commons.logging.Log -INFO - 
2022-10-18 12:27:26,548 - org.apache.commons.logging.Log -INFO - Skipped because of ....java.lang.Throwable: Method NormalSmartsiporderTest.Clickon_closepopup()[pri:0, instance:com.Test.Rankmfselenium.NormalSmartsiporderTest@22f31dec] depends on not successfully finished methods
2022-10-18 12:27:26,550 - org.apache.commons.logging.Log -INFO - 
2022-10-18 12:27:26,551 - org.apache.commons.logging.Log -INFO - Skipped because of ....java.lang.Throwable: Method NormalSmartsiporderTest.Clickon_cancelsmartsiporder()[pri:0, instance:com.Test.Rankmfselenium.NormalSmartsiporderTest@22f31dec] depends on not successfully finished methods
2022-10-18 12:27:26,553 - org.apache.commons.logging.Log -INFO - 
2022-10-18 12:27:26,554 - org.apache.commons.logging.Log -INFO - Skipped because of ....java.lang.Throwable: Method NormalSmartsiporderTest.Clickon_logout()[pri:0, instance:com.Test.Rankmfselenium.NormalSmartsiporderTest@22f31dec] depends on not successfully finished methods
2022-10-18 12:27:26,556 - org.apache.commons.logging.Log -INFO - 
2022-10-18 12:27:26,557 - org.apache.commons.logging.Log -INFO - Skipped because of ....java.lang.Throwable: Method NormalSmartsiporderTest.Click_logoutbtn()[pri:0, instance:com.Test.Rankmfselenium.NormalSmartsiporderTest@22f31dec] depends on not successfully finished methods
2022-10-18 12:27:26,558 - org.apache.commons.logging.Log -INFO - 
2022-10-18 12:27:26,560 - org.apache.commons.logging.Log -INFO - Skipped because of ....java.lang.Throwable: Method NormalSmartsiporderTest.Email_sendnotification()[pri:0, instance:com.Test.Rankmfselenium.NormalSmartsiporderTest@22f31dec] depends on not successfully finished methods
2022-10-18 12:27:26,572 - org.apache.commons.logging.Log -INFO - ................On Finish  Testcases..... ....NormalSmartsiporder
2022-10-18 12:27:26,617 - org.apache.commons.logging.Log -INFO - 
2022-10-18 12:27:29,965 - org.apache.commons.logging.Log -INFO - Failure  because of ....java.lang.RuntimeException: javax.mail.MessagingException: IOException while sending message;
  nested exception is:
	java.io.FileNotFoundException: .\Reports\RANKMF.html,.\log\application.html (The system cannot find the path specified)
2022-10-18 12:27:30,180 - org.apache.commons.logging.Log -INFO - ................On Finish  Testcases..... ....Email_send
2022-10-19 17:32:28,696 - org.apache.commons.logging.Log -INFO - Click on sign button
2022-10-19 17:32:28,935 - org.apache.commons.logging.Log -INFO - Enter Username
2022-10-19 17:32:29,011 - org.apache.commons.logging.Log -INFO - Enter Password
2022-10-19 17:32:29,092 - org.apache.commons.logging.Log -INFO - click on sign button
2022-10-19 17:32:29,098 - org.apache.commons.logging.Log -INFO - Passed Testcase ....null
2022-10-19 17:32:29,111 - org.apache.commons.logging.Log -INFO - clickonSigninPagepassed
2022-10-19 17:32:29,115 - org.apache.commons.logging.Log -INFO - 
2022-10-19 17:32:36,814 - org.apache.commons.logging.Log -INFO - Passed Testcase ....null
2022-10-19 17:32:36,820 - org.apache.commons.logging.Log -INFO - clickonbasketpagepassed
2022-10-19 17:32:36,822 - org.apache.commons.logging.Log -INFO - 
2022-10-19 17:32:41,147 - org.apache.commons.logging.Log -INFO - Passed Testcase ....null
2022-10-19 17:32:41,148 - org.apache.commons.logging.Log -INFO - Clickonconservativepassed
2022-10-19 17:32:41,151 - org.apache.commons.logging.Log -INFO - 
2022-10-19 17:32:44,251 - org.apache.commons.logging.Log -INFO - Passed Testcase ....null
2022-10-19 17:32:44,252 - org.apache.commons.logging.Log -INFO - clickoninvestpassed
2022-10-19 17:32:44,254 - org.apache.commons.logging.Log -INFO - 
2022-10-19 17:32:46,494 - org.apache.commons.logging.Log -INFO - Passed Testcase ....null
2022-10-19 17:32:46,494 - org.apache.commons.logging.Log -INFO - clickonpaymentmodepassed
2022-10-19 17:32:46,496 - org.apache.commons.logging.Log -INFO - 
2022-10-19 17:32:50,716 - org.apache.commons.logging.Log -INFO - Passed Testcase ....null
2022-10-19 17:32:50,717 - org.apache.commons.logging.Log -INFO - clickon_Enter_UtrNopassed
2022-10-19 17:32:50,719 - org.apache.commons.logging.Log -INFO - 
2022-10-19 17:32:52,877 - org.apache.commons.logging.Log -INFO - Passed Testcase ....null
2022-10-19 17:32:52,877 - org.apache.commons.logging.Log -INFO - ClickonVerifyOTPpassed
2022-10-19 17:32:52,881 - org.apache.commons.logging.Log -INFO - 
2022-10-19 17:33:00,727 - org.apache.commons.logging.Log -INFO - Passed Testcase ....null
2022-10-19 17:33:00,728 - org.apache.commons.logging.Log -INFO - enterotpnumpassed
2022-10-19 17:33:00,730 - org.apache.commons.logging.Log -INFO - 
2022-10-19 17:33:02,788 - org.apache.commons.logging.Log -INFO - Passed Testcase ....null
2022-10-19 17:33:02,789 - org.apache.commons.logging.Log -INFO - show_orderplaced_popuppassed
2022-10-19 17:33:02,792 - org.apache.commons.logging.Log -INFO - 
2022-10-19 17:33:05,980 - org.apache.commons.logging.Log -INFO - Passed Testcase ....null
2022-10-19 17:33:05,981 - org.apache.commons.logging.Log -INFO - Clickon_logoutpassed
2022-10-19 17:33:05,983 - org.apache.commons.logging.Log -INFO - 
2022-10-19 17:33:08,037 - org.apache.commons.logging.Log -INFO - Failure  because of ....org.openqa.selenium.ElementNotInteractableException: element not interactable
  (Session info: chrome=106.0.5249.119)
Build info: version: '3.141.59', revision: 'e82be7d358', time: '2018-11-14T08:17:03'
System info: host: 'DESKTOP-KMVAA5F', ip: '192.168.80.48', os.name: 'Windows 10', os.arch: 'amd64', os.version: '10.0', java.version: '11'
Driver info: org.openqa.selenium.chrome.ChromeDriver
Capabilities {acceptInsecureCerts: false, browserName: chrome, browserVersion: 106.0.5249.119, chrome: {chromedriverVersion: 106.0.5249.61 (511755355844..., userDataDir: C:\Users\samco\AppData\Loca...}, goog:chromeOptions: {debuggerAddress: localhost:59094}, javascriptEnabled: true, networkConnectionEnabled: false, pageLoadStrategy: normal, platform: WINDOWS, platformName: WINDOWS, proxy: Proxy(), setWindowRect: true, strictFileInteractability: false, timeouts: {implicit: 0, pageLoad: 300000, script: 30000}, unhandledPromptBehavior: dismiss and notify, webauthn:extension:credBlob: true, webauthn:extension:largeBlob: true, webauthn:virtualAuthenticators: true}
Session ID: bef5855da52750f9dde67d0e00866259
2022-10-19 17:33:08,405 - org.apache.commons.logging.Log -INFO - ................On Finish  Testcases..... ....BasketLumpsumorder
2022-10-19 17:33:14,185 - org.apache.commons.logging.Log -INFO - 
2022-10-19 17:33:14,351 - org.apache.commons.logging.Log -INFO - Click on sign button
2022-10-19 17:33:14,448 - org.apache.commons.logging.Log -INFO - Enter Username
2022-10-19 17:33:14,572 - org.apache.commons.logging.Log -INFO - Enter Password
2022-10-19 17:33:14,672 - org.apache.commons.logging.Log -INFO - click on sign button
2022-10-19 17:33:14,675 - org.apache.commons.logging.Log -INFO - Passed Testcase ....null
2022-10-19 17:33:14,676 - org.apache.commons.logging.Log -INFO - clickonSigninPagepassed
2022-10-19 17:33:14,680 - org.apache.commons.logging.Log -INFO - 
2022-10-19 17:33:19,394 - org.apache.commons.logging.Log -INFO - Passed Testcase ....null
2022-10-19 17:33:19,395 - org.apache.commons.logging.Log -INFO - clickonbasketpagepassed
2022-10-19 17:33:19,396 - org.apache.commons.logging.Log -INFO - 
2022-10-19 17:33:23,951 - org.apache.commons.logging.Log -INFO - Passed Testcase ....null
2022-10-19 17:33:23,952 - org.apache.commons.logging.Log -INFO - Clickonconservativepassed
2022-10-19 17:33:23,954 - org.apache.commons.logging.Log -INFO - 
2022-10-19 17:33:27,042 - org.apache.commons.logging.Log -INFO - Passed Testcase ....null
2022-10-19 17:33:27,043 - org.apache.commons.logging.Log -INFO - clickoninvestpassed
2022-10-19 17:33:27,045 - org.apache.commons.logging.Log -INFO - 
2022-10-19 17:33:29,260 - org.apache.commons.logging.Log -INFO - Passed Testcase ....null
2022-10-19 17:33:29,260 - org.apache.commons.logging.Log -INFO - clickonpaymentmodepassed
2022-10-19 17:33:29,263 - org.apache.commons.logging.Log -INFO - 
2022-10-19 17:33:31,445 - org.apache.commons.logging.Log -INFO - Passed Testcase ....null
2022-10-19 17:33:31,445 - org.apache.commons.logging.Log -INFO - ClickonVerifyOTPpassed
2022-10-19 17:33:31,448 - org.apache.commons.logging.Log -INFO - 
2022-10-19 17:33:38,807 - org.apache.commons.logging.Log -INFO - Passed Testcase ....null
2022-10-19 17:33:38,807 - org.apache.commons.logging.Log -INFO - enterotpnumpassed
2022-10-19 17:33:38,809 - org.apache.commons.logging.Log -INFO - 
2022-10-19 17:33:41,909 - org.apache.commons.logging.Log -INFO - Passed Testcase ....null
2022-10-19 17:33:41,910 - org.apache.commons.logging.Log -INFO - RedirectNetbankingurlpassed
2022-10-19 17:33:41,913 - org.apache.commons.logging.Log -INFO - 
2022-10-19 17:33:45,099 - org.apache.commons.logging.Log -INFO - Passed Testcase ....null
2022-10-19 17:33:45,102 - org.apache.commons.logging.Log -INFO - Clickon_logoutpassed
2022-10-19 17:33:45,106 - org.apache.commons.logging.Log -INFO - 
2022-10-19 17:34:05,026 - org.apache.commons.logging.Log -INFO - Passed Testcase ....null
2022-10-19 17:34:05,027 - org.apache.commons.logging.Log -INFO - Click_logoutbtnpassed
2022-10-19 17:34:05,032 - org.apache.commons.logging.Log -INFO - ................On Finish  Testcases..... ....BasketLumpsumorder_NetBanking
2022-10-19 17:34:11,185 - org.apache.commons.logging.Log -INFO - 
2022-10-19 17:34:11,476 - org.apache.commons.logging.Log -INFO - Click on sign button
2022-10-19 17:34:11,581 - org.apache.commons.logging.Log -INFO - Enter Username
2022-10-19 17:34:11,660 - org.apache.commons.logging.Log -INFO - Enter Password
2022-10-19 17:34:11,758 - org.apache.commons.logging.Log -INFO - click on sign button
2022-10-19 17:34:11,759 - org.apache.commons.logging.Log -INFO - Passed Testcase ....null
2022-10-19 17:34:11,759 - org.apache.commons.logging.Log -INFO - clickonSigninPagepassed
2022-10-19 17:34:11,761 - org.apache.commons.logging.Log -INFO - 
2022-10-19 17:34:17,659 - org.apache.commons.logging.Log -INFO - Passed Testcase ....null
2022-10-19 17:34:17,659 - org.apache.commons.logging.Log -INFO - Click_HomePagepassed
2022-10-19 17:34:17,660 - org.apache.commons.logging.Log -INFO - 
2022-10-19 17:34:24,933 - org.apache.commons.logging.Log -INFO - Passed Testcase ....null
2022-10-19 17:34:24,934 - org.apache.commons.logging.Log -INFO - Search_Mutualfundpassed
2022-10-19 17:34:24,937 - org.apache.commons.logging.Log -INFO - 
2022-10-19 17:34:27,030 - org.apache.commons.logging.Log -INFO - click on invest button
2022-10-19 17:34:27,031 - org.apache.commons.logging.Log -INFO - Passed Testcase ....null
2022-10-19 17:34:27,031 - org.apache.commons.logging.Log -INFO - click_INVESTpassed
2022-10-19 17:34:27,033 - org.apache.commons.logging.Log -INFO - 
2022-10-19 17:34:29,149 - org.apache.commons.logging.Log -INFO - select payment mode as Netbanking
2022-10-19 17:34:29,222 - org.apache.commons.logging.Log -INFO - click on conform and continue button
2022-10-19 17:34:29,223 - org.apache.commons.logging.Log -INFO - Passed Testcase ....null
2022-10-19 17:34:29,224 - org.apache.commons.logging.Log -INFO - Select_PaymentModepassed
2022-10-19 17:34:29,226 - org.apache.commons.logging.Log -INFO - 
2022-10-19 17:34:31,405 - org.apache.commons.logging.Log -INFO - verify otp number
2022-10-19 17:34:31,406 - org.apache.commons.logging.Log -INFO - Passed Testcase ....null
2022-10-19 17:34:31,407 - org.apache.commons.logging.Log -INFO - Click_VerifyOTPpassed
2022-10-19 17:34:31,410 - org.apache.commons.logging.Log -INFO - 
2022-10-19 17:34:35,799 - org.apache.commons.logging.Log -INFO - Passed Testcase ....null
2022-10-19 17:34:35,801 - org.apache.commons.logging.Log -INFO - enterotpnumpassed
2022-10-19 17:34:35,801 - org.apache.commons.logging.Log -INFO - 
2022-10-19 17:35:09,139 - org.apache.commons.logging.Log -INFO - Passed Testcase ....null
2022-10-19 17:35:09,140 - org.apache.commons.logging.Log -INFO - RedirectNetbankingurlpassed
2022-10-19 17:35:09,148 - org.apache.commons.logging.Log -INFO - ................On Finish  Testcases..... ....Normal_lumpsumNetbanking
2022-10-19 17:35:14,659 - org.apache.commons.logging.Log -INFO - 
2022-10-19 17:35:14,768 - org.apache.commons.logging.Log -INFO - Click on sign button
2022-10-19 17:35:14,868 - org.apache.commons.logging.Log -INFO - Enter Username
2022-10-19 17:35:14,951 - org.apache.commons.logging.Log -INFO - Enter Password
2022-10-19 17:35:15,047 - org.apache.commons.logging.Log -INFO - click on sign button
2022-10-19 17:35:15,049 - org.apache.commons.logging.Log -INFO - Passed Testcase ....null
2022-10-19 17:35:15,049 - org.apache.commons.logging.Log -INFO - ClickonSigninPagepassed
2022-10-19 17:35:15,051 - org.apache.commons.logging.Log -INFO - 
2022-10-19 17:35:17,673 - org.apache.commons.logging.Log -INFO - Passed Testcase ....null
2022-10-19 17:35:17,674 - org.apache.commons.logging.Log -INFO - Clickon_TotalInvestmentvaluepassed
2022-10-19 17:35:17,675 - org.apache.commons.logging.Log -INFO - 
2022-10-19 17:35:20,421 - org.apache.commons.logging.Log -INFO - Passed Testcase ....null
2022-10-19 17:35:20,423 - org.apache.commons.logging.Log -INFO - Click_HomePagepassed
2022-10-19 17:35:20,425 - org.apache.commons.logging.Log -INFO - 
2022-10-19 17:35:27,446 - org.apache.commons.logging.Log -INFO - Passed Testcase ....null
2022-10-19 17:35:27,447 - org.apache.commons.logging.Log -INFO - search_mutualfundspassed
2022-10-19 17:35:27,450 - org.apache.commons.logging.Log -INFO - 
2022-10-19 17:35:33,750 - org.apache.commons.logging.Log -INFO - Passed Testcase ....null
2022-10-19 17:35:33,750 - org.apache.commons.logging.Log -INFO - Click_Normalsippassed
2022-10-19 17:35:33,752 - org.apache.commons.logging.Log -INFO - 
2022-10-19 17:35:36,094 - org.apache.commons.logging.Log -INFO - Passed Testcase ....null
2022-10-19 17:35:36,094 - org.apache.commons.logging.Log -INFO - Click_sipcontinuebtnpassed
2022-10-19 17:35:36,095 - org.apache.commons.logging.Log -INFO - 
2022-10-19 17:35:39,326 - org.apache.commons.logging.Log -INFO - Passed Testcase ....null
2022-10-19 17:35:39,327 - org.apache.commons.logging.Log -INFO - InstallementStartdatepassed
2022-10-19 17:35:39,329 - org.apache.commons.logging.Log -INFO - 
2022-10-19 17:46:55,292 - org.apache.commons.logging.Log -INFO - Click on sign button
2022-10-19 17:46:55,453 - org.apache.commons.logging.Log -INFO - Enter Username
2022-10-19 17:46:55,570 - org.apache.commons.logging.Log -INFO - Enter Password
2022-10-19 17:46:55,686 - org.apache.commons.logging.Log -INFO - click on sign button
2022-10-19 17:46:55,694 - org.apache.commons.logging.Log -INFO - Passed Testcase ....null
2022-10-19 17:46:55,700 - org.apache.commons.logging.Log -INFO - clickonSigninPagepassed
2022-10-19 17:46:55,705 - org.apache.commons.logging.Log -INFO - 
2022-10-19 17:46:59,814 - org.apache.commons.logging.Log -INFO - Passed Testcase ....null
2022-10-19 17:46:59,815 - org.apache.commons.logging.Log -INFO - clickonbasketpagepassed
2022-10-19 17:46:59,816 - org.apache.commons.logging.Log -INFO - 
2022-10-19 17:47:03,472 - org.apache.commons.logging.Log -INFO - Passed Testcase ....null
2022-10-19 17:47:03,474 - org.apache.commons.logging.Log -INFO - Clickonconservativepassed
2022-10-19 17:47:03,476 - org.apache.commons.logging.Log -INFO - 
2022-10-19 17:47:06,565 - org.apache.commons.logging.Log -INFO - Passed Testcase ....null
2022-10-19 17:47:06,567 - org.apache.commons.logging.Log -INFO - clickoninvestpassed
2022-10-19 17:47:06,568 - org.apache.commons.logging.Log -INFO - 
2022-10-19 17:47:08,789 - org.apache.commons.logging.Log -INFO - Passed Testcase ....null
2022-10-19 17:47:08,790 - org.apache.commons.logging.Log -INFO - clickonpaymentmodepassed
2022-10-19 17:47:08,793 - org.apache.commons.logging.Log -INFO - 
2022-10-19 17:47:13,012 - org.apache.commons.logging.Log -INFO - Passed Testcase ....null
2022-10-19 17:47:13,012 - org.apache.commons.logging.Log -INFO - clickon_Enter_UtrNopassed
2022-10-19 17:47:13,014 - org.apache.commons.logging.Log -INFO - 
2022-10-19 17:47:15,198 - org.apache.commons.logging.Log -INFO - Passed Testcase ....null
2022-10-19 17:47:15,199 - org.apache.commons.logging.Log -INFO - ClickonVerifyOTPpassed
2022-10-19 17:47:15,201 - org.apache.commons.logging.Log -INFO - 
2022-10-19 17:47:22,865 - org.apache.commons.logging.Log -INFO - Passed Testcase ....null
2022-10-19 17:47:22,866 - org.apache.commons.logging.Log -INFO - enterotpnumpassed
2022-10-19 17:47:22,868 - org.apache.commons.logging.Log -INFO - 
2022-10-19 17:47:25,445 - org.apache.commons.logging.Log -INFO - Passed Testcase ....null
2022-10-19 17:47:25,446 - org.apache.commons.logging.Log -INFO - show_orderplaced_popuppassed
2022-10-19 17:47:25,448 - org.apache.commons.logging.Log -INFO - 
2022-10-19 17:47:28,636 - org.apache.commons.logging.Log -INFO - Passed Testcase ....null
2022-10-19 17:47:28,636 - org.apache.commons.logging.Log -INFO - Clickon_logoutpassed
2022-10-19 17:47:28,639 - org.apache.commons.logging.Log -INFO - 
2022-10-19 17:47:47,524 - org.apache.commons.logging.Log -INFO - Passed Testcase ....null
2022-10-19 17:47:47,525 - org.apache.commons.logging.Log -INFO - Click_logoutbtnpassed
2022-10-19 17:47:47,544 - org.apache.commons.logging.Log -INFO - ................On Finish  Testcases..... ....BasketLumpsumorder
2022-10-19 17:47:52,432 - org.apache.commons.logging.Log -INFO - 
2022-10-19 17:47:52,547 - org.apache.commons.logging.Log -INFO - Click on sign button
2022-10-19 17:47:52,644 - org.apache.commons.logging.Log -INFO - Enter Username
2022-10-19 17:47:52,732 - org.apache.commons.logging.Log -INFO - Enter Password
2022-10-19 17:47:52,823 - org.apache.commons.logging.Log -INFO - click on sign button
2022-10-19 17:47:52,826 - org.apache.commons.logging.Log -INFO - Passed Testcase ....null
2022-10-19 17:47:52,827 - org.apache.commons.logging.Log -INFO - clickonSigninPagepassed
2022-10-19 17:47:52,829 - org.apache.commons.logging.Log -INFO - 
2022-10-19 17:47:55,747 - org.apache.commons.logging.Log -INFO - Passed Testcase ....null
2022-10-19 17:47:55,748 - org.apache.commons.logging.Log -INFO - clickonbasketpagepassed
2022-10-19 17:47:55,749 - org.apache.commons.logging.Log -INFO - 
2022-10-19 17:47:59,904 - org.apache.commons.logging.Log -INFO - Passed Testcase ....null
2022-10-19 17:47:59,905 - org.apache.commons.logging.Log -INFO - Clickonconservativepassed
2022-10-19 17:47:59,907 - org.apache.commons.logging.Log -INFO - 
2022-10-19 17:48:02,991 - org.apache.commons.logging.Log -INFO - Passed Testcase ....null
2022-10-19 17:48:02,992 - org.apache.commons.logging.Log -INFO - clickoninvestpassed
2022-10-19 17:48:02,993 - org.apache.commons.logging.Log -INFO - 
2022-10-19 17:48:05,210 - org.apache.commons.logging.Log -INFO - Passed Testcase ....null
2022-10-19 17:48:05,210 - org.apache.commons.logging.Log -INFO - clickonpaymentmodepassed
2022-10-19 17:48:05,212 - org.apache.commons.logging.Log -INFO - 
2022-10-19 17:48:07,375 - org.apache.commons.logging.Log -INFO - Passed Testcase ....null
2022-10-19 17:48:07,376 - org.apache.commons.logging.Log -INFO - ClickonVerifyOTPpassed
2022-10-19 17:48:07,377 - org.apache.commons.logging.Log -INFO - 
2022-10-19 17:48:14,756 - org.apache.commons.logging.Log -INFO - Passed Testcase ....null
2022-10-19 17:48:14,757 - org.apache.commons.logging.Log -INFO - enterotpnumpassed
2022-10-19 17:48:14,758 - org.apache.commons.logging.Log -INFO - 
2022-10-19 17:48:17,873 - org.apache.commons.logging.Log -INFO - Passed Testcase ....null
2022-10-19 17:48:17,873 - org.apache.commons.logging.Log -INFO - RedirectNetbankingurlpassed
2022-10-19 17:48:17,876 - org.apache.commons.logging.Log -INFO - 
2022-10-19 17:48:21,040 - org.apache.commons.logging.Log -INFO - Passed Testcase ....null
2022-10-19 17:48:21,041 - org.apache.commons.logging.Log -INFO - Clickon_logoutpassed
2022-10-19 17:48:21,043 - org.apache.commons.logging.Log -INFO - 
2022-10-19 17:48:39,902 - org.apache.commons.logging.Log -INFO - Passed Testcase ....null
2022-10-19 17:48:39,903 - org.apache.commons.logging.Log -INFO - Click_logoutbtnpassed
2022-10-19 17:48:39,909 - org.apache.commons.logging.Log -INFO - ................On Finish  Testcases..... ....BasketLumpsumorder_NetBanking
2022-10-19 17:48:44,365 - org.apache.commons.logging.Log -INFO - 
2022-10-19 17:48:44,477 - org.apache.commons.logging.Log -INFO - Click on sign button
2022-10-19 17:48:44,569 - org.apache.commons.logging.Log -INFO - Enter Username
2022-10-19 17:48:44,649 - org.apache.commons.logging.Log -INFO - Enter Password
2022-10-19 17:48:44,733 - org.apache.commons.logging.Log -INFO - click on sign button
2022-10-19 17:48:44,737 - org.apache.commons.logging.Log -INFO - Passed Testcase ....null
2022-10-19 17:48:44,738 - org.apache.commons.logging.Log -INFO - clickonSigninPagepassed
2022-10-19 17:48:44,742 - org.apache.commons.logging.Log -INFO - 
2022-10-19 17:48:47,332 - org.apache.commons.logging.Log -INFO - Passed Testcase ....null
2022-10-19 17:48:47,332 - org.apache.commons.logging.Log -INFO - Click_HomePagepassed
2022-10-19 17:48:47,335 - org.apache.commons.logging.Log -INFO - 
2022-10-19 17:48:54,559 - org.apache.commons.logging.Log -INFO - Passed Testcase ....null
2022-10-19 17:48:54,561 - org.apache.commons.logging.Log -INFO - Search_Mutualfundpassed
2022-10-19 17:48:54,566 - org.apache.commons.logging.Log -INFO - 
2022-10-19 17:48:56,679 - org.apache.commons.logging.Log -INFO - click on invest button
2022-10-19 17:48:56,681 - org.apache.commons.logging.Log -INFO - Passed Testcase ....null
2022-10-19 17:48:56,681 - org.apache.commons.logging.Log -INFO - click_INVESTpassed
2022-10-19 17:48:56,682 - org.apache.commons.logging.Log -INFO - 
2022-10-19 17:48:58,770 - org.apache.commons.logging.Log -INFO - select payment mode as Netbanking
2022-10-19 17:48:58,853 - org.apache.commons.logging.Log -INFO - click on conform and continue button
2022-10-19 17:48:58,854 - org.apache.commons.logging.Log -INFO - Passed Testcase ....null
2022-10-19 17:48:58,855 - org.apache.commons.logging.Log -INFO - Select_PaymentModepassed
2022-10-19 17:48:58,856 - org.apache.commons.logging.Log -INFO - 
2022-10-19 17:49:01,039 - org.apache.commons.logging.Log -INFO - verify otp number
2022-10-19 17:49:01,040 - org.apache.commons.logging.Log -INFO - Passed Testcase ....null
2022-10-19 17:49:01,040 - org.apache.commons.logging.Log -INFO - Click_VerifyOTPpassed
2022-10-19 17:49:01,042 - org.apache.commons.logging.Log -INFO - 
2022-10-19 17:49:05,437 - org.apache.commons.logging.Log -INFO - Passed Testcase ....null
2022-10-19 17:49:05,437 - org.apache.commons.logging.Log -INFO - enterotpnumpassed
2022-10-19 17:49:05,439 - org.apache.commons.logging.Log -INFO - 
2022-10-19 17:49:22,351 - org.apache.commons.logging.Log -INFO - Passed Testcase ....null
2022-10-19 17:49:22,352 - org.apache.commons.logging.Log -INFO - RedirectNetbankingurlpassed
2022-10-19 17:49:22,360 - org.apache.commons.logging.Log -INFO - ................On Finish  Testcases..... ....Normal_lumpsumNetbanking
2022-10-19 17:49:22,392 - org.apache.commons.logging.Log -INFO - 
2022-10-19 17:49:30,522 - org.apache.commons.logging.Log -INFO - Passed Testcase ....null
2022-10-19 17:49:30,523 - org.apache.commons.logging.Log -INFO - Email_sendnotificationpassed
2022-10-19 17:49:30,554 - org.apache.commons.logging.Log -INFO - ................On Finish  Testcases..... ....Email_send
2022-11-11 17:04:48,558 - org.apache.commons.logging.Log -INFO - Click on sign button
2022-11-11 17:04:48,695 - org.apache.commons.logging.Log -INFO - Enter Username
2022-11-11 17:04:48,763 - org.apache.commons.logging.Log -INFO - Enter Password
2022-11-11 17:04:48,847 - org.apache.commons.logging.Log -INFO - click on sign button
