2022-10-12 18:37:58,982 [main] INFO org.apache.commons.logging.Log - Click on sign button
2022-10-12 18:37:59,117 [main] INFO org.apache.commons.logging.Log - Enter Username
2022-10-12 18:37:59,201 [main] INFO org.apache.commons.logging.Log - Enter Password
2022-10-12 18:37:59,294 [main] INFO org.apache.commons.logging.Log - click on sign button
2022-10-12 18:38:33,725 [main] INFO org.apache.commons.logging.Log - Click on sign button
2022-10-12 18:38:33,880 [main] INFO org.apache.commons.logging.Log - Enter Username
2022-10-12 18:38:34,032 [main] INFO org.apache.commons.logging.Log - Enter Password
2022-10-12 18:38:34,165 [main] INFO org.apache.commons.logging.Log - click on sign button
2022-10-12 18:39:39,492 [main] INFO org.apache.commons.logging.Log - Click on sign button
2022-10-12 18:39:39,615 [main] INFO org.apache.commons.logging.Log - Enter Username
2022-10-12 18:39:39,712 [main] INFO org.apache.commons.logging.Log - Enter Password
2022-10-12 18:39:39,820 [main] INFO org.apache.commons.logging.Log - click on sign button
2022-10-12 18:49:03,157 [main] INFO org.apache.commons.logging.Log - Click on sign button
2022-10-12 18:49:03,328 [main] INFO org.apache.commons.logging.Log - Enter Username
2022-10-12 18:49:03,436 [main] INFO org.apache.commons.logging.Log - Enter Password
2022-10-12 18:49:03,553 [main] INFO org.apache.commons.logging.Log - click on sign button
2022-10-13 10:21:58,410 [main] INFO org.apache.commons.logging.Log - Click on sign button
2022-10-13 10:21:58,556 [main] INFO org.apache.commons.logging.Log - Enter Username
2022-10-13 10:21:58,638 [main] INFO org.apache.commons.logging.Log - Enter Password
2022-10-13 10:21:58,773 [main] INFO org.apache.commons.logging.Log - click on sign button
2022-10-13 10:27:47,700 [main] INFO org.apache.commons.logging.Log - Click on sign button
2022-10-13 10:27:47,834 [main] INFO org.apache.commons.logging.Log - Enter Username
2022-10-13 10:27:47,928 [main] INFO org.apache.commons.logging.Log - Enter Password
2022-10-13 10:27:48,041 [main] INFO org.apache.commons.logging.Log - click on sign button
2022-10-13 10:28:37,927 [main] INFO org.apache.commons.logging.Log - Failure  because of ....org.openqa.selenium.ElementClickInterceptedException: element click intercepted: Element is not clickable at point (852, -41)
  (Session info: chrome=106.0.5249.119)
Build info: version: '3.141.59', revision: 'e82be7d358', time: '2018-11-14T08:17:03'
System info: host: 'DESKTOP-KMVAA5F', ip: '192.168.80.48', os.name: 'Windows 10', os.arch: 'amd64', os.version: '10.0', java.version: '11'
Driver info: org.openqa.selenium.chrome.ChromeDriver
Capabilities {acceptInsecureCerts: false, browserName: chrome, browserVersion: 106.0.5249.119, chrome: {chromedriverVersion: 106.0.5249.61 (511755355844..., userDataDir: C:\Users\samco\AppData\Loca...}, goog:chromeOptions: {debuggerAddress: localhost:53997}, javascriptEnabled: true, networkConnectionEnabled: false, pageLoadStrategy: normal, platform: WINDOWS, platformName: WINDOWS, proxy: Proxy(), setWindowRect: true, strictFileInteractability: false, timeouts: {implicit: 0, pageLoad: 300000, script: 30000}, unhandledPromptBehavior: dismiss and notify, webauthn:extension:credBlob: true, webauthn:extension:largeBlob: true, webauthn:virtualAuthenticators: true}
Session ID: 9a1e96ab3aa1351172b74b28021d93af
2022-10-13 10:28:38,247 [main] INFO org.apache.commons.logging.Log - 
2022-10-13 10:28:38,249 [main] INFO org.apache.commons.logging.Log - Skipped because of ....java.lang.Throwable: Method BasketLumpsum_NEFTTest.clickonbasketpage()[pri:0, instance:com.Test.Rankmfselenium.BasketLumpsum_NEFTTest@12359a82] depends on not successfully finished methods
2022-10-13 10:28:38,251 [main] INFO org.apache.commons.logging.Log - 
2022-10-13 10:28:38,252 [main] INFO org.apache.commons.logging.Log - Skipped because of ....java.lang.Throwable: Method BasketLumpsum_NEFTTest.Clickonconservative()[pri:0, instance:com.Test.Rankmfselenium.BasketLumpsum_NEFTTest@12359a82] depends on not successfully finished methods
2022-10-13 10:28:38,254 [main] INFO org.apache.commons.logging.Log - 
2022-10-13 10:28:38,255 [main] INFO org.apache.commons.logging.Log - Skipped because of ....java.lang.Throwable: Method BasketLumpsum_NEFTTest.clickoninvest()[pri:0, instance:com.Test.Rankmfselenium.BasketLumpsum_NEFTTest@12359a82] depends on not successfully finished methods
2022-10-13 10:28:38,258 [main] INFO org.apache.commons.logging.Log - 
2022-10-13 10:28:38,259 [main] INFO org.apache.commons.logging.Log - Skipped because of ....java.lang.Throwable: Method BasketLumpsum_NEFTTest.clickonpaymentmode()[pri:0, instance:com.Test.Rankmfselenium.BasketLumpsum_NEFTTest@12359a82] depends on not successfully finished methods
2022-10-13 10:28:38,261 [main] INFO org.apache.commons.logging.Log - 
2022-10-13 10:28:38,264 [main] INFO org.apache.commons.logging.Log - Skipped because of ....java.lang.Throwable: Method BasketLumpsum_NEFTTest.clickon_Enter_UtrNo()[pri:0, instance:com.Test.Rankmfselenium.BasketLumpsum_NEFTTest@12359a82] depends on not successfully finished methods
2022-10-13 10:28:38,267 [main] INFO org.apache.commons.logging.Log - 
2022-10-13 10:28:38,269 [main] INFO org.apache.commons.logging.Log - Skipped because of ....java.lang.Throwable: Method BasketLumpsum_NEFTTest.ClickonVerifyOTP()[pri:0, instance:com.Test.Rankmfselenium.BasketLumpsum_NEFTTest@12359a82] depends on not successfully finished methods
2022-10-13 10:28:38,272 [main] INFO org.apache.commons.logging.Log - 
2022-10-13 10:28:38,274 [main] INFO org.apache.commons.logging.Log - Skipped because of ....java.lang.Throwable: Method BasketLumpsum_NEFTTest.enterotpnum()[pri:0, instance:com.Test.Rankmfselenium.BasketLumpsum_NEFTTest@12359a82] depends on not successfully finished methods
2022-10-13 10:28:38,275 [main] INFO org.apache.commons.logging.Log - 
2022-10-13 10:28:38,278 [main] INFO org.apache.commons.logging.Log - Skipped because of ....java.lang.Throwable: Method BasketLumpsum_NEFTTest.show_orderplaced_popup()[pri:0, instance:com.Test.Rankmfselenium.BasketLumpsum_NEFTTest@12359a82] depends on not successfully finished methods
2022-10-13 10:28:38,280 [main] INFO org.apache.commons.logging.Log - 
2022-10-13 10:28:38,281 [main] INFO org.apache.commons.logging.Log - Skipped because of ....java.lang.Throwable: Method BasketLumpsum_NEFTTest.Email_sendnotification()[pri:0, instance:com.Test.Rankmfselenium.BasketLumpsum_NEFTTest@12359a82] depends on not successfully finished methods
2022-10-13 10:28:38,306 [main] INFO org.apache.commons.logging.Log - ................On Finish  Testcases..... ....BasketLumpsumorder
2022-10-13 10:29:05,640 [main] INFO org.apache.commons.logging.Log - Click on sign button
2022-10-13 10:29:05,791 [main] INFO org.apache.commons.logging.Log - Enter Username
2022-10-13 10:29:05,870 [main] INFO org.apache.commons.logging.Log - Enter Password
2022-10-13 10:29:05,961 [main] INFO org.apache.commons.logging.Log - click on sign button
2022-10-13 10:29:05,968 [main] INFO org.apache.commons.logging.Log - Failure  because of ....java.lang.NullPointerException
2022-10-13 10:29:09,034 [main] INFO org.apache.commons.logging.Log - 
2022-10-13 10:29:09,036 [main] INFO org.apache.commons.logging.Log - Skipped because of ....java.lang.Throwable: Method BasketLumpsum_NEFTTest.clickonbasketpage()[pri:0, instance:com.Test.Rankmfselenium.BasketLumpsum_NEFTTest@12359a82] depends on not successfully finished methods
2022-10-13 10:29:09,039 [main] INFO org.apache.commons.logging.Log - 
2022-10-13 10:29:09,040 [main] INFO org.apache.commons.logging.Log - Skipped because of ....java.lang.Throwable: Method BasketLumpsum_NEFTTest.Clickonconservative()[pri:0, instance:com.Test.Rankmfselenium.BasketLumpsum_NEFTTest@12359a82] depends on not successfully finished methods
2022-10-13 10:29:09,042 [main] INFO org.apache.commons.logging.Log - 
2022-10-13 10:29:09,044 [main] INFO org.apache.commons.logging.Log - Skipped because of ....java.lang.Throwable: Method BasketLumpsum_NEFTTest.clickoninvest()[pri:0, instance:com.Test.Rankmfselenium.BasketLumpsum_NEFTTest@12359a82] depends on not successfully finished methods
2022-10-13 10:29:09,046 [main] INFO org.apache.commons.logging.Log - 
2022-10-13 10:29:09,048 [main] INFO org.apache.commons.logging.Log - Skipped because of ....java.lang.Throwable: Method BasketLumpsum_NEFTTest.clickonpaymentmode()[pri:0, instance:com.Test.Rankmfselenium.BasketLumpsum_NEFTTest@12359a82] depends on not successfully finished methods
2022-10-13 10:29:09,051 [main] INFO org.apache.commons.logging.Log - 
2022-10-13 10:29:09,053 [main] INFO org.apache.commons.logging.Log - Skipped because of ....java.lang.Throwable: Method BasketLumpsum_NEFTTest.clickon_Enter_UtrNo()[pri:0, instance:com.Test.Rankmfselenium.BasketLumpsum_NEFTTest@12359a82] depends on not successfully finished methods
2022-10-13 10:29:09,056 [main] INFO org.apache.commons.logging.Log - 
2022-10-13 10:29:09,059 [main] INFO org.apache.commons.logging.Log - Skipped because of ....java.lang.Throwable: Method BasketLumpsum_NEFTTest.ClickonVerifyOTP()[pri:0, instance:com.Test.Rankmfselenium.BasketLumpsum_NEFTTest@12359a82] depends on not successfully finished methods
2022-10-13 10:29:09,061 [main] INFO org.apache.commons.logging.Log - 
2022-10-13 10:29:09,068 [main] INFO org.apache.commons.logging.Log - Skipped because of ....java.lang.Throwable: Method BasketLumpsum_NEFTTest.enterotpnum()[pri:0, instance:com.Test.Rankmfselenium.BasketLumpsum_NEFTTest@12359a82] depends on not successfully finished methods
2022-10-13 10:29:09,070 [main] INFO org.apache.commons.logging.Log - 
2022-10-13 10:29:09,071 [main] INFO org.apache.commons.logging.Log - Skipped because of ....java.lang.Throwable: Method BasketLumpsum_NEFTTest.show_orderplaced_popup()[pri:0, instance:com.Test.Rankmfselenium.BasketLumpsum_NEFTTest@12359a82] depends on not successfully finished methods
2022-10-13 10:29:09,073 [main] INFO org.apache.commons.logging.Log - 
2022-10-13 10:29:09,074 [main] INFO org.apache.commons.logging.Log - Skipped because of ....java.lang.Throwable: Method BasketLumpsum_NEFTTest.Email_sendnotification()[pri:0, instance:com.Test.Rankmfselenium.BasketLumpsum_NEFTTest@12359a82] depends on not successfully finished methods
2022-10-13 10:29:09,098 [main] INFO org.apache.commons.logging.Log - ................On Finish  Testcases..... ....BasketLumpsumorder
2022-10-13 10:30:11,550 [main] INFO org.apache.commons.logging.Log - Click on sign button
2022-10-13 10:30:11,639 [main] INFO org.apache.commons.logging.Log - Enter Username
2022-10-13 10:30:11,774 [main] INFO org.apache.commons.logging.Log - Enter Password
2022-10-13 10:30:11,897 [main] INFO org.apache.commons.logging.Log - click on sign button
2022-10-13 10:30:11,908 [main] INFO org.apache.commons.logging.Log - clickonSigninPagepassed
2022-10-13 10:30:11,918 [main] INFO org.apache.commons.logging.Log - 
2022-10-13 10:30:16,378 [main] INFO org.apache.commons.logging.Log - clickonbasketpagepassed
2022-10-13 10:30:16,381 [main] INFO org.apache.commons.logging.Log - 
2022-10-13 10:30:20,330 [main] INFO org.apache.commons.logging.Log - Clickonconservativepassed
2022-10-13 10:30:20,333 [main] INFO org.apache.commons.logging.Log - 
2022-10-13 10:30:23,410 [main] INFO org.apache.commons.logging.Log - clickoninvestpassed
2022-10-13 10:30:23,412 [main] INFO org.apache.commons.logging.Log - 
2022-10-13 10:30:25,620 [main] INFO org.apache.commons.logging.Log - clickonpaymentmodepassed
2022-10-13 10:30:25,622 [main] INFO org.apache.commons.logging.Log - 
2022-10-13 10:30:29,850 [main] INFO org.apache.commons.logging.Log - clickon_Enter_UtrNopassed
2022-10-13 10:30:29,852 [main] INFO org.apache.commons.logging.Log - 
2022-10-13 10:30:32,018 [main] INFO org.apache.commons.logging.Log - ClickonVerifyOTPpassed
2022-10-13 10:30:32,021 [main] INFO org.apache.commons.logging.Log - 
2022-10-13 10:30:40,317 [main] INFO org.apache.commons.logging.Log - enterotpnumpassed
2022-10-13 10:30:40,320 [main] INFO org.apache.commons.logging.Log - 
2022-10-13 10:30:43,091 [main] INFO org.apache.commons.logging.Log - show_orderplaced_popuppassed
2022-10-13 10:30:43,094 [main] INFO org.apache.commons.logging.Log - 
2022-10-13 10:30:52,549 [main] INFO org.apache.commons.logging.Log - Email_sendnotificationpassed
2022-10-13 10:30:52,574 [main] INFO org.apache.commons.logging.Log - ................On Finish  Testcases..... ....BasketLumpsumorder
2022-10-13 10:32:54,372 [main] INFO org.apache.commons.logging.Log - Click on sign button
2022-10-13 10:32:54,509 [main] INFO org.apache.commons.logging.Log - Enter Username
2022-10-13 10:32:54,615 [main] INFO org.apache.commons.logging.Log - Enter Password
2022-10-13 10:32:54,714 [main] INFO org.apache.commons.logging.Log - click on sign button
2022-10-13 10:32:54,725 [main] INFO org.apache.commons.logging.Log - clickonSigninPagepassed
2022-10-13 10:32:54,730 [main] INFO org.apache.commons.logging.Log - 
2022-10-13 10:33:05,764 [main] INFO org.apache.commons.logging.Log - clickonbasketpagepassed
2022-10-13 10:33:05,765 [main] INFO org.apache.commons.logging.Log - 
2022-10-13 10:33:10,807 [main] INFO org.apache.commons.logging.Log - Clickonconservativepassed
2022-10-13 10:33:10,811 [main] INFO org.apache.commons.logging.Log - 
2022-10-13 10:33:13,916 [main] INFO org.apache.commons.logging.Log - clickoninvestpassed
2022-10-13 10:33:13,919 [main] INFO org.apache.commons.logging.Log - 
2022-10-13 10:33:16,148 [main] INFO org.apache.commons.logging.Log - clickonpaymentmodepassed
2022-10-13 10:33:16,151 [main] INFO org.apache.commons.logging.Log - 
2022-10-13 10:33:20,393 [main] INFO org.apache.commons.logging.Log - clickon_Enter_UtrNopassed
2022-10-13 10:33:20,395 [main] INFO org.apache.commons.logging.Log - 
2022-10-13 10:33:22,583 [main] INFO org.apache.commons.logging.Log - ClickonVerifyOTPpassed
2022-10-13 10:33:22,585 [main] INFO org.apache.commons.logging.Log - 
2022-10-13 10:33:31,271 [main] INFO org.apache.commons.logging.Log - enterotpnumpassed
2022-10-13 10:33:31,274 [main] INFO org.apache.commons.logging.Log - 
2022-10-13 10:33:34,144 [main] INFO org.apache.commons.logging.Log - show_orderplaced_popuppassed
2022-10-13 10:33:34,147 [main] INFO org.apache.commons.logging.Log - 
2022-10-13 10:33:42,599 [main] INFO org.apache.commons.logging.Log - Email_sendnotificationpassed
2022-10-13 10:33:42,613 [main] INFO org.apache.commons.logging.Log - ................On Finish  Testcases..... ....BasketLumpsumorder
2022-10-13 10:39:24,309 [main] INFO org.apache.commons.logging.Log - Click on sign button
2022-10-13 10:39:24,432 [main] INFO org.apache.commons.logging.Log - Enter Username
2022-10-13 10:39:24,547 [main] INFO org.apache.commons.logging.Log - Enter Password
2022-10-13 10:39:24,667 [main] INFO org.apache.commons.logging.Log - click on sign button
2022-10-13 10:39:24,675 [main] INFO org.apache.commons.logging.Log - Passed Testcase ....null
2022-10-13 10:39:24,682 [main] INFO org.apache.commons.logging.Log - Failure  because of ....java.lang.NullPointerException
2022-10-13 10:39:30,286 [main] INFO org.apache.commons.logging.Log - 
2022-10-13 10:39:30,288 [main] INFO org.apache.commons.logging.Log - Skipped because of ....java.lang.Throwable: Method BasketLumpsum_NEFTTest.clickonbasketpage()[pri:0, instance:com.Test.Rankmfselenium.BasketLumpsum_NEFTTest@12359a82] depends on not successfully finished methods
2022-10-13 10:39:30,291 [main] INFO org.apache.commons.logging.Log - 
2022-10-13 10:39:30,292 [main] INFO org.apache.commons.logging.Log - Skipped because of ....java.lang.Throwable: Method BasketLumpsum_NEFTTest.Clickonconservative()[pri:0, instance:com.Test.Rankmfselenium.BasketLumpsum_NEFTTest@12359a82] depends on not successfully finished methods
2022-10-13 10:39:30,295 [main] INFO org.apache.commons.logging.Log - 
2022-10-13 10:39:30,297 [main] INFO org.apache.commons.logging.Log - Skipped because of ....java.lang.Throwable: Method BasketLumpsum_NEFTTest.clickoninvest()[pri:0, instance:com.Test.Rankmfselenium.BasketLumpsum_NEFTTest@12359a82] depends on not successfully finished methods
2022-10-13 10:39:30,301 [main] INFO org.apache.commons.logging.Log - 
2022-10-13 10:39:30,304 [main] INFO org.apache.commons.logging.Log - Skipped because of ....java.lang.Throwable: Method BasketLumpsum_NEFTTest.clickonpaymentmode()[pri:0, instance:com.Test.Rankmfselenium.BasketLumpsum_NEFTTest@12359a82] depends on not successfully finished methods
2022-10-13 10:39:30,307 [main] INFO org.apache.commons.logging.Log - 
2022-10-13 10:39:30,308 [main] INFO org.apache.commons.logging.Log - Skipped because of ....java.lang.Throwable: Method BasketLumpsum_NEFTTest.clickon_Enter_UtrNo()[pri:0, instance:com.Test.Rankmfselenium.BasketLumpsum_NEFTTest@12359a82] depends on not successfully finished methods
2022-10-13 10:39:30,311 [main] INFO org.apache.commons.logging.Log - 
2022-10-13 10:39:30,313 [main] INFO org.apache.commons.logging.Log - Skipped because of ....java.lang.Throwable: Method BasketLumpsum_NEFTTest.ClickonVerifyOTP()[pri:0, instance:com.Test.Rankmfselenium.BasketLumpsum_NEFTTest@12359a82] depends on not successfully finished methods
2022-10-13 10:39:30,320 [main] INFO org.apache.commons.logging.Log - 
2022-10-13 10:39:30,321 [main] INFO org.apache.commons.logging.Log - Skipped because of ....java.lang.Throwable: Method BasketLumpsum_NEFTTest.enterotpnum()[pri:0, instance:com.Test.Rankmfselenium.BasketLumpsum_NEFTTest@12359a82] depends on not successfully finished methods
2022-10-13 10:39:30,323 [main] INFO org.apache.commons.logging.Log - 
2022-10-13 10:39:30,324 [main] INFO org.apache.commons.logging.Log - Skipped because of ....java.lang.Throwable: Method BasketLumpsum_NEFTTest.show_orderplaced_popup()[pri:0, instance:com.Test.Rankmfselenium.BasketLumpsum_NEFTTest@12359a82] depends on not successfully finished methods
2022-10-13 10:39:30,326 [main] INFO org.apache.commons.logging.Log - 
2022-10-13 10:39:30,328 [main] INFO org.apache.commons.logging.Log - Skipped because of ....java.lang.Throwable: Method BasketLumpsum_NEFTTest.Email_sendnotification()[pri:0, instance:com.Test.Rankmfselenium.BasketLumpsum_NEFTTest@12359a82] depends on not successfully finished methods
2022-10-13 10:39:30,358 [main] INFO org.apache.commons.logging.Log - ................On Finish  Testcases..... ....BasketLumpsumorder
2022-10-13 10:41:18,339 [main] INFO org.apache.commons.logging.Log - Click on sign button
2022-10-13 10:41:18,521 [main] INFO org.apache.commons.logging.Log - Enter Username
2022-10-13 10:41:18,621 [main] INFO org.apache.commons.logging.Log - Enter Password
2022-10-13 10:41:18,723 [main] INFO org.apache.commons.logging.Log - click on sign button
2022-10-13 10:41:18,730 [main] INFO org.apache.commons.logging.Log - Passed Testcase ....null
2022-10-13 10:41:18,736 [main] INFO org.apache.commons.logging.Log - Failure  because of ....java.lang.NullPointerException
2022-10-13 10:41:21,048 [main] INFO org.apache.commons.logging.Log - 
2022-10-13 10:41:21,050 [main] INFO org.apache.commons.logging.Log - Skipped because of ....java.lang.Throwable: Method BasketLumpsum_NEFTTest.clickonbasketpage()[pri:0, instance:com.Test.Rankmfselenium.BasketLumpsum_NEFTTest@12359a82] depends on not successfully finished methods
2022-10-13 10:41:21,053 [main] INFO org.apache.commons.logging.Log - 
2022-10-13 10:41:21,054 [main] INFO org.apache.commons.logging.Log - Skipped because of ....java.lang.Throwable: Method BasketLumpsum_NEFTTest.Clickonconservative()[pri:0, instance:com.Test.Rankmfselenium.BasketLumpsum_NEFTTest@12359a82] depends on not successfully finished methods
2022-10-13 10:41:21,058 [main] INFO org.apache.commons.logging.Log - 
2022-10-13 10:41:21,060 [main] INFO org.apache.commons.logging.Log - Skipped because of ....java.lang.Throwable: Method BasketLumpsum_NEFTTest.clickoninvest()[pri:0, instance:com.Test.Rankmfselenium.BasketLumpsum_NEFTTest@12359a82] depends on not successfully finished methods
2022-10-13 10:41:21,063 [main] INFO org.apache.commons.logging.Log - 
2022-10-13 10:41:21,064 [main] INFO org.apache.commons.logging.Log - Skipped because of ....java.lang.Throwable: Method BasketLumpsum_NEFTTest.clickonpaymentmode()[pri:0, instance:com.Test.Rankmfselenium.BasketLumpsum_NEFTTest@12359a82] depends on not successfully finished methods
2022-10-13 10:41:21,067 [main] INFO org.apache.commons.logging.Log - 
2022-10-13 10:41:21,068 [main] INFO org.apache.commons.logging.Log - Skipped because of ....java.lang.Throwable: Method BasketLumpsum_NEFTTest.clickon_Enter_UtrNo()[pri:0, instance:com.Test.Rankmfselenium.BasketLumpsum_NEFTTest@12359a82] depends on not successfully finished methods
2022-10-13 10:41:21,072 [main] INFO org.apache.commons.logging.Log - 
2022-10-13 10:41:21,075 [main] INFO org.apache.commons.logging.Log - Skipped because of ....java.lang.Throwable: Method BasketLumpsum_NEFTTest.ClickonVerifyOTP()[pri:0, instance:com.Test.Rankmfselenium.BasketLumpsum_NEFTTest@12359a82] depends on not successfully finished methods
2022-10-13 10:41:21,082 [main] INFO org.apache.commons.logging.Log - 
2022-10-13 10:41:21,083 [main] INFO org.apache.commons.logging.Log - Skipped because of ....java.lang.Throwable: Method BasketLumpsum_NEFTTest.enterotpnum()[pri:0, instance:com.Test.Rankmfselenium.BasketLumpsum_NEFTTest@12359a82] depends on not successfully finished methods
2022-10-13 10:41:21,086 [main] INFO org.apache.commons.logging.Log - 
2022-10-13 10:41:21,088 [main] INFO org.apache.commons.logging.Log - Skipped because of ....java.lang.Throwable: Method BasketLumpsum_NEFTTest.show_orderplaced_popup()[pri:0, instance:com.Test.Rankmfselenium.BasketLumpsum_NEFTTest@12359a82] depends on not successfully finished methods
2022-10-13 10:41:21,090 [main] INFO org.apache.commons.logging.Log - 
2022-10-13 10:41:21,092 [main] INFO org.apache.commons.logging.Log - Skipped because of ....java.lang.Throwable: Method BasketLumpsum_NEFTTest.Email_sendnotification()[pri:0, instance:com.Test.Rankmfselenium.BasketLumpsum_NEFTTest@12359a82] depends on not successfully finished methods
2022-10-13 10:41:21,125 [main] INFO org.apache.commons.logging.Log - ................On Finish  Testcases..... ....BasketLumpsumorder
2022-10-13 11:04:27,317 [main] INFO org.apache.commons.logging.Log - Click on sign button
2022-10-13 11:04:27,452 [main] INFO org.apache.commons.logging.Log - Enter Username
2022-10-13 11:04:27,558 [main] INFO org.apache.commons.logging.Log - Enter Password
2022-10-13 11:04:27,661 [main] INFO org.apache.commons.logging.Log - click on sign button
2022-10-13 11:04:27,667 [main] INFO org.apache.commons.logging.Log - Passed Testcase ....null
2022-10-13 11:04:27,672 [main] INFO org.apache.commons.logging.Log - Failure  because of ....java.lang.NullPointerException
2022-10-13 11:04:31,914 [main] INFO org.apache.commons.logging.Log - 
2022-10-13 11:04:31,915 [main] INFO org.apache.commons.logging.Log - Skipped because of ....java.lang.Throwable: Method BasketLumpsum_NEFTTest.clickonbasketpage()[pri:0, instance:com.Test.Rankmfselenium.BasketLumpsum_NEFTTest@12359a82] depends on not successfully finished methods
2022-10-13 11:04:31,918 [main] INFO org.apache.commons.logging.Log - 
2022-10-13 11:04:31,920 [main] INFO org.apache.commons.logging.Log - Skipped because of ....java.lang.Throwable: Method BasketLumpsum_NEFTTest.Clickonconservative()[pri:0, instance:com.Test.Rankmfselenium.BasketLumpsum_NEFTTest@12359a82] depends on not successfully finished methods
2022-10-13 11:04:31,922 [main] INFO org.apache.commons.logging.Log - 
2022-10-13 11:04:31,924 [main] INFO org.apache.commons.logging.Log - Skipped because of ....java.lang.Throwable: Method BasketLumpsum_NEFTTest.clickoninvest()[pri:0, instance:com.Test.Rankmfselenium.BasketLumpsum_NEFTTest@12359a82] depends on not successfully finished methods
2022-10-13 11:04:31,928 [main] INFO org.apache.commons.logging.Log - 
2022-10-13 11:04:31,930 [main] INFO org.apache.commons.logging.Log - Skipped because of ....java.lang.Throwable: Method BasketLumpsum_NEFTTest.clickonpaymentmode()[pri:0, instance:com.Test.Rankmfselenium.BasketLumpsum_NEFTTest@12359a82] depends on not successfully finished methods
2022-10-13 11:04:31,932 [main] INFO org.apache.commons.logging.Log - 
2022-10-13 11:04:31,933 [main] INFO org.apache.commons.logging.Log - Skipped because of ....java.lang.Throwable: Method BasketLumpsum_NEFTTest.clickon_Enter_UtrNo()[pri:0, instance:com.Test.Rankmfselenium.BasketLumpsum_NEFTTest@12359a82] depends on not successfully finished methods
2022-10-13 11:04:31,935 [main] INFO org.apache.commons.logging.Log - 
2022-10-13 11:04:31,937 [main] INFO org.apache.commons.logging.Log - Skipped because of ....java.lang.Throwable: Method BasketLumpsum_NEFTTest.ClickonVerifyOTP()[pri:0, instance:com.Test.Rankmfselenium.BasketLumpsum_NEFTTest@12359a82] depends on not successfully finished methods
2022-10-13 11:04:31,944 [main] INFO org.apache.commons.logging.Log - 
2022-10-13 11:04:31,946 [main] INFO org.apache.commons.logging.Log - Skipped because of ....java.lang.Throwable: Method BasketLumpsum_NEFTTest.enterotpnum()[pri:0, instance:com.Test.Rankmfselenium.BasketLumpsum_NEFTTest@12359a82] depends on not successfully finished methods
2022-10-13 11:04:31,948 [main] INFO org.apache.commons.logging.Log - 
2022-10-13 11:04:31,949 [main] INFO org.apache.commons.logging.Log - Skipped because of ....java.lang.Throwable: Method BasketLumpsum_NEFTTest.show_orderplaced_popup()[pri:0, instance:com.Test.Rankmfselenium.BasketLumpsum_NEFTTest@12359a82] depends on not successfully finished methods
2022-10-13 11:04:31,951 [main] INFO org.apache.commons.logging.Log - 
2022-10-13 11:04:31,952 [main] INFO org.apache.commons.logging.Log - Skipped because of ....java.lang.Throwable: Method BasketLumpsum_NEFTTest.Email_sendnotification()[pri:0, instance:com.Test.Rankmfselenium.BasketLumpsum_NEFTTest@12359a82] depends on not successfully finished methods
2022-10-13 11:04:31,987 [main] INFO org.apache.commons.logging.Log - ................On Finish  Testcases..... ....BasketLumpsumorder
2022-10-13 11:56:04,106 [main] INFO org.apache.commons.logging.Log - Click on sign button
2022-10-13 11:56:04,218 [main] INFO org.apache.commons.logging.Log - Enter Username
2022-10-13 11:56:04,314 [main] INFO org.apache.commons.logging.Log - Enter Password
2022-10-13 11:56:04,422 [main] INFO org.apache.commons.logging.Log - click on sign button
2022-10-13 11:56:04,427 [main] INFO org.apache.commons.logging.Log - Passed Testcase ....null
2022-10-13 11:56:06,633 [main] INFO org.apache.commons.logging.Log - clickonSigninPagepassed
2022-10-13 11:56:06,636 [main] INFO org.apache.commons.logging.Log - 
2022-10-13 11:56:09,504 [main] INFO org.apache.commons.logging.Log - Passed Testcase ....null
2022-10-13 11:56:09,979 [main] INFO org.apache.commons.logging.Log - clickonbasketpagepassed
2022-10-13 11:56:09,981 [main] INFO org.apache.commons.logging.Log - 
2022-10-13 11:56:14,053 [main] INFO org.apache.commons.logging.Log - Passed Testcase ....null
2022-10-13 11:56:14,807 [main] INFO org.apache.commons.logging.Log - Clickonconservativepassed
2022-10-13 11:56:14,809 [main] INFO org.apache.commons.logging.Log - 
2022-10-13 11:56:17,921 [main] INFO org.apache.commons.logging.Log - Passed Testcase ....null
2022-10-13 11:56:18,480 [main] INFO org.apache.commons.logging.Log - clickoninvestpassed
2022-10-13 11:56:18,482 [main] INFO org.apache.commons.logging.Log - 
2022-10-13 11:56:20,700 [main] INFO org.apache.commons.logging.Log - Passed Testcase ....null
2022-10-13 11:56:21,042 [main] INFO org.apache.commons.logging.Log - clickonpaymentmodepassed
2022-10-13 11:56:21,044 [main] INFO org.apache.commons.logging.Log - 
2022-10-13 11:56:25,272 [main] INFO org.apache.commons.logging.Log - Passed Testcase ....null
2022-10-13 11:56:25,664 [main] INFO org.apache.commons.logging.Log - clickon_Enter_UtrNopassed
2022-10-13 11:56:25,666 [main] INFO org.apache.commons.logging.Log - 
2022-10-13 11:56:27,842 [main] INFO org.apache.commons.logging.Log - Passed Testcase ....null
2022-10-13 11:56:28,127 [main] INFO org.apache.commons.logging.Log - ClickonVerifyOTPpassed
2022-10-13 11:56:28,128 [main] INFO org.apache.commons.logging.Log - 
2022-10-13 11:56:35,963 [main] INFO org.apache.commons.logging.Log - Passed Testcase ....null
2022-10-13 11:56:36,306 [main] INFO org.apache.commons.logging.Log - enterotpnumpassed
2022-10-13 11:56:36,307 [main] INFO org.apache.commons.logging.Log - 
2022-10-13 11:56:38,925 [main] INFO org.apache.commons.logging.Log - Passed Testcase ....null
2022-10-13 11:56:39,568 [main] INFO org.apache.commons.logging.Log - show_orderplaced_popuppassed
2022-10-13 11:56:39,569 [main] INFO org.apache.commons.logging.Log - 
2022-10-13 11:56:48,000 [main] INFO org.apache.commons.logging.Log - Passed Testcase ....null
2022-10-13 11:56:48,448 [main] INFO org.apache.commons.logging.Log - Email_sendnotificationpassed
2022-10-13 11:56:48,460 [main] INFO org.apache.commons.logging.Log - ................On Finish  Testcases..... ....BasketLumpsumorder
2022-10-13 12:03:06,725 [main] INFO org.apache.commons.logging.Log - Click on sign button
2022-10-13 12:03:06,824 [main] INFO org.apache.commons.logging.Log - Enter Username
2022-10-13 12:03:06,935 [main] INFO org.apache.commons.logging.Log - Enter Password
2022-10-13 12:03:07,019 [main] INFO org.apache.commons.logging.Log - click on sign button
2022-10-13 12:03:07,023 [main] INFO org.apache.commons.logging.Log - Passed Testcase ....null
2022-10-13 12:03:07,029 [main] INFO org.apache.commons.logging.Log - Failure  because of ....java.lang.NullPointerException
2022-10-13 12:03:10,304 [main] INFO org.apache.commons.logging.Log - 
2022-10-13 12:03:10,307 [main] INFO org.apache.commons.logging.Log - Skipped because of ....java.lang.Throwable: Method BasketLumpsum_NEFTTest.clickonbasketpage()[pri:0, instance:com.Test.Rankmfselenium.BasketLumpsum_NEFTTest@12359a82] depends on not successfully finished methods
2022-10-13 12:03:10,313 [main] INFO org.apache.commons.logging.Log - 
2022-10-13 12:03:10,315 [main] INFO org.apache.commons.logging.Log - Skipped because of ....java.lang.Throwable: Method BasketLumpsum_NEFTTest.Clickonconservative()[pri:0, instance:com.Test.Rankmfselenium.BasketLumpsum_NEFTTest@12359a82] depends on not successfully finished methods
2022-10-13 12:03:10,318 [main] INFO org.apache.commons.logging.Log - 
2022-10-13 12:03:10,320 [main] INFO org.apache.commons.logging.Log - Skipped because of ....java.lang.Throwable: Method BasketLumpsum_NEFTTest.clickoninvest()[pri:0, instance:com.Test.Rankmfselenium.BasketLumpsum_NEFTTest@12359a82] depends on not successfully finished methods
2022-10-13 12:03:10,323 [main] INFO org.apache.commons.logging.Log - 
2022-10-13 12:03:10,326 [main] INFO org.apache.commons.logging.Log - Skipped because of ....java.lang.Throwable: Method BasketLumpsum_NEFTTest.clickonpaymentmode()[pri:0, instance:com.Test.Rankmfselenium.BasketLumpsum_NEFTTest@12359a82] depends on not successfully finished methods
2022-10-13 12:03:10,331 [main] INFO org.apache.commons.logging.Log - 
2022-10-13 12:03:10,333 [main] INFO org.apache.commons.logging.Log - Skipped because of ....java.lang.Throwable: Method BasketLumpsum_NEFTTest.clickon_Enter_UtrNo()[pri:0, instance:com.Test.Rankmfselenium.BasketLumpsum_NEFTTest@12359a82] depends on not successfully finished methods
2022-10-13 12:03:10,337 [main] INFO org.apache.commons.logging.Log - 
2022-10-13 12:03:10,338 [main] INFO org.apache.commons.logging.Log - Skipped because of ....java.lang.Throwable: Method BasketLumpsum_NEFTTest.ClickonVerifyOTP()[pri:0, instance:com.Test.Rankmfselenium.BasketLumpsum_NEFTTest@12359a82] depends on not successfully finished methods
2022-10-13 12:03:10,348 [main] INFO org.apache.commons.logging.Log - 
2022-10-13 12:03:10,349 [main] INFO org.apache.commons.logging.Log - Skipped because of ....java.lang.Throwable: Method BasketLumpsum_NEFTTest.enterotpnum()[pri:0, instance:com.Test.Rankmfselenium.BasketLumpsum_NEFTTest@12359a82] depends on not successfully finished methods
2022-10-13 12:03:10,351 [main] INFO org.apache.commons.logging.Log - 
2022-10-13 12:03:10,352 [main] INFO org.apache.commons.logging.Log - Skipped because of ....java.lang.Throwable: Method BasketLumpsum_NEFTTest.show_orderplaced_popup()[pri:0, instance:com.Test.Rankmfselenium.BasketLumpsum_NEFTTest@12359a82] depends on not successfully finished methods
2022-10-13 12:03:10,354 [main] INFO org.apache.commons.logging.Log - 
2022-10-13 12:03:10,355 [main] INFO org.apache.commons.logging.Log - Skipped because of ....java.lang.Throwable: Method BasketLumpsum_NEFTTest.Email_sendnotification()[pri:0, instance:com.Test.Rankmfselenium.BasketLumpsum_NEFTTest@12359a82] depends on not successfully finished methods
2022-10-13 12:03:10,380 [main] INFO org.apache.commons.logging.Log - ................On Finish  Testcases..... ....BasketLumpsumorder
2022-10-13 12:03:53,006 [main] INFO org.apache.commons.logging.Log - Click on sign button
2022-10-13 12:03:53,170 [main] INFO org.apache.commons.logging.Log - Enter Username
2022-10-13 12:03:53,285 [main] INFO org.apache.commons.logging.Log - Enter Password
2022-10-13 12:03:53,382 [main] INFO org.apache.commons.logging.Log - click on sign button
2022-10-13 12:03:53,387 [main] INFO org.apache.commons.logging.Log - Passed Testcase ....null
2022-10-13 12:03:53,393 [main] INFO org.apache.commons.logging.Log - Failure  because of ....java.lang.NullPointerException
2022-10-13 12:03:55,549 [main] INFO org.apache.commons.logging.Log - 
2022-10-13 12:03:55,551 [main] INFO org.apache.commons.logging.Log - Skipped because of ....java.lang.Throwable: Method BasketLumpsum_NEFTTest.clickonbasketpage()[pri:0, instance:com.Test.Rankmfselenium.BasketLumpsum_NEFTTest@12359a82] depends on not successfully finished methods
2022-10-13 12:03:55,553 [main] INFO org.apache.commons.logging.Log - 
2022-10-13 12:03:55,555 [main] INFO org.apache.commons.logging.Log - Skipped because of ....java.lang.Throwable: Method BasketLumpsum_NEFTTest.Clickonconservative()[pri:0, instance:com.Test.Rankmfselenium.BasketLumpsum_NEFTTest@12359a82] depends on not successfully finished methods
2022-10-13 12:03:55,557 [main] INFO org.apache.commons.logging.Log - 
2022-10-13 12:03:55,560 [main] INFO org.apache.commons.logging.Log - Skipped because of ....java.lang.Throwable: Method BasketLumpsum_NEFTTest.clickoninvest()[pri:0, instance:com.Test.Rankmfselenium.BasketLumpsum_NEFTTest@12359a82] depends on not successfully finished methods
2022-10-13 12:03:55,563 [main] INFO org.apache.commons.logging.Log - 
2022-10-13 12:03:55,565 [main] INFO org.apache.commons.logging.Log - Skipped because of ....java.lang.Throwable: Method BasketLumpsum_NEFTTest.clickonpaymentmode()[pri:0, instance:com.Test.Rankmfselenium.BasketLumpsum_NEFTTest@12359a82] depends on not successfully finished methods
2022-10-13 12:03:55,567 [main] INFO org.apache.commons.logging.Log - 
2022-10-13 12:03:55,568 [main] INFO org.apache.commons.logging.Log - Skipped because of ....java.lang.Throwable: Method BasketLumpsum_NEFTTest.clickon_Enter_UtrNo()[pri:0, instance:com.Test.Rankmfselenium.BasketLumpsum_NEFTTest@12359a82] depends on not successfully finished methods
2022-10-13 12:03:55,572 [main] INFO org.apache.commons.logging.Log - 
2022-10-13 12:03:55,573 [main] INFO org.apache.commons.logging.Log - Skipped because of ....java.lang.Throwable: Method BasketLumpsum_NEFTTest.ClickonVerifyOTP()[pri:0, instance:com.Test.Rankmfselenium.BasketLumpsum_NEFTTest@12359a82] depends on not successfully finished methods
2022-10-13 12:03:55,580 [main] INFO org.apache.commons.logging.Log - 
2022-10-13 12:03:55,582 [main] INFO org.apache.commons.logging.Log - Skipped because of ....java.lang.Throwable: Method BasketLumpsum_NEFTTest.enterotpnum()[pri:0, instance:com.Test.Rankmfselenium.BasketLumpsum_NEFTTest@12359a82] depends on not successfully finished methods
2022-10-13 12:03:55,583 [main] INFO org.apache.commons.logging.Log - 
2022-10-13 12:03:55,584 [main] INFO org.apache.commons.logging.Log - Skipped because of ....java.lang.Throwable: Method BasketLumpsum_NEFTTest.show_orderplaced_popup()[pri:0, instance:com.Test.Rankmfselenium.BasketLumpsum_NEFTTest@12359a82] depends on not successfully finished methods
2022-10-13 12:03:55,586 [main] INFO org.apache.commons.logging.Log - 
2022-10-13 12:03:55,587 [main] INFO org.apache.commons.logging.Log - Skipped because of ....java.lang.Throwable: Method BasketLumpsum_NEFTTest.Email_sendnotification()[pri:0, instance:com.Test.Rankmfselenium.BasketLumpsum_NEFTTest@12359a82] depends on not successfully finished methods
2022-10-13 12:03:55,612 [main] INFO org.apache.commons.logging.Log - ................On Finish  Testcases..... ....BasketLumpsumorder
2022-10-13 12:04:54,163 [main] INFO org.apache.commons.logging.Log - Click on sign button
2022-10-13 12:04:54,281 [main] INFO org.apache.commons.logging.Log - Enter Username
2022-10-13 12:04:54,381 [main] INFO org.apache.commons.logging.Log - Enter Password
2022-10-13 12:04:54,525 [main] INFO org.apache.commons.logging.Log - click on sign button
2022-10-13 12:04:54,530 [main] INFO org.apache.commons.logging.Log - Passed Testcase ....null
2022-10-13 12:04:54,535 [main] INFO org.apache.commons.logging.Log - clickonSigninPagepassed
2022-10-13 12:04:54,546 [main] INFO org.apache.commons.logging.Log - 
2022-10-13 12:04:59,072 [main] INFO org.apache.commons.logging.Log - Passed Testcase ....null
2022-10-13 12:04:59,073 [main] INFO org.apache.commons.logging.Log - clickonbasketpagepassed
2022-10-13 12:04:59,076 [main] INFO org.apache.commons.logging.Log - 
2022-10-13 12:05:03,350 [main] INFO org.apache.commons.logging.Log - Passed Testcase ....null
2022-10-13 12:05:03,351 [main] INFO org.apache.commons.logging.Log - Clickonconservativepassed
2022-10-13 12:05:03,355 [main] INFO org.apache.commons.logging.Log - 
2022-10-13 12:05:06,462 [main] INFO org.apache.commons.logging.Log - Passed Testcase ....null
2022-10-13 12:05:06,462 [main] INFO org.apache.commons.logging.Log - clickoninvestpassed
2022-10-13 12:05:06,464 [main] INFO org.apache.commons.logging.Log - 
2022-10-13 12:05:08,683 [main] INFO org.apache.commons.logging.Log - Passed Testcase ....null
2022-10-13 12:05:08,684 [main] INFO org.apache.commons.logging.Log - clickonpaymentmodepassed
2022-10-13 12:05:08,686 [main] INFO org.apache.commons.logging.Log - 
2022-10-13 12:05:12,904 [main] INFO org.apache.commons.logging.Log - Passed Testcase ....null
2022-10-13 12:05:12,904 [main] INFO org.apache.commons.logging.Log - clickon_Enter_UtrNopassed
2022-10-13 12:05:12,907 [main] INFO org.apache.commons.logging.Log - 
2022-10-13 12:05:15,082 [main] INFO org.apache.commons.logging.Log - Passed Testcase ....null
2022-10-13 12:05:15,083 [main] INFO org.apache.commons.logging.Log - ClickonVerifyOTPpassed
2022-10-13 12:05:15,087 [main] INFO org.apache.commons.logging.Log - 
2022-10-13 12:05:22,902 [main] INFO org.apache.commons.logging.Log - Passed Testcase ....null
2022-10-13 12:05:22,903 [main] INFO org.apache.commons.logging.Log - enterotpnumpassed
2022-10-13 12:05:22,905 [main] INFO org.apache.commons.logging.Log - 
2022-10-13 12:05:26,154 [main] INFO org.apache.commons.logging.Log - Passed Testcase ....null
2022-10-13 12:05:26,156 [main] INFO org.apache.commons.logging.Log - show_orderplaced_popuppassed
2022-10-13 12:05:26,158 [main] INFO org.apache.commons.logging.Log - 
2022-10-13 12:05:33,925 [main] INFO org.apache.commons.logging.Log - Passed Testcase ....null
2022-10-13 12:05:33,926 [main] INFO org.apache.commons.logging.Log - Email_sendnotificationpassed
2022-10-13 12:05:33,938 [main] INFO org.apache.commons.logging.Log - ................On Finish  Testcases..... ....BasketLumpsumorder
2022-10-13 12:07:14,963 [main] INFO org.apache.commons.logging.Log - Click on sign button
2022-10-13 12:07:15,064 [main] INFO org.apache.commons.logging.Log - Enter Username
2022-10-13 12:07:15,177 [main] INFO org.apache.commons.logging.Log - Enter Password
2022-10-13 12:07:15,320 [main] INFO org.apache.commons.logging.Log - click on sign button
2022-10-13 12:07:15,328 [main] INFO org.apache.commons.logging.Log - Passed Testcase ....null
2022-10-13 12:07:15,332 [main] INFO org.apache.commons.logging.Log - clickonSigninPagepassed
2022-10-13 12:07:15,342 [main] INFO org.apache.commons.logging.Log - 
2022-10-13 12:07:18,958 [main] INFO org.apache.commons.logging.Log - Passed Testcase ....null
2022-10-13 12:07:18,959 [main] INFO org.apache.commons.logging.Log - clickonbasketpagepassed
2022-10-13 12:07:18,961 [main] INFO org.apache.commons.logging.Log - 
2022-10-13 12:07:22,866 [main] INFO org.apache.commons.logging.Log - Passed Testcase ....null
2022-10-13 12:07:22,867 [main] INFO org.apache.commons.logging.Log - Clickonconservativepassed
2022-10-13 12:07:22,868 [main] INFO org.apache.commons.logging.Log - 
2022-10-13 12:07:25,984 [main] INFO org.apache.commons.logging.Log - Passed Testcase ....null
2022-10-13 12:07:25,985 [main] INFO org.apache.commons.logging.Log - clickoninvestpassed
2022-10-13 12:07:25,988 [main] INFO org.apache.commons.logging.Log - 
2022-10-13 12:07:28,197 [main] INFO org.apache.commons.logging.Log - Passed Testcase ....null
2022-10-13 12:07:28,198 [main] INFO org.apache.commons.logging.Log - clickonpaymentmodepassed
2022-10-13 12:07:28,200 [main] INFO org.apache.commons.logging.Log - 
2022-10-13 12:07:32,432 [main] INFO org.apache.commons.logging.Log - Passed Testcase ....null
2022-10-13 12:07:32,433 [main] INFO org.apache.commons.logging.Log - clickon_Enter_UtrNopassed
2022-10-13 12:07:32,435 [main] INFO org.apache.commons.logging.Log - 
2022-10-13 12:07:34,606 [main] INFO org.apache.commons.logging.Log - Passed Testcase ....null
2022-10-13 12:07:34,606 [main] INFO org.apache.commons.logging.Log - ClickonVerifyOTPpassed
2022-10-13 12:07:34,607 [main] INFO org.apache.commons.logging.Log - 
2022-10-13 12:07:42,231 [main] INFO org.apache.commons.logging.Log - Passed Testcase ....null
2022-10-13 12:07:42,232 [main] INFO org.apache.commons.logging.Log - enterotpnumpassed
2022-10-13 12:07:42,233 [main] INFO org.apache.commons.logging.Log - 
2022-10-13 12:07:44,304 [main] INFO org.apache.commons.logging.Log - Passed Testcase ....null
2022-10-13 12:07:44,305 [main] INFO org.apache.commons.logging.Log - show_orderplaced_popuppassed
2022-10-13 12:07:44,314 [main] INFO org.apache.commons.logging.Log - 
2022-10-13 12:07:51,931 [main] INFO org.apache.commons.logging.Log - Passed Testcase ....null
2022-10-13 12:07:51,931 [main] INFO org.apache.commons.logging.Log - Email_sendnotificationpassed
2022-10-13 12:07:51,943 [main] INFO org.apache.commons.logging.Log - ................On Finish  Testcases..... ....BasketLumpsumorder
2022-10-13 14:27:08,664 [main] INFO org.apache.commons.logging.Log - Click on sign button
2022-10-13 14:27:08,782 [main] INFO org.apache.commons.logging.Log - Enter Username
2022-10-13 14:27:08,889 [main] INFO org.apache.commons.logging.Log - Enter Password
2022-10-13 14:27:09,015 [main] INFO org.apache.commons.logging.Log - click on sign button
2022-10-13 14:27:09,021 [main] INFO org.apache.commons.logging.Log - Passed Testcase ....null
2022-10-13 14:27:09,030 [main] INFO org.apache.commons.logging.Log - clickonSigninPagepassed
2022-10-13 14:27:09,040 [main] INFO org.apache.commons.logging.Log - 
2022-10-13 14:27:17,559 [main] INFO org.apache.commons.logging.Log - Passed Testcase ....null
2022-10-13 14:27:17,560 [main] INFO org.apache.commons.logging.Log - clickonbasketpagepassed
2022-10-13 14:27:17,562 [main] INFO org.apache.commons.logging.Log - 
2022-10-13 14:27:21,555 [main] INFO org.apache.commons.logging.Log - Passed Testcase ....null
2022-10-13 14:27:21,556 [main] INFO org.apache.commons.logging.Log - Clickonconservativepassed
2022-10-13 14:27:21,558 [main] INFO org.apache.commons.logging.Log - 
2022-10-13 14:27:24,661 [main] INFO org.apache.commons.logging.Log - Passed Testcase ....null
2022-10-13 14:27:24,662 [main] INFO org.apache.commons.logging.Log - clickoninvestpassed
2022-10-13 14:27:24,665 [main] INFO org.apache.commons.logging.Log - 
2022-10-13 14:27:26,933 [main] INFO org.apache.commons.logging.Log - Passed Testcase ....null
2022-10-13 14:27:26,934 [main] INFO org.apache.commons.logging.Log - clickonpaymentmodepassed
2022-10-13 14:27:26,937 [main] INFO org.apache.commons.logging.Log - 
2022-10-13 14:27:31,235 [main] INFO org.apache.commons.logging.Log - Passed Testcase ....null
2022-10-13 14:27:31,236 [main] INFO org.apache.commons.logging.Log - clickon_Enter_UtrNopassed
2022-10-13 14:27:31,238 [main] INFO org.apache.commons.logging.Log - 
2022-10-13 14:27:33,399 [main] INFO org.apache.commons.logging.Log - Passed Testcase ....null
2022-10-13 14:27:33,401 [main] INFO org.apache.commons.logging.Log - ClickonVerifyOTPpassed
2022-10-13 14:27:33,404 [main] INFO org.apache.commons.logging.Log - 
2022-10-13 14:27:41,693 [main] INFO org.apache.commons.logging.Log - Passed Testcase ....null
2022-10-13 14:27:41,694 [main] INFO org.apache.commons.logging.Log - enterotpnumpassed
2022-10-13 14:27:41,697 [main] INFO org.apache.commons.logging.Log - 
2022-10-13 14:27:44,604 [main] INFO org.apache.commons.logging.Log - Passed Testcase ....null
2022-10-13 14:27:44,605 [main] INFO org.apache.commons.logging.Log - show_orderplaced_popuppassed
2022-10-13 14:27:44,607 [main] INFO org.apache.commons.logging.Log - 
2022-10-13 14:27:46,799 [main] INFO org.apache.commons.logging.Log - Passed Testcase ....null
2022-10-13 14:27:46,799 [main] INFO org.apache.commons.logging.Log - Clickon_logoutpassed
2022-10-13 14:27:46,801 [main] INFO org.apache.commons.logging.Log - 
2022-10-13 14:27:55,242 [main] INFO org.apache.commons.logging.Log - Passed Testcase ....null
2022-10-13 14:27:55,243 [main] INFO org.apache.commons.logging.Log - Email_sendnotificationpassed
2022-10-13 14:27:55,245 [main] INFO org.apache.commons.logging.Log - 
2022-10-13 14:27:58,271 [main] INFO org.apache.commons.logging.Log - Passed Testcase ....null
2022-10-13 14:27:58,272 [main] INFO org.apache.commons.logging.Log - Click_logoutbtnpassed
2022-10-13 14:27:58,298 [main] INFO org.apache.commons.logging.Log - ................On Finish  Testcases..... ....BasketLumpsumorder
2022-10-13 14:31:41,098 [main] INFO org.apache.commons.logging.Log - Click on sign button
2022-10-13 14:31:41,234 [main] INFO org.apache.commons.logging.Log - Enter Username
2022-10-13 14:31:41,354 [main] INFO org.apache.commons.logging.Log - Enter Password
2022-10-13 14:31:41,487 [main] INFO org.apache.commons.logging.Log - click on sign button
2022-10-13 14:31:41,497 [main] INFO org.apache.commons.logging.Log - Passed Testcase ....null
2022-10-13 14:31:41,503 [main] INFO org.apache.commons.logging.Log - clickonSigninPagepassed
2022-10-13 14:31:41,514 [main] INFO org.apache.commons.logging.Log - 
2022-10-13 14:31:46,094 [main] INFO org.apache.commons.logging.Log - Passed Testcase ....null
2022-10-13 14:31:46,095 [main] INFO org.apache.commons.logging.Log - clickonbasketpagepassed
2022-10-13 14:31:46,097 [main] INFO org.apache.commons.logging.Log - 
2022-10-13 14:31:50,075 [main] INFO org.apache.commons.logging.Log - Passed Testcase ....null
2022-10-13 14:31:50,075 [main] INFO org.apache.commons.logging.Log - Clickonconservativepassed
2022-10-13 14:31:50,077 [main] INFO org.apache.commons.logging.Log - 
2022-10-13 14:31:53,169 [main] INFO org.apache.commons.logging.Log - Passed Testcase ....null
2022-10-13 14:31:53,170 [main] INFO org.apache.commons.logging.Log - clickoninvestpassed
2022-10-13 14:31:53,173 [main] INFO org.apache.commons.logging.Log - 
2022-10-13 14:31:55,392 [main] INFO org.apache.commons.logging.Log - Passed Testcase ....null
2022-10-13 14:31:55,393 [main] INFO org.apache.commons.logging.Log - clickonpaymentmodepassed
2022-10-13 14:31:55,395 [main] INFO org.apache.commons.logging.Log - 
2022-10-13 14:31:59,630 [main] INFO org.apache.commons.logging.Log - Passed Testcase ....null
2022-10-13 14:31:59,631 [main] INFO org.apache.commons.logging.Log - clickon_Enter_UtrNopassed
2022-10-13 14:31:59,634 [main] INFO org.apache.commons.logging.Log - 
2022-10-13 14:32:01,845 [main] INFO org.apache.commons.logging.Log - Passed Testcase ....null
2022-10-13 14:32:01,845 [main] INFO org.apache.commons.logging.Log - ClickonVerifyOTPpassed
2022-10-13 14:32:01,847 [main] INFO org.apache.commons.logging.Log - 
2022-10-13 14:32:09,537 [main] INFO org.apache.commons.logging.Log - Passed Testcase ....null
2022-10-13 14:32:09,538 [main] INFO org.apache.commons.logging.Log - enterotpnumpassed
2022-10-13 14:32:09,540 [main] INFO org.apache.commons.logging.Log - 
2022-10-13 14:32:12,373 [main] INFO org.apache.commons.logging.Log - Passed Testcase ....null
2022-10-13 14:32:12,374 [main] INFO org.apache.commons.logging.Log - show_orderplaced_popuppassed
2022-10-13 14:32:12,376 [main] INFO org.apache.commons.logging.Log - 
2022-10-13 14:32:14,563 [main] INFO org.apache.commons.logging.Log - Passed Testcase ....null
2022-10-13 14:32:14,564 [main] INFO org.apache.commons.logging.Log - Clickon_logoutpassed
2022-10-13 14:32:14,566 [main] INFO org.apache.commons.logging.Log - 
2022-10-13 14:32:23,024 [main] INFO org.apache.commons.logging.Log - Passed Testcase ....null
2022-10-13 14:32:23,025 [main] INFO org.apache.commons.logging.Log - Email_sendnotificationpassed
2022-10-13 14:32:23,027 [main] INFO org.apache.commons.logging.Log - 
2022-10-13 14:32:42,264 [main] INFO org.apache.commons.logging.Log - Passed Testcase ....null
2022-10-13 14:32:42,265 [main] INFO org.apache.commons.logging.Log - Click_logoutbtnpassed
2022-10-13 14:32:42,291 [main] INFO org.apache.commons.logging.Log - ................On Finish  Testcases..... ....BasketLumpsumorder
2022-10-13 16:19:13,837 [main] INFO org.apache.commons.logging.Log - Click on sign button
2022-10-13 16:19:13,951 [main] INFO org.apache.commons.logging.Log - Enter Username
2022-10-13 16:19:14,049 [main] INFO org.apache.commons.logging.Log - Enter Password
2022-10-13 16:19:14,128 [main] INFO org.apache.commons.logging.Log - click on sign button
2022-10-13 16:21:36,886 [main] INFO org.apache.commons.logging.Log - Click on sign button
2022-10-13 16:21:36,994 [main] INFO org.apache.commons.logging.Log - Enter Username
2022-10-13 16:21:37,105 [main] INFO org.apache.commons.logging.Log - Enter Password
2022-10-13 16:21:37,236 [main] INFO org.apache.commons.logging.Log - click on sign button
2022-10-13 17:54:47,689 [main] INFO org.apache.commons.logging.Log - Click on sign button
2022-10-13 17:54:47,858 [main] INFO org.apache.commons.logging.Log - Enter Username
2022-10-13 17:54:47,936 [main] INFO org.apache.commons.logging.Log - Enter Password
2022-10-13 17:54:48,017 [main] INFO org.apache.commons.logging.Log - click on sign button
2022-10-13 17:55:00,733 [main] INFO org.apache.commons.logging.Log - click on invest button
2022-10-13 17:55:02,863 [main] INFO org.apache.commons.logging.Log - select payment mode as org.openqa.selenium.support.ui.Select@375b5b7f
2022-10-13 17:55:02,939 [main] INFO org.apache.commons.logging.Log - click on conform and continue button
2022-10-13 17:55:05,124 [main] INFO org.apache.commons.logging.Log - verify otp number
2022-10-13 17:59:43,014 [main] INFO org.apache.commons.logging.Log - Click on sign button
2022-10-13 17:59:43,127 [main] INFO org.apache.commons.logging.Log - Enter Username
2022-10-13 17:59:43,232 [main] INFO org.apache.commons.logging.Log - Enter Password
2022-10-13 17:59:43,328 [main] INFO org.apache.commons.logging.Log - click on sign button
2022-10-13 17:59:55,960 [main] INFO org.apache.commons.logging.Log - click on invest button
2022-10-13 17:59:58,063 [main] INFO org.apache.commons.logging.Log - select payment mode as org.openqa.selenium.support.ui.Select@375b5b7f
2022-10-13 17:59:58,143 [main] INFO org.apache.commons.logging.Log - click on conform and continue button
2022-10-13 18:00:00,339 [main] INFO org.apache.commons.logging.Log - verify otp number
2022-10-13 18:00:44,599 [main] INFO org.apache.commons.logging.Log - Click on sign button
2022-10-13 18:00:44,711 [main] INFO org.apache.commons.logging.Log - Enter Username
2022-10-13 18:00:44,808 [main] INFO org.apache.commons.logging.Log - Enter Password
2022-10-13 18:00:44,891 [main] INFO org.apache.commons.logging.Log - click on sign button
2022-10-13 18:00:58,850 [main] INFO org.apache.commons.logging.Log - click on invest button
2022-10-13 18:01:00,953 [main] INFO org.apache.commons.logging.Log - select payment mode as org.openqa.selenium.support.ui.Select@375b5b7f
2022-10-13 18:01:01,033 [main] INFO org.apache.commons.logging.Log - click on conform and continue button
2022-10-13 18:01:03,206 [main] INFO org.apache.commons.logging.Log - verify otp number
2022-10-13 18:04:37,742 [main] INFO org.apache.commons.logging.Log - Click on sign button
2022-10-13 18:04:37,847 [main] INFO org.apache.commons.logging.Log - Enter Username
2022-10-13 18:04:37,934 [main] INFO org.apache.commons.logging.Log - Enter Password
2022-10-13 18:04:38,035 [main] INFO org.apache.commons.logging.Log - click on sign button
2022-10-13 18:04:49,693 [main] INFO org.apache.commons.logging.Log - click on invest button
2022-10-13 18:04:51,795 [main] INFO org.apache.commons.logging.Log - select payment mode as org.openqa.selenium.support.ui.Select@375b5b7f
2022-10-13 18:04:51,876 [main] INFO org.apache.commons.logging.Log - click on conform and continue button
2022-10-13 18:04:54,048 [main] INFO org.apache.commons.logging.Log - verify otp number
2022-10-13 18:08:41,435 [main] INFO org.apache.commons.logging.Log - Click on sign button
2022-10-13 18:08:41,586 [main] INFO org.apache.commons.logging.Log - Enter Username
2022-10-13 18:08:41,669 [main] INFO org.apache.commons.logging.Log - Enter Password
2022-10-13 18:08:41,762 [main] INFO org.apache.commons.logging.Log - click on sign button
2022-10-13 18:09:22,745 [main] INFO org.apache.commons.logging.Log - Click on sign button
2022-10-13 18:09:22,848 [main] INFO org.apache.commons.logging.Log - Enter Username
2022-10-13 18:09:22,945 [main] INFO org.apache.commons.logging.Log - Enter Password
2022-10-13 18:09:23,048 [main] INFO org.apache.commons.logging.Log - click on sign button
2022-10-13 18:09:35,250 [main] INFO org.apache.commons.logging.Log - click on invest button
2022-10-13 18:09:37,354 [main] INFO org.apache.commons.logging.Log - select payment mode as org.openqa.selenium.support.ui.Select@375b5b7f
2022-10-13 18:09:37,433 [main] INFO org.apache.commons.logging.Log - click on conform and continue button
2022-10-13 18:09:39,624 [main] INFO org.apache.commons.logging.Log - verify otp number
2022-10-13 18:11:09,139 [main] INFO org.apache.commons.logging.Log - Click on sign button
2022-10-13 18:11:09,230 [main] INFO org.apache.commons.logging.Log - Enter Username
2022-10-13 18:11:09,323 [main] INFO org.apache.commons.logging.Log - Enter Password
2022-10-13 18:11:09,418 [main] INFO org.apache.commons.logging.Log - click on sign button
2022-10-13 18:11:21,347 [main] INFO org.apache.commons.logging.Log - click on invest button
2022-10-13 18:11:23,457 [main] INFO org.apache.commons.logging.Log - select payment mode as org.openqa.selenium.support.ui.Select@375b5b7f
2022-10-13 18:11:23,532 [main] INFO org.apache.commons.logging.Log - click on conform and continue button
2022-10-13 18:11:25,714 [main] INFO org.apache.commons.logging.Log - verify otp number
2022-10-13 18:17:16,163 [main] INFO org.apache.commons.logging.Log - Click on sign button
2022-10-13 18:17:16,268 [main] INFO org.apache.commons.logging.Log - Enter Username
2022-10-13 18:17:16,369 [main] INFO org.apache.commons.logging.Log - Enter Password
2022-10-13 18:17:16,473 [main] INFO org.apache.commons.logging.Log - click on sign button
2022-10-13 18:17:28,768 [main] INFO org.apache.commons.logging.Log - click on invest button
2022-10-13 18:17:30,860 [main] INFO org.apache.commons.logging.Log - select payment mode as org.openqa.selenium.support.ui.Select@375b5b7f
2022-10-13 18:17:30,937 [main] INFO org.apache.commons.logging.Log - click on conform and continue button
2022-10-13 18:17:33,128 [main] INFO org.apache.commons.logging.Log - verify otp number
2022-10-13 18:19:03,243 [main] INFO org.apache.commons.logging.Log - Click on sign button
2022-10-13 18:19:03,371 [main] INFO org.apache.commons.logging.Log - Enter Username
2022-10-13 18:19:03,491 [main] INFO org.apache.commons.logging.Log - Enter Password
2022-10-13 18:19:03,601 [main] INFO org.apache.commons.logging.Log - click on sign button
2022-10-13 18:19:17,186 [main] INFO org.apache.commons.logging.Log - click on invest button
2022-10-13 18:19:19,291 [main] INFO org.apache.commons.logging.Log - select payment mode as org.openqa.selenium.support.ui.Select@375b5b7f
2022-10-13 18:19:19,367 [main] INFO org.apache.commons.logging.Log - click on conform and continue button
2022-10-13 18:19:21,551 [main] INFO org.apache.commons.logging.Log - verify otp number
2022-10-13 18:23:43,608 [main] INFO org.apache.commons.logging.Log - Click on sign button
2022-10-13 18:23:43,777 [main] INFO org.apache.commons.logging.Log - Enter Username
2022-10-13 18:23:43,862 [main] INFO org.apache.commons.logging.Log - Enter Password
2022-10-13 18:23:43,953 [main] INFO org.apache.commons.logging.Log - click on sign button
2022-10-13 18:23:55,977 [main] INFO org.apache.commons.logging.Log - click on invest button
2022-10-13 18:23:58,078 [main] INFO org.apache.commons.logging.Log - select payment mode as org.openqa.selenium.support.ui.Select@375b5b7f
2022-10-13 18:23:58,161 [main] INFO org.apache.commons.logging.Log - click on conform and continue button
2022-10-13 18:24:00,358 [main] INFO org.apache.commons.logging.Log - verify otp number
2022-10-13 18:31:07,043 [main] INFO org.apache.commons.logging.Log - Click on sign button
2022-10-13 18:31:07,161 [main] INFO org.apache.commons.logging.Log - Enter Username
2022-10-13 18:31:07,238 [main] INFO org.apache.commons.logging.Log - Enter Password
2022-10-13 18:31:07,348 [main] INFO org.apache.commons.logging.Log - click on sign button
2022-10-13 18:31:20,492 [main] INFO org.apache.commons.logging.Log - click on invest button
2022-10-13 18:31:22,589 [main] INFO org.apache.commons.logging.Log - select payment mode as org.openqa.selenium.support.ui.Select@375b5b7f
2022-10-13 18:31:22,664 [main] INFO org.apache.commons.logging.Log - click on conform and continue button
2022-10-13 18:31:24,840 [main] INFO org.apache.commons.logging.Log - verify otp number
2022-10-13 18:38:56,193 [main] INFO org.apache.commons.logging.Log - Click on sign button
2022-10-13 18:38:56,305 [main] INFO org.apache.commons.logging.Log - Enter Username
2022-10-13 18:38:56,382 [main] INFO org.apache.commons.logging.Log - Enter Password
2022-10-13 18:38:56,505 [main] INFO org.apache.commons.logging.Log - click on sign button
2022-10-13 18:39:09,405 [main] INFO org.apache.commons.logging.Log - click on invest button
2022-10-13 18:39:11,506 [main] INFO org.apache.commons.logging.Log - select payment mode as org.openqa.selenium.support.ui.Select@375b5b7f
2022-10-13 18:39:11,580 [main] INFO org.apache.commons.logging.Log - click on conform and continue button
2022-10-13 18:39:13,755 [main] INFO org.apache.commons.logging.Log - verify otp number
2022-10-13 18:40:01,830 [main] INFO org.apache.commons.logging.Log - Click on sign button
2022-10-13 18:40:01,922 [main] INFO org.apache.commons.logging.Log - Enter Username
2022-10-13 18:40:02,035 [main] INFO org.apache.commons.logging.Log - Enter Password
2022-10-13 18:40:02,166 [main] INFO org.apache.commons.logging.Log - click on sign button
2022-10-13 18:40:14,512 [main] INFO org.apache.commons.logging.Log - click on invest button
2022-10-13 18:40:16,603 [main] INFO org.apache.commons.logging.Log - select payment mode as org.openqa.selenium.support.ui.Select@a619c2
2022-10-13 18:40:16,681 [main] INFO org.apache.commons.logging.Log - click on conform and continue button
2022-10-13 18:40:18,874 [main] INFO org.apache.commons.logging.Log - verify otp number
2022-10-13 18:48:39,346 [main] INFO org.apache.commons.logging.Log - Click on sign button
2022-10-13 18:48:39,448 [main] INFO org.apache.commons.logging.Log - Enter Username
2022-10-13 18:48:39,532 [main] INFO org.apache.commons.logging.Log - Enter Password
2022-10-13 18:48:39,626 [main] INFO org.apache.commons.logging.Log - click on sign button
2022-10-13 18:48:39,633 [main] INFO org.apache.commons.logging.Log - Passed Testcase ....null
2022-10-13 18:48:39,653 [main] INFO org.apache.commons.logging.Log - clickonSigninPagepassed
2022-10-13 18:48:39,661 [main] INFO org.apache.commons.logging.Log - 
2022-10-13 18:48:42,852 [main] INFO org.apache.commons.logging.Log - Passed Testcase ....null
2022-10-13 18:48:42,853 [main] INFO org.apache.commons.logging.Log - clickonbasketpagepassed
2022-10-13 18:48:42,854 [main] INFO org.apache.commons.logging.Log - 
2022-10-13 18:48:46,661 [main] INFO org.apache.commons.logging.Log - Passed Testcase ....null
2022-10-13 18:48:46,662 [main] INFO org.apache.commons.logging.Log - Clickonconservativepassed
2022-10-13 18:48:46,665 [main] INFO org.apache.commons.logging.Log - 
2022-10-13 18:48:49,775 [main] INFO org.apache.commons.logging.Log - Passed Testcase ....null
2022-10-13 18:48:49,776 [main] INFO org.apache.commons.logging.Log - clickoninvestpassed
2022-10-13 18:48:49,777 [main] INFO org.apache.commons.logging.Log - 
2022-10-13 18:48:51,995 [main] INFO org.apache.commons.logging.Log - Passed Testcase ....null
2022-10-13 18:48:51,996 [main] INFO org.apache.commons.logging.Log - clickonpaymentmodepassed
2022-10-13 18:48:51,998 [main] INFO org.apache.commons.logging.Log - 
2022-10-13 18:48:56,209 [main] INFO org.apache.commons.logging.Log - Passed Testcase ....null
2022-10-13 18:48:56,210 [main] INFO org.apache.commons.logging.Log - clickon_Enter_UtrNopassed
2022-10-13 18:48:56,211 [main] INFO org.apache.commons.logging.Log - 
2022-10-13 18:48:58,393 [main] INFO org.apache.commons.logging.Log - Passed Testcase ....null
2022-10-13 18:48:58,394 [main] INFO org.apache.commons.logging.Log - ClickonVerifyOTPpassed
2022-10-13 18:48:58,395 [main] INFO org.apache.commons.logging.Log - 
2022-10-13 18:49:06,021 [main] INFO org.apache.commons.logging.Log - Passed Testcase ....null
2022-10-13 18:49:06,022 [main] INFO org.apache.commons.logging.Log - enterotpnumpassed
2022-10-13 18:49:06,024 [main] INFO org.apache.commons.logging.Log - 
2022-10-13 18:49:08,777 [main] INFO org.apache.commons.logging.Log - Passed Testcase ....null
2022-10-13 18:49:08,778 [main] INFO org.apache.commons.logging.Log - show_orderplaced_popuppassed
2022-10-13 18:49:08,780 [main] INFO org.apache.commons.logging.Log - 
2022-10-13 18:49:11,966 [main] INFO org.apache.commons.logging.Log - Passed Testcase ....null
2022-10-13 18:49:11,967 [main] INFO org.apache.commons.logging.Log - Clickon_logoutpassed
2022-10-13 18:49:11,968 [main] INFO org.apache.commons.logging.Log - 
2022-10-13 18:49:20,342 [main] INFO org.apache.commons.logging.Log - Passed Testcase ....null
2022-10-13 18:49:20,343 [main] INFO org.apache.commons.logging.Log - Email_sendnotificationpassed
2022-10-13 18:49:20,344 [main] INFO org.apache.commons.logging.Log - 
2022-10-13 18:49:23,124 [main] INFO org.apache.commons.logging.Log - Passed Testcase ....null
2022-10-13 18:49:23,126 [main] INFO org.apache.commons.logging.Log - Click_logoutbtnpassed
2022-10-13 18:49:23,173 [main] INFO org.apache.commons.logging.Log - ................On Finish  Testcases..... ....BasketLumpsumorder
2022-10-13 18:49:27,964 [main] INFO org.apache.commons.logging.Log - 
2022-10-13 18:49:28,078 [main] INFO org.apache.commons.logging.Log - Click on sign button
2022-10-13 18:49:28,171 [main] INFO org.apache.commons.logging.Log - Enter Username
2022-10-13 18:49:28,268 [main] INFO org.apache.commons.logging.Log - Enter Password
2022-10-13 18:49:28,387 [main] INFO org.apache.commons.logging.Log - click on sign button
2022-10-13 18:49:28,393 [main] INFO org.apache.commons.logging.Log - Passed Testcase ....null
2022-10-13 18:49:28,394 [main] INFO org.apache.commons.logging.Log - clickonSigninPagepassed
2022-10-13 18:49:28,398 [main] INFO org.apache.commons.logging.Log - 
2022-10-13 18:49:31,295 [main] INFO org.apache.commons.logging.Log - Passed Testcase ....null
2022-10-13 18:49:31,296 [main] INFO org.apache.commons.logging.Log - clickonbasketpagepassed
2022-10-13 18:49:31,298 [main] INFO org.apache.commons.logging.Log - 
2022-10-13 18:49:34,948 [main] INFO org.apache.commons.logging.Log - Passed Testcase ....null
2022-10-13 18:49:34,950 [main] INFO org.apache.commons.logging.Log - Clickonconservativepassed
2022-10-13 18:49:34,951 [main] INFO org.apache.commons.logging.Log - 
2022-10-13 18:49:38,038 [main] INFO org.apache.commons.logging.Log - Passed Testcase ....null
2022-10-13 18:49:38,039 [main] INFO org.apache.commons.logging.Log - clickoninvestpassed
2022-10-13 18:49:38,041 [main] INFO org.apache.commons.logging.Log - 
2022-10-13 18:49:40,263 [main] INFO org.apache.commons.logging.Log - Passed Testcase ....null
2022-10-13 18:49:40,264 [main] INFO org.apache.commons.logging.Log - clickonpaymentmodepassed
2022-10-13 18:49:40,266 [main] INFO org.apache.commons.logging.Log - 
2022-10-13 18:49:42,448 [main] INFO org.apache.commons.logging.Log - Passed Testcase ....null
2022-10-13 18:49:42,449 [main] INFO org.apache.commons.logging.Log - ClickonVerifyOTPpassed
2022-10-13 18:49:42,453 [main] INFO org.apache.commons.logging.Log - 
2022-10-13 18:49:49,782 [main] INFO org.apache.commons.logging.Log - Passed Testcase ....null
2022-10-13 18:49:49,784 [main] INFO org.apache.commons.logging.Log - enterotpnumpassed
2022-10-13 18:49:49,786 [main] INFO org.apache.commons.logging.Log - 
2022-10-13 18:49:52,903 [main] INFO org.apache.commons.logging.Log - Passed Testcase ....null
2022-10-13 18:49:52,904 [main] INFO org.apache.commons.logging.Log - RedirectNetbankingurlpassed
2022-10-13 18:49:52,906 [main] INFO org.apache.commons.logging.Log - 
2022-10-13 18:49:56,075 [main] INFO org.apache.commons.logging.Log - Passed Testcase ....null
2022-10-13 18:49:56,075 [main] INFO org.apache.commons.logging.Log - Clickon_logoutpassed
2022-10-13 18:49:56,077 [main] INFO org.apache.commons.logging.Log - 
2022-10-13 18:49:58,726 [main] INFO org.apache.commons.logging.Log - Passed Testcase ....null
2022-10-13 18:49:58,726 [main] INFO org.apache.commons.logging.Log - Click_logoutbtnpassed
2022-10-13 18:49:58,728 [main] INFO org.apache.commons.logging.Log - 
2022-10-13 18:50:07,024 [main] INFO org.apache.commons.logging.Log - Passed Testcase ....null
2022-10-13 18:50:07,025 [main] INFO org.apache.commons.logging.Log - Email_sendnotificationpassed
2022-10-13 18:50:07,030 [main] INFO org.apache.commons.logging.Log - ................On Finish  Testcases..... ....BasketLumpsumorder_NetBanking
2022-10-13 18:50:11,517 [main] INFO org.apache.commons.logging.Log - 
2022-10-13 18:50:11,711 [main] INFO org.apache.commons.logging.Log - Click on sign button
2022-10-13 18:50:11,888 [main] INFO org.apache.commons.logging.Log - Enter Username
2022-10-13 18:50:11,968 [main] INFO org.apache.commons.logging.Log - Enter Password
2022-10-13 18:50:12,074 [main] INFO org.apache.commons.logging.Log - click on sign button
2022-10-13 18:50:12,076 [main] INFO org.apache.commons.logging.Log - Passed Testcase ....null
2022-10-13 18:50:12,077 [main] INFO org.apache.commons.logging.Log - clickonSigninPagepassed
2022-10-13 18:50:12,079 [main] INFO org.apache.commons.logging.Log - 
2022-10-13 18:50:15,645 [main] INFO org.apache.commons.logging.Log - Passed Testcase ....null
2022-10-13 18:50:15,646 [main] INFO org.apache.commons.logging.Log - Click_HomePagepassed
2022-10-13 18:50:15,647 [main] INFO org.apache.commons.logging.Log - 
2022-10-13 18:50:23,084 [main] INFO org.apache.commons.logging.Log - Passed Testcase ....null
2022-10-13 18:50:23,086 [main] INFO org.apache.commons.logging.Log - Search_Mutualfundpassed
2022-10-13 18:50:23,089 [main] INFO org.apache.commons.logging.Log - 
2022-10-13 18:50:25,186 [main] INFO org.apache.commons.logging.Log - click on invest button
2022-10-13 18:50:25,188 [main] INFO org.apache.commons.logging.Log - Passed Testcase ....null
2022-10-13 18:50:25,189 [main] INFO org.apache.commons.logging.Log - click_INVESTpassed
2022-10-13 18:50:25,191 [main] INFO org.apache.commons.logging.Log - 
2022-10-13 18:50:27,277 [main] INFO org.apache.commons.logging.Log - select payment mode as Netbanking
2022-10-13 18:50:27,360 [main] INFO org.apache.commons.logging.Log - click on conform and continue button
2022-10-13 18:50:27,360 [main] INFO org.apache.commons.logging.Log - Passed Testcase ....null
2022-10-13 18:50:27,361 [main] INFO org.apache.commons.logging.Log - Select_PaymentModepassed
2022-10-13 18:50:27,362 [main] INFO org.apache.commons.logging.Log - 
2022-10-13 18:50:29,543 [main] INFO org.apache.commons.logging.Log - verify otp number
2022-10-13 18:50:29,545 [main] INFO org.apache.commons.logging.Log - Passed Testcase ....null
2022-10-13 18:50:29,545 [main] INFO org.apache.commons.logging.Log - Click_VerifyOTPpassed
2022-10-13 18:50:29,547 [main] INFO org.apache.commons.logging.Log - 
2022-10-13 18:50:36,942 [main] INFO org.apache.commons.logging.Log - Passed Testcase ....null
2022-10-13 18:50:36,942 [main] INFO org.apache.commons.logging.Log - enterotpnumpassed
2022-10-13 18:50:36,944 [main] INFO org.apache.commons.logging.Log - 
2022-10-13 18:50:45,188 [main] INFO org.apache.commons.logging.Log - Passed Testcase ....null
2022-10-13 18:50:45,188 [main] INFO org.apache.commons.logging.Log - RedirectNetbankingurlpassed
2022-10-13 18:50:45,189 [main] INFO org.apache.commons.logging.Log - 
2022-10-13 18:50:52,523 [main] INFO org.apache.commons.logging.Log - Passed Testcase ....null
2022-10-13 18:50:52,524 [main] INFO org.apache.commons.logging.Log - Email_sendnotificationpassed
2022-10-13 18:50:52,529 [main] INFO org.apache.commons.logging.Log - ................On Finish  Testcases..... ....Normal_lumpsumNetbanking
2022-10-13 18:50:56,983 [main] INFO org.apache.commons.logging.Log - 
2022-10-13 18:50:57,103 [main] INFO org.apache.commons.logging.Log - Click on sign button
2022-10-13 18:50:57,210 [main] INFO org.apache.commons.logging.Log - Enter Username
2022-10-13 18:50:57,324 [main] INFO org.apache.commons.logging.Log - Enter Password
2022-10-13 18:50:57,423 [main] INFO org.apache.commons.logging.Log - click on sign button
2022-10-13 18:50:57,427 [main] INFO org.apache.commons.logging.Log - Passed Testcase ....null
2022-10-13 18:50:57,427 [main] INFO org.apache.commons.logging.Log - ClickonSigninPagepassed
2022-10-13 18:50:57,429 [main] INFO org.apache.commons.logging.Log - 
2022-10-13 18:50:59,494 [main] INFO org.apache.commons.logging.Log - Passed Testcase ....null
2022-10-13 18:50:59,495 [main] INFO org.apache.commons.logging.Log - Clickon_TotalInvestmentvaluepassed
2022-10-13 18:50:59,496 [main] INFO org.apache.commons.logging.Log - 
2022-10-13 18:51:02,288 [main] INFO org.apache.commons.logging.Log - Passed Testcase ....null
2022-10-13 18:51:02,289 [main] INFO org.apache.commons.logging.Log - Click_HomePagepassed
2022-10-13 18:51:02,293 [main] INFO org.apache.commons.logging.Log - 
2022-10-13 18:51:09,586 [main] INFO org.apache.commons.logging.Log - Passed Testcase ....null
2022-10-13 18:51:09,587 [main] INFO org.apache.commons.logging.Log - search_mutualfundspassed
2022-10-13 18:51:09,589 [main] INFO org.apache.commons.logging.Log - 
2022-10-13 18:51:15,911 [main] INFO org.apache.commons.logging.Log - Passed Testcase ....null
2022-10-13 18:51:15,912 [main] INFO org.apache.commons.logging.Log - Click_Normalsippassed
2022-10-13 18:51:15,913 [main] INFO org.apache.commons.logging.Log - 
2022-10-13 18:51:18,260 [main] INFO org.apache.commons.logging.Log - Passed Testcase ....null
2022-10-13 18:51:18,260 [main] INFO org.apache.commons.logging.Log - Click_sipcontinuebtnpassed
2022-10-13 18:51:18,262 [main] INFO org.apache.commons.logging.Log - 
2022-10-13 18:51:21,502 [main] INFO org.apache.commons.logging.Log - Passed Testcase ....null
2022-10-13 18:51:21,503 [main] INFO org.apache.commons.logging.Log - InstallementStartdatepassed
2022-10-13 18:51:21,507 [main] INFO org.apache.commons.logging.Log - 
2022-10-13 18:51:25,218 [main] INFO org.apache.commons.logging.Log - Passed Testcase ....null
2022-10-13 18:51:25,219 [main] INFO org.apache.commons.logging.Log - Startdatepickerpassed
2022-10-13 18:51:25,220 [main] INFO org.apache.commons.logging.Log - 
2022-10-13 18:51:27,342 [main] INFO org.apache.commons.logging.Log - Passed Testcase ....null
2022-10-13 18:51:27,342 [main] INFO org.apache.commons.logging.Log - Click_continuebtnpassed
2022-10-13 18:51:27,345 [main] INFO org.apache.commons.logging.Log - 
2022-10-13 18:51:29,541 [main] INFO org.apache.commons.logging.Log - Passed Testcase ....null
2022-10-13 18:51:29,541 [main] INFO org.apache.commons.logging.Log - check_VerifyOTPpassed
2022-10-13 18:51:29,544 [main] INFO org.apache.commons.logging.Log - 
2022-10-13 18:51:31,784 [main] INFO org.apache.commons.logging.Log - Passed Testcase ....null
2022-10-13 18:51:31,784 [main] INFO org.apache.commons.logging.Log - check_enterotpnumpassed
2022-10-13 18:51:31,785 [main] INFO org.apache.commons.logging.Log - 
2022-10-13 18:51:33,902 [main] INFO org.apache.commons.logging.Log - Passed Testcase ....null
2022-10-13 18:51:33,902 [main] INFO org.apache.commons.logging.Log - Clickon_confirmcontinuepassed
2022-10-13 18:51:33,904 [main] INFO org.apache.commons.logging.Log - 
2022-10-13 18:51:36,951 [main] INFO org.apache.commons.logging.Log - Failure  because of ....org.openqa.selenium.NoSuchElementException: no such element: Unable to locate element: {"method":"xpath","selector":"//body/div[1]/div[1]/div[4]/div[1]/div[1]/div[1]/div[3]/p[1]/div[1]/p[1]"}
  (Session info: chrome=106.0.5249.119)
For documentation on this error, please visit: https://www.seleniumhq.org/exceptions/no_such_element.html
Build info: version: '3.141.59', revision: 'e82be7d358', time: '2018-11-14T08:17:03'
System info: host: 'DESKTOP-KMVAA5F', ip: '192.168.80.48', os.name: 'Windows 10', os.arch: 'amd64', os.version: '10.0', java.version: '11'
Driver info: org.openqa.selenium.chrome.ChromeDriver
Capabilities {acceptInsecureCerts: false, browserName: chrome, browserVersion: 106.0.5249.119, chrome: {chromedriverVersion: 106.0.5249.61 (511755355844..., userDataDir: C:\Users\samco\AppData\Loca...}, goog:chromeOptions: {debuggerAddress: localhost:50534}, javascriptEnabled: true, networkConnectionEnabled: false, pageLoadStrategy: normal, platform: WINDOWS, platformName: WINDOWS, proxy: Proxy(), setWindowRect: true, strictFileInteractability: false, timeouts: {implicit: 0, pageLoad: 300000, script: 30000}, unhandledPromptBehavior: dismiss and notify, webauthn:extension:credBlob: true, webauthn:extension:largeBlob: true, webauthn:virtualAuthenticators: true}
Session ID: 1605ac6e8cc643396dda5ce60ba9bfd7
*** Element info: {Using=xpath, value=//body/div[1]/div[1]/div[4]/div[1]/div[1]/div[1]/div[3]/p[1]/div[1]/p[1]}
2022-10-13 18:51:37,222 [main] INFO org.apache.commons.logging.Log - 
2022-10-13 18:51:40,967 [main] INFO org.apache.commons.logging.Log - Passed Testcase ....null
2022-10-13 18:51:40,967 [main] INFO org.apache.commons.logging.Log - Clickon_skipsteppassed
2022-10-13 18:51:40,969 [main] INFO org.apache.commons.logging.Log - 
2022-10-13 18:51:50,965 [main] INFO org.apache.commons.logging.Log - Passed Testcase ....null
2022-10-13 18:51:50,965 [main] INFO org.apache.commons.logging.Log - Clickon_cancelsmartsiporderpassed
2022-10-13 18:51:50,966 [main] INFO org.apache.commons.logging.Log - 
2022-10-13 18:51:54,149 [main] INFO org.apache.commons.logging.Log - Passed Testcase ....null
2022-10-13 18:51:54,151 [main] INFO org.apache.commons.logging.Log - Clickon_logoutpassed
2022-10-13 18:51:54,153 [main] INFO org.apache.commons.logging.Log - 
2022-10-13 18:51:57,172 [main] INFO org.apache.commons.logging.Log - Passed Testcase ....null
2022-10-13 18:51:57,173 [main] INFO org.apache.commons.logging.Log - Click_logoutbtnpassed
2022-10-13 18:51:57,174 [main] INFO org.apache.commons.logging.Log - 
2022-10-13 18:52:05,826 [main] INFO org.apache.commons.logging.Log - Passed Testcase ....null
2022-10-13 18:52:05,826 [main] INFO org.apache.commons.logging.Log - Email_sendnotificationpassed
2022-10-13 18:52:05,846 [main] INFO org.apache.commons.logging.Log - ................On Finish  Testcases..... ....NormalSiporder
2022-10-13 18:52:13,224 [main] INFO org.apache.commons.logging.Log - 
2022-10-13 18:52:13,347 [main] INFO org.apache.commons.logging.Log - Click on sign button
2022-10-13 18:52:13,450 [main] INFO org.apache.commons.logging.Log - Enter Username
2022-10-13 18:52:13,539 [main] INFO org.apache.commons.logging.Log - Enter Password
2022-10-13 18:52:13,651 [main] INFO org.apache.commons.logging.Log - click on sign button
2022-10-13 18:52:13,653 [main] INFO org.apache.commons.logging.Log - Passed Testcase ....null
2022-10-13 18:52:13,653 [main] INFO org.apache.commons.logging.Log - ClickonSigninPagepassed
2022-10-13 18:52:13,656 [main] INFO org.apache.commons.logging.Log - 
2022-10-13 18:52:29,937 [main] INFO org.apache.commons.logging.Log - Passed Testcase ....null
2022-10-13 18:52:29,938 [main] INFO org.apache.commons.logging.Log - Clickon_TotalInvestmentvaluepassed
2022-10-13 18:52:29,939 [main] INFO org.apache.commons.logging.Log - 
2022-10-13 18:52:32,974 [main] INFO org.apache.commons.logging.Log - Failure  because of ....org.openqa.selenium.NoSuchElementException: no such element: Unable to locate element: {"method":"xpath","selector":"//header/div[1]/div[1]/div[1]/nav[1]/div[1]/a[2]/img[1]"}
  (Session info: chrome=106.0.5249.119)
For documentation on this error, please visit: https://www.seleniumhq.org/exceptions/no_such_element.html
Build info: version: '3.141.59', revision: 'e82be7d358', time: '2018-11-14T08:17:03'
System info: host: 'DESKTOP-KMVAA5F', ip: '192.168.80.48', os.name: 'Windows 10', os.arch: 'amd64', os.version: '10.0', java.version: '11'
Driver info: org.openqa.selenium.chrome.ChromeDriver
Capabilities {acceptInsecureCerts: false, browserName: chrome, browserVersion: 106.0.5249.119, chrome: {chromedriverVersion: 106.0.5249.61 (511755355844..., userDataDir: C:\Users\samco\AppData\Loca...}, goog:chromeOptions: {debuggerAddress: localhost:50670}, javascriptEnabled: true, networkConnectionEnabled: false, pageLoadStrategy: normal, platform: WINDOWS, platformName: WINDOWS, proxy: Proxy(), setWindowRect: true, strictFileInteractability: false, timeouts: {implicit: 0, pageLoad: 300000, script: 30000}, unhandledPromptBehavior: dismiss and notify, webauthn:extension:credBlob: true, webauthn:extension:largeBlob: true, webauthn:virtualAuthenticators: true}
Session ID: 056eceb56f76dbf604785ef05ee69053
*** Element info: {Using=xpath, value=//header/div[1]/div[1]/div[1]/nav[1]/div[1]/a[2]/img[1]}
2022-10-13 18:52:33,550 [main] INFO org.apache.commons.logging.Log - 
2022-10-13 18:52:33,551 [main] INFO org.apache.commons.logging.Log - Skipped because of ....java.lang.Throwable: Method NormalSmartsiporderTest.Click_Investsmartsip()[pri:0, instance:com.Test.Rankmfselenium.NormalSmartsiporderTest@32c726ee] depends on not successfully finished methods
2022-10-13 18:52:33,553 [main] INFO org.apache.commons.logging.Log - 
2022-10-13 18:52:33,554 [main] INFO org.apache.commons.logging.Log - Skipped because of ....java.lang.Throwable: Method NormalSmartsiporderTest.Click_smartsip()[pri:0, instance:com.Test.Rankmfselenium.NormalSmartsiporderTest@32c726ee] depends on not successfully finished methods
2022-10-13 18:52:33,555 [main] INFO org.apache.commons.logging.Log - 
2022-10-13 18:52:33,555 [main] INFO org.apache.commons.logging.Log - Skipped because of ....java.lang.Throwable: Method NormalSmartsiporderTest.click_continue()[pri:0, instance:com.Test.Rankmfselenium.NormalSmartsiporderTest@32c726ee] depends on not successfully finished methods
2022-10-13 18:52:33,556 [main] INFO org.apache.commons.logging.Log - 
2022-10-13 18:52:33,557 [main] INFO org.apache.commons.logging.Log - Skipped because of ....java.lang.Throwable: Method NormalSmartsiporderTest.Installementdate()[pri:0, instance:com.Test.Rankmfselenium.NormalSmartsiporderTest@32c726ee] depends on not successfully finished methods
2022-10-13 18:52:33,558 [main] INFO org.apache.commons.logging.Log - 
2022-10-13 18:52:33,559 [main] INFO org.apache.commons.logging.Log - Skipped because of ....java.lang.Throwable: Method NormalSmartsiporderTest.InstallementStartdate()[pri:0, instance:com.Test.Rankmfselenium.NormalSmartsiporderTest@32c726ee] depends on not successfully finished methods
2022-10-13 18:52:33,561 [main] INFO org.apache.commons.logging.Log - 
2022-10-13 18:52:33,562 [main] INFO org.apache.commons.logging.Log - Skipped because of ....java.lang.Throwable: Method NormalSmartsiporderTest.Clickalert()[pri:0, instance:com.Test.Rankmfselenium.NormalSmartsiporderTest@32c726ee] depends on not successfully finished methods
2022-10-13 18:52:33,564 [main] INFO org.apache.commons.logging.Log - 
2022-10-13 18:52:33,565 [main] INFO org.apache.commons.logging.Log - Skipped because of ....java.lang.Throwable: Method NormalSmartsiporderTest.check_VerifyOTP()[pri:0, instance:com.Test.Rankmfselenium.NormalSmartsiporderTest@32c726ee] depends on not successfully finished methods
2022-10-13 18:52:33,566 [main] INFO org.apache.commons.logging.Log - 
2022-10-13 18:52:33,567 [main] INFO org.apache.commons.logging.Log - Skipped because of ....java.lang.Throwable: Method NormalSmartsiporderTest.check_enterotpnum()[pri:0, instance:com.Test.Rankmfselenium.NormalSmartsiporderTest@32c726ee] depends on not successfully finished methods
2022-10-13 18:52:33,569 [main] INFO org.apache.commons.logging.Log - 
2022-10-13 18:52:33,570 [main] INFO org.apache.commons.logging.Log - Skipped because of ....java.lang.Throwable: Method NormalSmartsiporderTest.Clickon_confirmcontinue()[pri:0, instance:com.Test.Rankmfselenium.NormalSmartsiporderTest@32c726ee] depends on not successfully finished methods
2022-10-13 18:52:33,572 [main] INFO org.apache.commons.logging.Log - 
2022-10-13 18:52:33,572 [main] INFO org.apache.commons.logging.Log - Skipped because of ....java.lang.Throwable: Method NormalSmartsiporderTest.Clickon_fetchsmartsippalcedorder()[pri:0, instance:com.Test.Rankmfselenium.NormalSmartsiporderTest@32c726ee] depends on not successfully finished methods
2022-10-13 18:52:33,574 [main] INFO org.apache.commons.logging.Log - 
2022-10-13 18:52:33,575 [main] INFO org.apache.commons.logging.Log - Skipped because of ....java.lang.Throwable: Method NormalSmartsiporderTest.Clickon_closepopup()[pri:0, instance:com.Test.Rankmfselenium.NormalSmartsiporderTest@32c726ee] depends on not successfully finished methods
2022-10-13 18:52:33,576 [main] INFO org.apache.commons.logging.Log - 
2022-10-13 18:52:33,577 [main] INFO org.apache.commons.logging.Log - Skipped because of ....java.lang.Throwable: Method NormalSmartsiporderTest.Clickon_cancelsmartsiporder()[pri:0, instance:com.Test.Rankmfselenium.NormalSmartsiporderTest@32c726ee] depends on not successfully finished methods
2022-10-13 18:52:33,578 [main] INFO org.apache.commons.logging.Log - 
2022-10-13 18:52:33,579 [main] INFO org.apache.commons.logging.Log - Skipped because of ....java.lang.Throwable: Method NormalSmartsiporderTest.Clickon_logout()[pri:0, instance:com.Test.Rankmfselenium.NormalSmartsiporderTest@32c726ee] depends on not successfully finished methods
2022-10-13 18:52:33,580 [main] INFO org.apache.commons.logging.Log - 
2022-10-13 18:52:33,581 [main] INFO org.apache.commons.logging.Log - Skipped because of ....java.lang.Throwable: Method NormalSmartsiporderTest.Click_logoutbtn()[pri:0, instance:com.Test.Rankmfselenium.NormalSmartsiporderTest@32c726ee] depends on not successfully finished methods
2022-10-13 18:52:33,583 [main] INFO org.apache.commons.logging.Log - 
2022-10-13 18:52:33,584 [main] INFO org.apache.commons.logging.Log - Skipped because of ....java.lang.Throwable: Method NormalSmartsiporderTest.Email_sendnotification()[pri:0, instance:com.Test.Rankmfselenium.NormalSmartsiporderTest@32c726ee] depends on not successfully finished methods
2022-10-13 18:52:33,606 [main] INFO org.apache.commons.logging.Log - ................On Finish  Testcases..... ....NormalSmartsiporder
2022-10-14 10:59:17,733 [main] INFO org.apache.commons.logging.Log - Click on sign button
2022-10-14 10:59:17,854 [main] INFO org.apache.commons.logging.Log - Enter Username
2022-10-14 10:59:17,947 [main] INFO org.apache.commons.logging.Log - Enter Password
2022-10-14 10:59:18,047 [main] INFO org.apache.commons.logging.Log - click on sign button
2022-10-14 10:59:18,053 [main] INFO org.apache.commons.logging.Log - Passed Testcase ....null
2022-10-14 10:59:18,059 [main] INFO org.apache.commons.logging.Log - clickonSigninPagepassed
2022-10-14 10:59:18,063 [main] INFO org.apache.commons.logging.Log - 
2022-10-14 10:59:22,368 [main] INFO org.apache.commons.logging.Log - Passed Testcase ....null
2022-10-14 10:59:22,369 [main] INFO org.apache.commons.logging.Log - clickonbasketpagepassed
2022-10-14 10:59:22,371 [main] INFO org.apache.commons.logging.Log - 
2022-10-14 10:59:26,242 [main] INFO org.apache.commons.logging.Log - Passed Testcase ....null
2022-10-14 10:59:26,243 [main] INFO org.apache.commons.logging.Log - Clickonconservativepassed
2022-10-14 10:59:26,246 [main] INFO org.apache.commons.logging.Log - 
2022-10-14 10:59:29,333 [main] INFO org.apache.commons.logging.Log - Passed Testcase ....null
2022-10-14 10:59:29,334 [main] INFO org.apache.commons.logging.Log - clickoninvestpassed
2022-10-14 10:59:29,337 [main] INFO org.apache.commons.logging.Log - 
2022-10-14 10:59:31,564 [main] INFO org.apache.commons.logging.Log - Passed Testcase ....null
2022-10-14 10:59:31,564 [main] INFO org.apache.commons.logging.Log - clickonpaymentmodepassed
2022-10-14 10:59:31,567 [main] INFO org.apache.commons.logging.Log - 
2022-10-14 10:59:35,785 [main] INFO org.apache.commons.logging.Log - Passed Testcase ....null
2022-10-14 10:59:35,786 [main] INFO org.apache.commons.logging.Log - clickon_Enter_UtrNopassed
2022-10-14 10:59:35,787 [main] INFO org.apache.commons.logging.Log - 
2022-10-14 10:59:37,959 [main] INFO org.apache.commons.logging.Log - Passed Testcase ....null
2022-10-14 10:59:37,960 [main] INFO org.apache.commons.logging.Log - ClickonVerifyOTPpassed
2022-10-14 10:59:37,963 [main] INFO org.apache.commons.logging.Log - 
2022-10-14 10:59:45,619 [main] INFO org.apache.commons.logging.Log - Passed Testcase ....null
2022-10-14 10:59:45,619 [main] INFO org.apache.commons.logging.Log - enterotpnumpassed
2022-10-14 10:59:45,621 [main] INFO org.apache.commons.logging.Log - 
2022-10-14 10:59:48,420 [main] INFO org.apache.commons.logging.Log - Passed Testcase ....null
2022-10-14 10:59:48,420 [main] INFO org.apache.commons.logging.Log - show_orderplaced_popuppassed
2022-10-14 10:59:48,423 [main] INFO org.apache.commons.logging.Log - 
2022-10-14 10:59:51,608 [main] INFO org.apache.commons.logging.Log - Passed Testcase ....null
2022-10-14 10:59:51,608 [main] INFO org.apache.commons.logging.Log - Clickon_logoutpassed
2022-10-14 10:59:51,610 [main] INFO org.apache.commons.logging.Log - 
2022-10-14 10:59:54,454 [main] INFO org.apache.commons.logging.Log - Passed Testcase ....null
2022-10-14 10:59:54,455 [main] INFO org.apache.commons.logging.Log - Click_logoutbtnpassed
2022-10-14 10:59:54,473 [main] INFO org.apache.commons.logging.Log - ................On Finish  Testcases..... ....BasketLumpsumorder
2022-10-14 10:59:59,689 [main] INFO org.apache.commons.logging.Log - 
2022-10-14 10:59:59,843 [main] INFO org.apache.commons.logging.Log - Click on sign button
2022-10-14 10:59:59,928 [main] INFO org.apache.commons.logging.Log - Enter Username
2022-10-14 11:00:00,030 [main] INFO org.apache.commons.logging.Log - Enter Password
2022-10-14 11:00:00,134 [main] INFO org.apache.commons.logging.Log - click on sign button
2022-10-14 11:00:00,139 [main] INFO org.apache.commons.logging.Log - Passed Testcase ....null
2022-10-14 11:00:00,140 [main] INFO org.apache.commons.logging.Log - clickonSigninPagepassed
2022-10-14 11:00:00,144 [main] INFO org.apache.commons.logging.Log - 
2022-10-14 11:00:03,431 [main] INFO org.apache.commons.logging.Log - Passed Testcase ....null
2022-10-14 11:00:03,432 [main] INFO org.apache.commons.logging.Log - clickonbasketpagepassed
2022-10-14 11:00:03,436 [main] INFO org.apache.commons.logging.Log - 
2022-10-14 11:00:07,236 [main] INFO org.apache.commons.logging.Log - Passed Testcase ....null
2022-10-14 11:00:07,237 [main] INFO org.apache.commons.logging.Log - Clickonconservativepassed
2022-10-14 11:00:07,240 [main] INFO org.apache.commons.logging.Log - 
2022-10-14 11:00:10,326 [main] INFO org.apache.commons.logging.Log - Passed Testcase ....null
2022-10-14 11:00:10,327 [main] INFO org.apache.commons.logging.Log - clickoninvestpassed
2022-10-14 11:00:10,329 [main] INFO org.apache.commons.logging.Log - 
2022-10-14 11:00:12,560 [main] INFO org.apache.commons.logging.Log - Passed Testcase ....null
2022-10-14 11:00:12,560 [main] INFO org.apache.commons.logging.Log - clickonpaymentmodepassed
2022-10-14 11:00:12,563 [main] INFO org.apache.commons.logging.Log - 
2022-10-14 11:00:14,744 [main] INFO org.apache.commons.logging.Log - Passed Testcase ....null
2022-10-14 11:00:14,745 [main] INFO org.apache.commons.logging.Log - ClickonVerifyOTPpassed
2022-10-14 11:00:14,746 [main] INFO org.apache.commons.logging.Log - 
2022-10-14 11:00:22,135 [main] INFO org.apache.commons.logging.Log - Passed Testcase ....null
2022-10-14 11:00:22,135 [main] INFO org.apache.commons.logging.Log - enterotpnumpassed
2022-10-14 11:00:22,137 [main] INFO org.apache.commons.logging.Log - 
2022-10-14 11:00:25,255 [main] INFO org.apache.commons.logging.Log - Passed Testcase ....null
2022-10-14 11:00:25,256 [main] INFO org.apache.commons.logging.Log - RedirectNetbankingurlpassed
2022-10-14 11:00:25,258 [main] INFO org.apache.commons.logging.Log - 
2022-10-14 11:00:28,446 [main] INFO org.apache.commons.logging.Log - Passed Testcase ....null
2022-10-14 11:00:28,446 [main] INFO org.apache.commons.logging.Log - Clickon_logoutpassed
2022-10-14 11:00:28,448 [main] INFO org.apache.commons.logging.Log - 
2022-10-14 11:00:31,348 [main] INFO org.apache.commons.logging.Log - Passed Testcase ....null
2022-10-14 11:00:31,349 [main] INFO org.apache.commons.logging.Log - Click_logoutbtnpassed
2022-10-14 11:00:31,354 [main] INFO org.apache.commons.logging.Log - ................On Finish  Testcases..... ....BasketLumpsumorder_NetBanking
2022-10-14 11:00:36,281 [main] INFO org.apache.commons.logging.Log - 
2022-10-14 11:00:36,416 [main] INFO org.apache.commons.logging.Log - Click on sign button
2022-10-14 11:00:36,515 [main] INFO org.apache.commons.logging.Log - Enter Username
2022-10-14 11:00:36,603 [main] INFO org.apache.commons.logging.Log - Enter Password
2022-10-14 11:00:36,712 [main] INFO org.apache.commons.logging.Log - click on sign button
2022-10-14 11:00:36,714 [main] INFO org.apache.commons.logging.Log - Passed Testcase ....null
2022-10-14 11:00:36,715 [main] INFO org.apache.commons.logging.Log - clickonSigninPagepassed
2022-10-14 11:00:36,717 [main] INFO org.apache.commons.logging.Log - 
2022-10-14 11:00:41,246 [main] INFO org.apache.commons.logging.Log - Passed Testcase ....null
2022-10-14 11:00:41,247 [main] INFO org.apache.commons.logging.Log - Click_HomePagepassed
2022-10-14 11:00:41,249 [main] INFO org.apache.commons.logging.Log - 
2022-10-14 11:00:49,770 [main] INFO org.apache.commons.logging.Log - Passed Testcase ....null
2022-10-14 11:00:49,771 [main] INFO org.apache.commons.logging.Log - Search_Mutualfundpassed
2022-10-14 11:00:49,774 [main] INFO org.apache.commons.logging.Log - 
2022-10-14 11:00:51,904 [main] INFO org.apache.commons.logging.Log - click on invest button
2022-10-14 11:00:51,905 [main] INFO org.apache.commons.logging.Log - Passed Testcase ....null
2022-10-14 11:00:51,905 [main] INFO org.apache.commons.logging.Log - click_INVESTpassed
2022-10-14 11:00:51,907 [main] INFO org.apache.commons.logging.Log - 
2022-10-14 11:00:54,003 [main] INFO org.apache.commons.logging.Log - select payment mode as Netbanking
2022-10-14 11:00:54,081 [main] INFO org.apache.commons.logging.Log - click on conform and continue button
2022-10-14 11:00:54,082 [main] INFO org.apache.commons.logging.Log - Passed Testcase ....null
2022-10-14 11:00:54,083 [main] INFO org.apache.commons.logging.Log - Select_PaymentModepassed
2022-10-14 11:00:54,085 [main] INFO org.apache.commons.logging.Log - 
2022-10-14 11:00:56,310 [main] INFO org.apache.commons.logging.Log - verify otp number
2022-10-14 11:00:56,311 [main] INFO org.apache.commons.logging.Log - Passed Testcase ....null
2022-10-14 11:00:56,312 [main] INFO org.apache.commons.logging.Log - Click_VerifyOTPpassed
2022-10-14 11:00:56,313 [main] INFO org.apache.commons.logging.Log - 
2022-10-14 11:01:03,680 [main] INFO org.apache.commons.logging.Log - Passed Testcase ....null
2022-10-14 11:01:03,681 [main] INFO org.apache.commons.logging.Log - enterotpnumpassed
2022-10-14 11:01:03,683 [main] INFO org.apache.commons.logging.Log - 
2022-10-14 11:01:10,461 [main] INFO org.apache.commons.logging.Log - Passed Testcase ....null
2022-10-14 11:01:10,461 [main] INFO org.apache.commons.logging.Log - RedirectNetbankingurlpassed
2022-10-14 11:01:10,466 [main] INFO org.apache.commons.logging.Log - ................On Finish  Testcases..... ....Normal_lumpsumNetbanking
2022-10-14 11:01:14,912 [main] INFO org.apache.commons.logging.Log - 
2022-10-14 11:01:15,037 [main] INFO org.apache.commons.logging.Log - Click on sign button
2022-10-14 11:01:15,125 [main] INFO org.apache.commons.logging.Log - Enter Username
2022-10-14 11:01:15,206 [main] INFO org.apache.commons.logging.Log - Enter Password
2022-10-14 11:01:15,314 [main] INFO org.apache.commons.logging.Log - click on sign button
2022-10-14 11:01:15,316 [main] INFO org.apache.commons.logging.Log - Passed Testcase ....null
2022-10-14 11:01:15,317 [main] INFO org.apache.commons.logging.Log - ClickonSigninPagepassed
2022-10-14 11:01:15,318 [main] INFO org.apache.commons.logging.Log - 
2022-10-14 11:01:17,773 [main] INFO org.apache.commons.logging.Log - Passed Testcase ....null
2022-10-14 11:01:17,774 [main] INFO org.apache.commons.logging.Log - Clickon_TotalInvestmentvaluepassed
2022-10-14 11:01:17,775 [main] INFO org.apache.commons.logging.Log - 
2022-10-14 11:01:20,552 [main] INFO org.apache.commons.logging.Log - Passed Testcase ....null
2022-10-14 11:01:20,553 [main] INFO org.apache.commons.logging.Log - Click_HomePagepassed
2022-10-14 11:01:20,555 [main] INFO org.apache.commons.logging.Log - 
2022-10-14 11:01:27,574 [main] INFO org.apache.commons.logging.Log - Passed Testcase ....null
2022-10-14 11:01:27,575 [main] INFO org.apache.commons.logging.Log - search_mutualfundspassed
2022-10-14 11:01:27,577 [main] INFO org.apache.commons.logging.Log - 
2022-10-14 11:01:33,880 [main] INFO org.apache.commons.logging.Log - Passed Testcase ....null
2022-10-14 11:01:33,880 [main] INFO org.apache.commons.logging.Log - Click_Normalsippassed
2022-10-14 11:01:33,881 [main] INFO org.apache.commons.logging.Log - 
2022-10-14 11:01:36,173 [main] INFO org.apache.commons.logging.Log - Passed Testcase ....null
2022-10-14 11:01:36,173 [main] INFO org.apache.commons.logging.Log - Click_sipcontinuebtnpassed
2022-10-14 11:01:36,175 [main] INFO org.apache.commons.logging.Log - 
2022-10-14 11:01:39,373 [main] INFO org.apache.commons.logging.Log - Passed Testcase ....null
2022-10-14 11:01:39,374 [main] INFO org.apache.commons.logging.Log - InstallementStartdatepassed
2022-10-14 11:01:39,376 [main] INFO org.apache.commons.logging.Log - 
2022-10-14 11:01:43,052 [main] INFO org.apache.commons.logging.Log - Passed Testcase ....null
2022-10-14 11:01:43,053 [main] INFO org.apache.commons.logging.Log - Startdatepickerpassed
2022-10-14 11:01:43,055 [main] INFO org.apache.commons.logging.Log - 
2022-10-14 11:01:45,167 [main] INFO org.apache.commons.logging.Log - Passed Testcase ....null
2022-10-14 11:01:45,168 [main] INFO org.apache.commons.logging.Log - Click_continuebtnpassed
2022-10-14 11:01:45,170 [main] INFO org.apache.commons.logging.Log - 
2022-10-14 11:01:47,371 [main] INFO org.apache.commons.logging.Log - Passed Testcase ....null
2022-10-14 11:01:47,372 [main] INFO org.apache.commons.logging.Log - check_VerifyOTPpassed
2022-10-14 11:01:47,374 [main] INFO org.apache.commons.logging.Log - 
2022-10-14 11:01:49,637 [main] INFO org.apache.commons.logging.Log - Passed Testcase ....null
2022-10-14 11:01:49,638 [main] INFO org.apache.commons.logging.Log - check_enterotpnumpassed
2022-10-14 11:01:49,639 [main] INFO org.apache.commons.logging.Log - 
2022-10-14 11:01:51,749 [main] INFO org.apache.commons.logging.Log - Passed Testcase ....null
2022-10-14 11:01:51,750 [main] INFO org.apache.commons.logging.Log - Clickon_confirmcontinuepassed
2022-10-14 11:01:51,754 [main] INFO org.apache.commons.logging.Log - 
2022-10-14 11:01:54,793 [main] INFO org.apache.commons.logging.Log - Failure  because of ....org.openqa.selenium.NoSuchElementException: no such element: Unable to locate element: {"method":"xpath","selector":"//body/div[1]/div[1]/div[4]/div[1]/div[1]/div[1]/div[3]/p[1]/div[1]/p[1]"}
  (Session info: chrome=106.0.5249.119)
For documentation on this error, please visit: https://www.seleniumhq.org/exceptions/no_such_element.html
Build info: version: '3.141.59', revision: 'e82be7d358', time: '2018-11-14T08:17:03'
System info: host: 'DESKTOP-KMVAA5F', ip: '192.168.80.48', os.name: 'Windows 10', os.arch: 'amd64', os.version: '10.0', java.version: '11'
Driver info: org.openqa.selenium.chrome.ChromeDriver
Capabilities {acceptInsecureCerts: false, browserName: chrome, browserVersion: 106.0.5249.119, chrome: {chromedriverVersion: 106.0.5249.61 (511755355844..., userDataDir: C:\Users\samco\AppData\Loca...}, goog:chromeOptions: {debuggerAddress: localhost:53593}, javascriptEnabled: true, networkConnectionEnabled: false, pageLoadStrategy: normal, platform: WINDOWS, platformName: WINDOWS, proxy: Proxy(), setWindowRect: true, strictFileInteractability: false, timeouts: {implicit: 0, pageLoad: 300000, script: 30000}, unhandledPromptBehavior: dismiss and notify, webauthn:extension:credBlob: true, webauthn:extension:largeBlob: true, webauthn:virtualAuthenticators: true}
Session ID: 099b24449d69e38b08cb708d44c95362
*** Element info: {Using=xpath, value=//body/div[1]/div[1]/div[4]/div[1]/div[1]/div[1]/div[3]/p[1]/div[1]/p[1]}
2022-10-14 11:01:55,087 [main] INFO org.apache.commons.logging.Log - 
2022-10-14 11:01:58,259 [main] INFO org.apache.commons.logging.Log - Passed Testcase ....null
2022-10-14 11:01:58,260 [main] INFO org.apache.commons.logging.Log - Clickon_skipsteppassed
2022-10-14 11:01:58,262 [main] INFO org.apache.commons.logging.Log - 
2022-10-14 11:02:08,280 [main] INFO org.apache.commons.logging.Log - Passed Testcase ....null
2022-10-14 11:02:08,281 [main] INFO org.apache.commons.logging.Log - Clickon_cancelsmartsiporderpassed
2022-10-14 11:02:08,282 [main] INFO org.apache.commons.logging.Log - 
2022-10-14 11:02:11,472 [main] INFO org.apache.commons.logging.Log - Passed Testcase ....null
2022-10-14 11:02:11,472 [main] INFO org.apache.commons.logging.Log - Clickon_logoutpassed
2022-10-14 11:02:11,473 [main] INFO org.apache.commons.logging.Log - 
2022-10-14 11:02:14,121 [main] INFO org.apache.commons.logging.Log - Passed Testcase ....null
2022-10-14 11:02:14,121 [main] INFO org.apache.commons.logging.Log - Click_logoutbtnpassed
2022-10-14 11:02:14,130 [main] INFO org.apache.commons.logging.Log - ................On Finish  Testcases..... ....NormalSiporder
2022-10-14 11:02:18,464 [main] INFO org.apache.commons.logging.Log - 
2022-10-14 11:02:18,614 [main] INFO org.apache.commons.logging.Log - Click on sign button
2022-10-14 11:02:18,837 [main] INFO org.apache.commons.logging.Log - Enter Username
2022-10-14 11:02:18,925 [main] INFO org.apache.commons.logging.Log - Enter Password
2022-10-14 11:02:19,023 [main] INFO org.apache.commons.logging.Log - click on sign button
2022-10-14 11:02:19,024 [main] INFO org.apache.commons.logging.Log - Passed Testcase ....null
2022-10-14 11:02:19,025 [main] INFO org.apache.commons.logging.Log - ClickonSigninPagepassed
2022-10-14 11:02:19,027 [main] INFO org.apache.commons.logging.Log - 
2022-10-14 11:02:21,081 [main] INFO org.apache.commons.logging.Log - Passed Testcase ....null
2022-10-14 11:02:21,082 [main] INFO org.apache.commons.logging.Log - Clickon_TotalInvestmentvaluepassed
2022-10-14 11:02:21,084 [main] INFO org.apache.commons.logging.Log - 
2022-10-14 11:02:24,220 [main] INFO org.apache.commons.logging.Log - Click on Invest in  smart sip
2022-10-14 11:02:24,222 [main] INFO org.apache.commons.logging.Log - Passed Testcase ....null
2022-10-14 11:02:24,222 [main] INFO org.apache.commons.logging.Log - Click_Investsmartsippassed
2022-10-14 11:02:24,224 [main] INFO org.apache.commons.logging.Log - 
2022-10-14 11:02:26,374 [main] INFO org.apache.commons.logging.Log - Click on smart sip button
2022-10-14 11:02:26,375 [main] INFO org.apache.commons.logging.Log - Passed Testcase ....null
2022-10-14 11:02:26,377 [main] INFO org.apache.commons.logging.Log - Click_smartsippassed
2022-10-14 11:02:26,379 [main] INFO org.apache.commons.logging.Log - 
2022-10-14 11:02:29,064 [main] INFO org.apache.commons.logging.Log - Click on continue button
2022-10-14 11:02:29,065 [main] INFO org.apache.commons.logging.Log - Passed Testcase ....null
2022-10-14 11:02:29,066 [main] INFO org.apache.commons.logging.Log - click_continuepassed
2022-10-14 11:02:29,067 [main] INFO org.apache.commons.logging.Log - 
2022-10-14 11:02:32,159 [main] INFO org.apache.commons.logging.Log - Click on installement date
2022-10-14 11:02:32,160 [main] INFO org.apache.commons.logging.Log - Passed Testcase ....null
2022-10-14 11:02:32,161 [main] INFO org.apache.commons.logging.Log - Installementdatepassed
2022-10-14 11:02:32,163 [main] INFO org.apache.commons.logging.Log - 
2022-10-14 11:02:34,785 [main] INFO org.apache.commons.logging.Log - select date picker
2022-10-14 11:02:34,786 [main] INFO org.apache.commons.logging.Log - Passed Testcase ....null
2022-10-14 11:02:34,787 [main] INFO org.apache.commons.logging.Log - InstallementStartdatepassed
2022-10-14 11:02:34,789 [main] INFO org.apache.commons.logging.Log - 
2022-10-14 11:02:36,919 [main] INFO org.apache.commons.logging.Log - click on ok button 
2022-10-14 11:02:36,921 [main] INFO org.apache.commons.logging.Log - Passed Testcase ....null
2022-10-14 11:02:36,921 [main] INFO org.apache.commons.logging.Log - Clickalertpassed
2022-10-14 11:02:36,923 [main] INFO org.apache.commons.logging.Log - 
2022-10-14 11:02:39,007 [main] INFO org.apache.commons.logging.Log - Click on checkbox
2022-10-14 11:02:39,099 [main] INFO org.apache.commons.logging.Log - Click on verify via otp button
2022-10-14 11:02:39,099 [main] INFO org.apache.commons.logging.Log - Passed Testcase ....null
2022-10-14 11:02:39,100 [main] INFO org.apache.commons.logging.Log - check_VerifyOTPpassed
2022-10-14 11:02:39,101 [main] INFO org.apache.commons.logging.Log - 
2022-10-14 11:02:41,402 [main] INFO org.apache.commons.logging.Log - Passed Testcase ....null
2022-10-14 11:02:41,403 [main] INFO org.apache.commons.logging.Log - check_enterotpnumpassed
2022-10-14 11:02:41,404 [main] INFO org.apache.commons.logging.Log - 
2022-10-14 11:02:43,492 [main] INFO org.apache.commons.logging.Log - Click on otp_submit button
2022-10-14 11:02:43,494 [main] INFO org.apache.commons.logging.Log - Passed Testcase ....null
2022-10-14 11:02:43,494 [main] INFO org.apache.commons.logging.Log - Clickon_confirmcontinuepassed
2022-10-14 11:02:43,496 [main] INFO org.apache.commons.logging.Log - 
2022-10-14 11:02:46,550 [main] INFO org.apache.commons.logging.Log -  order placed sucessfully popup is displayed
2022-10-14 11:02:46,551 [main] INFO org.apache.commons.logging.Log - Passed Testcase ....null
2022-10-14 11:02:46,551 [main] INFO org.apache.commons.logging.Log - Clickon_fetchsmartsippalcedorderpassed
2022-10-14 11:02:46,552 [main] INFO org.apache.commons.logging.Log - 
2022-10-14 11:02:49,286 [main] INFO org.apache.commons.logging.Log - Click on popup close button
2022-10-14 11:02:49,290 [main] INFO org.apache.commons.logging.Log - Passed Testcase ....null
2022-10-14 11:02:49,290 [main] INFO org.apache.commons.logging.Log - Clickon_closepopuppassed
2022-10-14 11:02:49,292 [main] INFO org.apache.commons.logging.Log - 
2022-10-14 11:02:59,813 [main] INFO org.apache.commons.logging.Log - Passed Testcase ....null
2022-10-14 11:02:59,814 [main] INFO org.apache.commons.logging.Log - Clickon_cancelsmartsiporderpassed
2022-10-14 11:02:59,815 [main] INFO org.apache.commons.logging.Log - 
2022-10-14 11:03:02,990 [main] INFO org.apache.commons.logging.Log - Passed Testcase ....null
2022-10-14 11:03:02,991 [main] INFO org.apache.commons.logging.Log - Clickon_logoutpassed
2022-10-14 11:03:02,992 [main] INFO org.apache.commons.logging.Log - 
2022-10-14 11:03:05,735 [main] INFO org.apache.commons.logging.Log - Passed Testcase ....null
2022-10-14 11:03:05,736 [main] INFO org.apache.commons.logging.Log - Click_logoutbtnpassed
2022-10-14 11:03:05,737 [main] INFO org.apache.commons.logging.Log - 
2022-10-14 11:03:15,502 [main] INFO org.apache.commons.logging.Log - Passed Testcase ....null
2022-10-14 11:03:15,503 [main] INFO org.apache.commons.logging.Log - Email_sendnotificationpassed
2022-10-14 11:03:15,506 [main] INFO org.apache.commons.logging.Log - ................On Finish  Testcases..... ....NormalSmartsiporder
2022-10-14 11:03:15,550 [main] INFO org.apache.commons.logging.Log - 
2022-10-14 11:03:20,813 [main] INFO org.apache.commons.logging.Log - Passed Testcase ....null
2022-10-14 11:03:20,813 [main] INFO org.apache.commons.logging.Log - Email_sendnotificationpassed
2022-10-14 11:03:20,818 [main] INFO org.apache.commons.logging.Log - ................On Finish  Testcases..... ....Email_send
2022-10-17 11:09:37,960 [main] INFO org.apache.commons.logging.Log - Click on sign button
2022-10-17 11:09:38,146 [main] INFO org.apache.commons.logging.Log - Enter Username
2022-10-17 11:09:38,253 [main] INFO org.apache.commons.logging.Log - Enter Password
2022-10-17 11:09:38,346 [main] INFO org.apache.commons.logging.Log - click on sign button
2022-10-17 11:09:59,602 [main] INFO org.apache.commons.logging.Log - click on invest button
2022-10-17 11:10:01,708 [main] INFO org.apache.commons.logging.Log - select payment mode as Netbanking
2022-10-17 11:10:01,789 [main] INFO org.apache.commons.logging.Log - click on conform and continue button
2022-10-17 11:15:29,870 [main] INFO org.apache.commons.logging.Log - Click on sign button
2022-10-17 11:15:29,981 [main] INFO org.apache.commons.logging.Log - Enter Username
2022-10-17 11:15:30,064 [main] INFO org.apache.commons.logging.Log - Enter Password
2022-10-17 11:15:30,163 [main] INFO org.apache.commons.logging.Log - click on sign button
2022-10-17 11:15:44,993 [main] INFO org.apache.commons.logging.Log - click on invest button
2022-10-17 11:15:47,092 [main] INFO org.apache.commons.logging.Log - select payment mode as Netbanking
2022-10-17 11:15:47,173 [main] INFO org.apache.commons.logging.Log - click on conform and continue button
2022-10-17 11:15:49,358 [main] INFO org.apache.commons.logging.Log - verify otp number
2022-10-17 11:57:41,749 [main] INFO org.apache.commons.logging.Log - Click on sign button
2022-10-17 11:57:41,860 [main] INFO org.apache.commons.logging.Log - Enter Username
2022-10-17 11:57:41,977 [main] INFO org.apache.commons.logging.Log - Enter Password
2022-10-17 11:57:42,078 [main] INFO org.apache.commons.logging.Log - click on sign button
2022-10-17 11:57:57,737 [main] INFO org.apache.commons.logging.Log - click on invest button
2022-10-17 11:57:59,839 [main] INFO org.apache.commons.logging.Log - select payment mode as Netbanking
2022-10-17 11:57:59,916 [main] INFO org.apache.commons.logging.Log - click on conform and continue button
2022-10-17 11:58:02,092 [main] INFO org.apache.commons.logging.Log - verify otp number
2022-10-17 12:25:49,336 [main] INFO org.apache.commons.logging.Log - Click on sign button
2022-10-17 12:25:49,444 [main] INFO org.apache.commons.logging.Log - Enter Username
2022-10-17 12:25:49,535 [main] INFO org.apache.commons.logging.Log - Enter Password
2022-10-17 12:25:49,621 [main] INFO org.apache.commons.logging.Log - click on sign button
2022-10-17 12:26:03,339 [main] INFO org.apache.commons.logging.Log - click on invest button
2022-10-17 12:26:05,444 [main] INFO org.apache.commons.logging.Log - select payment mode as Netbanking
2022-10-17 12:26:05,522 [main] INFO org.apache.commons.logging.Log - click on conform and continue button
2022-10-17 12:26:07,682 [main] INFO org.apache.commons.logging.Log - verify otp number
2022-10-17 12:29:29,817 [main] INFO org.apache.commons.logging.Log - Click on sign button
2022-10-17 12:29:29,932 [main] INFO org.apache.commons.logging.Log - Enter Username
2022-10-17 12:29:30,024 [main] INFO org.apache.commons.logging.Log - Enter Password
2022-10-17 12:29:30,124 [main] INFO org.apache.commons.logging.Log - click on sign button
2022-10-17 12:29:42,717 [main] INFO org.apache.commons.logging.Log - click on invest button
2022-10-17 12:29:44,830 [main] INFO org.apache.commons.logging.Log - select payment mode as Netbanking
2022-10-17 12:29:44,908 [main] INFO org.apache.commons.logging.Log - click on conform and continue button
2022-10-17 12:29:47,084 [main] INFO org.apache.commons.logging.Log - verify otp number
2022-10-17 12:33:30,295 [main] INFO org.apache.commons.logging.Log - Click on sign button
2022-10-17 12:33:30,408 [main] INFO org.apache.commons.logging.Log - Enter Username
2022-10-17 12:33:30,596 [main] INFO org.apache.commons.logging.Log - Enter Password
2022-10-17 12:33:30,761 [main] INFO org.apache.commons.logging.Log - click on sign button
2022-10-17 12:33:45,091 [main] INFO org.apache.commons.logging.Log - click on invest button
2022-10-17 12:33:47,208 [main] INFO org.apache.commons.logging.Log - select payment mode as Netbanking
2022-10-17 12:33:47,287 [main] INFO org.apache.commons.logging.Log - click on conform and continue button
2022-10-17 12:33:49,508 [main] INFO org.apache.commons.logging.Log - verify otp number
2022-10-17 12:39:11,815 [main] INFO org.apache.commons.logging.Log - Click on sign button
2022-10-17 12:39:11,930 [main] INFO org.apache.commons.logging.Log - Enter Username
2022-10-17 12:39:12,021 [main] INFO org.apache.commons.logging.Log - Enter Password
2022-10-17 12:39:12,119 [main] INFO org.apache.commons.logging.Log - click on sign button
2022-10-17 12:39:24,498 [main] INFO org.apache.commons.logging.Log - click on invest button
2022-10-17 12:39:26,599 [main] INFO org.apache.commons.logging.Log - select payment mode as Netbanking
2022-10-17 12:39:26,693 [main] INFO org.apache.commons.logging.Log - click on conform and continue button
2022-10-17 12:39:28,889 [main] INFO org.apache.commons.logging.Log - verify otp number
2022-10-17 12:49:21,084 [main] INFO org.apache.commons.logging.Log - Click on sign button
2022-10-17 12:49:21,196 [main] INFO org.apache.commons.logging.Log - Enter Username
2022-10-17 12:49:21,272 [main] INFO org.apache.commons.logging.Log - Enter Password
2022-10-17 12:49:21,367 [main] INFO org.apache.commons.logging.Log - click on sign button
2022-10-17 12:49:35,847 [main] INFO org.apache.commons.logging.Log - click on invest button
2022-10-17 12:49:37,948 [main] INFO org.apache.commons.logging.Log - select payment mode as Netbanking
2022-10-17 12:49:38,028 [main] INFO org.apache.commons.logging.Log - click on conform and continue button
2022-10-17 12:49:40,218 [main] INFO org.apache.commons.logging.Log - verify otp number
2022-10-17 12:56:04,074 [main] INFO org.apache.commons.logging.Log - Click on sign button
2022-10-17 12:56:04,165 [main] INFO org.apache.commons.logging.Log - Enter Username
2022-10-17 12:56:04,283 [main] INFO org.apache.commons.logging.Log - Enter Password
2022-10-17 12:56:04,387 [main] INFO org.apache.commons.logging.Log - click on sign button
2022-10-17 12:56:18,056 [main] INFO org.apache.commons.logging.Log - click on invest button
2022-10-17 12:56:20,152 [main] INFO org.apache.commons.logging.Log - select payment mode as Netbanking
2022-10-17 12:56:20,227 [main] INFO org.apache.commons.logging.Log - click on conform and continue button
2022-10-17 12:56:22,390 [main] INFO org.apache.commons.logging.Log - verify otp number
2022-10-17 16:24:34,733 [main] INFO org.apache.commons.logging.Log - Click on sign button
2022-10-17 16:24:34,890 [main] INFO org.apache.commons.logging.Log - Enter Username
2022-10-17 16:24:34,986 [main] INFO org.apache.commons.logging.Log - Enter Password
2022-10-17 16:24:35,085 [main] INFO org.apache.commons.logging.Log - click on sign button
2022-10-17 16:41:54,850 [main] INFO org.apache.commons.logging.Log - Click on sign button
2022-10-17 16:41:54,958 [main] INFO org.apache.commons.logging.Log - Enter Username
2022-10-17 16:41:55,044 [main] INFO org.apache.commons.logging.Log - Enter Password
2022-10-17 16:41:55,133 [main] INFO org.apache.commons.logging.Log - click on sign button
2022-10-17 16:41:55,139 [main] INFO org.apache.commons.logging.Log - Passed Testcase ....null
2022-10-17 16:41:55,145 [main] INFO org.apache.commons.logging.Log - clickonSigninPagepassed
2022-10-17 16:41:55,149 [main] INFO org.apache.commons.logging.Log - 
2022-10-17 16:41:59,618 [main] INFO org.apache.commons.logging.Log - Passed Testcase ....null
2022-10-17 16:41:59,624 [main] INFO org.apache.commons.logging.Log - clickonbasketpagepassed
2022-10-17 16:41:59,626 [main] INFO org.apache.commons.logging.Log - 
2022-10-17 16:42:03,492 [main] INFO org.apache.commons.logging.Log - Passed Testcase ....null
2022-10-17 16:42:03,493 [main] INFO org.apache.commons.logging.Log - Clickonconservativepassed
2022-10-17 16:42:03,495 [main] INFO org.apache.commons.logging.Log - 
2022-10-17 16:42:06,569 [main] INFO org.apache.commons.logging.Log - Passed Testcase ....null
2022-10-17 16:42:06,570 [main] INFO org.apache.commons.logging.Log - clickoninvestpassed
2022-10-17 16:42:06,573 [main] INFO org.apache.commons.logging.Log - 
2022-10-17 16:42:08,797 [main] INFO org.apache.commons.logging.Log - Passed Testcase ....null
2022-10-17 16:42:08,798 [main] INFO org.apache.commons.logging.Log - clickonpaymentmodepassed
2022-10-17 16:42:08,800 [main] INFO org.apache.commons.logging.Log - 
2022-10-17 16:42:13,033 [main] INFO org.apache.commons.logging.Log - Passed Testcase ....null
2022-10-17 16:42:13,034 [main] INFO org.apache.commons.logging.Log - clickon_Enter_UtrNopassed
2022-10-17 16:42:13,037 [main] INFO org.apache.commons.logging.Log - 
2022-10-17 16:42:15,228 [main] INFO org.apache.commons.logging.Log - Passed Testcase ....null
2022-10-17 16:42:15,230 [main] INFO org.apache.commons.logging.Log - ClickonVerifyOTPpassed
2022-10-17 16:42:15,232 [main] INFO org.apache.commons.logging.Log - 
2022-10-17 16:42:22,817 [main] INFO org.apache.commons.logging.Log - Passed Testcase ....null
2022-10-17 16:42:22,818 [main] INFO org.apache.commons.logging.Log - enterotpnumpassed
2022-10-17 16:42:22,819 [main] INFO org.apache.commons.logging.Log - 
2022-10-17 16:42:25,523 [main] INFO org.apache.commons.logging.Log - Passed Testcase ....null
2022-10-17 16:42:25,523 [main] INFO org.apache.commons.logging.Log - show_orderplaced_popuppassed
2022-10-17 16:42:25,526 [main] INFO org.apache.commons.logging.Log - 
2022-10-17 16:42:28,691 [main] INFO org.apache.commons.logging.Log - Passed Testcase ....null
2022-10-17 16:42:28,691 [main] INFO org.apache.commons.logging.Log - Clickon_logoutpassed
2022-10-17 16:42:28,693 [main] INFO org.apache.commons.logging.Log - 
2022-10-17 16:42:31,773 [main] INFO org.apache.commons.logging.Log - Passed Testcase ....null
2022-10-17 16:42:31,774 [main] INFO org.apache.commons.logging.Log - Click_logoutbtnpassed
2022-10-17 16:42:31,807 [main] INFO org.apache.commons.logging.Log - ................On Finish  Testcases..... ....BasketLumpsumorder
2022-10-17 16:42:37,863 [main] INFO org.apache.commons.logging.Log - 
2022-10-17 16:42:37,990 [main] INFO org.apache.commons.logging.Log - Click on sign button
2022-10-17 16:42:38,199 [main] INFO org.apache.commons.logging.Log - Enter Username
2022-10-17 16:42:38,296 [main] INFO org.apache.commons.logging.Log - Enter Password
2022-10-17 16:42:38,398 [main] INFO org.apache.commons.logging.Log - click on sign button
2022-10-17 16:42:38,400 [main] INFO org.apache.commons.logging.Log - Passed Testcase ....null
2022-10-17 16:42:38,403 [main] INFO org.apache.commons.logging.Log - clickonSigninPagepassed
2022-10-17 16:42:38,406 [main] INFO org.apache.commons.logging.Log - 
2022-10-17 16:42:42,982 [main] INFO org.apache.commons.logging.Log - Passed Testcase ....null
2022-10-17 16:42:42,983 [main] INFO org.apache.commons.logging.Log - clickonbasketpagepassed
2022-10-17 16:42:42,987 [main] INFO org.apache.commons.logging.Log - 
2022-10-17 16:42:46,794 [main] INFO org.apache.commons.logging.Log - Passed Testcase ....null
2022-10-17 16:42:46,796 [main] INFO org.apache.commons.logging.Log - Clickonconservativepassed
2022-10-17 16:42:46,798 [main] INFO org.apache.commons.logging.Log - 
2022-10-17 16:42:49,887 [main] INFO org.apache.commons.logging.Log - Passed Testcase ....null
2022-10-17 16:42:49,888 [main] INFO org.apache.commons.logging.Log - clickoninvestpassed
2022-10-17 16:42:49,890 [main] INFO org.apache.commons.logging.Log - 
2022-10-17 16:42:52,104 [main] INFO org.apache.commons.logging.Log - Passed Testcase ....null
2022-10-17 16:42:52,105 [main] INFO org.apache.commons.logging.Log - clickonpaymentmodepassed
2022-10-17 16:42:52,106 [main] INFO org.apache.commons.logging.Log - 
2022-10-17 16:42:54,289 [main] INFO org.apache.commons.logging.Log - Passed Testcase ....null
2022-10-17 16:42:54,290 [main] INFO org.apache.commons.logging.Log - ClickonVerifyOTPpassed
2022-10-17 16:42:54,291 [main] INFO org.apache.commons.logging.Log - 
2022-10-17 16:43:01,650 [main] INFO org.apache.commons.logging.Log - Passed Testcase ....null
2022-10-17 16:43:01,651 [main] INFO org.apache.commons.logging.Log - enterotpnumpassed
2022-10-17 16:43:01,652 [main] INFO org.apache.commons.logging.Log - 
2022-10-17 16:43:04,705 [main] INFO org.apache.commons.logging.Log - Passed Testcase ....null
2022-10-17 16:43:04,706 [main] INFO org.apache.commons.logging.Log - RedirectNetbankingurlpassed
2022-10-17 16:43:04,708 [main] INFO org.apache.commons.logging.Log - 
2022-10-17 16:43:07,878 [main] INFO org.apache.commons.logging.Log - Passed Testcase ....null
2022-10-17 16:43:07,879 [main] INFO org.apache.commons.logging.Log - Clickon_logoutpassed
2022-10-17 16:43:07,880 [main] INFO org.apache.commons.logging.Log - 
2022-10-17 16:43:09,932 [main] INFO org.apache.commons.logging.Log - Failure  because of ....org.openqa.selenium.ElementNotInteractableException: element not interactable
  (Session info: chrome=106.0.5249.119)
Build info: version: '3.141.59', revision: 'e82be7d358', time: '2018-11-14T08:17:03'
System info: host: 'DESKTOP-KMVAA5F', ip: '192.168.80.48', os.name: 'Windows 10', os.arch: 'amd64', os.version: '10.0', java.version: '11'
Driver info: org.openqa.selenium.chrome.ChromeDriver
Capabilities {acceptInsecureCerts: false, browserName: chrome, browserVersion: 106.0.5249.119, chrome: {chromedriverVersion: 106.0.5249.61 (511755355844..., userDataDir: C:\Users\samco\AppData\Loca...}, goog:chromeOptions: {debuggerAddress: localhost:61805}, javascriptEnabled: true, networkConnectionEnabled: false, pageLoadStrategy: normal, platform: WINDOWS, platformName: WINDOWS, proxy: Proxy(), setWindowRect: true, strictFileInteractability: false, timeouts: {implicit: 0, pageLoad: 300000, script: 30000}, unhandledPromptBehavior: dismiss and notify, webauthn:extension:credBlob: true, webauthn:extension:largeBlob: true, webauthn:virtualAuthenticators: true}
Session ID: 570aa5b053b44e8c0816a46e3b95fe7c
2022-10-17 16:43:10,307 [main] INFO org.apache.commons.logging.Log - ................On Finish  Testcases..... ....BasketLumpsumorder_NetBanking
2022-10-17 16:43:14,918 [main] INFO org.apache.commons.logging.Log - 
2022-10-17 16:43:15,068 [main] INFO org.apache.commons.logging.Log - Click on sign button
2022-10-17 16:43:15,155 [main] INFO org.apache.commons.logging.Log - Enter Username
2022-10-17 16:43:15,261 [main] INFO org.apache.commons.logging.Log - Enter Password
2022-10-17 16:43:15,361 [main] INFO org.apache.commons.logging.Log - click on sign button
2022-10-17 16:43:15,363 [main] INFO org.apache.commons.logging.Log - Passed Testcase ....null
2022-10-17 16:43:15,364 [main] INFO org.apache.commons.logging.Log - clickonSigninPagepassed
2022-10-17 16:43:15,365 [main] INFO org.apache.commons.logging.Log - 
2022-10-17 16:43:17,963 [main] INFO org.apache.commons.logging.Log - Passed Testcase ....null
2022-10-17 16:43:17,964 [main] INFO org.apache.commons.logging.Log - Click_HomePagepassed
2022-10-17 16:43:17,965 [main] INFO org.apache.commons.logging.Log - 
2022-10-17 16:43:25,578 [main] INFO org.apache.commons.logging.Log - Passed Testcase ....null
2022-10-17 16:43:25,579 [main] INFO org.apache.commons.logging.Log - Search_Mutualfundpassed
2022-10-17 16:43:25,580 [main] INFO org.apache.commons.logging.Log - 
2022-10-17 16:43:27,673 [main] INFO org.apache.commons.logging.Log - click on invest button
2022-10-17 16:43:27,674 [main] INFO org.apache.commons.logging.Log - Passed Testcase ....null
2022-10-17 16:43:27,674 [main] INFO org.apache.commons.logging.Log - click_INVESTpassed
2022-10-17 16:43:27,675 [main] INFO org.apache.commons.logging.Log - 
2022-10-17 16:43:29,773 [main] INFO org.apache.commons.logging.Log - select payment mode as Netbanking
2022-10-17 16:43:29,856 [main] INFO org.apache.commons.logging.Log - click on conform and continue button
2022-10-17 16:43:29,857 [main] INFO org.apache.commons.logging.Log - Passed Testcase ....null
2022-10-17 16:43:29,858 [main] INFO org.apache.commons.logging.Log - Select_PaymentModepassed
2022-10-17 16:43:29,859 [main] INFO org.apache.commons.logging.Log - 
2022-10-17 16:43:32,033 [main] INFO org.apache.commons.logging.Log - verify otp number
2022-10-17 16:43:32,034 [main] INFO org.apache.commons.logging.Log - Passed Testcase ....null
2022-10-17 16:43:32,035 [main] INFO org.apache.commons.logging.Log - Click_VerifyOTPpassed
2022-10-17 16:43:32,038 [main] INFO org.apache.commons.logging.Log - 
2022-10-17 16:43:37,464 [main] INFO org.apache.commons.logging.Log - Passed Testcase ....null
2022-10-17 16:43:37,465 [main] INFO org.apache.commons.logging.Log - enterotpnumpassed
2022-10-17 16:43:37,467 [main] INFO org.apache.commons.logging.Log - 
2022-10-17 16:43:52,854 [main] INFO org.apache.commons.logging.Log - Passed Testcase ....null
2022-10-17 16:43:52,855 [main] INFO org.apache.commons.logging.Log - RedirectNetbankingurlpassed
2022-10-17 16:43:52,868 [main] INFO org.apache.commons.logging.Log - ................On Finish  Testcases..... ....Normal_lumpsumNetbanking
2022-10-17 16:43:57,352 [main] INFO org.apache.commons.logging.Log - 
2022-10-17 16:43:57,465 [main] INFO org.apache.commons.logging.Log - Click on sign button
2022-10-17 16:43:57,558 [main] INFO org.apache.commons.logging.Log - Enter Username
2022-10-17 16:43:57,652 [main] INFO org.apache.commons.logging.Log - Enter Password
2022-10-17 16:43:57,746 [main] INFO org.apache.commons.logging.Log - click on sign button
2022-10-17 16:43:57,749 [main] INFO org.apache.commons.logging.Log - Passed Testcase ....null
2022-10-17 16:43:57,750 [main] INFO org.apache.commons.logging.Log - ClickonSigninPagepassed
2022-10-17 16:43:57,751 [main] INFO org.apache.commons.logging.Log - 
2022-10-17 16:43:59,800 [main] INFO org.apache.commons.logging.Log - Passed Testcase ....null
2022-10-17 16:43:59,801 [main] INFO org.apache.commons.logging.Log - Clickon_TotalInvestmentvaluepassed
2022-10-17 16:43:59,802 [main] INFO org.apache.commons.logging.Log - 
2022-10-17 16:44:03,138 [main] INFO org.apache.commons.logging.Log - Passed Testcase ....null
2022-10-17 16:44:03,139 [main] INFO org.apache.commons.logging.Log - Click_HomePagepassed
2022-10-17 16:44:03,140 [main] INFO org.apache.commons.logging.Log - 
2022-10-17 16:44:09,738 [main] INFO org.apache.commons.logging.Log - Passed Testcase ....null
2022-10-17 16:44:09,739 [main] INFO org.apache.commons.logging.Log - search_mutualfundspassed
2022-10-17 16:44:09,741 [main] INFO org.apache.commons.logging.Log - 
2022-10-17 16:44:16,072 [main] INFO org.apache.commons.logging.Log - Passed Testcase ....null
2022-10-17 16:44:16,072 [main] INFO org.apache.commons.logging.Log - Click_Normalsippassed
2022-10-17 16:44:16,074 [main] INFO org.apache.commons.logging.Log - 
2022-10-17 16:44:18,375 [main] INFO org.apache.commons.logging.Log - Passed Testcase ....null
2022-10-17 16:44:18,376 [main] INFO org.apache.commons.logging.Log - Click_sipcontinuebtnpassed
2022-10-17 16:44:18,377 [main] INFO org.apache.commons.logging.Log - 
2022-10-17 16:44:21,524 [main] INFO org.apache.commons.logging.Log - Passed Testcase ....null
2022-10-17 16:44:21,525 [main] INFO org.apache.commons.logging.Log - InstallementStartdatepassed
2022-10-17 16:44:21,527 [main] INFO org.apache.commons.logging.Log - 
2022-10-17 16:44:25,275 [main] INFO org.apache.commons.logging.Log - Passed Testcase ....null
2022-10-17 16:44:25,276 [main] INFO org.apache.commons.logging.Log - Startdatepickerpassed
2022-10-17 16:44:25,278 [main] INFO org.apache.commons.logging.Log - 
2022-10-17 16:44:27,412 [main] INFO org.apache.commons.logging.Log - Passed Testcase ....null
2022-10-17 16:44:27,412 [main] INFO org.apache.commons.logging.Log - Click_continuebtnpassed
2022-10-17 16:44:27,414 [main] INFO org.apache.commons.logging.Log - 
2022-10-17 16:44:29,640 [main] INFO org.apache.commons.logging.Log - Passed Testcase ....null
2022-10-17 16:44:29,640 [main] INFO org.apache.commons.logging.Log - check_VerifyOTPpassed
2022-10-17 16:44:29,642 [main] INFO org.apache.commons.logging.Log - 
2022-10-17 16:44:31,878 [main] INFO org.apache.commons.logging.Log - Passed Testcase ....null
2022-10-17 16:44:31,878 [main] INFO org.apache.commons.logging.Log - check_enterotpnumpassed
2022-10-17 16:44:31,879 [main] INFO org.apache.commons.logging.Log - 
2022-10-17 16:44:34,023 [main] INFO org.apache.commons.logging.Log - Passed Testcase ....null
2022-10-17 16:44:34,023 [main] INFO org.apache.commons.logging.Log - Clickon_confirmcontinuepassed
2022-10-17 16:44:34,025 [main] INFO org.apache.commons.logging.Log - 
2022-10-17 16:44:37,076 [main] INFO org.apache.commons.logging.Log - Failure  because of ....org.openqa.selenium.NoSuchElementException: no such element: Unable to locate element: {"method":"xpath","selector":"//*[@id="main_msg_success"]/div/p"}
  (Session info: chrome=106.0.5249.119)
For documentation on this error, please visit: https://www.seleniumhq.org/exceptions/no_such_element.html
Build info: version: '3.141.59', revision: 'e82be7d358', time: '2018-11-14T08:17:03'
System info: host: 'DESKTOP-KMVAA5F', ip: '192.168.80.48', os.name: 'Windows 10', os.arch: 'amd64', os.version: '10.0', java.version: '11'
Driver info: org.openqa.selenium.chrome.ChromeDriver
Capabilities {acceptInsecureCerts: false, browserName: chrome, browserVersion: 106.0.5249.119, chrome: {chromedriverVersion: 106.0.5249.61 (511755355844..., userDataDir: C:\Users\samco\AppData\Loca...}, goog:chromeOptions: {debuggerAddress: localhost:62029}, javascriptEnabled: true, networkConnectionEnabled: false, pageLoadStrategy: normal, platform: WINDOWS, platformName: WINDOWS, proxy: Proxy(), setWindowRect: true, strictFileInteractability: false, timeouts: {implicit: 0, pageLoad: 300000, script: 30000}, unhandledPromptBehavior: dismiss and notify, webauthn:extension:credBlob: true, webauthn:extension:largeBlob: true, webauthn:virtualAuthenticators: true}
Session ID: efce6f2f9b62bed52ef6f63cd8c967f8
*** Element info: {Using=xpath, value=//*[@id="main_msg_success"]/div/p}
2022-10-17 16:44:37,420 [main] INFO org.apache.commons.logging.Log - 
2022-10-17 16:44:37,420 [main] INFO org.apache.commons.logging.Log - Skipped because of ....java.lang.Throwable: Method NormalSiporderTest.Clickon_skipstep()[pri:0, instance:com.Test.Rankmfselenium.NormalSiporderTest@1e097d59] depends on not successfully finished methods
2022-10-17 16:44:37,422 [main] INFO org.apache.commons.logging.Log - 
2022-10-17 16:44:37,424 [main] INFO org.apache.commons.logging.Log - Skipped because of ....java.lang.Throwable: Method NormalSiporderTest.Clickon_cancelsmartSiporder()[pri:0, instance:com.Test.Rankmfselenium.NormalSiporderTest@1e097d59] depends on not successfully finished methods
2022-10-17 16:44:37,425 [main] INFO org.apache.commons.logging.Log - 
2022-10-17 16:44:37,427 [main] INFO org.apache.commons.logging.Log - Skipped because of ....java.lang.Throwable: Method NormalSiporderTest.Clickon_logout()[pri:0, instance:com.Test.Rankmfselenium.NormalSiporderTest@1e097d59] depends on not successfully finished methods
2022-10-17 16:44:37,428 [main] INFO org.apache.commons.logging.Log - 
2022-10-17 16:44:37,429 [main] INFO org.apache.commons.logging.Log - Skipped because of ....java.lang.Throwable: Method NormalSiporderTest.Click_logoutbtn()[pri:0, instance:com.Test.Rankmfselenium.NormalSiporderTest@1e097d59] depends on not successfully finished methods
2022-10-17 16:44:37,466 [main] INFO org.apache.commons.logging.Log - ................On Finish  Testcases..... ....NormalSiporder
2022-10-17 16:44:42,216 [main] INFO org.apache.commons.logging.Log - 
2022-10-17 16:44:42,328 [main] INFO org.apache.commons.logging.Log - Click on sign button
2022-10-17 16:44:42,424 [main] INFO org.apache.commons.logging.Log - Enter Username
2022-10-17 16:44:42,520 [main] INFO org.apache.commons.logging.Log - Enter Password
2022-10-17 16:44:42,627 [main] INFO org.apache.commons.logging.Log - click on sign button
2022-10-17 16:44:42,629 [main] INFO org.apache.commons.logging.Log - Passed Testcase ....null
2022-10-17 16:44:42,630 [main] INFO org.apache.commons.logging.Log - ClickonSigninPagepassed
2022-10-17 16:44:42,632 [main] INFO org.apache.commons.logging.Log - 
2022-10-17 16:44:44,691 [main] INFO org.apache.commons.logging.Log - Passed Testcase ....null
2022-10-17 16:44:44,692 [main] INFO org.apache.commons.logging.Log - Clickon_TotalInvestmentvaluepassed
2022-10-17 16:44:44,694 [main] INFO org.apache.commons.logging.Log - 
2022-10-17 16:44:47,819 [main] INFO org.apache.commons.logging.Log - Click on Invest in  smart sip
2022-10-17 16:44:47,820 [main] INFO org.apache.commons.logging.Log - Passed Testcase ....null
2022-10-17 16:44:47,821 [main] INFO org.apache.commons.logging.Log - Click_Investsmartsippassed
2022-10-17 16:44:47,822 [main] INFO org.apache.commons.logging.Log - 
2022-10-17 16:44:49,948 [main] INFO org.apache.commons.logging.Log - Click on smart sip button
2022-10-17 16:44:49,950 [main] INFO org.apache.commons.logging.Log - Passed Testcase ....null
2022-10-17 16:44:49,950 [main] INFO org.apache.commons.logging.Log - Click_smartsippassed
2022-10-17 16:44:49,953 [main] INFO org.apache.commons.logging.Log - 
2022-10-17 16:44:53,162 [main] INFO org.apache.commons.logging.Log - Click on continue button
2022-10-17 16:44:53,163 [main] INFO org.apache.commons.logging.Log - Passed Testcase ....null
2022-10-17 16:44:53,163 [main] INFO org.apache.commons.logging.Log - click_continuepassed
2022-10-17 16:44:53,164 [main] INFO org.apache.commons.logging.Log - 
2022-10-17 16:44:56,250 [main] INFO org.apache.commons.logging.Log - Click on installement date
2022-10-17 16:44:56,251 [main] INFO org.apache.commons.logging.Log - Passed Testcase ....null
2022-10-17 16:44:56,251 [main] INFO org.apache.commons.logging.Log - Installementdatepassed
2022-10-17 16:44:56,253 [main] INFO org.apache.commons.logging.Log - 
2022-10-17 16:44:58,946 [main] INFO org.apache.commons.logging.Log - select date picker
2022-10-17 16:44:58,946 [main] INFO org.apache.commons.logging.Log - Passed Testcase ....null
2022-10-17 16:44:58,947 [main] INFO org.apache.commons.logging.Log - InstallementStartdatepassed
2022-10-17 16:44:58,948 [main] INFO org.apache.commons.logging.Log - 
2022-10-17 16:45:00,994 [main] INFO org.apache.commons.logging.Log - Failure  because of ....org.openqa.selenium.NoSuchElementException: no such element: Unable to locate element: {"method":"xpath","selector":"//body/div[1]/div[1]/div[5]/div[1]/div[1]/div[1]/div[2]/article[1]/form[1]/div[2]/div[2]/div[1]/div[1]/div[1]/div[2]/div[2]/div[1]/button[2]"}
  (Session info: chrome=106.0.5249.119)
For documentation on this error, please visit: https://www.seleniumhq.org/exceptions/no_such_element.html
Build info: version: '3.141.59', revision: 'e82be7d358', time: '2018-11-14T08:17:03'
System info: host: 'DESKTOP-KMVAA5F', ip: '192.168.80.48', os.name: 'Windows 10', os.arch: 'amd64', os.version: '10.0', java.version: '11'
Driver info: org.openqa.selenium.chrome.ChromeDriver
Capabilities {acceptInsecureCerts: false, browserName: chrome, browserVersion: 106.0.5249.119, chrome: {chromedriverVersion: 106.0.5249.61 (511755355844..., userDataDir: C:\Users\samco\AppData\Loca...}, goog:chromeOptions: {debuggerAddress: localhost:62156}, javascriptEnabled: true, networkConnectionEnabled: false, pageLoadStrategy: normal, platform: WINDOWS, platformName: WINDOWS, proxy: Proxy(), setWindowRect: true, strictFileInteractability: false, timeouts: {implicit: 0, pageLoad: 300000, script: 30000}, unhandledPromptBehavior: dismiss and notify, webauthn:extension:credBlob: true, webauthn:extension:largeBlob: true, webauthn:virtualAuthenticators: true}
Session ID: ff32b658c54b2c33c773c9e32ca0a730
*** Element info: {Using=xpath, value=//body/div[1]/div[1]/div[5]/div[1]/div[1]/div[1]/div[2]/article[1]/form[1]/div[2]/div[2]/div[1]/div[1]/div[1]/div[2]/div[2]/div[1]/button[2]}
2022-10-17 16:45:01,206 [main] INFO org.apache.commons.logging.Log - 
2022-10-17 16:45:01,207 [main] INFO org.apache.commons.logging.Log - Skipped because of ....java.lang.Throwable: Method NormalSmartsiporderTest.check_VerifyOTP()[pri:0, instance:com.Test.Rankmfselenium.NormalSmartsiporderTest@e57b96d] depends on not successfully finished methods
2022-10-17 16:45:01,208 [main] INFO org.apache.commons.logging.Log - 
2022-10-17 16:45:01,209 [main] INFO org.apache.commons.logging.Log - Skipped because of ....java.lang.Throwable: Method NormalSmartsiporderTest.check_enterotpnum()[pri:0, instance:com.Test.Rankmfselenium.NormalSmartsiporderTest@e57b96d] depends on not successfully finished methods
2022-10-17 16:45:01,210 [main] INFO org.apache.commons.logging.Log - 
2022-10-17 16:45:01,211 [main] INFO org.apache.commons.logging.Log - Skipped because of ....java.lang.Throwable: Method NormalSmartsiporderTest.Clickon_confirmcontinue()[pri:0, instance:com.Test.Rankmfselenium.NormalSmartsiporderTest@e57b96d] depends on not successfully finished methods
2022-10-17 16:45:01,213 [main] INFO org.apache.commons.logging.Log - 
2022-10-17 16:45:01,214 [main] INFO org.apache.commons.logging.Log - Skipped because of ....java.lang.Throwable: Method NormalSmartsiporderTest.FetchOrderPlaceText_SmartSIP()[pri:0, instance:com.Test.Rankmfselenium.NormalSmartsiporderTest@e57b96d] depends on not successfully finished methods
2022-10-17 16:45:01,216 [main] INFO org.apache.commons.logging.Log - 
2022-10-17 16:45:01,217 [main] INFO org.apache.commons.logging.Log - Skipped because of ....java.lang.Throwable: Method NormalSmartsiporderTest.Clickon_closepopup()[pri:0, instance:com.Test.Rankmfselenium.NormalSmartsiporderTest@e57b96d] depends on not successfully finished methods
2022-10-17 16:45:01,218 [main] INFO org.apache.commons.logging.Log - 
2022-10-17 16:45:01,219 [main] INFO org.apache.commons.logging.Log - Skipped because of ....java.lang.Throwable: Method NormalSmartsiporderTest.Clickon_cancelsmartsiporder()[pri:0, instance:com.Test.Rankmfselenium.NormalSmartsiporderTest@e57b96d] depends on not successfully finished methods
2022-10-17 16:45:01,220 [main] INFO org.apache.commons.logging.Log - 
2022-10-17 16:45:01,221 [main] INFO org.apache.commons.logging.Log - Skipped because of ....java.lang.Throwable: Method NormalSmartsiporderTest.Clickon_logout()[pri:0, instance:com.Test.Rankmfselenium.NormalSmartsiporderTest@e57b96d] depends on not successfully finished methods
2022-10-17 16:45:01,222 [main] INFO org.apache.commons.logging.Log - 
2022-10-17 16:45:01,222 [main] INFO org.apache.commons.logging.Log - Skipped because of ....java.lang.Throwable: Method NormalSmartsiporderTest.Click_logoutbtn()[pri:0, instance:com.Test.Rankmfselenium.NormalSmartsiporderTest@e57b96d] depends on not successfully finished methods
2022-10-17 16:45:01,223 [main] INFO org.apache.commons.logging.Log - 
2022-10-17 16:45:01,224 [main] INFO org.apache.commons.logging.Log - Skipped because of ....java.lang.Throwable: Method NormalSmartsiporderTest.Email_sendnotification()[pri:0, instance:com.Test.Rankmfselenium.NormalSmartsiporderTest@e57b96d] depends on not successfully finished methods
2022-10-17 16:45:01,245 [main] INFO org.apache.commons.logging.Log - ................On Finish  Testcases..... ....NormalSmartsiporder
2022-10-17 16:45:01,278 [main] INFO org.apache.commons.logging.Log - 
2022-10-17 16:45:04,802 [main] INFO org.apache.commons.logging.Log - Failure  because of ....java.lang.RuntimeException: javax.mail.MessagingException: IOException while sending message;
  nested exception is:
	java.io.FileNotFoundException: .\Reports\RANKMF.html,.\log\application.html (The system cannot find the path specified)
2022-10-17 16:45:05,010 [main] INFO org.apache.commons.logging.Log - ................On Finish  Testcases..... ....Email_send
2022-10-17 18:02:56,312 [main] INFO org.apache.commons.logging.Log - Click on sign button
2022-10-17 18:02:56,410 [main] INFO org.apache.commons.logging.Log - Enter Username
2022-10-17 18:02:56,491 [main] INFO org.apache.commons.logging.Log - Enter Password
2022-10-17 18:02:56,582 [main] INFO org.apache.commons.logging.Log - click on sign button
2022-10-17 18:02:56,587 [main] INFO org.apache.commons.logging.Log - Passed Testcase ....null
2022-10-17 18:02:56,591 [main] INFO org.apache.commons.logging.Log - clickonSigninPagepassed
2022-10-17 18:02:56,601 [main] INFO org.apache.commons.logging.Log - 
2022-10-17 18:03:00,991 [main] INFO org.apache.commons.logging.Log - Passed Testcase ....null
2022-10-17 18:03:00,992 [main] INFO org.apache.commons.logging.Log - clickonbasketpagepassed
2022-10-17 18:03:00,994 [main] INFO org.apache.commons.logging.Log - 
2022-10-17 18:03:04,850 [main] INFO org.apache.commons.logging.Log - Passed Testcase ....null
2022-10-17 18:03:04,851 [main] INFO org.apache.commons.logging.Log - Clickonconservativepassed
2022-10-17 18:03:04,855 [main] INFO org.apache.commons.logging.Log - 
2022-10-17 18:03:07,951 [main] INFO org.apache.commons.logging.Log - Passed Testcase ....null
2022-10-17 18:03:07,951 [main] INFO org.apache.commons.logging.Log - clickoninvestpassed
2022-10-17 18:03:07,954 [main] INFO org.apache.commons.logging.Log - 
2022-10-17 18:03:10,155 [main] INFO org.apache.commons.logging.Log - Passed Testcase ....null
2022-10-17 18:03:10,156 [main] INFO org.apache.commons.logging.Log - clickonpaymentmodepassed
2022-10-17 18:03:10,158 [main] INFO org.apache.commons.logging.Log - 
2022-10-17 18:03:14,406 [main] INFO org.apache.commons.logging.Log - Passed Testcase ....null
2022-10-17 18:03:14,407 [main] INFO org.apache.commons.logging.Log - clickon_Enter_UtrNopassed
2022-10-17 18:03:14,410 [main] INFO org.apache.commons.logging.Log - 
2022-10-17 18:03:16,552 [main] INFO org.apache.commons.logging.Log - Passed Testcase ....null
2022-10-17 18:03:16,553 [main] INFO org.apache.commons.logging.Log - ClickonVerifyOTPpassed
2022-10-17 18:03:16,557 [main] INFO org.apache.commons.logging.Log - 
2022-10-17 18:03:24,240 [main] INFO org.apache.commons.logging.Log - Passed Testcase ....null
2022-10-17 18:03:24,241 [main] INFO org.apache.commons.logging.Log - enterotpnumpassed
2022-10-17 18:03:24,242 [main] INFO org.apache.commons.logging.Log - 
2022-10-17 18:03:26,865 [main] INFO org.apache.commons.logging.Log - Passed Testcase ....null
2022-10-17 18:03:26,866 [main] INFO org.apache.commons.logging.Log - show_orderplaced_popuppassed
2022-10-17 18:03:26,869 [main] INFO org.apache.commons.logging.Log - 
2022-10-17 18:03:30,056 [main] INFO org.apache.commons.logging.Log - Passed Testcase ....null
2022-10-17 18:03:30,056 [main] INFO org.apache.commons.logging.Log - Clickon_logoutpassed
2022-10-17 18:03:30,057 [main] INFO org.apache.commons.logging.Log - 
2022-10-17 18:03:48,924 [main] INFO org.apache.commons.logging.Log - Passed Testcase ....null
2022-10-17 18:03:48,925 [main] INFO org.apache.commons.logging.Log - Click_logoutbtnpassed
2022-10-17 18:03:48,941 [main] INFO org.apache.commons.logging.Log - ................On Finish  Testcases..... ....BasketLumpsumorder
2022-10-17 18:03:53,034 [main] INFO org.apache.commons.logging.Log - 
2022-10-17 18:03:53,144 [main] INFO org.apache.commons.logging.Log - Click on sign button
2022-10-17 18:03:53,245 [main] INFO org.apache.commons.logging.Log - Enter Username
2022-10-17 18:03:53,352 [main] INFO org.apache.commons.logging.Log - Enter Password
2022-10-17 18:03:53,471 [main] INFO org.apache.commons.logging.Log - click on sign button
2022-10-17 18:03:53,473 [main] INFO org.apache.commons.logging.Log - Passed Testcase ....null
2022-10-17 18:03:53,476 [main] INFO org.apache.commons.logging.Log - clickonSigninPagepassed
2022-10-17 18:03:53,479 [main] INFO org.apache.commons.logging.Log - 
2022-10-17 18:03:56,451 [main] INFO org.apache.commons.logging.Log - Passed Testcase ....null
2022-10-17 18:03:56,452 [main] INFO org.apache.commons.logging.Log - clickonbasketpagepassed
2022-10-17 18:03:56,453 [main] INFO org.apache.commons.logging.Log - 
2022-10-17 18:04:00,083 [main] INFO org.apache.commons.logging.Log - Passed Testcase ....null
2022-10-17 18:04:00,083 [main] INFO org.apache.commons.logging.Log - Clickonconservativepassed
2022-10-17 18:04:00,085 [main] INFO org.apache.commons.logging.Log - 
2022-10-17 18:04:03,168 [main] INFO org.apache.commons.logging.Log - Passed Testcase ....null
2022-10-17 18:04:03,169 [main] INFO org.apache.commons.logging.Log - clickoninvestpassed
2022-10-17 18:04:03,171 [main] INFO org.apache.commons.logging.Log - 
2022-10-17 18:04:05,396 [main] INFO org.apache.commons.logging.Log - Passed Testcase ....null
2022-10-17 18:04:05,397 [main] INFO org.apache.commons.logging.Log - clickonpaymentmodepassed
2022-10-17 18:04:05,398 [main] INFO org.apache.commons.logging.Log - 
2022-10-17 18:04:07,549 [main] INFO org.apache.commons.logging.Log - Passed Testcase ....null
2022-10-17 18:04:07,550 [main] INFO org.apache.commons.logging.Log - ClickonVerifyOTPpassed
2022-10-17 18:04:07,552 [main] INFO org.apache.commons.logging.Log - 
2022-10-17 18:04:14,878 [main] INFO org.apache.commons.logging.Log - Passed Testcase ....null
2022-10-17 18:04:14,879 [main] INFO org.apache.commons.logging.Log - enterotpnumpassed
2022-10-17 18:04:14,881 [main] INFO org.apache.commons.logging.Log - 
2022-10-17 18:04:17,989 [main] INFO org.apache.commons.logging.Log - Passed Testcase ....null
2022-10-17 18:04:17,990 [main] INFO org.apache.commons.logging.Log - RedirectNetbankingurlpassed
2022-10-17 18:04:17,992 [main] INFO org.apache.commons.logging.Log - 
2022-10-17 18:04:21,153 [main] INFO org.apache.commons.logging.Log - Passed Testcase ....null
2022-10-17 18:04:21,153 [main] INFO org.apache.commons.logging.Log - Clickon_logoutpassed
2022-10-17 18:04:21,154 [main] INFO org.apache.commons.logging.Log - 
2022-10-17 18:04:39,888 [main] INFO org.apache.commons.logging.Log - Passed Testcase ....null
2022-10-17 18:04:39,889 [main] INFO org.apache.commons.logging.Log - Click_logoutbtnpassed
2022-10-17 18:04:39,895 [main] INFO org.apache.commons.logging.Log - ................On Finish  Testcases..... ....BasketLumpsumorder_NetBanking
2022-10-17 18:04:43,846 [main] INFO org.apache.commons.logging.Log - 
2022-10-17 18:04:43,982 [main] INFO org.apache.commons.logging.Log - Click on sign button
2022-10-17 18:04:44,069 [main] INFO org.apache.commons.logging.Log - Enter Username
2022-10-17 18:04:44,162 [main] INFO org.apache.commons.logging.Log - Enter Password
2022-10-17 18:04:44,325 [main] INFO org.apache.commons.logging.Log - click on sign button
2022-10-17 18:04:44,326 [main] INFO org.apache.commons.logging.Log - Passed Testcase ....null
2022-10-17 18:04:44,327 [main] INFO org.apache.commons.logging.Log - clickonSigninPagepassed
2022-10-17 18:04:44,329 [main] INFO org.apache.commons.logging.Log - 
2022-10-17 18:04:47,224 [main] INFO org.apache.commons.logging.Log - Passed Testcase ....null
2022-10-17 18:04:47,225 [main] INFO org.apache.commons.logging.Log - Click_HomePagepassed
2022-10-17 18:04:47,226 [main] INFO org.apache.commons.logging.Log - 
2022-10-17 18:04:55,565 [main] INFO org.apache.commons.logging.Log - Passed Testcase ....null
2022-10-17 18:04:55,567 [main] INFO org.apache.commons.logging.Log - Search_Mutualfundpassed
2022-10-17 18:04:55,570 [main] INFO org.apache.commons.logging.Log - 
2022-10-17 18:04:57,663 [main] INFO org.apache.commons.logging.Log - click on invest button
2022-10-17 18:04:57,664 [main] INFO org.apache.commons.logging.Log - Passed Testcase ....null
2022-10-17 18:04:57,665 [main] INFO org.apache.commons.logging.Log - click_INVESTpassed
2022-10-17 18:04:57,667 [main] INFO org.apache.commons.logging.Log - 
2022-10-17 18:04:59,757 [main] INFO org.apache.commons.logging.Log - select payment mode as Netbanking
2022-10-17 18:04:59,841 [main] INFO org.apache.commons.logging.Log - click on conform and continue button
2022-10-17 18:04:59,842 [main] INFO org.apache.commons.logging.Log - Passed Testcase ....null
2022-10-17 18:04:59,842 [main] INFO org.apache.commons.logging.Log - Select_PaymentModepassed
2022-10-17 18:04:59,843 [main] INFO org.apache.commons.logging.Log - 
2022-10-17 18:05:02,012 [main] INFO org.apache.commons.logging.Log - verify otp number
2022-10-17 18:05:02,013 [main] INFO org.apache.commons.logging.Log - Passed Testcase ....null
2022-10-17 18:05:02,014 [main] INFO org.apache.commons.logging.Log - Click_VerifyOTPpassed
2022-10-17 18:05:02,016 [main] INFO org.apache.commons.logging.Log - 
2022-10-17 18:05:06,407 [main] INFO org.apache.commons.logging.Log - Passed Testcase ....null
2022-10-17 18:05:06,407 [main] INFO org.apache.commons.logging.Log - enterotpnumpassed
2022-10-17 18:05:06,408 [main] INFO org.apache.commons.logging.Log - 
2022-10-17 18:05:22,661 [main] INFO org.apache.commons.logging.Log - Passed Testcase ....null
2022-10-17 18:05:22,661 [main] INFO org.apache.commons.logging.Log - RedirectNetbankingurlpassed
2022-10-17 18:05:22,670 [main] INFO org.apache.commons.logging.Log - ................On Finish  Testcases..... ....Normal_lumpsumNetbanking
2022-10-17 18:05:27,641 [main] INFO org.apache.commons.logging.Log - 
2022-10-17 18:05:27,790 [main] INFO org.apache.commons.logging.Log - Click on sign button
2022-10-17 18:05:27,875 [main] INFO org.apache.commons.logging.Log - Enter Username
2022-10-17 18:05:27,955 [main] INFO org.apache.commons.logging.Log - Enter Password
2022-10-17 18:05:28,111 [main] INFO org.apache.commons.logging.Log - click on sign button
2022-10-17 18:05:28,113 [main] INFO org.apache.commons.logging.Log - Passed Testcase ....null
2022-10-17 18:05:28,114 [main] INFO org.apache.commons.logging.Log - ClickonSigninPagepassed
2022-10-17 18:05:28,116 [main] INFO org.apache.commons.logging.Log - 
2022-10-17 18:05:30,406 [main] INFO org.apache.commons.logging.Log - Passed Testcase ....null
2022-10-17 18:05:30,407 [main] INFO org.apache.commons.logging.Log - Clickon_TotalInvestmentvaluepassed
2022-10-17 18:05:30,408 [main] INFO org.apache.commons.logging.Log - 
2022-10-17 18:05:33,112 [main] INFO org.apache.commons.logging.Log - Passed Testcase ....null
2022-10-17 18:05:33,112 [main] INFO org.apache.commons.logging.Log - Click_HomePagepassed
2022-10-17 18:05:33,114 [main] INFO org.apache.commons.logging.Log - 
2022-10-17 18:05:40,237 [main] INFO org.apache.commons.logging.Log - Passed Testcase ....null
2022-10-17 18:05:40,238 [main] INFO org.apache.commons.logging.Log - search_mutualfundspassed
2022-10-17 18:05:40,241 [main] INFO org.apache.commons.logging.Log - 
2022-10-17 18:05:46,577 [main] INFO org.apache.commons.logging.Log - Passed Testcase ....null
2022-10-17 18:05:46,578 [main] INFO org.apache.commons.logging.Log - Click_Normalsippassed
2022-10-17 18:05:46,579 [main] INFO org.apache.commons.logging.Log - 
2022-10-17 18:05:48,858 [main] INFO org.apache.commons.logging.Log - Passed Testcase ....null
2022-10-17 18:05:48,859 [main] INFO org.apache.commons.logging.Log - Click_sipcontinuebtnpassed
2022-10-17 18:05:48,860 [main] INFO org.apache.commons.logging.Log - 
2022-10-17 18:05:52,134 [main] INFO org.apache.commons.logging.Log - Passed Testcase ....null
2022-10-17 18:05:52,135 [main] INFO org.apache.commons.logging.Log - InstallementStartdatepassed
2022-10-17 18:05:52,136 [main] INFO org.apache.commons.logging.Log - 
2022-10-17 18:05:55,820 [main] INFO org.apache.commons.logging.Log - Passed Testcase ....null
2022-10-17 18:05:55,821 [main] INFO org.apache.commons.logging.Log - Startdatepickerpassed
2022-10-17 18:05:55,822 [main] INFO org.apache.commons.logging.Log - 
2022-10-17 18:05:57,951 [main] INFO org.apache.commons.logging.Log - Passed Testcase ....null
2022-10-17 18:05:57,952 [main] INFO org.apache.commons.logging.Log - Click_continuebtnpassed
2022-10-17 18:05:57,954 [main] INFO org.apache.commons.logging.Log - 
2022-10-17 18:06:00,152 [main] INFO org.apache.commons.logging.Log - Passed Testcase ....null
2022-10-17 18:06:00,153 [main] INFO org.apache.commons.logging.Log - check_VerifyOTPpassed
2022-10-17 18:06:00,154 [main] INFO org.apache.commons.logging.Log - 
2022-10-17 18:06:02,383 [main] INFO org.apache.commons.logging.Log - Passed Testcase ....null
2022-10-17 18:06:02,384 [main] INFO org.apache.commons.logging.Log - check_enterotpnumpassed
2022-10-17 18:06:02,385 [main] INFO org.apache.commons.logging.Log - 
2022-10-17 18:06:04,503 [main] INFO org.apache.commons.logging.Log - Passed Testcase ....null
2022-10-17 18:06:04,503 [main] INFO org.apache.commons.logging.Log - Clickon_confirmcontinuepassed
2022-10-17 18:06:04,504 [main] INFO org.apache.commons.logging.Log - 
2022-10-17 18:06:07,564 [main] INFO org.apache.commons.logging.Log -  order placed sucessfully for NormalSip popup is displayed
2022-10-17 18:06:07,565 [main] INFO org.apache.commons.logging.Log - Passed Testcase ....null
2022-10-17 18:06:07,566 [main] INFO org.apache.commons.logging.Log - FetchOrderPlaceText_NormalSIPpassed
2022-10-17 18:06:07,567 [main] INFO org.apache.commons.logging.Log - 
2022-10-17 18:06:11,199 [main] INFO org.apache.commons.logging.Log - Passed Testcase ....null
2022-10-17 18:06:11,199 [main] INFO org.apache.commons.logging.Log - Clickon_skipsteppassed
2022-10-17 18:06:11,201 [main] INFO org.apache.commons.logging.Log - 
2022-10-17 18:06:16,891 [main] INFO org.apache.commons.logging.Log - Failure  because of ....java.lang.IndexOutOfBoundsException: Index 0 out of bounds for length 0
2022-10-17 18:06:17,155 [main] INFO org.apache.commons.logging.Log - 
2022-10-17 18:06:17,156 [main] INFO org.apache.commons.logging.Log - Skipped because of ....java.lang.Throwable: Method NormalSiporderTest.Clickon_logout()[pri:0, instance:com.Test.Rankmfselenium.NormalSiporderTest@6581dc0a] depends on not successfully finished methods
2022-10-17 18:06:17,157 [main] INFO org.apache.commons.logging.Log - 
2022-10-17 18:06:17,159 [main] INFO org.apache.commons.logging.Log - Skipped because of ....java.lang.Throwable: Method NormalSiporderTest.Click_logoutbtn()[pri:0, instance:com.Test.Rankmfselenium.NormalSiporderTest@6581dc0a] depends on not successfully finished methods
2022-10-17 18:06:17,172 [main] INFO org.apache.commons.logging.Log - ................On Finish  Testcases..... ....NormalSiporder
2022-10-17 18:06:21,510 [main] INFO org.apache.commons.logging.Log - 
2022-10-17 18:06:21,626 [main] INFO org.apache.commons.logging.Log - Click on sign button
2022-10-17 18:06:21,710 [main] INFO org.apache.commons.logging.Log - Enter Username
2022-10-17 18:06:21,858 [main] INFO org.apache.commons.logging.Log - Enter Password
2022-10-17 18:06:21,989 [main] INFO org.apache.commons.logging.Log - click on sign button
2022-10-17 18:06:21,992 [main] INFO org.apache.commons.logging.Log - Passed Testcase ....null
2022-10-17 18:06:21,993 [main] INFO org.apache.commons.logging.Log - ClickonSigninPagepassed
2022-10-17 18:06:21,995 [main] INFO org.apache.commons.logging.Log - 
2022-10-17 18:06:24,161 [main] INFO org.apache.commons.logging.Log - Passed Testcase ....null
2022-10-17 18:06:24,162 [main] INFO org.apache.commons.logging.Log - Clickon_TotalInvestmentvaluepassed
2022-10-17 18:06:24,163 [main] INFO org.apache.commons.logging.Log - 
2022-10-17 18:06:27,332 [main] INFO org.apache.commons.logging.Log - Click on Invest in  smart sip
2022-10-17 18:06:27,334 [main] INFO org.apache.commons.logging.Log - Passed Testcase ....null
2022-10-17 18:06:27,334 [main] INFO org.apache.commons.logging.Log - Click_Investsmartsippassed
2022-10-17 18:06:27,338 [main] INFO org.apache.commons.logging.Log - 
2022-10-17 18:06:29,475 [main] INFO org.apache.commons.logging.Log - Click on smart sip button
2022-10-17 18:06:29,477 [main] INFO org.apache.commons.logging.Log - Passed Testcase ....null
2022-10-17 18:06:29,477 [main] INFO org.apache.commons.logging.Log - Click_smartsippassed
2022-10-17 18:06:29,479 [main] INFO org.apache.commons.logging.Log - 
2022-10-17 18:06:32,306 [main] INFO org.apache.commons.logging.Log - Click on continue button
2022-10-17 18:06:32,307 [main] INFO org.apache.commons.logging.Log - Passed Testcase ....null
2022-10-17 18:06:32,307 [main] INFO org.apache.commons.logging.Log - click_continuepassed
2022-10-17 18:06:32,308 [main] INFO org.apache.commons.logging.Log - 
2022-10-17 18:06:35,419 [main] INFO org.apache.commons.logging.Log - Click on installement date
2022-10-17 18:06:35,419 [main] INFO org.apache.commons.logging.Log - Passed Testcase ....null
2022-10-17 18:06:35,420 [main] INFO org.apache.commons.logging.Log - Installementdatepassed
2022-10-17 18:06:35,421 [main] INFO org.apache.commons.logging.Log - 
2022-10-17 18:06:38,086 [main] INFO org.apache.commons.logging.Log - select date picker
2022-10-17 18:06:38,087 [main] INFO org.apache.commons.logging.Log - Passed Testcase ....null
2022-10-17 18:06:38,087 [main] INFO org.apache.commons.logging.Log - InstallementStartdatepassed
2022-10-17 18:06:38,088 [main] INFO org.apache.commons.logging.Log - 
2022-10-17 18:06:40,129 [main] INFO org.apache.commons.logging.Log - Failure  because of ....org.openqa.selenium.NoSuchElementException: no such element: Unable to locate element: {"method":"xpath","selector":"//*[@id="modal-1a8510b6-d0b0-5288-a632-fd0a68d6ab68"]/div/div[2]/div[2]/div/button[2]"}
  (Session info: chrome=106.0.5249.119)
For documentation on this error, please visit: https://www.seleniumhq.org/exceptions/no_such_element.html
Build info: version: '3.141.59', revision: 'e82be7d358', time: '2018-11-14T08:17:03'
System info: host: 'DESKTOP-KMVAA5F', ip: '192.168.80.48', os.name: 'Windows 10', os.arch: 'amd64', os.version: '10.0', java.version: '11'
Driver info: org.openqa.selenium.chrome.ChromeDriver
Capabilities {acceptInsecureCerts: false, browserName: chrome, browserVersion: 106.0.5249.119, chrome: {chromedriverVersion: 106.0.5249.61 (511755355844..., userDataDir: C:\Users\samco\AppData\Loca...}, goog:chromeOptions: {debuggerAddress: localhost:65472}, javascriptEnabled: true, networkConnectionEnabled: false, pageLoadStrategy: normal, platform: WINDOWS, platformName: WINDOWS, proxy: Proxy(), setWindowRect: true, strictFileInteractability: false, timeouts: {implicit: 0, pageLoad: 300000, script: 30000}, unhandledPromptBehavior: dismiss and notify, webauthn:extension:credBlob: true, webauthn:extension:largeBlob: true, webauthn:virtualAuthenticators: true}
Session ID: ef329abcc0022bbdaaa4253f1d83d300
*** Element info: {Using=xpath, value=//*[@id="modal-1a8510b6-d0b0-5288-a632-fd0a68d6ab68"]/div/div[2]/div[2]/div/button[2]}
2022-10-17 18:06:40,327 [main] INFO org.apache.commons.logging.Log - 
2022-10-17 18:06:40,328 [main] INFO org.apache.commons.logging.Log - Skipped because of ....java.lang.Throwable: Method NormalSmartsiporderTest.check_VerifyOTP()[pri:0, instance:com.Test.Rankmfselenium.NormalSmartsiporderTest@22f31dec] depends on not successfully finished methods
2022-10-17 18:06:40,329 [main] INFO org.apache.commons.logging.Log - 
2022-10-17 18:06:40,330 [main] INFO org.apache.commons.logging.Log - Skipped because of ....java.lang.Throwable: Method NormalSmartsiporderTest.check_enterotpnum()[pri:0, instance:com.Test.Rankmfselenium.NormalSmartsiporderTest@22f31dec] depends on not successfully finished methods
2022-10-17 18:06:40,330 [main] INFO org.apache.commons.logging.Log - 
2022-10-17 18:06:40,331 [main] INFO org.apache.commons.logging.Log - Skipped because of ....java.lang.Throwable: Method NormalSmartsiporderTest.Clickon_confirmcontinue()[pri:0, instance:com.Test.Rankmfselenium.NormalSmartsiporderTest@22f31dec] depends on not successfully finished methods
2022-10-17 18:06:40,332 [main] INFO org.apache.commons.logging.Log - 
2022-10-17 18:06:40,333 [main] INFO org.apache.commons.logging.Log - Skipped because of ....java.lang.Throwable: Method NormalSmartsiporderTest.FetchOrderPlaceText_SmartSIP()[pri:0, instance:com.Test.Rankmfselenium.NormalSmartsiporderTest@22f31dec] depends on not successfully finished methods
2022-10-17 18:06:40,334 [main] INFO org.apache.commons.logging.Log - 
2022-10-17 18:06:40,334 [main] INFO org.apache.commons.logging.Log - Skipped because of ....java.lang.Throwable: Method NormalSmartsiporderTest.Clickon_closepopup()[pri:0, instance:com.Test.Rankmfselenium.NormalSmartsiporderTest@22f31dec] depends on not successfully finished methods
2022-10-17 18:06:40,336 [main] INFO org.apache.commons.logging.Log - 
2022-10-17 18:06:40,336 [main] INFO org.apache.commons.logging.Log - Skipped because of ....java.lang.Throwable: Method NormalSmartsiporderTest.Clickon_cancelsmartsiporder()[pri:0, instance:com.Test.Rankmfselenium.NormalSmartsiporderTest@22f31dec] depends on not successfully finished methods
2022-10-17 18:06:40,337 [main] INFO org.apache.commons.logging.Log - 
2022-10-17 18:06:40,338 [main] INFO org.apache.commons.logging.Log - Skipped because of ....java.lang.Throwable: Method NormalSmartsiporderTest.Clickon_logout()[pri:0, instance:com.Test.Rankmfselenium.NormalSmartsiporderTest@22f31dec] depends on not successfully finished methods
2022-10-17 18:06:40,339 [main] INFO org.apache.commons.logging.Log - 
2022-10-17 18:06:40,340 [main] INFO org.apache.commons.logging.Log - Skipped because of ....java.lang.Throwable: Method NormalSmartsiporderTest.Click_logoutbtn()[pri:0, instance:com.Test.Rankmfselenium.NormalSmartsiporderTest@22f31dec] depends on not successfully finished methods
2022-10-17 18:06:40,342 [main] INFO org.apache.commons.logging.Log - 
2022-10-17 18:06:40,342 [main] INFO org.apache.commons.logging.Log - Skipped because of ....java.lang.Throwable: Method NormalSmartsiporderTest.Email_sendnotification()[pri:0, instance:com.Test.Rankmfselenium.NormalSmartsiporderTest@22f31dec] depends on not successfully finished methods
2022-10-17 18:06:40,356 [main] INFO org.apache.commons.logging.Log - ................On Finish  Testcases..... ....NormalSmartsiporder
2022-10-17 18:06:40,396 [main] INFO org.apache.commons.logging.Log - 
2022-10-17 18:06:43,358 [main] INFO org.apache.commons.logging.Log - Failure  because of ....java.lang.RuntimeException: javax.mail.MessagingException: IOException while sending message;
  nested exception is:
	java.io.FileNotFoundException: .\Reports\RANKMF.html,.\log\application.html (The system cannot find the path specified)
2022-10-17 18:06:43,545 [main] INFO org.apache.commons.logging.Log - ................On Finish  Testcases..... ....Email_send
2022-10-18 12:23:56,653 [main] INFO org.apache.commons.logging.Log - Click on sign button
2022-10-18 12:23:56,843 [main] INFO org.apache.commons.logging.Log - Enter Username
2022-10-18 12:23:56,996 [main] INFO org.apache.commons.logging.Log - Enter Password
2022-10-18 12:23:57,102 [main] INFO org.apache.commons.logging.Log - click on sign button
2022-10-18 12:23:57,108 [main] INFO org.apache.commons.logging.Log - Passed Testcase ....null
2022-10-18 12:23:57,112 [main] INFO org.apache.commons.logging.Log - clickonSigninPagepassed
2022-10-18 12:23:57,232 [main] INFO org.apache.commons.logging.Log - 
2022-10-18 12:24:04,667 [main] INFO org.apache.commons.logging.Log - Passed Testcase ....null
2022-10-18 12:24:04,675 [main] INFO org.apache.commons.logging.Log - clickonbasketpagepassed
2022-10-18 12:24:04,676 [main] INFO org.apache.commons.logging.Log - 
2022-10-18 12:24:10,113 [main] INFO org.apache.commons.logging.Log - Passed Testcase ....null
2022-10-18 12:24:10,114 [main] INFO org.apache.commons.logging.Log - Clickonconservativepassed
2022-10-18 12:24:10,116 [main] INFO org.apache.commons.logging.Log - 
2022-10-18 12:24:13,217 [main] INFO org.apache.commons.logging.Log - Passed Testcase ....null
2022-10-18 12:24:13,217 [main] INFO org.apache.commons.logging.Log - clickoninvestpassed
2022-10-18 12:24:13,219 [main] INFO org.apache.commons.logging.Log - 
2022-10-18 12:24:15,433 [main] INFO org.apache.commons.logging.Log - Passed Testcase ....null
2022-10-18 12:24:15,433 [main] INFO org.apache.commons.logging.Log - clickonpaymentmodepassed
2022-10-18 12:24:15,436 [main] INFO org.apache.commons.logging.Log - 
2022-10-18 12:24:19,634 [main] INFO org.apache.commons.logging.Log - Passed Testcase ....null
2022-10-18 12:24:19,635 [main] INFO org.apache.commons.logging.Log - clickon_Enter_UtrNopassed
2022-10-18 12:24:19,637 [main] INFO org.apache.commons.logging.Log - 
2022-10-18 12:24:21,836 [main] INFO org.apache.commons.logging.Log - Passed Testcase ....null
2022-10-18 12:24:21,836 [main] INFO org.apache.commons.logging.Log - ClickonVerifyOTPpassed
2022-10-18 12:24:21,838 [main] INFO org.apache.commons.logging.Log - 
2022-10-18 12:24:30,336 [main] INFO org.apache.commons.logging.Log - Passed Testcase ....null
2022-10-18 12:24:30,336 [main] INFO org.apache.commons.logging.Log - enterotpnumpassed
2022-10-18 12:24:30,338 [main] INFO org.apache.commons.logging.Log - 
2022-10-18 12:24:33,539 [main] INFO org.apache.commons.logging.Log - Passed Testcase ....null
2022-10-18 12:24:33,540 [main] INFO org.apache.commons.logging.Log - show_orderplaced_popuppassed
2022-10-18 12:24:33,543 [main] INFO org.apache.commons.logging.Log - 
2022-10-18 12:24:36,724 [main] INFO org.apache.commons.logging.Log - Passed Testcase ....null
2022-10-18 12:24:36,726 [main] INFO org.apache.commons.logging.Log - Clickon_logoutpassed
2022-10-18 12:24:36,728 [main] INFO org.apache.commons.logging.Log - 
2022-10-18 12:24:55,573 [main] INFO org.apache.commons.logging.Log - Passed Testcase ....null
2022-10-18 12:24:55,574 [main] INFO org.apache.commons.logging.Log - Click_logoutbtnpassed
2022-10-18 12:24:55,602 [main] INFO org.apache.commons.logging.Log - ................On Finish  Testcases..... ....BasketLumpsumorder
2022-10-18 12:25:00,393 [main] INFO org.apache.commons.logging.Log - 
2022-10-18 12:25:00,506 [main] INFO org.apache.commons.logging.Log - Click on sign button
2022-10-18 12:25:00,603 [main] INFO org.apache.commons.logging.Log - Enter Username
2022-10-18 12:25:00,704 [main] INFO org.apache.commons.logging.Log - Enter Password
2022-10-18 12:25:00,817 [main] INFO org.apache.commons.logging.Log - click on sign button
2022-10-18 12:25:00,819 [main] INFO org.apache.commons.logging.Log - Passed Testcase ....null
2022-10-18 12:25:00,820 [main] INFO org.apache.commons.logging.Log - clickonSigninPagepassed
2022-10-18 12:25:00,823 [main] INFO org.apache.commons.logging.Log - 
2022-10-18 12:25:06,299 [main] INFO org.apache.commons.logging.Log - Passed Testcase ....null
2022-10-18 12:25:06,300 [main] INFO org.apache.commons.logging.Log - clickonbasketpagepassed
2022-10-18 12:25:06,302 [main] INFO org.apache.commons.logging.Log - 
2022-10-18 12:25:10,916 [main] INFO org.apache.commons.logging.Log - Passed Testcase ....null
2022-10-18 12:25:10,916 [main] INFO org.apache.commons.logging.Log - Clickonconservativepassed
2022-10-18 12:25:10,921 [main] INFO org.apache.commons.logging.Log - 
2022-10-18 12:25:14,035 [main] INFO org.apache.commons.logging.Log - Passed Testcase ....null
2022-10-18 12:25:14,036 [main] INFO org.apache.commons.logging.Log - clickoninvestpassed
2022-10-18 12:25:14,038 [main] INFO org.apache.commons.logging.Log - 
2022-10-18 12:25:16,250 [main] INFO org.apache.commons.logging.Log - Passed Testcase ....null
2022-10-18 12:25:16,251 [main] INFO org.apache.commons.logging.Log - clickonpaymentmodepassed
2022-10-18 12:25:16,252 [main] INFO org.apache.commons.logging.Log - 
2022-10-18 12:25:18,425 [main] INFO org.apache.commons.logging.Log - Passed Testcase ....null
2022-10-18 12:25:18,426 [main] INFO org.apache.commons.logging.Log - ClickonVerifyOTPpassed
2022-10-18 12:25:18,428 [main] INFO org.apache.commons.logging.Log - 
2022-10-18 12:25:25,798 [main] INFO org.apache.commons.logging.Log - Passed Testcase ....null
2022-10-18 12:25:25,798 [main] INFO org.apache.commons.logging.Log - enterotpnumpassed
2022-10-18 12:25:25,800 [main] INFO org.apache.commons.logging.Log - 
2022-10-18 12:25:28,903 [main] INFO org.apache.commons.logging.Log - Passed Testcase ....null
2022-10-18 12:25:28,904 [main] INFO org.apache.commons.logging.Log - RedirectNetbankingurlpassed
2022-10-18 12:25:28,906 [main] INFO org.apache.commons.logging.Log - 
2022-10-18 12:25:32,091 [main] INFO org.apache.commons.logging.Log - Passed Testcase ....null
2022-10-18 12:25:32,091 [main] INFO org.apache.commons.logging.Log - Clickon_logoutpassed
2022-10-18 12:25:32,093 [main] INFO org.apache.commons.logging.Log - 
2022-10-18 12:25:35,339 [main] INFO org.apache.commons.logging.Log - Passed Testcase ....null
2022-10-18 12:25:35,340 [main] INFO org.apache.commons.logging.Log - Click_logoutbtnpassed
2022-10-18 12:25:35,351 [main] INFO org.apache.commons.logging.Log - ................On Finish  Testcases..... ....BasketLumpsumorder_NetBanking
2022-10-18 12:25:39,735 [main] INFO org.apache.commons.logging.Log - 
2022-10-18 12:25:39,858 [main] INFO org.apache.commons.logging.Log - Click on sign button
2022-10-18 12:25:39,948 [main] INFO org.apache.commons.logging.Log - Enter Username
2022-10-18 12:25:40,068 [main] INFO org.apache.commons.logging.Log - Enter Password
2022-10-18 12:25:40,158 [main] INFO org.apache.commons.logging.Log - click on sign button
2022-10-18 12:25:40,160 [main] INFO org.apache.commons.logging.Log - Passed Testcase ....null
2022-10-18 12:25:40,161 [main] INFO org.apache.commons.logging.Log - clickonSigninPagepassed
2022-10-18 12:25:40,164 [main] INFO org.apache.commons.logging.Log - 
2022-10-18 12:25:43,672 [main] INFO org.apache.commons.logging.Log - Passed Testcase ....null
2022-10-18 12:25:43,673 [main] INFO org.apache.commons.logging.Log - Click_HomePagepassed
2022-10-18 12:25:43,675 [main] INFO org.apache.commons.logging.Log - 
2022-10-18 12:25:56,212 [main] INFO org.apache.commons.logging.Log - Passed Testcase ....null
2022-10-18 12:25:56,213 [main] INFO org.apache.commons.logging.Log - Search_Mutualfundpassed
2022-10-18 12:25:56,214 [main] INFO org.apache.commons.logging.Log - 
2022-10-18 12:25:58,319 [main] INFO org.apache.commons.logging.Log - click on invest button
2022-10-18 12:25:58,320 [main] INFO org.apache.commons.logging.Log - Passed Testcase ....null
2022-10-18 12:25:58,320 [main] INFO org.apache.commons.logging.Log - click_INVESTpassed
2022-10-18 12:25:58,322 [main] INFO org.apache.commons.logging.Log - 
2022-10-18 12:26:00,407 [main] INFO org.apache.commons.logging.Log - select payment mode as Netbanking
2022-10-18 12:26:00,487 [main] INFO org.apache.commons.logging.Log - click on conform and continue button
2022-10-18 12:26:00,488 [main] INFO org.apache.commons.logging.Log - Passed Testcase ....null
2022-10-18 12:26:00,489 [main] INFO org.apache.commons.logging.Log - Select_PaymentModepassed
2022-10-18 12:26:00,490 [main] INFO org.apache.commons.logging.Log - 
2022-10-18 12:26:02,652 [main] INFO org.apache.commons.logging.Log - verify otp number
2022-10-18 12:26:02,653 [main] INFO org.apache.commons.logging.Log - Passed Testcase ....null
2022-10-18 12:26:02,654 [main] INFO org.apache.commons.logging.Log - Click_VerifyOTPpassed
2022-10-18 12:26:02,655 [main] INFO org.apache.commons.logging.Log - 
2022-10-18 12:26:07,032 [main] INFO org.apache.commons.logging.Log - Passed Testcase ....null
2022-10-18 12:26:07,033 [main] INFO org.apache.commons.logging.Log - enterotpnumpassed
2022-10-18 12:26:07,034 [main] INFO org.apache.commons.logging.Log - 
2022-10-18 12:26:20,893 [main] INFO org.apache.commons.logging.Log - Passed Testcase ....null
2022-10-18 12:26:20,894 [main] INFO org.apache.commons.logging.Log - RedirectNetbankingurlpassed
2022-10-18 12:26:20,901 [main] INFO org.apache.commons.logging.Log - ................On Finish  Testcases..... ....Normal_lumpsumNetbanking
2022-10-18 12:26:25,942 [main] INFO org.apache.commons.logging.Log - 
2022-10-18 12:26:26,057 [main] INFO org.apache.commons.logging.Log - Click on sign button
2022-10-18 12:26:26,153 [main] INFO org.apache.commons.logging.Log - Enter Username
2022-10-18 12:26:26,242 [main] INFO org.apache.commons.logging.Log - Enter Password
2022-10-18 12:26:26,357 [main] INFO org.apache.commons.logging.Log - click on sign button
2022-10-18 12:26:26,358 [main] INFO org.apache.commons.logging.Log - Passed Testcase ....null
2022-10-18 12:26:26,360 [main] INFO org.apache.commons.logging.Log - ClickonSigninPagepassed
2022-10-18 12:26:26,362 [main] INFO org.apache.commons.logging.Log - 
2022-10-18 12:26:28,643 [main] INFO org.apache.commons.logging.Log - Passed Testcase ....null
2022-10-18 12:26:28,644 [main] INFO org.apache.commons.logging.Log - Clickon_TotalInvestmentvaluepassed
2022-10-18 12:26:28,645 [main] INFO org.apache.commons.logging.Log - 
2022-10-18 12:26:31,306 [main] INFO org.apache.commons.logging.Log - Passed Testcase ....null
2022-10-18 12:26:31,307 [main] INFO org.apache.commons.logging.Log - Click_HomePagepassed
2022-10-18 12:26:31,308 [main] INFO org.apache.commons.logging.Log - 
2022-10-18 12:26:41,505 [main] INFO org.apache.commons.logging.Log - Passed Testcase ....null
2022-10-18 12:26:41,506 [main] INFO org.apache.commons.logging.Log - search_mutualfundspassed
2022-10-18 12:26:41,510 [main] INFO org.apache.commons.logging.Log - 
2022-10-18 12:26:47,837 [main] INFO org.apache.commons.logging.Log - Passed Testcase ....null
2022-10-18 12:26:47,837 [main] INFO org.apache.commons.logging.Log - Click_Normalsippassed
2022-10-18 12:26:47,838 [main] INFO org.apache.commons.logging.Log - 
2022-10-18 12:26:50,138 [main] INFO org.apache.commons.logging.Log - Passed Testcase ....null
2022-10-18 12:26:50,139 [main] INFO org.apache.commons.logging.Log - Click_sipcontinuebtnpassed
2022-10-18 12:26:50,141 [main] INFO org.apache.commons.logging.Log - 
2022-10-18 12:26:53,262 [main] INFO org.apache.commons.logging.Log - Passed Testcase ....null
2022-10-18 12:26:53,263 [main] INFO org.apache.commons.logging.Log - InstallementStartdatepassed
2022-10-18 12:26:53,264 [main] INFO org.apache.commons.logging.Log - 
2022-10-18 12:26:56,948 [main] INFO org.apache.commons.logging.Log - Passed Testcase ....null
2022-10-18 12:26:56,949 [main] INFO org.apache.commons.logging.Log - Startdatepickerpassed
2022-10-18 12:26:56,950 [main] INFO org.apache.commons.logging.Log - 
2022-10-18 12:26:59,080 [main] INFO org.apache.commons.logging.Log - Passed Testcase ....null
2022-10-18 12:26:59,081 [main] INFO org.apache.commons.logging.Log - Click_continuebtnpassed
2022-10-18 12:26:59,082 [main] INFO org.apache.commons.logging.Log - 
2022-10-18 12:27:01,277 [main] INFO org.apache.commons.logging.Log - Passed Testcase ....null
2022-10-18 12:27:01,278 [main] INFO org.apache.commons.logging.Log - check_VerifyOTPpassed
2022-10-18 12:27:01,279 [main] INFO org.apache.commons.logging.Log - 
2022-10-18 12:27:03,531 [main] INFO org.apache.commons.logging.Log - Passed Testcase ....null
2022-10-18 12:27:03,531 [main] INFO org.apache.commons.logging.Log - check_enterotpnumpassed
2022-10-18 12:27:03,532 [main] INFO org.apache.commons.logging.Log - 
2022-10-18 12:27:05,634 [main] INFO org.apache.commons.logging.Log - Passed Testcase ....null
2022-10-18 12:27:05,635 [main] INFO org.apache.commons.logging.Log - Clickon_confirmcontinuepassed
2022-10-18 12:27:05,637 [main] INFO org.apache.commons.logging.Log - 
2022-10-18 12:27:08,699 [main] INFO org.apache.commons.logging.Log - Failure  because of ....org.openqa.selenium.NoSuchElementException: no such element: Unable to locate element: {"method":"xpath","selector":"//*[@id="main_msg_success"]/div/p"}
  (Session info: chrome=106.0.5249.119)
For documentation on this error, please visit: https://www.seleniumhq.org/exceptions/no_such_element.html
Build info: version: '3.141.59', revision: 'e82be7d358', time: '2018-11-14T08:17:03'
System info: host: 'DESKTOP-KMVAA5F', ip: '192.168.80.48', os.name: 'Windows 10', os.arch: 'amd64', os.version: '10.0', java.version: '11'
Driver info: org.openqa.selenium.chrome.ChromeDriver
Capabilities {acceptInsecureCerts: false, browserName: chrome, browserVersion: 106.0.5249.119, chrome: {chromedriverVersion: 106.0.5249.61 (511755355844..., userDataDir: C:\Users\samco\AppData\Loca...}, goog:chromeOptions: {debuggerAddress: localhost:56351}, javascriptEnabled: true, networkConnectionEnabled: false, pageLoadStrategy: normal, platform: WINDOWS, platformName: WINDOWS, proxy: Proxy(), setWindowRect: true, strictFileInteractability: false, timeouts: {implicit: 0, pageLoad: 300000, script: 30000}, unhandledPromptBehavior: dismiss and notify, webauthn:extension:credBlob: true, webauthn:extension:largeBlob: true, webauthn:virtualAuthenticators: true}
Session ID: 66045008e5643e0c28a42e3c88f2ee57
*** Element info: {Using=xpath, value=//*[@id="main_msg_success"]/div/p}
2022-10-18 12:27:09,116 [main] INFO org.apache.commons.logging.Log - 
2022-10-18 12:27:09,117 [main] INFO org.apache.commons.logging.Log - Skipped because of ....java.lang.Throwable: Method NormalSiporderTest.Clickon_skipstep()[pri:0, instance:com.Test.Rankmfselenium.NormalSiporderTest@6581dc0a] depends on not successfully finished methods
2022-10-18 12:27:09,118 [main] INFO org.apache.commons.logging.Log - 
2022-10-18 12:27:09,119 [main] INFO org.apache.commons.logging.Log - Skipped because of ....java.lang.Throwable: Method NormalSiporderTest.Clickon_cancelsmartSiporder()[pri:0, instance:com.Test.Rankmfselenium.NormalSiporderTest@6581dc0a] depends on not successfully finished methods
2022-10-18 12:27:09,120 [main] INFO org.apache.commons.logging.Log - 
2022-10-18 12:27:09,120 [main] INFO org.apache.commons.logging.Log - Skipped because of ....java.lang.Throwable: Method NormalSiporderTest.Clickon_logout()[pri:0, instance:com.Test.Rankmfselenium.NormalSiporderTest@6581dc0a] depends on not successfully finished methods
2022-10-18 12:27:09,122 [main] INFO org.apache.commons.logging.Log - 
2022-10-18 12:27:09,122 [main] INFO org.apache.commons.logging.Log - Skipped because of ....java.lang.Throwable: Method NormalSiporderTest.Click_logoutbtn()[pri:0, instance:com.Test.Rankmfselenium.NormalSiporderTest@6581dc0a] depends on not successfully finished methods
2022-10-18 12:27:09,135 [main] INFO org.apache.commons.logging.Log - ................On Finish  Testcases..... ....NormalSiporder
2022-10-18 12:27:13,891 [main] INFO org.apache.commons.logging.Log - 
2022-10-18 12:27:14,002 [main] INFO org.apache.commons.logging.Log - Click on sign button
2022-10-18 12:27:14,090 [main] INFO org.apache.commons.logging.Log - Enter Username
2022-10-18 12:27:14,193 [main] INFO org.apache.commons.logging.Log - Enter Password
2022-10-18 12:27:14,287 [main] INFO org.apache.commons.logging.Log - click on sign button
2022-10-18 12:27:14,289 [main] INFO org.apache.commons.logging.Log - Passed Testcase ....null
2022-10-18 12:27:14,290 [main] INFO org.apache.commons.logging.Log - ClickonSigninPagepassed
2022-10-18 12:27:14,293 [main] INFO org.apache.commons.logging.Log - 
2022-10-18 12:27:17,280 [main] INFO org.apache.commons.logging.Log - Passed Testcase ....null
2022-10-18 12:27:17,280 [main] INFO org.apache.commons.logging.Log - Clickon_TotalInvestmentvaluepassed
2022-10-18 12:27:17,281 [main] INFO org.apache.commons.logging.Log - 
2022-10-18 12:27:20,407 [main] INFO org.apache.commons.logging.Log - Click on Invest in  smart sip
2022-10-18 12:27:20,408 [main] INFO org.apache.commons.logging.Log - Passed Testcase ....null
2022-10-18 12:27:20,409 [main] INFO org.apache.commons.logging.Log - Click_Investsmartsippassed
2022-10-18 12:27:20,410 [main] INFO org.apache.commons.logging.Log - 
2022-10-18 12:27:22,547 [main] INFO org.apache.commons.logging.Log - Click on smart sip button
2022-10-18 12:27:22,548 [main] INFO org.apache.commons.logging.Log - Passed Testcase ....null
2022-10-18 12:27:22,549 [main] INFO org.apache.commons.logging.Log - Click_smartsippassed
2022-10-18 12:27:22,551 [main] INFO org.apache.commons.logging.Log - 
2022-10-18 12:27:26,058 [main] INFO org.apache.commons.logging.Log - Failure  because of ....org.openqa.selenium.NoSuchElementException: no such element: Unable to locate element: {"method":"xpath","selector":"//*[@id="modal-dcf7104a-b95d-2a60-b8a2-31687e7b2e6c"]/div/div[2]/div[2]/div/button[2]"}
  (Session info: chrome=106.0.5249.119)
For documentation on this error, please visit: https://www.seleniumhq.org/exceptions/no_such_element.html
Build info: version: '3.141.59', revision: 'e82be7d358', time: '2018-11-14T08:17:03'
System info: host: 'DESKTOP-KMVAA5F', ip: '192.168.80.48', os.name: 'Windows 10', os.arch: 'amd64', os.version: '10.0', java.version: '11'
Driver info: org.openqa.selenium.chrome.ChromeDriver
Capabilities {acceptInsecureCerts: false, browserName: chrome, browserVersion: 106.0.5249.119, chrome: {chromedriverVersion: 106.0.5249.61 (511755355844..., userDataDir: C:\Users\samco\AppData\Loca...}, goog:chromeOptions: {debuggerAddress: localhost:56482}, javascriptEnabled: true, networkConnectionEnabled: false, pageLoadStrategy: normal, platform: WINDOWS, platformName: WINDOWS, proxy: Proxy(), setWindowRect: true, strictFileInteractability: false, timeouts: {implicit: 0, pageLoad: 300000, script: 30000}, unhandledPromptBehavior: dismiss and notify, webauthn:extension:credBlob: true, webauthn:extension:largeBlob: true, webauthn:virtualAuthenticators: true}
Session ID: 8790c84c87145c6943c45a1831660812
*** Element info: {Using=xpath, value=//*[@id="modal-dcf7104a-b95d-2a60-b8a2-31687e7b2e6c"]/div/div[2]/div[2]/div/button[2]}
2022-10-18 12:27:26,532 [main] INFO org.apache.commons.logging.Log - 
2022-10-18 12:27:26,533 [main] INFO org.apache.commons.logging.Log - Skipped because of ....java.lang.Throwable: Method NormalSmartsiporderTest.Installementdate()[pri:0, instance:com.Test.Rankmfselenium.NormalSmartsiporderTest@22f31dec] depends on not successfully finished methods
2022-10-18 12:27:26,534 [main] INFO org.apache.commons.logging.Log - 
2022-10-18 12:27:26,535 [main] INFO org.apache.commons.logging.Log - Skipped because of ....java.lang.Throwable: Method NormalSmartsiporderTest.InstallementStartdate()[pri:0, instance:com.Test.Rankmfselenium.NormalSmartsiporderTest@22f31dec] depends on not successfully finished methods
2022-10-18 12:27:26,536 [main] INFO org.apache.commons.logging.Log - 
2022-10-18 12:27:26,537 [main] INFO org.apache.commons.logging.Log - Skipped because of ....java.lang.Throwable: Method NormalSmartsiporderTest.Clickalert()[pri:0, instance:com.Test.Rankmfselenium.NormalSmartsiporderTest@22f31dec] depends on not successfully finished methods
2022-10-18 12:27:26,538 [main] INFO org.apache.commons.logging.Log - 
2022-10-18 12:27:26,539 [main] INFO org.apache.commons.logging.Log - Skipped because of ....java.lang.Throwable: Method NormalSmartsiporderTest.check_VerifyOTP()[pri:0, instance:com.Test.Rankmfselenium.NormalSmartsiporderTest@22f31dec] depends on not successfully finished methods
2022-10-18 12:27:26,540 [main] INFO org.apache.commons.logging.Log - 
2022-10-18 12:27:26,541 [main] INFO org.apache.commons.logging.Log - Skipped because of ....java.lang.Throwable: Method NormalSmartsiporderTest.check_enterotpnum()[pri:0, instance:com.Test.Rankmfselenium.NormalSmartsiporderTest@22f31dec] depends on not successfully finished methods
2022-10-18 12:27:26,543 [main] INFO org.apache.commons.logging.Log - 
2022-10-18 12:27:26,544 [main] INFO org.apache.commons.logging.Log - Skipped because of ....java.lang.Throwable: Method NormalSmartsiporderTest.Clickon_confirmcontinue()[pri:0, instance:com.Test.Rankmfselenium.NormalSmartsiporderTest@22f31dec] depends on not successfully finished methods
2022-10-18 12:27:26,546 [main] INFO org.apache.commons.logging.Log - 
2022-10-18 12:27:26,546 [main] INFO org.apache.commons.logging.Log - Skipped because of ....java.lang.Throwable: Method NormalSmartsiporderTest.FetchOrderPlaceText_SmartSIP()[pri:0, instance:com.Test.Rankmfselenium.NormalSmartsiporderTest@22f31dec] depends on not successfully finished methods
2022-10-18 12:27:26,548 [main] INFO org.apache.commons.logging.Log - 
2022-10-18 12:27:26,548 [main] INFO org.apache.commons.logging.Log - Skipped because of ....java.lang.Throwable: Method NormalSmartsiporderTest.Clickon_closepopup()[pri:0, instance:com.Test.Rankmfselenium.NormalSmartsiporderTest@22f31dec] depends on not successfully finished methods
2022-10-18 12:27:26,550 [main] INFO org.apache.commons.logging.Log - 
2022-10-18 12:27:26,551 [main] INFO org.apache.commons.logging.Log - Skipped because of ....java.lang.Throwable: Method NormalSmartsiporderTest.Clickon_cancelsmartsiporder()[pri:0, instance:com.Test.Rankmfselenium.NormalSmartsiporderTest@22f31dec] depends on not successfully finished methods
2022-10-18 12:27:26,553 [main] INFO org.apache.commons.logging.Log - 
2022-10-18 12:27:26,554 [main] INFO org.apache.commons.logging.Log - Skipped because of ....java.lang.Throwable: Method NormalSmartsiporderTest.Clickon_logout()[pri:0, instance:com.Test.Rankmfselenium.NormalSmartsiporderTest@22f31dec] depends on not successfully finished methods
2022-10-18 12:27:26,556 [main] INFO org.apache.commons.logging.Log - 
2022-10-18 12:27:26,557 [main] INFO org.apache.commons.logging.Log - Skipped because of ....java.lang.Throwable: Method NormalSmartsiporderTest.Click_logoutbtn()[pri:0, instance:com.Test.Rankmfselenium.NormalSmartsiporderTest@22f31dec] depends on not successfully finished methods
2022-10-18 12:27:26,558 [main] INFO org.apache.commons.logging.Log - 
2022-10-18 12:27:26,560 [main] INFO org.apache.commons.logging.Log - Skipped because of ....java.lang.Throwable: Method NormalSmartsiporderTest.Email_sendnotification()[pri:0, instance:com.Test.Rankmfselenium.NormalSmartsiporderTest@22f31dec] depends on not successfully finished methods
2022-10-18 12:27:26,572 [main] INFO org.apache.commons.logging.Log - ................On Finish  Testcases..... ....NormalSmartsiporder
2022-10-18 12:27:26,617 [main] INFO org.apache.commons.logging.Log - 
2022-10-18 12:27:29,965 [main] INFO org.apache.commons.logging.Log - Failure  because of ....java.lang.RuntimeException: javax.mail.MessagingException: IOException while sending message;
  nested exception is:
	java.io.FileNotFoundException: .\Reports\RANKMF.html,.\log\application.html (The system cannot find the path specified)
2022-10-18 12:27:30,180 [main] INFO org.apache.commons.logging.Log - ................On Finish  Testcases..... ....Email_send
2022-10-19 17:32:28,696 [main] INFO org.apache.commons.logging.Log - Click on sign button
2022-10-19 17:32:28,935 [main] INFO org.apache.commons.logging.Log - Enter Username
2022-10-19 17:32:29,011 [main] INFO org.apache.commons.logging.Log - Enter Password
2022-10-19 17:32:29,092 [main] INFO org.apache.commons.logging.Log - click on sign button
2022-10-19 17:32:29,098 [main] INFO org.apache.commons.logging.Log - Passed Testcase ....null
2022-10-19 17:32:29,111 [main] INFO org.apache.commons.logging.Log - clickonSigninPagepassed
2022-10-19 17:32:29,115 [main] INFO org.apache.commons.logging.Log - 
2022-10-19 17:32:36,814 [main] INFO org.apache.commons.logging.Log - Passed Testcase ....null
2022-10-19 17:32:36,820 [main] INFO org.apache.commons.logging.Log - clickonbasketpagepassed
2022-10-19 17:32:36,822 [main] INFO org.apache.commons.logging.Log - 
2022-10-19 17:32:41,147 [main] INFO org.apache.commons.logging.Log - Passed Testcase ....null
2022-10-19 17:32:41,148 [main] INFO org.apache.commons.logging.Log - Clickonconservativepassed
2022-10-19 17:32:41,151 [main] INFO org.apache.commons.logging.Log - 
2022-10-19 17:32:44,251 [main] INFO org.apache.commons.logging.Log - Passed Testcase ....null
2022-10-19 17:32:44,252 [main] INFO org.apache.commons.logging.Log - clickoninvestpassed
2022-10-19 17:32:44,254 [main] INFO org.apache.commons.logging.Log - 
2022-10-19 17:32:46,494 [main] INFO org.apache.commons.logging.Log - Passed Testcase ....null
2022-10-19 17:32:46,494 [main] INFO org.apache.commons.logging.Log - clickonpaymentmodepassed
2022-10-19 17:32:46,496 [main] INFO org.apache.commons.logging.Log - 
2022-10-19 17:32:50,716 [main] INFO org.apache.commons.logging.Log - Passed Testcase ....null
2022-10-19 17:32:50,717 [main] INFO org.apache.commons.logging.Log - clickon_Enter_UtrNopassed
2022-10-19 17:32:50,719 [main] INFO org.apache.commons.logging.Log - 
2022-10-19 17:32:52,877 [main] INFO org.apache.commons.logging.Log - Passed Testcase ....null
2022-10-19 17:32:52,877 [main] INFO org.apache.commons.logging.Log - ClickonVerifyOTPpassed
2022-10-19 17:32:52,881 [main] INFO org.apache.commons.logging.Log - 
2022-10-19 17:33:00,727 [main] INFO org.apache.commons.logging.Log - Passed Testcase ....null
2022-10-19 17:33:00,728 [main] INFO org.apache.commons.logging.Log - enterotpnumpassed
2022-10-19 17:33:00,730 [main] INFO org.apache.commons.logging.Log - 
2022-10-19 17:33:02,788 [main] INFO org.apache.commons.logging.Log - Passed Testcase ....null
2022-10-19 17:33:02,789 [main] INFO org.apache.commons.logging.Log - show_orderplaced_popuppassed
2022-10-19 17:33:02,792 [main] INFO org.apache.commons.logging.Log - 
2022-10-19 17:33:05,980 [main] INFO org.apache.commons.logging.Log - Passed Testcase ....null
2022-10-19 17:33:05,981 [main] INFO org.apache.commons.logging.Log - Clickon_logoutpassed
2022-10-19 17:33:05,983 [main] INFO org.apache.commons.logging.Log - 
2022-10-19 17:33:08,037 [main] INFO org.apache.commons.logging.Log - Failure  because of ....org.openqa.selenium.ElementNotInteractableException: element not interactable
  (Session info: chrome=106.0.5249.119)
Build info: version: '3.141.59', revision: 'e82be7d358', time: '2018-11-14T08:17:03'
System info: host: 'DESKTOP-KMVAA5F', ip: '192.168.80.48', os.name: 'Windows 10', os.arch: 'amd64', os.version: '10.0', java.version: '11'
Driver info: org.openqa.selenium.chrome.ChromeDriver
Capabilities {acceptInsecureCerts: false, browserName: chrome, browserVersion: 106.0.5249.119, chrome: {chromedriverVersion: 106.0.5249.61 (511755355844..., userDataDir: C:\Users\samco\AppData\Loca...}, goog:chromeOptions: {debuggerAddress: localhost:59094}, javascriptEnabled: true, networkConnectionEnabled: false, pageLoadStrategy: normal, platform: WINDOWS, platformName: WINDOWS, proxy: Proxy(), setWindowRect: true, strictFileInteractability: false, timeouts: {implicit: 0, pageLoad: 300000, script: 30000}, unhandledPromptBehavior: dismiss and notify, webauthn:extension:credBlob: true, webauthn:extension:largeBlob: true, webauthn:virtualAuthenticators: true}
Session ID: bef5855da52750f9dde67d0e00866259
2022-10-19 17:33:08,405 [main] INFO org.apache.commons.logging.Log - ................On Finish  Testcases..... ....BasketLumpsumorder
2022-10-19 17:33:14,185 [main] INFO org.apache.commons.logging.Log - 
2022-10-19 17:33:14,351 [main] INFO org.apache.commons.logging.Log - Click on sign button
2022-10-19 17:33:14,448 [main] INFO org.apache.commons.logging.Log - Enter Username
2022-10-19 17:33:14,572 [main] INFO org.apache.commons.logging.Log - Enter Password
2022-10-19 17:33:14,672 [main] INFO org.apache.commons.logging.Log - click on sign button
2022-10-19 17:33:14,675 [main] INFO org.apache.commons.logging.Log - Passed Testcase ....null
2022-10-19 17:33:14,676 [main] INFO org.apache.commons.logging.Log - clickonSigninPagepassed
2022-10-19 17:33:14,680 [main] INFO org.apache.commons.logging.Log - 
2022-10-19 17:33:19,394 [main] INFO org.apache.commons.logging.Log - Passed Testcase ....null
2022-10-19 17:33:19,395 [main] INFO org.apache.commons.logging.Log - clickonbasketpagepassed
2022-10-19 17:33:19,396 [main] INFO org.apache.commons.logging.Log - 
2022-10-19 17:33:23,951 [main] INFO org.apache.commons.logging.Log - Passed Testcase ....null
2022-10-19 17:33:23,952 [main] INFO org.apache.commons.logging.Log - Clickonconservativepassed
2022-10-19 17:33:23,954 [main] INFO org.apache.commons.logging.Log - 
2022-10-19 17:33:27,042 [main] INFO org.apache.commons.logging.Log - Passed Testcase ....null
2022-10-19 17:33:27,043 [main] INFO org.apache.commons.logging.Log - clickoninvestpassed
2022-10-19 17:33:27,045 [main] INFO org.apache.commons.logging.Log - 
2022-10-19 17:33:29,260 [main] INFO org.apache.commons.logging.Log - Passed Testcase ....null
2022-10-19 17:33:29,260 [main] INFO org.apache.commons.logging.Log - clickonpaymentmodepassed
2022-10-19 17:33:29,263 [main] INFO org.apache.commons.logging.Log - 
2022-10-19 17:33:31,445 [main] INFO org.apache.commons.logging.Log - Passed Testcase ....null
2022-10-19 17:33:31,445 [main] INFO org.apache.commons.logging.Log - ClickonVerifyOTPpassed
2022-10-19 17:33:31,448 [main] INFO org.apache.commons.logging.Log - 
2022-10-19 17:33:38,807 [main] INFO org.apache.commons.logging.Log - Passed Testcase ....null
2022-10-19 17:33:38,807 [main] INFO org.apache.commons.logging.Log - enterotpnumpassed
2022-10-19 17:33:38,809 [main] INFO org.apache.commons.logging.Log - 
2022-10-19 17:33:41,909 [main] INFO org.apache.commons.logging.Log - Passed Testcase ....null
2022-10-19 17:33:41,910 [main] INFO org.apache.commons.logging.Log - RedirectNetbankingurlpassed
2022-10-19 17:33:41,913 [main] INFO org.apache.commons.logging.Log - 
2022-10-19 17:33:45,099 [main] INFO org.apache.commons.logging.Log - Passed Testcase ....null
2022-10-19 17:33:45,102 [main] INFO org.apache.commons.logging.Log - Clickon_logoutpassed
2022-10-19 17:33:45,106 [main] INFO org.apache.commons.logging.Log - 
2022-10-19 17:34:05,026 [main] INFO org.apache.commons.logging.Log - Passed Testcase ....null
2022-10-19 17:34:05,027 [main] INFO org.apache.commons.logging.Log - Click_logoutbtnpassed
2022-10-19 17:34:05,032 [main] INFO org.apache.commons.logging.Log - ................On Finish  Testcases..... ....BasketLumpsumorder_NetBanking
2022-10-19 17:34:11,185 [main] INFO org.apache.commons.logging.Log - 
2022-10-19 17:34:11,476 [main] INFO org.apache.commons.logging.Log - Click on sign button
2022-10-19 17:34:11,581 [main] INFO org.apache.commons.logging.Log - Enter Username
2022-10-19 17:34:11,660 [main] INFO org.apache.commons.logging.Log - Enter Password
2022-10-19 17:34:11,758 [main] INFO org.apache.commons.logging.Log - click on sign button
2022-10-19 17:34:11,759 [main] INFO org.apache.commons.logging.Log - Passed Testcase ....null
2022-10-19 17:34:11,759 [main] INFO org.apache.commons.logging.Log - clickonSigninPagepassed
2022-10-19 17:34:11,761 [main] INFO org.apache.commons.logging.Log - 
2022-10-19 17:34:17,659 [main] INFO org.apache.commons.logging.Log - Passed Testcase ....null
2022-10-19 17:34:17,659 [main] INFO org.apache.commons.logging.Log - Click_HomePagepassed
2022-10-19 17:34:17,660 [main] INFO org.apache.commons.logging.Log - 
2022-10-19 17:34:24,933 [main] INFO org.apache.commons.logging.Log - Passed Testcase ....null
2022-10-19 17:34:24,934 [main] INFO org.apache.commons.logging.Log - Search_Mutualfundpassed
2022-10-19 17:34:24,937 [main] INFO org.apache.commons.logging.Log - 
2022-10-19 17:34:27,030 [main] INFO org.apache.commons.logging.Log - click on invest button
2022-10-19 17:34:27,031 [main] INFO org.apache.commons.logging.Log - Passed Testcase ....null
2022-10-19 17:34:27,031 [main] INFO org.apache.commons.logging.Log - click_INVESTpassed
2022-10-19 17:34:27,033 [main] INFO org.apache.commons.logging.Log - 
2022-10-19 17:34:29,149 [main] INFO org.apache.commons.logging.Log - select payment mode as Netbanking
2022-10-19 17:34:29,222 [main] INFO org.apache.commons.logging.Log - click on conform and continue button
2022-10-19 17:34:29,223 [main] INFO org.apache.commons.logging.Log - Passed Testcase ....null
2022-10-19 17:34:29,224 [main] INFO org.apache.commons.logging.Log - Select_PaymentModepassed
2022-10-19 17:34:29,226 [main] INFO org.apache.commons.logging.Log - 
2022-10-19 17:34:31,405 [main] INFO org.apache.commons.logging.Log - verify otp number
2022-10-19 17:34:31,406 [main] INFO org.apache.commons.logging.Log - Passed Testcase ....null
2022-10-19 17:34:31,407 [main] INFO org.apache.commons.logging.Log - Click_VerifyOTPpassed
2022-10-19 17:34:31,410 [main] INFO org.apache.commons.logging.Log - 
2022-10-19 17:34:35,799 [main] INFO org.apache.commons.logging.Log - Passed Testcase ....null
2022-10-19 17:34:35,801 [main] INFO org.apache.commons.logging.Log - enterotpnumpassed
2022-10-19 17:34:35,801 [main] INFO org.apache.commons.logging.Log - 
2022-10-19 17:35:09,139 [main] INFO org.apache.commons.logging.Log - Passed Testcase ....null
2022-10-19 17:35:09,140 [main] INFO org.apache.commons.logging.Log - RedirectNetbankingurlpassed
2022-10-19 17:35:09,148 [main] INFO org.apache.commons.logging.Log - ................On Finish  Testcases..... ....Normal_lumpsumNetbanking
2022-10-19 17:35:14,659 [main] INFO org.apache.commons.logging.Log - 
2022-10-19 17:35:14,768 [main] INFO org.apache.commons.logging.Log - Click on sign button
2022-10-19 17:35:14,868 [main] INFO org.apache.commons.logging.Log - Enter Username
2022-10-19 17:35:14,951 [main] INFO org.apache.commons.logging.Log - Enter Password
2022-10-19 17:35:15,047 [main] INFO org.apache.commons.logging.Log - click on sign button
2022-10-19 17:35:15,049 [main] INFO org.apache.commons.logging.Log - Passed Testcase ....null
2022-10-19 17:35:15,049 [main] INFO org.apache.commons.logging.Log - ClickonSigninPagepassed
2022-10-19 17:35:15,051 [main] INFO org.apache.commons.logging.Log - 
2022-10-19 17:35:17,673 [main] INFO org.apache.commons.logging.Log - Passed Testcase ....null
2022-10-19 17:35:17,674 [main] INFO org.apache.commons.logging.Log - Clickon_TotalInvestmentvaluepassed
2022-10-19 17:35:17,675 [main] INFO org.apache.commons.logging.Log - 
2022-10-19 17:35:20,421 [main] INFO org.apache.commons.logging.Log - Passed Testcase ....null
2022-10-19 17:35:20,423 [main] INFO org.apache.commons.logging.Log - Click_HomePagepassed
2022-10-19 17:35:20,425 [main] INFO org.apache.commons.logging.Log - 
2022-10-19 17:35:27,446 [main] INFO org.apache.commons.logging.Log - Passed Testcase ....null
2022-10-19 17:35:27,447 [main] INFO org.apache.commons.logging.Log - search_mutualfundspassed
2022-10-19 17:35:27,450 [main] INFO org.apache.commons.logging.Log - 
2022-10-19 17:35:33,750 [main] INFO org.apache.commons.logging.Log - Passed Testcase ....null
2022-10-19 17:35:33,750 [main] INFO org.apache.commons.logging.Log - Click_Normalsippassed
2022-10-19 17:35:33,752 [main] INFO org.apache.commons.logging.Log - 
2022-10-19 17:35:36,094 [main] INFO org.apache.commons.logging.Log - Passed Testcase ....null
2022-10-19 17:35:36,094 [main] INFO org.apache.commons.logging.Log - Click_sipcontinuebtnpassed
2022-10-19 17:35:36,095 [main] INFO org.apache.commons.logging.Log - 
2022-10-19 17:35:39,326 [main] INFO org.apache.commons.logging.Log - Passed Testcase ....null
2022-10-19 17:35:39,327 [main] INFO org.apache.commons.logging.Log - InstallementStartdatepassed
2022-10-19 17:35:39,329 [main] INFO org.apache.commons.logging.Log - 
2022-10-19 17:46:55,292 [main] INFO org.apache.commons.logging.Log - Click on sign button
2022-10-19 17:46:55,453 [main] INFO org.apache.commons.logging.Log - Enter Username
2022-10-19 17:46:55,570 [main] INFO org.apache.commons.logging.Log - Enter Password
2022-10-19 17:46:55,686 [main] INFO org.apache.commons.logging.Log - click on sign button
2022-10-19 17:46:55,694 [main] INFO org.apache.commons.logging.Log - Passed Testcase ....null
2022-10-19 17:46:55,700 [main] INFO org.apache.commons.logging.Log - clickonSigninPagepassed
2022-10-19 17:46:55,705 [main] INFO org.apache.commons.logging.Log - 
2022-10-19 17:46:59,814 [main] INFO org.apache.commons.logging.Log - Passed Testcase ....null
2022-10-19 17:46:59,815 [main] INFO org.apache.commons.logging.Log - clickonbasketpagepassed
2022-10-19 17:46:59,816 [main] INFO org.apache.commons.logging.Log - 
2022-10-19 17:47:03,472 [main] INFO org.apache.commons.logging.Log - Passed Testcase ....null
2022-10-19 17:47:03,474 [main] INFO org.apache.commons.logging.Log - Clickonconservativepassed
2022-10-19 17:47:03,476 [main] INFO org.apache.commons.logging.Log - 
2022-10-19 17:47:06,565 [main] INFO org.apache.commons.logging.Log - Passed Testcase ....null
2022-10-19 17:47:06,567 [main] INFO org.apache.commons.logging.Log - clickoninvestpassed
2022-10-19 17:47:06,568 [main] INFO org.apache.commons.logging.Log - 
2022-10-19 17:47:08,789 [main] INFO org.apache.commons.logging.Log - Passed Testcase ....null
2022-10-19 17:47:08,790 [main] INFO org.apache.commons.logging.Log - clickonpaymentmodepassed
2022-10-19 17:47:08,793 [main] INFO org.apache.commons.logging.Log - 
2022-10-19 17:47:13,012 [main] INFO org.apache.commons.logging.Log - Passed Testcase ....null
2022-10-19 17:47:13,012 [main] INFO org.apache.commons.logging.Log - clickon_Enter_UtrNopassed
2022-10-19 17:47:13,014 [main] INFO org.apache.commons.logging.Log - 
2022-10-19 17:47:15,198 [main] INFO org.apache.commons.logging.Log - Passed Testcase ....null
2022-10-19 17:47:15,199 [main] INFO org.apache.commons.logging.Log - ClickonVerifyOTPpassed
2022-10-19 17:47:15,201 [main] INFO org.apache.commons.logging.Log - 
2022-10-19 17:47:22,865 [main] INFO org.apache.commons.logging.Log - Passed Testcase ....null
2022-10-19 17:47:22,866 [main] INFO org.apache.commons.logging.Log - enterotpnumpassed
2022-10-19 17:47:22,868 [main] INFO org.apache.commons.logging.Log - 
2022-10-19 17:47:25,445 [main] INFO org.apache.commons.logging.Log - Passed Testcase ....null
2022-10-19 17:47:25,446 [main] INFO org.apache.commons.logging.Log - show_orderplaced_popuppassed
2022-10-19 17:47:25,448 [main] INFO org.apache.commons.logging.Log - 
2022-10-19 17:47:28,636 [main] INFO org.apache.commons.logging.Log - Passed Testcase ....null
2022-10-19 17:47:28,636 [main] INFO org.apache.commons.logging.Log - Clickon_logoutpassed
2022-10-19 17:47:28,639 [main] INFO org.apache.commons.logging.Log - 
2022-10-19 17:47:47,524 [main] INFO org.apache.commons.logging.Log - Passed Testcase ....null
2022-10-19 17:47:47,525 [main] INFO org.apache.commons.logging.Log - Click_logoutbtnpassed
2022-10-19 17:47:47,544 [main] INFO org.apache.commons.logging.Log - ................On Finish  Testcases..... ....BasketLumpsumorder
2022-10-19 17:47:52,432 [main] INFO org.apache.commons.logging.Log - 
2022-10-19 17:47:52,547 [main] INFO org.apache.commons.logging.Log - Click on sign button
2022-10-19 17:47:52,644 [main] INFO org.apache.commons.logging.Log - Enter Username
2022-10-19 17:47:52,732 [main] INFO org.apache.commons.logging.Log - Enter Password
2022-10-19 17:47:52,823 [main] INFO org.apache.commons.logging.Log - click on sign button
2022-10-19 17:47:52,826 [main] INFO org.apache.commons.logging.Log - Passed Testcase ....null
2022-10-19 17:47:52,827 [main] INFO org.apache.commons.logging.Log - clickonSigninPagepassed
2022-10-19 17:47:52,829 [main] INFO org.apache.commons.logging.Log - 
2022-10-19 17:47:55,747 [main] INFO org.apache.commons.logging.Log - Passed Testcase ....null
2022-10-19 17:47:55,748 [main] INFO org.apache.commons.logging.Log - clickonbasketpagepassed
2022-10-19 17:47:55,749 [main] INFO org.apache.commons.logging.Log - 
2022-10-19 17:47:59,904 [main] INFO org.apache.commons.logging.Log - Passed Testcase ....null
2022-10-19 17:47:59,905 [main] INFO org.apache.commons.logging.Log - Clickonconservativepassed
2022-10-19 17:47:59,907 [main] INFO org.apache.commons.logging.Log - 
2022-10-19 17:48:02,991 [main] INFO org.apache.commons.logging.Log - Passed Testcase ....null
2022-10-19 17:48:02,992 [main] INFO org.apache.commons.logging.Log - clickoninvestpassed
2022-10-19 17:48:02,993 [main] INFO org.apache.commons.logging.Log - 
2022-10-19 17:48:05,210 [main] INFO org.apache.commons.logging.Log - Passed Testcase ....null
2022-10-19 17:48:05,210 [main] INFO org.apache.commons.logging.Log - clickonpaymentmodepassed
2022-10-19 17:48:05,212 [main] INFO org.apache.commons.logging.Log - 
2022-10-19 17:48:07,375 [main] INFO org.apache.commons.logging.Log - Passed Testcase ....null
2022-10-19 17:48:07,376 [main] INFO org.apache.commons.logging.Log - ClickonVerifyOTPpassed
2022-10-19 17:48:07,377 [main] INFO org.apache.commons.logging.Log - 
2022-10-19 17:48:14,756 [main] INFO org.apache.commons.logging.Log - Passed Testcase ....null
2022-10-19 17:48:14,757 [main] INFO org.apache.commons.logging.Log - enterotpnumpassed
2022-10-19 17:48:14,758 [main] INFO org.apache.commons.logging.Log - 
2022-10-19 17:48:17,873 [main] INFO org.apache.commons.logging.Log - Passed Testcase ....null
2022-10-19 17:48:17,873 [main] INFO org.apache.commons.logging.Log - RedirectNetbankingurlpassed
2022-10-19 17:48:17,876 [main] INFO org.apache.commons.logging.Log - 
2022-10-19 17:48:21,040 [main] INFO org.apache.commons.logging.Log - Passed Testcase ....null
2022-10-19 17:48:21,041 [main] INFO org.apache.commons.logging.Log - Clickon_logoutpassed
2022-10-19 17:48:21,043 [main] INFO org.apache.commons.logging.Log - 
2022-10-19 17:48:39,902 [main] INFO org.apache.commons.logging.Log - Passed Testcase ....null
2022-10-19 17:48:39,903 [main] INFO org.apache.commons.logging.Log - Click_logoutbtnpassed
2022-10-19 17:48:39,909 [main] INFO org.apache.commons.logging.Log - ................On Finish  Testcases..... ....BasketLumpsumorder_NetBanking
2022-10-19 17:48:44,365 [main] INFO org.apache.commons.logging.Log - 
2022-10-19 17:48:44,477 [main] INFO org.apache.commons.logging.Log - Click on sign button
2022-10-19 17:48:44,569 [main] INFO org.apache.commons.logging.Log - Enter Username
2022-10-19 17:48:44,649 [main] INFO org.apache.commons.logging.Log - Enter Password
2022-10-19 17:48:44,733 [main] INFO org.apache.commons.logging.Log - click on sign button
2022-10-19 17:48:44,737 [main] INFO org.apache.commons.logging.Log - Passed Testcase ....null
2022-10-19 17:48:44,738 [main] INFO org.apache.commons.logging.Log - clickonSigninPagepassed
2022-10-19 17:48:44,742 [main] INFO org.apache.commons.logging.Log - 
2022-10-19 17:48:47,332 [main] INFO org.apache.commons.logging.Log - Passed Testcase ....null
2022-10-19 17:48:47,332 [main] INFO org.apache.commons.logging.Log - Click_HomePagepassed
2022-10-19 17:48:47,335 [main] INFO org.apache.commons.logging.Log - 
2022-10-19 17:48:54,559 [main] INFO org.apache.commons.logging.Log - Passed Testcase ....null
2022-10-19 17:48:54,561 [main] INFO org.apache.commons.logging.Log - Search_Mutualfundpassed
2022-10-19 17:48:54,566 [main] INFO org.apache.commons.logging.Log - 
2022-10-19 17:48:56,679 [main] INFO org.apache.commons.logging.Log - click on invest button
2022-10-19 17:48:56,681 [main] INFO org.apache.commons.logging.Log - Passed Testcase ....null
2022-10-19 17:48:56,681 [main] INFO org.apache.commons.logging.Log - click_INVESTpassed
2022-10-19 17:48:56,682 [main] INFO org.apache.commons.logging.Log - 
2022-10-19 17:48:58,770 [main] INFO org.apache.commons.logging.Log - select payment mode as Netbanking
2022-10-19 17:48:58,853 [main] INFO org.apache.commons.logging.Log - click on conform and continue button
2022-10-19 17:48:58,854 [main] INFO org.apache.commons.logging.Log - Passed Testcase ....null
2022-10-19 17:48:58,855 [main] INFO org.apache.commons.logging.Log - Select_PaymentModepassed
2022-10-19 17:48:58,856 [main] INFO org.apache.commons.logging.Log - 
2022-10-19 17:49:01,039 [main] INFO org.apache.commons.logging.Log - verify otp number
2022-10-19 17:49:01,040 [main] INFO org.apache.commons.logging.Log - Passed Testcase ....null
2022-10-19 17:49:01,040 [main] INFO org.apache.commons.logging.Log - Click_VerifyOTPpassed
2022-10-19 17:49:01,042 [main] INFO org.apache.commons.logging.Log - 
2022-10-19 17:49:05,437 [main] INFO org.apache.commons.logging.Log - Passed Testcase ....null
2022-10-19 17:49:05,437 [main] INFO org.apache.commons.logging.Log - enterotpnumpassed
2022-10-19 17:49:05,439 [main] INFO org.apache.commons.logging.Log - 
2022-10-19 17:49:22,351 [main] INFO org.apache.commons.logging.Log - Passed Testcase ....null
2022-10-19 17:49:22,352 [main] INFO org.apache.commons.logging.Log - RedirectNetbankingurlpassed
2022-10-19 17:49:22,360 [main] INFO org.apache.commons.logging.Log - ................On Finish  Testcases..... ....Normal_lumpsumNetbanking
2022-10-19 17:49:22,392 [main] INFO org.apache.commons.logging.Log - 
2022-10-19 17:49:30,522 [main] INFO org.apache.commons.logging.Log - Passed Testcase ....null
2022-10-19 17:49:30,523 [main] INFO org.apache.commons.logging.Log - Email_sendnotificationpassed
2022-10-19 17:49:30,554 [main] INFO org.apache.commons.logging.Log - ................On Finish  Testcases..... ....Email_send
2022-11-11 17:04:48,558 [main] INFO org.apache.commons.logging.Log - Click on sign button
2022-11-11 17:04:48,695 [main] INFO org.apache.commons.logging.Log - Enter Username
2022-11-11 17:04:48,763 [main] INFO org.apache.commons.logging.Log - Enter Password
2022-11-11 17:04:48,847 [main] INFO org.apache.commons.logging.Log - click on sign button
