<?xml version="1.0" encoding="UTF-8"?>
<!-- Generated by org.testng.reporters.JUnitXMLReporter -->
<testsuite ignored="0" hostname="DESKTOP-KMVAA5F" failures="0" tests="13" name="BasketSipOrder" time="7.763" errors="0" timestamp="2022-07-08T18:54:03 IST">
  <testcase classname="com.Test.Rankmfselenium.BasketSIPOrder" name="@BeforeClass SetInitialization" time="7.679">
    <failure type="org.openqa.selenium.WebDriverException" message="unknown error: cannot determine loading status
from unknown error: unexpected command response
  (Session info: chrome=103.0.5060.114)
Build info: version: &amp;apos;3.141.59&amp;apos;, revision: &amp;apos;e82be7d358&amp;apos;, time: &amp;apos;2018-11-14T08:17:03&amp;apos;
System info: host: &amp;apos;DESKTOP-KMVAA5F&amp;apos;, ip: &amp;apos;172.19.19.147&amp;apos;, os.name: &amp;apos;Windows 10&amp;apos;, os.arch: &amp;apos;amd64&amp;apos;, os.version: &amp;apos;10.0&amp;apos;, java.version: &amp;apos;11&amp;apos;
Driver info: org.openqa.selenium.chrome.ChromeDriver
Capabilities {acceptInsecureCerts: false, browserName: chrome, browserVersion: 103.0.5060.114, chrome: {chromedriverVersion: 102.0.5005.61 (0e59bcc00cc4..., userDataDir: C:\Users\samco\AppData\Loca...}, goog:chromeOptions: {debuggerAddress: localhost:56774}, javascriptEnabled: true, networkConnectionEnabled: false, pageLoadStrategy: normal, platform: WINDOWS, platformName: WINDOWS, proxy: Proxy(), setWindowRect: true, strictFileInteractability: false, timeouts: {implicit: 0, pageLoad: 300000, script: 30000}, unhandledPromptBehavior: dismiss and notify, webauthn:extension:credBlob: true, webauthn:extension:largeBlob: true, webauthn:virtualAuthenticators: true}
Session ID: b17724aac57eac6fc497de68b62ec5f2">
      <![CDATA[org.openqa.selenium.WebDriverException: unknown error: cannot determine loading status
from unknown error: unexpected command response
  (Session info: chrome=103.0.5060.114)
Build info: version: '3.141.59', revision: 'e82be7d358', time: '2018-11-14T08:17:03'
System info: host: 'DESKTOP-KMVAA5F', ip: '172.19.19.147', os.name: 'Windows 10', os.arch: 'amd64', os.version: '10.0', java.version: '11'
Driver info: org.openqa.selenium.chrome.ChromeDriver
Capabilities {acceptInsecureCerts: false, browserName: chrome, browserVersion: 103.0.5060.114, chrome: {chromedriverVersion: 102.0.5005.61 (0e59bcc00cc4..., userDataDir: C:\Users\samco\AppData\Loca...}, goog:chromeOptions: {debuggerAddress: localhost:56774}, javascriptEnabled: true, networkConnectionEnabled: false, pageLoadStrategy: normal, platform: WINDOWS, platformName: WINDOWS, proxy: Proxy(), setWindowRect: true, strictFileInteractability: false, timeouts: {implicit: 0, pageLoad: 300000, script: 30000}, unhandledPromptBehavior: dismiss and notify, webauthn:extension:credBlob: true, webauthn:extension:largeBlob: true, webauthn:virtualAuthenticators: true}
Session ID: b17724aac57eac6fc497de68b62ec5f2
at org.openqa.selenium.remote.http.W3CHttpResponseCodec.createException(W3CHttpResponseCodec.java:187)
at org.openqa.selenium.remote.http.W3CHttpResponseCodec.decode(W3CHttpResponseCodec.java:122)
at org.openqa.selenium.remote.http.W3CHttpResponseCodec.decode(W3CHttpResponseCodec.java:49)
at org.openqa.selenium.remote.HttpCommandExecutor.execute(HttpCommandExecutor.java:158)
at org.openqa.selenium.remote.service.DriverCommandExecutor.execute(DriverCommandExecutor.java:83)
at org.openqa.selenium.remote.RemoteWebDriver.execute(RemoteWebDriver.java:552)
at org.openqa.selenium.remote.RemoteWebDriver.get(RemoteWebDriver.java:277)
at RankmfBase.TestBase.initialization(TestBase.java:59)
at com.Test.Rankmfselenium.BasketSIPOrder.SetInitialization(BasketSIPOrder.java:26)
at java.base/java.util.ArrayList.forEach(ArrayList.java:1540)
... Removed 29 stack frames]]>
    </failure>
  </testcase> <!-- @BeforeClass SetInitialization -->
  <testcase classname="com.Test.Rankmfselenium.BasketSIPOrder" name="clickonSigninPage" time="0.0">
    <skipped/>
  </testcase> <!-- clickonSigninPage -->
  <testcase classname="com.Test.Rankmfselenium.BasketSIPOrder" name="Clickonbasketpage" time="0.0">
    <skipped/>
  </testcase> <!-- Clickonbasketpage -->
  <testcase classname="com.Test.Rankmfselenium.BasketSIPOrder" name="clickonconservative" time="0.0">
    <skipped/>
  </testcase> <!-- clickonconservative -->
  <testcase classname="com.Test.Rankmfselenium.BasketSIPOrder" name="Click_SIP" time="0.0">
    <skipped/>
  </testcase> <!-- Click_SIP -->
  <testcase classname="com.Test.Rankmfselenium.BasketSIPOrder" name="ClickOn_Quantity" time="0.0">
    <skipped/>
  </testcase> <!-- ClickOn_Quantity -->
  <testcase classname="com.Test.Rankmfselenium.BasketSIPOrder" name="Clickon_StartDate" time="0.0">
    <skipped/>
  </testcase> <!-- Clickon_StartDate -->
  <testcase classname="com.Test.Rankmfselenium.BasketSIPOrder" name="Clickon_confirmcontinue" time="0.0">
    <skipped/>
  </testcase> <!-- Clickon_confirmcontinue -->
  <testcase classname="com.Test.Rankmfselenium.BasketSIPOrder" name="check_VerifyOTP" time="0.0">
    <skipped/>
  </testcase> <!-- check_VerifyOTP -->
  <testcase classname="com.Test.Rankmfselenium.BasketSIPOrder" name="check_enterotpnum" time="0.0">
    <skipped/>
  </testcase> <!-- check_enterotpnum -->
  <testcase classname="com.Test.Rankmfselenium.BasketSIPOrder" name="check_fetchlumpsumsiptext" time="0.0">
    <skipped/>
  </testcase> <!-- check_fetchlumpsumsiptext -->
  <testcase classname="com.Test.Rankmfselenium.BasketSIPOrder" name="Orderplacetext" time="0.0">
    <skipped/>
  </testcase> <!-- Orderplacetext -->
  <testcase classname="com.Test.Rankmfselenium.BasketSIPOrder" name="Clickon_logout" time="0.0">
    <skipped/>
  </testcase> <!-- Clickon_logout -->
  <testcase classname="com.Test.Rankmfselenium.BasketSIPOrder" name="Click_logoutbtn" time="0.0">
    <skipped/>
  </testcase> <!-- Click_logoutbtn -->
</testsuite> <!-- BasketSipOrder -->
