<?xml version="1.0" encoding="UTF-8"?>
<!-- Generated by org.testng.reporters.JUnitXMLReporter -->
<testsuite ignored="0" hostname="DESKTOP-KMVAA5F" failures="1" tests="17" name="NormalSiporder" time="51.576" errors="0" timestamp="2022-11-11T17:21:08 IST">
  <testcase classname="com.Test.Rankmfselenium.NormalSiporderTest" name="ClickonSigninPage" time="0.731"/>
  <testcase classname="com.Test.Rankmfselenium.NormalSiporderTest" name="Clickon_TotalInvestmentvalue" time="3.272"/>
  <testcase classname="com.Test.Rankmfselenium.NormalSiporderTest" name="Click_HomePage" time="2.72"/>
  <testcase classname="com.Test.Rankmfselenium.NormalSiporderTest" name="search_mutualfunds" time="8.008"/>
  <testcase classname="com.Test.Rankmfselenium.NormalSiporderTest" name="Click_Normalsip" time="6.327"/>
  <testcase classname="com.Test.Rankmfselenium.NormalSiporderTest" name="Click_sipcontinuebtn" time="2.336"/>
  <testcase classname="com.Test.Rankmfselenium.NormalSiporderTest" name="InstallementStartdate" time="3.212"/>
  <testcase classname="com.Test.Rankmfselenium.NormalSiporderTest" name="Startdatepicker" time="3.873"/>
  <testcase classname="com.Test.Rankmfselenium.NormalSiporderTest" name="Click_continuebtn" time="2.147"/>
  <testcase classname="com.Test.Rankmfselenium.NormalSiporderTest" name="check_VerifyOTP" time="2.253"/>
  <testcase classname="com.Test.Rankmfselenium.NormalSiporderTest" name="check_enterotpnum" time="2.522"/>
  <testcase classname="com.Test.Rankmfselenium.NormalSiporderTest" name="Clickon_confirmcontinue" time="2.12"/>
  <testcase classname="com.Test.Rankmfselenium.NormalSiporderTest" name="FetchOrderPlaceText_NormalSIP" time="3.057">
    <failure type="org.openqa.selenium.NoSuchElementException" message="no such element: Unable to locate element: {&amp;quot;method&amp;quot;:&amp;quot;xpath&amp;quot;,&amp;quot;selector&amp;quot;:&amp;quot;//*[@id=&amp;apos;main_msg_success&amp;apos;]/div/p&amp;quot;}
  (Session info: chrome=107.0.5304.107)
For documentation on this error, please visit: https://www.seleniumhq.org/exceptions/no_such_element.html
Build info: version: &amp;apos;3.141.59&amp;apos;, revision: &amp;apos;e82be7d358&amp;apos;, time: &amp;apos;2018-11-14T08:17:03&amp;apos;
System info: host: &amp;apos;DESKTOP-KMVAA5F&amp;apos;, ip: &amp;apos;192.168.80.50&amp;apos;, os.name: &amp;apos;Windows 10&amp;apos;, os.arch: &amp;apos;amd64&amp;apos;, os.version: &amp;apos;10.0&amp;apos;, java.version: &amp;apos;11&amp;apos;
Driver info: org.openqa.selenium.chrome.ChromeDriver
Capabilities {acceptInsecureCerts: false, browserName: chrome, browserVersion: 107.0.5304.107, chrome: {chromedriverVersion: 106.0.5249.61 (511755355844..., userDataDir: C:\Users\samco\AppData\Loca...}, goog:chromeOptions: {debuggerAddress: localhost:59291}, javascriptEnabled: true, networkConnectionEnabled: false, pageLoadStrategy: normal, platform: WINDOWS, platformName: WINDOWS, proxy: Proxy(), setWindowRect: true, strictFileInteractability: false, timeouts: {implicit: 0, pageLoad: 300000, script: 30000}, unhandledPromptBehavior: dismiss and notify, webauthn:extension:credBlob: true, webauthn:extension:largeBlob: true, webauthn:virtualAuthenticators: true}
Session ID: 49211fb3e6b851c6747f26f9fb25e477
*** Element info: {Using=xpath, value=//*[@id=&amp;apos;main_msg_success&amp;apos;]/div/p}">
      <![CDATA[org.openqa.selenium.NoSuchElementException: no such element: Unable to locate element: {"method":"xpath","selector":"//*[@id='main_msg_success']/div/p"}
  (Session info: chrome=107.0.5304.107)
For documentation on this error, please visit: https://www.seleniumhq.org/exceptions/no_such_element.html
Build info: version: '3.141.59', revision: 'e82be7d358', time: '2018-11-14T08:17:03'
System info: host: 'DESKTOP-KMVAA5F', ip: '192.168.80.50', os.name: 'Windows 10', os.arch: 'amd64', os.version: '10.0', java.version: '11'
Driver info: org.openqa.selenium.chrome.ChromeDriver
Capabilities {acceptInsecureCerts: false, browserName: chrome, browserVersion: 107.0.5304.107, chrome: {chromedriverVersion: 106.0.5249.61 (511755355844..., userDataDir: C:\Users\samco\AppData\Loca...}, goog:chromeOptions: {debuggerAddress: localhost:59291}, javascriptEnabled: true, networkConnectionEnabled: false, pageLoadStrategy: normal, platform: WINDOWS, platformName: WINDOWS, proxy: Proxy(), setWindowRect: true, strictFileInteractability: false, timeouts: {implicit: 0, pageLoad: 300000, script: 30000}, unhandledPromptBehavior: dismiss and notify, webauthn:extension:credBlob: true, webauthn:extension:largeBlob: true, webauthn:virtualAuthenticators: true}
Session ID: 49211fb3e6b851c6747f26f9fb25e477
*** Element info: {Using=xpath, value=//*[@id='main_msg_success']/div/p}
at org.openqa.selenium.remote.http.W3CHttpResponseCodec.createException(W3CHttpResponseCodec.java:187)
at org.openqa.selenium.remote.http.W3CHttpResponseCodec.decode(W3CHttpResponseCodec.java:122)
at org.openqa.selenium.remote.http.W3CHttpResponseCodec.decode(W3CHttpResponseCodec.java:49)
at org.openqa.selenium.remote.HttpCommandExecutor.execute(HttpCommandExecutor.java:158)
at org.openqa.selenium.remote.service.DriverCommandExecutor.execute(DriverCommandExecutor.java:83)
at org.openqa.selenium.remote.RemoteWebDriver.execute(RemoteWebDriver.java:552)
at org.openqa.selenium.remote.RemoteWebDriver.findElement(RemoteWebDriver.java:323)
at org.openqa.selenium.remote.RemoteWebDriver.findElementByXPath(RemoteWebDriver.java:428)
at org.openqa.selenium.By$ByXPath.findElement(By.java:353)
at org.openqa.selenium.remote.RemoteWebDriver.findElement(RemoteWebDriver.java:315)
at com.Test.RANKMFSELENIUM.BasketAction.fetchnormalpalcedorder(BasketAction.java:94)
at com.Test.Rankmfselenium.NormalSiporderTest.FetchOrderPlaceText_NormalSIP(NormalSiporderTest.java:138)
at java.base/java.util.ArrayList.forEach(ArrayList.java:1540)
... Removed 31 stack frames]]>
    </failure>
  </testcase> <!-- FetchOrderPlaceText_NormalSIP -->
  <testcase classname="com.Test.Rankmfselenium.NormalSiporderTest" name="Clickon_skipstep" time="0.001">
    <skipped/>
  </testcase> <!-- Clickon_skipstep -->
  <testcase classname="com.Test.Rankmfselenium.NormalSiporderTest" name="Clickon_cancelsmartSiporder" time="0.0">
    <skipped/>
  </testcase> <!-- Clickon_cancelsmartSiporder -->
  <testcase classname="com.Test.Rankmfselenium.NormalSiporderTest" name="Clickon_logout" time="0.0">
    <skipped/>
  </testcase> <!-- Clickon_logout -->
  <testcase classname="com.Test.Rankmfselenium.NormalSiporderTest" name="Click_logoutbtn" time="0.0">
    <skipped/>
  </testcase> <!-- Click_logoutbtn -->
</testsuite> <!-- NormalSiporder -->
