<?xml version="1.0" encoding="UTF-8"?>
<!-- Generated by org.testng.reporters.JUnitXMLReporter -->
<testsuite ignored="0" hostname="DESKTOP-M8IT876" failures="5" tests="62" name="Test" time="586.198" errors="0" timestamp="2025-10-27T17:51:28 IST">
  <testcase classname="com.Test.Rankmfselenium.ExploreNewPageTest" name="clickonSigninPage" time="2.71"/>
  <testcase classname="com.Test.Rankmfselenium.ExploreNewPageTest" name="Click_Explorerankmf" time="7.782"/>
  <testcase classname="com.Test.Rankmfselenium.ExploreNewPageTest" name="Click_Filter" time="41.216"/>
  <testcase classname="com.Test.Rankmfselenium.ExploreNewPageTest" name="Click_Myinvestment" time="75.008"/>
  <testcase classname="com.Test.Rankmfselenium.ExploreNewPageTest" name="Review_PaymentPage" time="9.588"/>
  <testcase classname="com.Test.Rankmfselenium.ExploreNewPageTest" name="enterotpnum" time="46.533"/>
  <testcase classname="com.Test.Rankmfselenium.BasketSipOrderTest" name="clickonSigninPage" time="2.577"/>
  <testcase classname="com.Test.Rankmfselenium.BasketSipOrderTest" name="clickonbasketpage" time="7.737"/>
  <testcase classname="com.Test.Rankmfselenium.BasketSipOrderTest" name="Clickonconservative" time="0.004"/>
  <testcase classname="com.Test.Rankmfselenium.BasketSipOrderTest" name="clickoninvest" time="3.052">
    <failure type="org.openqa.selenium.NoSuchElementException" message="no such element: Unable to locate element: {&amp;quot;method&amp;quot;:&amp;quot;xpath&amp;quot;,&amp;quot;selector&amp;quot;:&amp;quot;//body/div[1]/div[1]/section[1]/div[1]/div[1]/div[3]/div[1]/button[2]&amp;quot;}
  (Session info: chrome=140.0.7339.128)
For documentation on this error, please visit: https://www.selenium.dev/documentation/webdriver/troubleshooting/errors#no-such-element-exception
Build info: version: &amp;apos;4.25.0&amp;apos;, revision: &amp;apos;8a8aea2337&amp;apos;
System info: os.name: &amp;apos;Windows 10&amp;apos;, os.arch: &amp;apos;amd64&amp;apos;, os.version: &amp;apos;10.0&amp;apos;, java.version: &amp;apos;17.0.2&amp;apos;
Driver info: org.openqa.selenium.chrome.ChromeDriver
Command: [967f1e0e183124225cc40955310ebf3f, findElement {value=//body/div[1]/div[1]/section[1]/div[1]/div[1]/div[3]/div[1]/button[2], using=xpath}]
Capabilities {acceptInsecureCerts: false, browserName: chrome, browserVersion: 140.0.7339.128, chrome: {chromedriverVersion: 139.0.7258.154 (9e0d6b2b47f..., userDataDir: C:\Users\RAVIND~1.CHA\AppDa...}, fedcm:accounts: true, goog:chromeOptions: {debuggerAddress: localhost:52821}, networkConnectionEnabled: false, pageLoadStrategy: normal, platformName: windows, proxy: Proxy(), se:cdp: ws://localhost:52821/devtoo..., se:cdpVersion: 140.0.7339.128, setWindowRect: true, strictFileInteractability: false, timeouts: {implicit: 0, pageLoad: 300000, script: 30000}, unhandledPromptBehavior: dismiss and notify, webauthn:extension:credBlob: true, webauthn:extension:largeBlob: true, webauthn:extension:minPinLength: true, webauthn:extension:prf: true, webauthn:virtualAuthenticators: true}
Session ID: 967f1e0e183124225cc40955310ebf3f">
      <![CDATA[org.openqa.selenium.NoSuchElementException: no such element: Unable to locate element: {"method":"xpath","selector":"//body/div[1]/div[1]/section[1]/div[1]/div[1]/div[3]/div[1]/button[2]"}
  (Session info: chrome=140.0.7339.128)
For documentation on this error, please visit: https://www.selenium.dev/documentation/webdriver/troubleshooting/errors#no-such-element-exception
Build info: version: '4.25.0', revision: '8a8aea2337'
System info: os.name: 'Windows 10', os.arch: 'amd64', os.version: '10.0', java.version: '17.0.2'
Driver info: org.openqa.selenium.chrome.ChromeDriver
Command: [967f1e0e183124225cc40955310ebf3f, findElement {value=//body/div[1]/div[1]/section[1]/div[1]/div[1]/div[3]/div[1]/button[2], using=xpath}]
Capabilities {acceptInsecureCerts: false, browserName: chrome, browserVersion: 140.0.7339.128, chrome: {chromedriverVersion: 139.0.7258.154 (9e0d6b2b47f..., userDataDir: C:\Users\RAVIND~1.CHA\AppDa...}, fedcm:accounts: true, goog:chromeOptions: {debuggerAddress: localhost:52821}, networkConnectionEnabled: false, pageLoadStrategy: normal, platformName: windows, proxy: Proxy(), se:cdp: ws://localhost:52821/devtoo..., se:cdpVersion: 140.0.7339.128, setWindowRect: true, strictFileInteractability: false, timeouts: {implicit: 0, pageLoad: 300000, script: 30000}, unhandledPromptBehavior: dismiss and notify, webauthn:extension:credBlob: true, webauthn:extension:largeBlob: true, webauthn:extension:minPinLength: true, webauthn:extension:prf: true, webauthn:virtualAuthenticators: true}
Session ID: 967f1e0e183124225cc40955310ebf3f
at org.openqa.selenium.remote.ErrorCodec.decode(ErrorCodec.java:167)
at org.openqa.selenium.remote.codec.w3c.W3CHttpResponseCodec.decode(W3CHttpResponseCodec.java:138)
at org.openqa.selenium.remote.codec.w3c.W3CHttpResponseCodec.decode(W3CHttpResponseCodec.java:50)
at org.openqa.selenium.remote.HttpCommandExecutor.execute(HttpCommandExecutor.java:190)
at org.openqa.selenium.remote.service.DriverCommandExecutor.invokeExecute(DriverCommandExecutor.java:216)
at org.openqa.selenium.remote.service.DriverCommandExecutor.execute(DriverCommandExecutor.java:174)
at org.openqa.selenium.remote.RemoteWebDriver.execute(RemoteWebDriver.java:545)
at org.openqa.selenium.remote.ElementLocation$ElementFinder$2.findElement(ElementLocation.java:165)
at org.openqa.selenium.remote.ElementLocation.findElement(ElementLocation.java:59)
at org.openqa.selenium.remote.RemoteWebDriver.findElement(RemoteWebDriver.java:368)
at org.openqa.selenium.remote.RemoteWebDriver.findElement(RemoteWebDriver.java:362)
at org.openqa.selenium.support.pagefactory.DefaultElementLocator.findElement(DefaultElementLocator.java:68)
at org.openqa.selenium.support.pagefactory.internal.LocatingElementHandler.invoke(LocatingElementHandler.java:38)
at jdk.proxy2/jdk.proxy2.$Proxy13.click(Unknown Source)
at com.Test.RANKMFSELENIUM.BasketSipOrder.click_SIP(BasketSipOrder.java:48)
at com.Test.Rankmfselenium.BasketSipOrderTest.clickoninvest(BasketSipOrderTest.java:75)
at java.base/java.util.ArrayList.forEach(ArrayList.java:1511)
... Removed 32 stack frames]]>
    </failure>
  </testcase> <!-- clickoninvest -->
  <testcase classname="com.Test.Rankmfselenium.BasketSipOrderTest" name="select_startdate" time="0.0">
    <skipped/>
  </testcase> <!-- select_startdate -->
  <testcase classname="com.Test.Rankmfselenium.BasketSipOrderTest" name="Clickon_Confrim" time="0.001">
    <skipped/>
  </testcase> <!-- Clickon_Confrim -->
  <testcase classname="com.Test.Rankmfselenium.BasketSipOrderTest" name="ClickonVerifyOTP" time="0.0">
    <skipped/>
  </testcase> <!-- ClickonVerifyOTP -->
  <testcase classname="com.Test.Rankmfselenium.BasketSipOrderTest" name="enterotpnum" time="0.0">
    <skipped/>
  </testcase> <!-- enterotpnum -->
  <testcase classname="com.Test.Rankmfselenium.BasketSipOrderTest" name="RedirectNetbankingurl" time="0.0">
    <skipped/>
  </testcase> <!-- RedirectNetbankingurl -->
  <testcase classname="com.Test.Rankmfselenium.BasketSipOrderTest" name="Clickon_cancelsmartsiporder" time="0.0">
    <skipped/>
  </testcase> <!-- Clickon_cancelsmartsiporder -->
  <testcase classname="com.Test.Rankmfselenium.BasketSipOrderTest" name="Clickon_logout" time="0.001">
    <skipped/>
  </testcase> <!-- Clickon_logout -->
  <testcase classname="com.Test.Rankmfselenium.BasketSipOrderTest" name="Click_logoutbtn" time="0.0">
    <skipped/>
  </testcase> <!-- Click_logoutbtn -->
  <testcase classname="com.Test.Rankmfselenium.Normal_lumpsumNetbankingTest" name="clickonSigninPage" time="2.563"/>
  <testcase classname="com.Test.Rankmfselenium.Normal_lumpsumNetbankingTest" name="Click_HomePage" time="4.502"/>
  <testcase classname="com.Test.Rankmfselenium.Normal_lumpsumNetbankingTest" name="Search_Mutualfund" time="5.238"/>
  <testcase classname="com.Test.Rankmfselenium.Normal_lumpsumNetbankingTest" name="click_INVEST" time="2.033">
    <failure type="org.openqa.selenium.NoSuchElementException" message="no such element: Unable to locate element: {&amp;quot;method&amp;quot;:&amp;quot;xpath&amp;quot;,&amp;quot;selector&amp;quot;:&amp;quot;//div[@class=&amp;apos;col s12 xl2 l2 width_20 detail_page_btn&amp;apos;]//div[@class=&amp;apos;disp_table_cell_both&amp;apos;]//button[contains(text(),&amp;apos;INVEST&amp;apos;)]&amp;quot;}
  (Session info: chrome=140.0.7339.128)
For documentation on this error, please visit: https://www.selenium.dev/documentation/webdriver/troubleshooting/errors#no-such-element-exception
Build info: version: &amp;apos;4.25.0&amp;apos;, revision: &amp;apos;8a8aea2337&amp;apos;
System info: os.name: &amp;apos;Windows 10&amp;apos;, os.arch: &amp;apos;amd64&amp;apos;, os.version: &amp;apos;10.0&amp;apos;, java.version: &amp;apos;17.0.2&amp;apos;
Driver info: org.openqa.selenium.chrome.ChromeDriver
Command: [6460b03f164b7ad06cb825d06bb6956b, findElement {value=//div[@class=&amp;apos;col s12 xl2 l2 width_20 detail_page_btn&amp;apos;]//div[@class=&amp;apos;disp_table_cell_both&amp;apos;]//button[contains(text(),&amp;apos;INVEST&amp;apos;)], using=xpath}]
Capabilities {acceptInsecureCerts: false, browserName: chrome, browserVersion: 140.0.7339.128, chrome: {chromedriverVersion: 139.0.7258.154 (9e0d6b2b47f..., userDataDir: C:\Users\RAVIND~1.CHA\AppDa...}, fedcm:accounts: true, goog:chromeOptions: {debuggerAddress: localhost:52912}, networkConnectionEnabled: false, pageLoadStrategy: normal, platformName: windows, proxy: Proxy(), se:cdp: ws://localhost:52912/devtoo..., se:cdpVersion: 140.0.7339.128, setWindowRect: true, strictFileInteractability: false, timeouts: {implicit: 0, pageLoad: 300000, script: 30000}, unhandledPromptBehavior: dismiss and notify, webauthn:extension:credBlob: true, webauthn:extension:largeBlob: true, webauthn:extension:minPinLength: true, webauthn:extension:prf: true, webauthn:virtualAuthenticators: true}
Session ID: 6460b03f164b7ad06cb825d06bb6956b">
      <![CDATA[org.openqa.selenium.NoSuchElementException: no such element: Unable to locate element: {"method":"xpath","selector":"//div[@class='col s12 xl2 l2 width_20 detail_page_btn']//div[@class='disp_table_cell_both']//button[contains(text(),'INVEST')]"}
  (Session info: chrome=140.0.7339.128)
For documentation on this error, please visit: https://www.selenium.dev/documentation/webdriver/troubleshooting/errors#no-such-element-exception
Build info: version: '4.25.0', revision: '8a8aea2337'
System info: os.name: 'Windows 10', os.arch: 'amd64', os.version: '10.0', java.version: '17.0.2'
Driver info: org.openqa.selenium.chrome.ChromeDriver
Command: [6460b03f164b7ad06cb825d06bb6956b, findElement {value=//div[@class='col s12 xl2 l2 width_20 detail_page_btn']//div[@class='disp_table_cell_both']//button[contains(text(),'INVEST')], using=xpath}]
Capabilities {acceptInsecureCerts: false, browserName: chrome, browserVersion: 140.0.7339.128, chrome: {chromedriverVersion: 139.0.7258.154 (9e0d6b2b47f..., userDataDir: C:\Users\RAVIND~1.CHA\AppDa...}, fedcm:accounts: true, goog:chromeOptions: {debuggerAddress: localhost:52912}, networkConnectionEnabled: false, pageLoadStrategy: normal, platformName: windows, proxy: Proxy(), se:cdp: ws://localhost:52912/devtoo..., se:cdpVersion: 140.0.7339.128, setWindowRect: true, strictFileInteractability: false, timeouts: {implicit: 0, pageLoad: 300000, script: 30000}, unhandledPromptBehavior: dismiss and notify, webauthn:extension:credBlob: true, webauthn:extension:largeBlob: true, webauthn:extension:minPinLength: true, webauthn:extension:prf: true, webauthn:virtualAuthenticators: true}
Session ID: 6460b03f164b7ad06cb825d06bb6956b
at org.openqa.selenium.remote.ErrorCodec.decode(ErrorCodec.java:167)
at org.openqa.selenium.remote.codec.w3c.W3CHttpResponseCodec.decode(W3CHttpResponseCodec.java:138)
at org.openqa.selenium.remote.codec.w3c.W3CHttpResponseCodec.decode(W3CHttpResponseCodec.java:50)
at org.openqa.selenium.remote.HttpCommandExecutor.execute(HttpCommandExecutor.java:190)
at org.openqa.selenium.remote.service.DriverCommandExecutor.invokeExecute(DriverCommandExecutor.java:216)
at org.openqa.selenium.remote.service.DriverCommandExecutor.execute(DriverCommandExecutor.java:174)
at org.openqa.selenium.remote.RemoteWebDriver.execute(RemoteWebDriver.java:545)
at org.openqa.selenium.remote.ElementLocation$ElementFinder$2.findElement(ElementLocation.java:165)
at org.openqa.selenium.remote.ElementLocation.findElement(ElementLocation.java:59)
at org.openqa.selenium.remote.RemoteWebDriver.findElement(RemoteWebDriver.java:368)
at org.openqa.selenium.remote.RemoteWebDriver.findElement(RemoteWebDriver.java:362)
at com.Test.RANKMFSELENIUM.NormalLumpsumOrder_Netbanking.click_Invest(NormalLumpsumOrder_Netbanking.java:56)
at com.Test.Rankmfselenium.Normal_lumpsumNetbankingTest.click_INVEST(Normal_lumpsumNetbankingTest.java:80)
at java.base/java.util.ArrayList.forEach(ArrayList.java:1511)
... Removed 32 stack frames]]>
    </failure>
  </testcase> <!-- click_INVEST -->
  <testcase classname="com.Test.Rankmfselenium.Normal_lumpsumNetbankingTest" name="Select_PaymentMode" time="0.0">
    <skipped/>
  </testcase> <!-- Select_PaymentMode -->
  <testcase classname="com.Test.Rankmfselenium.Normal_lumpsumNetbankingTest" name="Click_VerifyOTP" time="0.001">
    <skipped/>
  </testcase> <!-- Click_VerifyOTP -->
  <testcase classname="com.Test.Rankmfselenium.Normal_lumpsumNetbankingTest" name="enterotpnum" time="0.0">
    <skipped/>
  </testcase> <!-- enterotpnum -->
  <testcase classname="com.Test.Rankmfselenium.BasketLumpsum_NEFTTest" name="clickonSigninPage" time="2.636"/>
  <testcase classname="com.Test.Rankmfselenium.BasketLumpsum_NEFTTest" name="clickonbasketpage" time="7.973"/>
  <testcase classname="com.Test.Rankmfselenium.BasketLumpsum_NEFTTest" name="verifybasketcount" time="3.352"/>
  <testcase classname="com.Test.Rankmfselenium.BasketLumpsum_NEFTTest" name="Clickoninvest" time="5.305"/>
  <testcase classname="com.Test.Rankmfselenium.BasketLumpsum_NEFTTest" name="clickonpaymentmode" time="2.157"/>
  <testcase classname="com.Test.Rankmfselenium.BasketLumpsum_NEFTTest" name="clickon_Enter_UtrNo" time="2.187"/>
  <testcase classname="com.Test.Rankmfselenium.BasketLumpsum_NEFTTest" name="ClickonVerifyOTP" time="2.262"/>
  <testcase classname="com.Test.Rankmfselenium.BasketLumpsum_NEFTTest" name="enterotpnum" time="44.127"/>
  <testcase classname="com.Test.Rankmfselenium.BasketLumpsum_NEFTTest" name="show_orderplaced_popup" time="2.054"/>
  <testcase classname="com.Test.Rankmfselenium.BasketLumpsum_NEFTTest" name="Clickon_logout" time="3.057">
    <failure type="org.openqa.selenium.NoSuchElementException" message="no such element: Unable to locate element: {&amp;quot;method&amp;quot;:&amp;quot;xpath&amp;quot;,&amp;quot;selector&amp;quot;:&amp;quot;//img[@class=&amp;apos;profile_picture&amp;apos;]&amp;quot;}
  (Session info: chrome=140.0.7339.128)
For documentation on this error, please visit: https://www.selenium.dev/documentation/webdriver/troubleshooting/errors#no-such-element-exception
Build info: version: &amp;apos;4.25.0&amp;apos;, revision: &amp;apos;8a8aea2337&amp;apos;
System info: os.name: &amp;apos;Windows 10&amp;apos;, os.arch: &amp;apos;amd64&amp;apos;, os.version: &amp;apos;10.0&amp;apos;, java.version: &amp;apos;17.0.2&amp;apos;
Driver info: org.openqa.selenium.chrome.ChromeDriver
Command: [b7468a707fb23fbbc29f899ddd9df77d, findElement {value=//img[@class=&amp;apos;profile_picture&amp;apos;], using=xpath}]
Capabilities {acceptInsecureCerts: false, browserName: chrome, browserVersion: 140.0.7339.128, chrome: {chromedriverVersion: 139.0.7258.154 (9e0d6b2b47f..., userDataDir: C:\Users\RAVIND~1.CHA\AppDa...}, fedcm:accounts: true, goog:chromeOptions: {debuggerAddress: localhost:53006}, networkConnectionEnabled: false, pageLoadStrategy: normal, platformName: windows, proxy: Proxy(), se:cdp: ws://localhost:53006/devtoo..., se:cdpVersion: 140.0.7339.128, setWindowRect: true, strictFileInteractability: false, timeouts: {implicit: 0, pageLoad: 300000, script: 30000}, unhandledPromptBehavior: dismiss and notify, webauthn:extension:credBlob: true, webauthn:extension:largeBlob: true, webauthn:extension:minPinLength: true, webauthn:extension:prf: true, webauthn:virtualAuthenticators: true}
Session ID: b7468a707fb23fbbc29f899ddd9df77d">
      <![CDATA[org.openqa.selenium.NoSuchElementException: no such element: Unable to locate element: {"method":"xpath","selector":"//img[@class='profile_picture']"}
  (Session info: chrome=140.0.7339.128)
For documentation on this error, please visit: https://www.selenium.dev/documentation/webdriver/troubleshooting/errors#no-such-element-exception
Build info: version: '4.25.0', revision: '8a8aea2337'
System info: os.name: 'Windows 10', os.arch: 'amd64', os.version: '10.0', java.version: '17.0.2'
Driver info: org.openqa.selenium.chrome.ChromeDriver
Command: [b7468a707fb23fbbc29f899ddd9df77d, findElement {value=//img[@class='profile_picture'], using=xpath}]
Capabilities {acceptInsecureCerts: false, browserName: chrome, browserVersion: 140.0.7339.128, chrome: {chromedriverVersion: 139.0.7258.154 (9e0d6b2b47f..., userDataDir: C:\Users\RAVIND~1.CHA\AppDa...}, fedcm:accounts: true, goog:chromeOptions: {debuggerAddress: localhost:53006}, networkConnectionEnabled: false, pageLoadStrategy: normal, platformName: windows, proxy: Proxy(), se:cdp: ws://localhost:53006/devtoo..., se:cdpVersion: 140.0.7339.128, setWindowRect: true, strictFileInteractability: false, timeouts: {implicit: 0, pageLoad: 300000, script: 30000}, unhandledPromptBehavior: dismiss and notify, webauthn:extension:credBlob: true, webauthn:extension:largeBlob: true, webauthn:extension:minPinLength: true, webauthn:extension:prf: true, webauthn:virtualAuthenticators: true}
Session ID: b7468a707fb23fbbc29f899ddd9df77d
at org.openqa.selenium.remote.ErrorCodec.decode(ErrorCodec.java:167)
at org.openqa.selenium.remote.codec.w3c.W3CHttpResponseCodec.decode(W3CHttpResponseCodec.java:138)
at org.openqa.selenium.remote.codec.w3c.W3CHttpResponseCodec.decode(W3CHttpResponseCodec.java:50)
at org.openqa.selenium.remote.HttpCommandExecutor.execute(HttpCommandExecutor.java:190)
at org.openqa.selenium.remote.service.DriverCommandExecutor.invokeExecute(DriverCommandExecutor.java:216)
at org.openqa.selenium.remote.service.DriverCommandExecutor.execute(DriverCommandExecutor.java:174)
at org.openqa.selenium.remote.RemoteWebDriver.execute(RemoteWebDriver.java:545)
at org.openqa.selenium.remote.ElementLocation$ElementFinder$2.findElement(ElementLocation.java:165)
at org.openqa.selenium.remote.ElementLocation.findElement(ElementLocation.java:59)
at org.openqa.selenium.remote.RemoteWebDriver.findElement(RemoteWebDriver.java:368)
at org.openqa.selenium.remote.RemoteWebDriver.findElement(RemoteWebDriver.java:362)
at com.Test.RANKMFSELENIUM.LogoutPageTest.profile_logout(LogoutPageTest.java:16)
at com.Test.Rankmfselenium.BasketLumpsum_NEFTTest.Clickon_logout(BasketLumpsum_NEFTTest.java:167)
at java.base/java.util.ArrayList.forEach(ArrayList.java:1511)
... Removed 32 stack frames]]>
    </failure>
  </testcase> <!-- Clickon_logout -->
  <testcase classname="com.Test.Rankmfselenium.BasketLumpsum_NEFTTest" name="Click_logoutbtn" time="0.001">
    <skipped/>
  </testcase> <!-- Click_logoutbtn -->
  <testcase classname="com.Test.Rankmfselenium.BasketLumpsumUPITest" name="clickonSigninPage" time="2.577"/>
  <testcase classname="com.Test.Rankmfselenium.BasketLumpsumUPITest" name="clickonbasketpage" time="7.889"/>
  <testcase classname="com.Test.Rankmfselenium.BasketLumpsumUPITest" name="checkbasketcount" time="3.332"/>
  <testcase classname="com.Test.Rankmfselenium.BasketLumpsumUPITest" name="clickoninvest" time="3.977"/>
  <testcase classname="com.Test.Rankmfselenium.BasketLumpsumUPITest" name="clickonpaymentmode" time="4.521"/>
  <testcase classname="com.Test.Rankmfselenium.BasketLumpsumUPITest" name="ClickonVerifyOTP" time="2.311"/>
  <testcase classname="com.Test.Rankmfselenium.BasketLumpsumUPITest" name="enterotpnum" time="44.145">
    <failure type="java.util.ServiceConfigurationError" message="jakarta.mail.Provider: com.sun.mail.imap.IMAPProvider not a subtype">
      <![CDATA[java.util.ServiceConfigurationError: jakarta.mail.Provider: com.sun.mail.imap.IMAPProvider not a subtype
at java.base/java.util.ServiceLoader.fail(ServiceLoader.java:593)
at java.base/java.util.ServiceLoader$LazyClassPathLookupIterator.hasNextService(ServiceLoader.java:1244)
at java.base/java.util.ServiceLoader$LazyClassPathLookupIterator.hasNext(ServiceLoader.java:1273)
at java.base/java.util.ServiceLoader$2.hasNext(ServiceLoader.java:1309)
at java.base/java.util.ServiceLoader$3.hasNext(ServiceLoader.java:1393)
at jakarta.mail.Session.loadProviders(Session.java:964)
at jakarta.mail.Session.<init>(Session.java:254)
at jakarta.mail.Session.getDefaultInstance(Session.java:355)
at jakarta.mail.Session.getDefaultInstance(Session.java:395)
at com.Test.RANKMFSELENIUM.EmailOTPReader.fetchOTP(EmailOTPReader.java:23)
at com.Test.Rankmfselenium.BasketLumpsumUPITest.enterotpnum(BasketLumpsumUPITest.java:114)
at java.base/java.util.ArrayList.forEach(ArrayList.java:1511)
... Removed 27 stack frames]]>
    </failure>
  </testcase> <!-- enterotpnum -->
  <testcase classname="com.Test.Rankmfselenium.BasketLumpsumUPITest" name="Clickon_logout" time="0.0">
    <skipped/>
  </testcase> <!-- Clickon_logout -->
  <testcase classname="com.Test.Rankmfselenium.BasketLumpsumUPITest" name="Click_logoutbtn" time="0.0">
    <skipped/>
  </testcase> <!-- Click_logoutbtn -->
  <testcase classname="com.Test.Rankmfselenium.BasketlumpsumOrderNetBankingTest" name="clickonSigninPage" time="2.625"/>
  <testcase classname="com.Test.Rankmfselenium.BasketlumpsumOrderNetBankingTest" name="clickonbasketpage" time="7.984"/>
  <testcase classname="com.Test.Rankmfselenium.BasketlumpsumOrderNetBankingTest" name="checkbasketcount" time="3.358"/>
  <testcase classname="com.Test.Rankmfselenium.BasketlumpsumOrderNetBankingTest" name="clickoninvest" time="3.846"/>
  <testcase classname="com.Test.Rankmfselenium.BasketlumpsumOrderNetBankingTest" name="clickonpaymentmode" time="2.146"/>
  <testcase classname="com.Test.Rankmfselenium.BasketlumpsumOrderNetBankingTest" name="ClickonVerifyOTP" time="2.292"/>
  <testcase classname="com.Test.Rankmfselenium.BasketlumpsumOrderNetBankingTest" name="enterotpnum" time="44.155">
    <failure type="java.util.ServiceConfigurationError" message="jakarta.mail.Provider: com.sun.mail.imap.IMAPProvider not a subtype">
      <![CDATA[java.util.ServiceConfigurationError: jakarta.mail.Provider: com.sun.mail.imap.IMAPProvider not a subtype
at java.base/java.util.ServiceLoader.fail(ServiceLoader.java:593)
at java.base/java.util.ServiceLoader$LazyClassPathLookupIterator.hasNextService(ServiceLoader.java:1244)
at java.base/java.util.ServiceLoader$LazyClassPathLookupIterator.hasNext(ServiceLoader.java:1273)
at java.base/java.util.ServiceLoader$2.hasNext(ServiceLoader.java:1309)
at java.base/java.util.ServiceLoader$3.hasNext(ServiceLoader.java:1393)
at jakarta.mail.Session.loadProviders(Session.java:964)
at jakarta.mail.Session.<init>(Session.java:254)
at jakarta.mail.Session.getDefaultInstance(Session.java:355)
at jakarta.mail.Session.getDefaultInstance(Session.java:395)
at com.Test.RANKMFSELENIUM.EmailOTPReader.fetchOTP(EmailOTPReader.java:23)
at com.Test.Rankmfselenium.BasketlumpsumOrderNetBankingTest.enterotpnum(BasketlumpsumOrderNetBankingTest.java:119)
at java.base/java.util.ArrayList.forEach(ArrayList.java:1511)
... Removed 27 stack frames]]>
    </failure>
  </testcase> <!-- enterotpnum -->
  <testcase classname="com.Test.Rankmfselenium.BasketlumpsumOrderNetBankingTest" name="RedirectNetbankingurl" time="0.0">
    <skipped/>
  </testcase> <!-- RedirectNetbankingurl -->
  <testcase classname="com.Test.Rankmfselenium.BasketlumpsumOrderNetBankingTest" name="Clickon_logout" time="0.001">
    <skipped/>
  </testcase> <!-- Clickon_logout -->
  <testcase classname="com.Test.Rankmfselenium.BasketlumpsumOrderNetBankingTest" name="Click_logoutbtn" time="0.0">
    <skipped/>
  </testcase> <!-- Click_logoutbtn -->
  <testcase classname="com.Test.PartnersRankmf.PartnerCRMPageTest" name="LoginButton" time="2.965"/>
  <testcase classname="com.Test.PartnersRankmf.PartnerCRMPageTest" name="clickonLoginpage" time="2.374"/>
  <testcase classname="com.Test.PartnersRankmf.PartnerCRMPageTest" name="CRM_Tab" time="111.41"/>
  <testcase classname="com.Test.PartnersRankmf.Partners_ActiveRateCardTest" name="ClickonSigninPage" time="2.974"/>
  <testcase classname="com.Test.PartnersRankmf.Partners_ActiveRateCardTest" name="clickonLoginpage" time="2.306"/>
  <testcase classname="com.Test.PartnersRankmf.Partners_ActiveRateCardTest" name="DashbaordPage" time="9.402"/>
  <testcase classname="com.Test.PartnersRankmf.Partners_ActiveRateCardTest" name="Brokerage" time="4.715"/>
</testsuite> <!-- Test -->
