<html>
<head>
<title>TestNG:  Test</title>
<link href="../testng.css" rel="stylesheet" type="text/css" />
<link href="../my-testng.css" rel="stylesheet" type="text/css" />

<style type="text/css">
.log { display: none;} 
.stack-trace { display: none;} 
</style>
<script type="text/javascript">
<!--
function flip(e) {
  current = e.style.display;
  if (current == 'block') {
    e.style.display = 'none';
    return 0;
  }
  else {
    e.style.display = 'block';
    return 1;
  }
}

function toggleBox(szDivId, elem, msg1, msg2)
{
  var res = -1;  if (document.getElementById) {
    res = flip(document.getElementById(szDivId));
  }
  else if (document.all) {
    // this is the way old msie versions work
    res = flip(document.all[szDivId]);
  }
  if(elem) {
    if(res == 0) elem.innerHTML = msg1; else elem.innerHTML = msg2;
  }

}

function toggleAllBoxes() {
  if (document.getElementsByTagName) {
    d = document.getElementsByTagName('div');
    for (i = 0; i < d.length; i++) {
      if (d[i].className == 'log') {
        flip(d[i]);
      }
    }
  }
}

// -->
</script>

</head>
<body>
<h2 align='center'>Test</h2><table border='1' align="center">
<tr>
<td>Tests passed/Failed/Skipped:</td><td>40/5/17</td>
</tr><tr>
<td>Started on:</td><td>Mon Oct 27 17:41:31 IST 2025</td>
</tr>
<tr><td>Total time:</td><td>586 seconds (586198 ms)</td>
</tr><tr>
<td>Included groups:</td><td></td>
</tr><tr>
<td>Excluded groups:</td><td></td>
</tr>
</table><p/>
<small><i>(Hover the method name to see the test class name)</i></small><p/>
<table width='100%' border='1' class='invocation-failed'>
<tr><td colspan='4' align='center'><b>FAILED TESTS</b></td></tr>
<tr><td><b>Test method</b></td>
<td><b>Attribute(s)</b></td>
<td width="30%"><b>Exception</b></td>
<td width="10%"><b>Time (seconds)</b></td>
<td><b>Instance</b></td>
</tr>
<tr>
<td title='com.Test.Rankmfselenium.Normal_lumpsumNetbankingTest.click_INVEST()'><b>click_INVEST</b><br>Test class: com.Test.Rankmfselenium.Normal_lumpsumNetbankingTest</td>
<td><div><pre>org.openqa.selenium.NoSuchElementException: no such element: Unable to locate element: {&quot;method&quot;:&quot;xpath&quot;,&quot;selector&quot;:&quot;//div[@class=&apos;col s12 xl2 l2 width_20 detail_page_btn&apos;]//div[@class=&apos;disp_table_cell_both&apos;]//button[contains(text(),&apos;INVEST&apos;)]&quot;}
  (Session info: chrome=140.0.7339.128)
For documentation on this error, please visit: https://www.selenium.dev/documentation/webdriver/troubleshooting/errors#no-such-element-exception
Build info: version: &apos;4.25.0&apos;, revision: &apos;8a8aea2337&apos;
System info: os.name: &apos;Windows 10&apos;, os.arch: &apos;amd64&apos;, os.version: &apos;10.0&apos;, java.version: &apos;17.0.2&apos;
Driver info: org.openqa.selenium.chrome.ChromeDriver
Command: [6460b03f164b7ad06cb825d06bb6956b, findElement {value=//div[@class=&apos;col s12 xl2 l2 width_20 detail_page_btn&apos;]//div[@class=&apos;disp_table_cell_both&apos;]//button[contains(text(),&apos;INVEST&apos;)], using=xpath}]
Capabilities {acceptInsecureCerts: false, browserName: chrome, browserVersion: 140.0.7339.128, chrome: {chromedriverVersion: 139.0.7258.154 (9e0d6b2b47f..., userDataDir: C:\Users\RAVIND~1.CHA\AppDa...}, fedcm:accounts: true, goog:chromeOptions: {debuggerAddress: localhost:52912}, networkConnectionEnabled: false, pageLoadStrategy: normal, platformName: windows, proxy: Proxy(), se:cdp: ws://localhost:52912/devtoo..., se:cdpVersion: 140.0.7339.128, setWindowRect: true, strictFileInteractability: false, timeouts: {implicit: 0, pageLoad: 300000, script: 30000}, unhandledPromptBehavior: dismiss and notify, webauthn:extension:credBlob: true, webauthn:extension:largeBlob: true, webauthn:extension:minPinLength: true, webauthn:extension:prf: true, webauthn:virtualAuthenticators: true}
Session ID: 6460b03f164b7ad06cb825d06bb6956b
	at org.openqa.selenium.remote.ErrorCodec.decode(ErrorCodec.java:167)
	at org.openqa.selenium.remote.codec.w3c.W3CHttpResponseCodec.decode(W3CHttpResponseCodec.java:138)
	at org.openqa.selenium.remote.codec.w3c.W3CHttpResponseCodec.decode(W3CHttpResponseCodec.java:50)
	at org.openqa.selenium.remote.HttpCommandExecutor.execute(HttpCommandExecutor.java:190)
	at org.openqa.selenium.remote.service.DriverCommandExecutor.invokeExecute(DriverCommandExecutor.java:216)
	at org.openqa.selenium.remote.service.DriverCommandExecutor.execute(DriverCommandExecutor.java:174)
	at org.openqa.selenium.remote.RemoteWebDriver.execute(RemoteWebDriver.java:545)
	at org.openqa.selenium.remote.ElementLocation$ElementFinder$2.findElement(ElementLocation.java:165)
	at org.openqa.selenium.remote.ElementLocation.findElement(ElementLocation.java:59)
	at org.openqa.selenium.remote.RemoteWebDriver.findElement(RemoteWebDriver.java:368)
	at org.openqa.selenium.remote.RemoteWebDriver.findElement(RemoteWebDriver.java:362)
	at com.Test.RANKMFSELENIUM.NormalLumpsumOrder_Netbanking.click_Invest(NormalLumpsumOrder_Netbanking.java:56)
	at com.Test.Rankmfselenium.Normal_lumpsumNetbankingTest.click_INVEST(Normal_lumpsumNetbankingTest.java:80)
	at java.base/java.util.ArrayList.forEach(ArrayList.java:1511)
... Removed 32 stack frames</pre></div><a href='#' onClick='toggleBox("stack-trace1707634104", this, "Click to show all stack frames", "Click to hide stack frames")'>Click to show all stack frames</a>
<div class='stack-trace' id='stack-trace1707634104'><pre>org.openqa.selenium.NoSuchElementException: no such element: Unable to locate element: {&quot;method&quot;:&quot;xpath&quot;,&quot;selector&quot;:&quot;//div[@class=&apos;col s12 xl2 l2 width_20 detail_page_btn&apos;]//div[@class=&apos;disp_table_cell_both&apos;]//button[contains(text(),&apos;INVEST&apos;)]&quot;}
  (Session info: chrome=140.0.7339.128)
For documentation on this error, please visit: https://www.selenium.dev/documentation/webdriver/troubleshooting/errors#no-such-element-exception
Build info: version: &apos;4.25.0&apos;, revision: &apos;8a8aea2337&apos;
System info: os.name: &apos;Windows 10&apos;, os.arch: &apos;amd64&apos;, os.version: &apos;10.0&apos;, java.version: &apos;17.0.2&apos;
Driver info: org.openqa.selenium.chrome.ChromeDriver
Command: [6460b03f164b7ad06cb825d06bb6956b, findElement {value=//div[@class=&apos;col s12 xl2 l2 width_20 detail_page_btn&apos;]//div[@class=&apos;disp_table_cell_both&apos;]//button[contains(text(),&apos;INVEST&apos;)], using=xpath}]
Capabilities {acceptInsecureCerts: false, browserName: chrome, browserVersion: 140.0.7339.128, chrome: {chromedriverVersion: 139.0.7258.154 (9e0d6b2b47f..., userDataDir: C:\Users\RAVIND~1.CHA\AppDa...}, fedcm:accounts: true, goog:chromeOptions: {debuggerAddress: localhost:52912}, networkConnectionEnabled: false, pageLoadStrategy: normal, platformName: windows, proxy: Proxy(), se:cdp: ws://localhost:52912/devtoo..., se:cdpVersion: 140.0.7339.128, setWindowRect: true, strictFileInteractability: false, timeouts: {implicit: 0, pageLoad: 300000, script: 30000}, unhandledPromptBehavior: dismiss and notify, webauthn:extension:credBlob: true, webauthn:extension:largeBlob: true, webauthn:extension:minPinLength: true, webauthn:extension:prf: true, webauthn:virtualAuthenticators: true}
Session ID: 6460b03f164b7ad06cb825d06bb6956b
	at java.base/jdk.internal.reflect.NativeConstructorAccessorImpl.newInstance0(Native Method)
	at java.base/jdk.internal.reflect.NativeConstructorAccessorImpl.newInstance(NativeConstructorAccessorImpl.java:77)
	at java.base/jdk.internal.reflect.DelegatingConstructorAccessorImpl.newInstance(DelegatingConstructorAccessorImpl.java:45)
	at java.base/java.lang.reflect.Constructor.newInstanceWithCaller(Constructor.java:499)
	at java.base/java.lang.reflect.Constructor.newInstance(Constructor.java:480)
	at org.openqa.selenium.remote.ErrorCodec.decode(ErrorCodec.java:167)
	at org.openqa.selenium.remote.codec.w3c.W3CHttpResponseCodec.decode(W3CHttpResponseCodec.java:138)
	at org.openqa.selenium.remote.codec.w3c.W3CHttpResponseCodec.decode(W3CHttpResponseCodec.java:50)
	at org.openqa.selenium.remote.HttpCommandExecutor.execute(HttpCommandExecutor.java:190)
	at org.openqa.selenium.remote.service.DriverCommandExecutor.invokeExecute(DriverCommandExecutor.java:216)
	at org.openqa.selenium.remote.service.DriverCommandExecutor.execute(DriverCommandExecutor.java:174)
	at org.openqa.selenium.remote.RemoteWebDriver.execute(RemoteWebDriver.java:545)
	at org.openqa.selenium.remote.ElementLocation$ElementFinder$2.findElement(ElementLocation.java:165)
	at org.openqa.selenium.remote.ElementLocation.findElement(ElementLocation.java:59)
	at org.openqa.selenium.remote.RemoteWebDriver.findElement(RemoteWebDriver.java:368)
	at org.openqa.selenium.remote.RemoteWebDriver.findElement(RemoteWebDriver.java:362)
	at com.Test.RANKMFSELENIUM.NormalLumpsumOrder_Netbanking.click_Invest(NormalLumpsumOrder_Netbanking.java:56)
	at com.Test.Rankmfselenium.Normal_lumpsumNetbankingTest.click_INVEST(Normal_lumpsumNetbankingTest.java:80)
	at java.base/jdk.internal.reflect.NativeMethodAccessorImpl.invoke0(Native Method)
	at java.base/jdk.internal.reflect.NativeMethodAccessorImpl.invoke(NativeMethodAccessorImpl.java:77)
	at java.base/jdk.internal.reflect.DelegatingMethodAccessorImpl.invoke(DelegatingMethodAccessorImpl.java:43)
	at java.base/java.lang.reflect.Method.invoke(Method.java:568)
	at org.testng.internal.invokers.MethodInvocationHelper.invokeMethod(MethodInvocationHelper.java:141)
	at org.testng.internal.invokers.TestInvoker.invokeMethod(TestInvoker.java:687)
	at org.testng.internal.invokers.TestInvoker.invokeTestMethod(TestInvoker.java:230)
	at org.testng.internal.invokers.MethodRunner.runInSequence(MethodRunner.java:63)
	at org.testng.internal.invokers.TestInvoker$MethodInvocationAgent.invoke(TestInvoker.java:995)
	at org.testng.internal.invokers.TestInvoker.invokeTestMethods(TestInvoker.java:203)
	at org.testng.internal.invokers.TestMethodWorker.invokeTestMethods(TestMethodWorker.java:154)
	at org.testng.internal.invokers.TestMethodWorker.run(TestMethodWorker.java:134)
	at java.base/java.util.ArrayList.forEach(ArrayList.java:1511)
	at org.testng.TestRunner.privateRun(TestRunner.java:741)
	at org.testng.TestRunner.run(TestRunner.java:616)
	at org.testng.SuiteRunner.runTest(SuiteRunner.java:421)
	at org.testng.SuiteRunner.runSequentially(SuiteRunner.java:413)
	at org.testng.SuiteRunner.privateRun(SuiteRunner.java:373)
	at org.testng.SuiteRunner.run(SuiteRunner.java:312)
	at org.testng.SuiteRunnerWorker.runSuite(SuiteRunnerWorker.java:52)
	at org.testng.SuiteRunnerWorker.run(SuiteRunnerWorker.java:95)
	at org.testng.TestNG.runSuitesSequentially(TestNG.java:1274)
	at org.testng.TestNG.runSuitesLocally(TestNG.java:1208)
	at org.testng.TestNG.runSuites(TestNG.java:1112)
	at org.testng.TestNG.run(TestNG.java:1079)
	at org.testng.remote.AbstractRemoteTestNG.run(AbstractRemoteTestNG.java:115)
	at org.testng.remote.RemoteTestNG.initAndRun(RemoteTestNG.java:293)
	at org.testng.remote.RemoteTestNG.main(RemoteTestNG.java:91)
</pre></div></td>
<td>2</td>
<td>com.Test.Rankmfselenium.Normal_lumpsumNetbankingTest@26adfd2d</td></tr>
<tr>
<td title='com.Test.Rankmfselenium.BasketSipOrderTest.clickoninvest()'><b>clickoninvest</b><br>Test class: com.Test.Rankmfselenium.BasketSipOrderTest</td>
<td><div><pre>org.openqa.selenium.NoSuchElementException: no such element: Unable to locate element: {&quot;method&quot;:&quot;xpath&quot;,&quot;selector&quot;:&quot;//body/div[1]/div[1]/section[1]/div[1]/div[1]/div[3]/div[1]/button[2]&quot;}
  (Session info: chrome=140.0.7339.128)
For documentation on this error, please visit: https://www.selenium.dev/documentation/webdriver/troubleshooting/errors#no-such-element-exception
Build info: version: &apos;4.25.0&apos;, revision: &apos;8a8aea2337&apos;
System info: os.name: &apos;Windows 10&apos;, os.arch: &apos;amd64&apos;, os.version: &apos;10.0&apos;, java.version: &apos;17.0.2&apos;
Driver info: org.openqa.selenium.chrome.ChromeDriver
Command: [967f1e0e183124225cc40955310ebf3f, findElement {value=//body/div[1]/div[1]/section[1]/div[1]/div[1]/div[3]/div[1]/button[2], using=xpath}]
Capabilities {acceptInsecureCerts: false, browserName: chrome, browserVersion: 140.0.7339.128, chrome: {chromedriverVersion: 139.0.7258.154 (9e0d6b2b47f..., userDataDir: C:\Users\RAVIND~1.CHA\AppDa...}, fedcm:accounts: true, goog:chromeOptions: {debuggerAddress: localhost:52821}, networkConnectionEnabled: false, pageLoadStrategy: normal, platformName: windows, proxy: Proxy(), se:cdp: ws://localhost:52821/devtoo..., se:cdpVersion: 140.0.7339.128, setWindowRect: true, strictFileInteractability: false, timeouts: {implicit: 0, pageLoad: 300000, script: 30000}, unhandledPromptBehavior: dismiss and notify, webauthn:extension:credBlob: true, webauthn:extension:largeBlob: true, webauthn:extension:minPinLength: true, webauthn:extension:prf: true, webauthn:virtualAuthenticators: true}
Session ID: 967f1e0e183124225cc40955310ebf3f
	at org.openqa.selenium.remote.ErrorCodec.decode(ErrorCodec.java:167)
	at org.openqa.selenium.remote.codec.w3c.W3CHttpResponseCodec.decode(W3CHttpResponseCodec.java:138)
	at org.openqa.selenium.remote.codec.w3c.W3CHttpResponseCodec.decode(W3CHttpResponseCodec.java:50)
	at org.openqa.selenium.remote.HttpCommandExecutor.execute(HttpCommandExecutor.java:190)
	at org.openqa.selenium.remote.service.DriverCommandExecutor.invokeExecute(DriverCommandExecutor.java:216)
	at org.openqa.selenium.remote.service.DriverCommandExecutor.execute(DriverCommandExecutor.java:174)
	at org.openqa.selenium.remote.RemoteWebDriver.execute(RemoteWebDriver.java:545)
	at org.openqa.selenium.remote.ElementLocation$ElementFinder$2.findElement(ElementLocation.java:165)
	at org.openqa.selenium.remote.ElementLocation.findElement(ElementLocation.java:59)
	at org.openqa.selenium.remote.RemoteWebDriver.findElement(RemoteWebDriver.java:368)
	at org.openqa.selenium.remote.RemoteWebDriver.findElement(RemoteWebDriver.java:362)
	at org.openqa.selenium.support.pagefactory.DefaultElementLocator.findElement(DefaultElementLocator.java:68)
	at org.openqa.selenium.support.pagefactory.internal.LocatingElementHandler.invoke(LocatingElementHandler.java:38)
	at jdk.proxy2/jdk.proxy2.$Proxy13.click(Unknown Source)
	at com.Test.RANKMFSELENIUM.BasketSipOrder.click_SIP(BasketSipOrder.java:48)
	at com.Test.Rankmfselenium.BasketSipOrderTest.clickoninvest(BasketSipOrderTest.java:75)
	at java.base/java.util.ArrayList.forEach(ArrayList.java:1511)
... Removed 32 stack frames</pre></div><a href='#' onClick='toggleBox("stack-trace609116570", this, "Click to show all stack frames", "Click to hide stack frames")'>Click to show all stack frames</a>
<div class='stack-trace' id='stack-trace609116570'><pre>org.openqa.selenium.NoSuchElementException: no such element: Unable to locate element: {&quot;method&quot;:&quot;xpath&quot;,&quot;selector&quot;:&quot;//body/div[1]/div[1]/section[1]/div[1]/div[1]/div[3]/div[1]/button[2]&quot;}
  (Session info: chrome=140.0.7339.128)
For documentation on this error, please visit: https://www.selenium.dev/documentation/webdriver/troubleshooting/errors#no-such-element-exception
Build info: version: &apos;4.25.0&apos;, revision: &apos;8a8aea2337&apos;
System info: os.name: &apos;Windows 10&apos;, os.arch: &apos;amd64&apos;, os.version: &apos;10.0&apos;, java.version: &apos;17.0.2&apos;
Driver info: org.openqa.selenium.chrome.ChromeDriver
Command: [967f1e0e183124225cc40955310ebf3f, findElement {value=//body/div[1]/div[1]/section[1]/div[1]/div[1]/div[3]/div[1]/button[2], using=xpath}]
Capabilities {acceptInsecureCerts: false, browserName: chrome, browserVersion: 140.0.7339.128, chrome: {chromedriverVersion: 139.0.7258.154 (9e0d6b2b47f..., userDataDir: C:\Users\RAVIND~1.CHA\AppDa...}, fedcm:accounts: true, goog:chromeOptions: {debuggerAddress: localhost:52821}, networkConnectionEnabled: false, pageLoadStrategy: normal, platformName: windows, proxy: Proxy(), se:cdp: ws://localhost:52821/devtoo..., se:cdpVersion: 140.0.7339.128, setWindowRect: true, strictFileInteractability: false, timeouts: {implicit: 0, pageLoad: 300000, script: 30000}, unhandledPromptBehavior: dismiss and notify, webauthn:extension:credBlob: true, webauthn:extension:largeBlob: true, webauthn:extension:minPinLength: true, webauthn:extension:prf: true, webauthn:virtualAuthenticators: true}
Session ID: 967f1e0e183124225cc40955310ebf3f
	at java.base/jdk.internal.reflect.NativeConstructorAccessorImpl.newInstance0(Native Method)
	at java.base/jdk.internal.reflect.NativeConstructorAccessorImpl.newInstance(NativeConstructorAccessorImpl.java:77)
	at java.base/jdk.internal.reflect.DelegatingConstructorAccessorImpl.newInstance(DelegatingConstructorAccessorImpl.java:45)
	at java.base/java.lang.reflect.Constructor.newInstanceWithCaller(Constructor.java:499)
	at java.base/java.lang.reflect.Constructor.newInstance(Constructor.java:480)
	at org.openqa.selenium.remote.ErrorCodec.decode(ErrorCodec.java:167)
	at org.openqa.selenium.remote.codec.w3c.W3CHttpResponseCodec.decode(W3CHttpResponseCodec.java:138)
	at org.openqa.selenium.remote.codec.w3c.W3CHttpResponseCodec.decode(W3CHttpResponseCodec.java:50)
	at org.openqa.selenium.remote.HttpCommandExecutor.execute(HttpCommandExecutor.java:190)
	at org.openqa.selenium.remote.service.DriverCommandExecutor.invokeExecute(DriverCommandExecutor.java:216)
	at org.openqa.selenium.remote.service.DriverCommandExecutor.execute(DriverCommandExecutor.java:174)
	at org.openqa.selenium.remote.RemoteWebDriver.execute(RemoteWebDriver.java:545)
	at org.openqa.selenium.remote.ElementLocation$ElementFinder$2.findElement(ElementLocation.java:165)
	at org.openqa.selenium.remote.ElementLocation.findElement(ElementLocation.java:59)
	at org.openqa.selenium.remote.RemoteWebDriver.findElement(RemoteWebDriver.java:368)
	at org.openqa.selenium.remote.RemoteWebDriver.findElement(RemoteWebDriver.java:362)
	at org.openqa.selenium.support.pagefactory.DefaultElementLocator.findElement(DefaultElementLocator.java:68)
	at org.openqa.selenium.support.pagefactory.internal.LocatingElementHandler.invoke(LocatingElementHandler.java:38)
	at jdk.proxy2/jdk.proxy2.$Proxy13.click(Unknown Source)
	at com.Test.RANKMFSELENIUM.BasketSipOrder.click_SIP(BasketSipOrder.java:48)
	at com.Test.Rankmfselenium.BasketSipOrderTest.clickoninvest(BasketSipOrderTest.java:75)
	at java.base/jdk.internal.reflect.NativeMethodAccessorImpl.invoke0(Native Method)
	at java.base/jdk.internal.reflect.NativeMethodAccessorImpl.invoke(NativeMethodAccessorImpl.java:77)
	at java.base/jdk.internal.reflect.DelegatingMethodAccessorImpl.invoke(DelegatingMethodAccessorImpl.java:43)
	at java.base/java.lang.reflect.Method.invoke(Method.java:568)
	at org.testng.internal.invokers.MethodInvocationHelper.invokeMethod(MethodInvocationHelper.java:141)
	at org.testng.internal.invokers.TestInvoker.invokeMethod(TestInvoker.java:687)
	at org.testng.internal.invokers.TestInvoker.invokeTestMethod(TestInvoker.java:230)
	at org.testng.internal.invokers.MethodRunner.runInSequence(MethodRunner.java:63)
	at org.testng.internal.invokers.TestInvoker$MethodInvocationAgent.invoke(TestInvoker.java:995)
	at org.testng.internal.invokers.TestInvoker.invokeTestMethods(TestInvoker.java:203)
	at org.testng.internal.invokers.TestMethodWorker.invokeTestMethods(TestMethodWorker.java:154)
	at org.testng.internal.invokers.TestMethodWorker.run(TestMethodWorker.java:134)
	at java.base/java.util.ArrayList.forEach(ArrayList.java:1511)
	at org.testng.TestRunner.privateRun(TestRunner.java:741)
	at org.testng.TestRunner.run(TestRunner.java:616)
	at org.testng.SuiteRunner.runTest(SuiteRunner.java:421)
	at org.testng.SuiteRunner.runSequentially(SuiteRunner.java:413)
	at org.testng.SuiteRunner.privateRun(SuiteRunner.java:373)
	at org.testng.SuiteRunner.run(SuiteRunner.java:312)
	at org.testng.SuiteRunnerWorker.runSuite(SuiteRunnerWorker.java:52)
	at org.testng.SuiteRunnerWorker.run(SuiteRunnerWorker.java:95)
	at org.testng.TestNG.runSuitesSequentially(TestNG.java:1274)
	at org.testng.TestNG.runSuitesLocally(TestNG.java:1208)
	at org.testng.TestNG.runSuites(TestNG.java:1112)
	at org.testng.TestNG.run(TestNG.java:1079)
	at org.testng.remote.AbstractRemoteTestNG.run(AbstractRemoteTestNG.java:115)
	at org.testng.remote.RemoteTestNG.initAndRun(RemoteTestNG.java:293)
	at org.testng.remote.RemoteTestNG.main(RemoteTestNG.java:91)
</pre></div></td>
<td>3</td>
<td>com.Test.Rankmfselenium.BasketSipOrderTest@31edaa7d</td></tr>
<tr>
<td title='com.Test.Rankmfselenium.BasketLumpsumUPITest.enterotpnum()'><b>enterotpnum</b><br>Test class: com.Test.Rankmfselenium.BasketLumpsumUPITest</td>
<td><div><pre>java.util.ServiceConfigurationError: jakarta.mail.Provider: com.sun.mail.imap.IMAPProvider not a subtype
	at java.base/java.util.ServiceLoader.fail(ServiceLoader.java:593)
	at java.base/java.util.ServiceLoader$LazyClassPathLookupIterator.hasNextService(ServiceLoader.java:1244)
	at java.base/java.util.ServiceLoader$LazyClassPathLookupIterator.hasNext(ServiceLoader.java:1273)
	at java.base/java.util.ServiceLoader$2.hasNext(ServiceLoader.java:1309)
	at java.base/java.util.ServiceLoader$3.hasNext(ServiceLoader.java:1393)
	at jakarta.mail.Session.loadProviders(Session.java:964)
	at jakarta.mail.Session.&lt;init&gt;(Session.java:254)
	at jakarta.mail.Session.getDefaultInstance(Session.java:355)
	at jakarta.mail.Session.getDefaultInstance(Session.java:395)
	at com.Test.RANKMFSELENIUM.EmailOTPReader.fetchOTP(EmailOTPReader.java:23)
	at com.Test.Rankmfselenium.BasketLumpsumUPITest.enterotpnum(BasketLumpsumUPITest.java:114)
	at java.base/java.util.ArrayList.forEach(ArrayList.java:1511)
... Removed 27 stack frames</pre></div><a href='#' onClick='toggleBox("stack-trace254952533", this, "Click to show all stack frames", "Click to hide stack frames")'>Click to show all stack frames</a>
<div class='stack-trace' id='stack-trace254952533'><pre>java.util.ServiceConfigurationError: jakarta.mail.Provider: com.sun.mail.imap.IMAPProvider not a subtype
	at java.base/java.util.ServiceLoader.fail(ServiceLoader.java:593)
	at java.base/java.util.ServiceLoader$LazyClassPathLookupIterator.hasNextService(ServiceLoader.java:1244)
	at java.base/java.util.ServiceLoader$LazyClassPathLookupIterator.hasNext(ServiceLoader.java:1273)
	at java.base/java.util.ServiceLoader$2.hasNext(ServiceLoader.java:1309)
	at java.base/java.util.ServiceLoader$3.hasNext(ServiceLoader.java:1393)
	at jakarta.mail.Session.loadProviders(Session.java:964)
	at jakarta.mail.Session.&lt;init&gt;(Session.java:254)
	at jakarta.mail.Session.getDefaultInstance(Session.java:355)
	at jakarta.mail.Session.getDefaultInstance(Session.java:395)
	at com.Test.RANKMFSELENIUM.EmailOTPReader.fetchOTP(EmailOTPReader.java:23)
	at com.Test.Rankmfselenium.BasketLumpsumUPITest.enterotpnum(BasketLumpsumUPITest.java:114)
	at java.base/jdk.internal.reflect.NativeMethodAccessorImpl.invoke0(Native Method)
	at java.base/jdk.internal.reflect.NativeMethodAccessorImpl.invoke(NativeMethodAccessorImpl.java:77)
	at java.base/jdk.internal.reflect.DelegatingMethodAccessorImpl.invoke(DelegatingMethodAccessorImpl.java:43)
	at java.base/java.lang.reflect.Method.invoke(Method.java:568)
	at org.testng.internal.invokers.MethodInvocationHelper.invokeMethod(MethodInvocationHelper.java:141)
	at org.testng.internal.invokers.TestInvoker.invokeMethod(TestInvoker.java:687)
	at org.testng.internal.invokers.TestInvoker.invokeTestMethod(TestInvoker.java:230)
	at org.testng.internal.invokers.MethodRunner.runInSequence(MethodRunner.java:63)
	at org.testng.internal.invokers.TestInvoker$MethodInvocationAgent.invoke(TestInvoker.java:995)
	at org.testng.internal.invokers.TestInvoker.invokeTestMethods(TestInvoker.java:203)
	at org.testng.internal.invokers.TestMethodWorker.invokeTestMethods(TestMethodWorker.java:154)
	at org.testng.internal.invokers.TestMethodWorker.run(TestMethodWorker.java:134)
	at java.base/java.util.ArrayList.forEach(ArrayList.java:1511)
	at org.testng.TestRunner.privateRun(TestRunner.java:741)
	at org.testng.TestRunner.run(TestRunner.java:616)
	at org.testng.SuiteRunner.runTest(SuiteRunner.java:421)
	at org.testng.SuiteRunner.runSequentially(SuiteRunner.java:413)
	at org.testng.SuiteRunner.privateRun(SuiteRunner.java:373)
	at org.testng.SuiteRunner.run(SuiteRunner.java:312)
	at org.testng.SuiteRunnerWorker.runSuite(SuiteRunnerWorker.java:52)
	at org.testng.SuiteRunnerWorker.run(SuiteRunnerWorker.java:95)
	at org.testng.TestNG.runSuitesSequentially(TestNG.java:1274)
	at org.testng.TestNG.runSuitesLocally(TestNG.java:1208)
	at org.testng.TestNG.runSuites(TestNG.java:1112)
	at org.testng.TestNG.run(TestNG.java:1079)
	at org.testng.remote.AbstractRemoteTestNG.run(AbstractRemoteTestNG.java:115)
	at org.testng.remote.RemoteTestNG.initAndRun(RemoteTestNG.java:293)
	at org.testng.remote.RemoteTestNG.main(RemoteTestNG.java:91)
</pre></div></td>
<td>44</td>
<td>com.Test.Rankmfselenium.BasketLumpsumUPITest@7c3fdb62</td></tr>
<tr>
<td title='com.Test.Rankmfselenium.BasketlumpsumOrderNetBankingTest.enterotpnum()'><b>enterotpnum</b><br>Test class: com.Test.Rankmfselenium.BasketlumpsumOrderNetBankingTest</td>
<td><div><pre>java.util.ServiceConfigurationError: jakarta.mail.Provider: com.sun.mail.imap.IMAPProvider not a subtype
	at java.base/java.util.ServiceLoader.fail(ServiceLoader.java:593)
	at java.base/java.util.ServiceLoader$LazyClassPathLookupIterator.hasNextService(ServiceLoader.java:1244)
	at java.base/java.util.ServiceLoader$LazyClassPathLookupIterator.hasNext(ServiceLoader.java:1273)
	at java.base/java.util.ServiceLoader$2.hasNext(ServiceLoader.java:1309)
	at java.base/java.util.ServiceLoader$3.hasNext(ServiceLoader.java:1393)
	at jakarta.mail.Session.loadProviders(Session.java:964)
	at jakarta.mail.Session.&lt;init&gt;(Session.java:254)
	at jakarta.mail.Session.getDefaultInstance(Session.java:355)
	at jakarta.mail.Session.getDefaultInstance(Session.java:395)
	at com.Test.RANKMFSELENIUM.EmailOTPReader.fetchOTP(EmailOTPReader.java:23)
	at com.Test.Rankmfselenium.BasketlumpsumOrderNetBankingTest.enterotpnum(BasketlumpsumOrderNetBankingTest.java:119)
	at java.base/java.util.ArrayList.forEach(ArrayList.java:1511)
... Removed 27 stack frames</pre></div><a href='#' onClick='toggleBox("stack-trace1345648093", this, "Click to show all stack frames", "Click to hide stack frames")'>Click to show all stack frames</a>
<div class='stack-trace' id='stack-trace1345648093'><pre>java.util.ServiceConfigurationError: jakarta.mail.Provider: com.sun.mail.imap.IMAPProvider not a subtype
	at java.base/java.util.ServiceLoader.fail(ServiceLoader.java:593)
	at java.base/java.util.ServiceLoader$LazyClassPathLookupIterator.hasNextService(ServiceLoader.java:1244)
	at java.base/java.util.ServiceLoader$LazyClassPathLookupIterator.hasNext(ServiceLoader.java:1273)
	at java.base/java.util.ServiceLoader$2.hasNext(ServiceLoader.java:1309)
	at java.base/java.util.ServiceLoader$3.hasNext(ServiceLoader.java:1393)
	at jakarta.mail.Session.loadProviders(Session.java:964)
	at jakarta.mail.Session.&lt;init&gt;(Session.java:254)
	at jakarta.mail.Session.getDefaultInstance(Session.java:355)
	at jakarta.mail.Session.getDefaultInstance(Session.java:395)
	at com.Test.RANKMFSELENIUM.EmailOTPReader.fetchOTP(EmailOTPReader.java:23)
	at com.Test.Rankmfselenium.BasketlumpsumOrderNetBankingTest.enterotpnum(BasketlumpsumOrderNetBankingTest.java:119)
	at java.base/jdk.internal.reflect.NativeMethodAccessorImpl.invoke0(Native Method)
	at java.base/jdk.internal.reflect.NativeMethodAccessorImpl.invoke(NativeMethodAccessorImpl.java:77)
	at java.base/jdk.internal.reflect.DelegatingMethodAccessorImpl.invoke(DelegatingMethodAccessorImpl.java:43)
	at java.base/java.lang.reflect.Method.invoke(Method.java:568)
	at org.testng.internal.invokers.MethodInvocationHelper.invokeMethod(MethodInvocationHelper.java:141)
	at org.testng.internal.invokers.TestInvoker.invokeMethod(TestInvoker.java:687)
	at org.testng.internal.invokers.TestInvoker.invokeTestMethod(TestInvoker.java:230)
	at org.testng.internal.invokers.MethodRunner.runInSequence(MethodRunner.java:63)
	at org.testng.internal.invokers.TestInvoker$MethodInvocationAgent.invoke(TestInvoker.java:995)
	at org.testng.internal.invokers.TestInvoker.invokeTestMethods(TestInvoker.java:203)
	at org.testng.internal.invokers.TestMethodWorker.invokeTestMethods(TestMethodWorker.java:154)
	at org.testng.internal.invokers.TestMethodWorker.run(TestMethodWorker.java:134)
	at java.base/java.util.ArrayList.forEach(ArrayList.java:1511)
	at org.testng.TestRunner.privateRun(TestRunner.java:741)
	at org.testng.TestRunner.run(TestRunner.java:616)
	at org.testng.SuiteRunner.runTest(SuiteRunner.java:421)
	at org.testng.SuiteRunner.runSequentially(SuiteRunner.java:413)
	at org.testng.SuiteRunner.privateRun(SuiteRunner.java:373)
	at org.testng.SuiteRunner.run(SuiteRunner.java:312)
	at org.testng.SuiteRunnerWorker.runSuite(SuiteRunnerWorker.java:52)
	at org.testng.SuiteRunnerWorker.run(SuiteRunnerWorker.java:95)
	at org.testng.TestNG.runSuitesSequentially(TestNG.java:1274)
	at org.testng.TestNG.runSuitesLocally(TestNG.java:1208)
	at org.testng.TestNG.runSuites(TestNG.java:1112)
	at org.testng.TestNG.run(TestNG.java:1079)
	at org.testng.remote.AbstractRemoteTestNG.run(AbstractRemoteTestNG.java:115)
	at org.testng.remote.RemoteTestNG.initAndRun(RemoteTestNG.java:293)
	at org.testng.remote.RemoteTestNG.main(RemoteTestNG.java:91)
</pre></div></td>
<td>44</td>
<td>com.Test.Rankmfselenium.BasketlumpsumOrderNetBankingTest@205d38da</td></tr>
<tr>
<td title='com.Test.Rankmfselenium.BasketLumpsum_NEFTTest.Clickon_logout()'><b>Clickon_logout</b><br>Test class: com.Test.Rankmfselenium.BasketLumpsum_NEFTTest</td>
<td><div><pre>org.openqa.selenium.NoSuchElementException: no such element: Unable to locate element: {&quot;method&quot;:&quot;xpath&quot;,&quot;selector&quot;:&quot;//img[@class=&apos;profile_picture&apos;]&quot;}
  (Session info: chrome=140.0.7339.128)
For documentation on this error, please visit: https://www.selenium.dev/documentation/webdriver/troubleshooting/errors#no-such-element-exception
Build info: version: &apos;4.25.0&apos;, revision: &apos;8a8aea2337&apos;
System info: os.name: &apos;Windows 10&apos;, os.arch: &apos;amd64&apos;, os.version: &apos;10.0&apos;, java.version: &apos;17.0.2&apos;
Driver info: org.openqa.selenium.chrome.ChromeDriver
Command: [b7468a707fb23fbbc29f899ddd9df77d, findElement {value=//img[@class=&apos;profile_picture&apos;], using=xpath}]
Capabilities {acceptInsecureCerts: false, browserName: chrome, browserVersion: 140.0.7339.128, chrome: {chromedriverVersion: 139.0.7258.154 (9e0d6b2b47f..., userDataDir: C:\Users\RAVIND~1.CHA\AppDa...}, fedcm:accounts: true, goog:chromeOptions: {debuggerAddress: localhost:53006}, networkConnectionEnabled: false, pageLoadStrategy: normal, platformName: windows, proxy: Proxy(), se:cdp: ws://localhost:53006/devtoo..., se:cdpVersion: 140.0.7339.128, setWindowRect: true, strictFileInteractability: false, timeouts: {implicit: 0, pageLoad: 300000, script: 30000}, unhandledPromptBehavior: dismiss and notify, webauthn:extension:credBlob: true, webauthn:extension:largeBlob: true, webauthn:extension:minPinLength: true, webauthn:extension:prf: true, webauthn:virtualAuthenticators: true}
Session ID: b7468a707fb23fbbc29f899ddd9df77d
	at org.openqa.selenium.remote.ErrorCodec.decode(ErrorCodec.java:167)
	at org.openqa.selenium.remote.codec.w3c.W3CHttpResponseCodec.decode(W3CHttpResponseCodec.java:138)
	at org.openqa.selenium.remote.codec.w3c.W3CHttpResponseCodec.decode(W3CHttpResponseCodec.java:50)
	at org.openqa.selenium.remote.HttpCommandExecutor.execute(HttpCommandExecutor.java:190)
	at org.openqa.selenium.remote.service.DriverCommandExecutor.invokeExecute(DriverCommandExecutor.java:216)
	at org.openqa.selenium.remote.service.DriverCommandExecutor.execute(DriverCommandExecutor.java:174)
	at org.openqa.selenium.remote.RemoteWebDriver.execute(RemoteWebDriver.java:545)
	at org.openqa.selenium.remote.ElementLocation$ElementFinder$2.findElement(ElementLocation.java:165)
	at org.openqa.selenium.remote.ElementLocation.findElement(ElementLocation.java:59)
	at org.openqa.selenium.remote.RemoteWebDriver.findElement(RemoteWebDriver.java:368)
	at org.openqa.selenium.remote.RemoteWebDriver.findElement(RemoteWebDriver.java:362)
	at com.Test.RANKMFSELENIUM.LogoutPageTest.profile_logout(LogoutPageTest.java:16)
	at com.Test.Rankmfselenium.BasketLumpsum_NEFTTest.Clickon_logout(BasketLumpsum_NEFTTest.java:167)
	at java.base/java.util.ArrayList.forEach(ArrayList.java:1511)
... Removed 32 stack frames</pre></div><a href='#' onClick='toggleBox("stack-trace1417941371", this, "Click to show all stack frames", "Click to hide stack frames")'>Click to show all stack frames</a>
<div class='stack-trace' id='stack-trace1417941371'><pre>org.openqa.selenium.NoSuchElementException: no such element: Unable to locate element: {&quot;method&quot;:&quot;xpath&quot;,&quot;selector&quot;:&quot;//img[@class=&apos;profile_picture&apos;]&quot;}
  (Session info: chrome=140.0.7339.128)
For documentation on this error, please visit: https://www.selenium.dev/documentation/webdriver/troubleshooting/errors#no-such-element-exception
Build info: version: &apos;4.25.0&apos;, revision: &apos;8a8aea2337&apos;
System info: os.name: &apos;Windows 10&apos;, os.arch: &apos;amd64&apos;, os.version: &apos;10.0&apos;, java.version: &apos;17.0.2&apos;
Driver info: org.openqa.selenium.chrome.ChromeDriver
Command: [b7468a707fb23fbbc29f899ddd9df77d, findElement {value=//img[@class=&apos;profile_picture&apos;], using=xpath}]
Capabilities {acceptInsecureCerts: false, browserName: chrome, browserVersion: 140.0.7339.128, chrome: {chromedriverVersion: 139.0.7258.154 (9e0d6b2b47f..., userDataDir: C:\Users\RAVIND~1.CHA\AppDa...}, fedcm:accounts: true, goog:chromeOptions: {debuggerAddress: localhost:53006}, networkConnectionEnabled: false, pageLoadStrategy: normal, platformName: windows, proxy: Proxy(), se:cdp: ws://localhost:53006/devtoo..., se:cdpVersion: 140.0.7339.128, setWindowRect: true, strictFileInteractability: false, timeouts: {implicit: 0, pageLoad: 300000, script: 30000}, unhandledPromptBehavior: dismiss and notify, webauthn:extension:credBlob: true, webauthn:extension:largeBlob: true, webauthn:extension:minPinLength: true, webauthn:extension:prf: true, webauthn:virtualAuthenticators: true}
Session ID: b7468a707fb23fbbc29f899ddd9df77d
	at java.base/jdk.internal.reflect.NativeConstructorAccessorImpl.newInstance0(Native Method)
	at java.base/jdk.internal.reflect.NativeConstructorAccessorImpl.newInstance(NativeConstructorAccessorImpl.java:77)
	at java.base/jdk.internal.reflect.DelegatingConstructorAccessorImpl.newInstance(DelegatingConstructorAccessorImpl.java:45)
	at java.base/java.lang.reflect.Constructor.newInstanceWithCaller(Constructor.java:499)
	at java.base/java.lang.reflect.Constructor.newInstance(Constructor.java:480)
	at org.openqa.selenium.remote.ErrorCodec.decode(ErrorCodec.java:167)
	at org.openqa.selenium.remote.codec.w3c.W3CHttpResponseCodec.decode(W3CHttpResponseCodec.java:138)
	at org.openqa.selenium.remote.codec.w3c.W3CHttpResponseCodec.decode(W3CHttpResponseCodec.java:50)
	at org.openqa.selenium.remote.HttpCommandExecutor.execute(HttpCommandExecutor.java:190)
	at org.openqa.selenium.remote.service.DriverCommandExecutor.invokeExecute(DriverCommandExecutor.java:216)
	at org.openqa.selenium.remote.service.DriverCommandExecutor.execute(DriverCommandExecutor.java:174)
	at org.openqa.selenium.remote.RemoteWebDriver.execute(RemoteWebDriver.java:545)
	at org.openqa.selenium.remote.ElementLocation$ElementFinder$2.findElement(ElementLocation.java:165)
	at org.openqa.selenium.remote.ElementLocation.findElement(ElementLocation.java:59)
	at org.openqa.selenium.remote.RemoteWebDriver.findElement(RemoteWebDriver.java:368)
	at org.openqa.selenium.remote.RemoteWebDriver.findElement(RemoteWebDriver.java:362)
	at com.Test.RANKMFSELENIUM.LogoutPageTest.profile_logout(LogoutPageTest.java:16)
	at com.Test.Rankmfselenium.BasketLumpsum_NEFTTest.Clickon_logout(BasketLumpsum_NEFTTest.java:167)
	at java.base/jdk.internal.reflect.NativeMethodAccessorImpl.invoke0(Native Method)
	at java.base/jdk.internal.reflect.NativeMethodAccessorImpl.invoke(NativeMethodAccessorImpl.java:77)
	at java.base/jdk.internal.reflect.DelegatingMethodAccessorImpl.invoke(DelegatingMethodAccessorImpl.java:43)
	at java.base/java.lang.reflect.Method.invoke(Method.java:568)
	at org.testng.internal.invokers.MethodInvocationHelper.invokeMethod(MethodInvocationHelper.java:141)
	at org.testng.internal.invokers.TestInvoker.invokeMethod(TestInvoker.java:687)
	at org.testng.internal.invokers.TestInvoker.invokeTestMethod(TestInvoker.java:230)
	at org.testng.internal.invokers.MethodRunner.runInSequence(MethodRunner.java:63)
	at org.testng.internal.invokers.TestInvoker$MethodInvocationAgent.invoke(TestInvoker.java:995)
	at org.testng.internal.invokers.TestInvoker.invokeTestMethods(TestInvoker.java:203)
	at org.testng.internal.invokers.TestMethodWorker.invokeTestMethods(TestMethodWorker.java:154)
	at org.testng.internal.invokers.TestMethodWorker.run(TestMethodWorker.java:134)
	at java.base/java.util.ArrayList.forEach(ArrayList.java:1511)
	at org.testng.TestRunner.privateRun(TestRunner.java:741)
	at org.testng.TestRunner.run(TestRunner.java:616)
	at org.testng.SuiteRunner.runTest(SuiteRunner.java:421)
	at org.testng.SuiteRunner.runSequentially(SuiteRunner.java:413)
	at org.testng.SuiteRunner.privateRun(SuiteRunner.java:373)
	at org.testng.SuiteRunner.run(SuiteRunner.java:312)
	at org.testng.SuiteRunnerWorker.runSuite(SuiteRunnerWorker.java:52)
	at org.testng.SuiteRunnerWorker.run(SuiteRunnerWorker.java:95)
	at org.testng.TestNG.runSuitesSequentially(TestNG.java:1274)
	at org.testng.TestNG.runSuitesLocally(TestNG.java:1208)
	at org.testng.TestNG.runSuites(TestNG.java:1112)
	at org.testng.TestNG.run(TestNG.java:1079)
	at org.testng.remote.AbstractRemoteTestNG.run(AbstractRemoteTestNG.java:115)
	at org.testng.remote.RemoteTestNG.initAndRun(RemoteTestNG.java:293)
	at org.testng.remote.RemoteTestNG.main(RemoteTestNG.java:91)
</pre></div></td>
<td>3</td>
<td>com.Test.Rankmfselenium.BasketLumpsum_NEFTTest@3336e6b6</td></tr>
</table><p>
<table width='100%' border='1' class='invocation-passed'>
<tr><td colspan='4' align='center'><b>PASSED TESTS</b></td></tr>
<tr><td><b>Test method</b></td>
<td><b>Attribute(s)</b></td>
<td width="30%"><b>Exception</b></td>
<td width="10%"><b>Time (seconds)</b></td>
<td><b>Instance</b></td>
</tr>
<tr>
<td title='com.Test.Rankmfselenium.BasketlumpsumOrderNetBankingTest.clickonbasketpage()'><b>clickonbasketpage</b><br>Test class: com.Test.Rankmfselenium.BasketlumpsumOrderNetBankingTest</td>
<td></td>
<td>7</td>
<td>com.Test.Rankmfselenium.BasketlumpsumOrderNetBankingTest@205d38da</td></tr>
<tr>
<td title='com.Test.PartnersRankmf.Partners_ActiveRateCardTest.ClickonSigninPage()'><b>ClickonSigninPage</b><br>Test class: com.Test.PartnersRankmf.Partners_ActiveRateCardTest</td>
<td></td>
<td>2</td>
<td>com.Test.PartnersRankmf.Partners_ActiveRateCardTest@6dd7b5a3</td></tr>
<tr>
<td title='com.Test.Rankmfselenium.Normal_lumpsumNetbankingTest.Search_Mutualfund()'><b>Search_Mutualfund</b><br>Test class: com.Test.Rankmfselenium.Normal_lumpsumNetbankingTest</td>
<td></td>
<td>5</td>
<td>com.Test.Rankmfselenium.Normal_lumpsumNetbankingTest@26adfd2d</td></tr>
<tr>
<td title='com.Test.Rankmfselenium.BasketSipOrderTest.clickonbasketpage()'><b>clickonbasketpage</b><br>Test class: com.Test.Rankmfselenium.BasketSipOrderTest</td>
<td></td>
<td>7</td>
<td>com.Test.Rankmfselenium.BasketSipOrderTest@31edaa7d</td></tr>
<tr>
<td title='com.Test.Rankmfselenium.BasketLumpsumUPITest.ClickonVerifyOTP()'><b>ClickonVerifyOTP</b><br>Test class: com.Test.Rankmfselenium.BasketLumpsumUPITest</td>
<td></td>
<td>2</td>
<td>com.Test.Rankmfselenium.BasketLumpsumUPITest@7c3fdb62</td></tr>
<tr>
<td title='com.Test.Rankmfselenium.Normal_lumpsumNetbankingTest.Click_HomePage()'><b>Click_HomePage</b><br>Test class: com.Test.Rankmfselenium.Normal_lumpsumNetbankingTest</td>
<td></td>
<td>4</td>
<td>com.Test.Rankmfselenium.Normal_lumpsumNetbankingTest@26adfd2d</td></tr>
<tr>
<td title='com.Test.Rankmfselenium.ExploreNewPageTest.Click_Filter()'><b>Click_Filter</b><br>Test class: com.Test.Rankmfselenium.ExploreNewPageTest</td>
<td></td>
<td>41</td>
<td>com.Test.Rankmfselenium.ExploreNewPageTest@cd1e646</td></tr>
<tr>
<td title='com.Test.Rankmfselenium.BasketLumpsumUPITest.clickonbasketpage()'><b>clickonbasketpage</b><br>Test class: com.Test.Rankmfselenium.BasketLumpsumUPITest</td>
<td></td>
<td>7</td>
<td>com.Test.Rankmfselenium.BasketLumpsumUPITest@7c3fdb62</td></tr>
<tr>
<td title='com.Test.Rankmfselenium.ExploreNewPageTest.clickonSigninPage()'><b>clickonSigninPage</b><br>Test class: com.Test.Rankmfselenium.ExploreNewPageTest</td>
<td></td>
<td>2</td>
<td>com.Test.Rankmfselenium.ExploreNewPageTest@cd1e646</td></tr>
<tr>
<td title='com.Test.Rankmfselenium.BasketlumpsumOrderNetBankingTest.ClickonVerifyOTP()'><b>ClickonVerifyOTP</b><br>Test class: com.Test.Rankmfselenium.BasketlumpsumOrderNetBankingTest</td>
<td></td>
<td>2</td>
<td>com.Test.Rankmfselenium.BasketlumpsumOrderNetBankingTest@205d38da</td></tr>
<tr>
<td title='com.Test.PartnersRankmf.Partners_ActiveRateCardTest.Brokerage()'><b>Brokerage</b><br>Test class: com.Test.PartnersRankmf.Partners_ActiveRateCardTest</td>
<td></td>
<td>4</td>
<td>com.Test.PartnersRankmf.Partners_ActiveRateCardTest@6dd7b5a3</td></tr>
<tr>
<td title='com.Test.Rankmfselenium.BasketLumpsum_NEFTTest.clickonbasketpage()'><b>clickonbasketpage</b><br>Test class: com.Test.Rankmfselenium.BasketLumpsum_NEFTTest</td>
<td></td>
<td>7</td>
<td>com.Test.Rankmfselenium.BasketLumpsum_NEFTTest@3336e6b6</td></tr>
<tr>
<td title='com.Test.Rankmfselenium.BasketSipOrderTest.Clickonconservative()'><b>Clickonconservative</b><br>Test class: com.Test.Rankmfselenium.BasketSipOrderTest</td>
<td></td>
<td>0</td>
<td>com.Test.Rankmfselenium.BasketSipOrderTest@31edaa7d</td></tr>
<tr>
<td title='com.Test.Rankmfselenium.BasketLumpsum_NEFTTest.enterotpnum()'><b>enterotpnum</b><br>Test class: com.Test.Rankmfselenium.BasketLumpsum_NEFTTest</td>
<td></td>
<td>44</td>
<td>com.Test.Rankmfselenium.BasketLumpsum_NEFTTest@3336e6b6</td></tr>
<tr>
<td title='com.Test.Rankmfselenium.BasketLumpsum_NEFTTest.clickon_Enter_UtrNo()'><b>clickon_Enter_UtrNo</b><br>Test class: com.Test.Rankmfselenium.BasketLumpsum_NEFTTest</td>
<td></td>
<td>2</td>
<td>com.Test.Rankmfselenium.BasketLumpsum_NEFTTest@3336e6b6</td></tr>
<tr>
<td title='com.Test.PartnersRankmf.PartnerCRMPageTest.clickonLoginpage()'><b>clickonLoginpage</b><br>Test class: com.Test.PartnersRankmf.PartnerCRMPageTest</td>
<td></td>
<td>2</td>
<td>com.Test.PartnersRankmf.PartnerCRMPageTest@6950ed69</td></tr>
<tr>
<td title='com.Test.Rankmfselenium.BasketlumpsumOrderNetBankingTest.checkbasketcount()'><b>checkbasketcount</b><br>Test class: com.Test.Rankmfselenium.BasketlumpsumOrderNetBankingTest</td>
<td></td>
<td>3</td>
<td>com.Test.Rankmfselenium.BasketlumpsumOrderNetBankingTest@205d38da</td></tr>
<tr>
<td title='com.Test.Rankmfselenium.BasketLumpsum_NEFTTest.Clickoninvest()'><b>Clickoninvest</b><br>Test class: com.Test.Rankmfselenium.BasketLumpsum_NEFTTest</td>
<td></td>
<td>5</td>
<td>com.Test.Rankmfselenium.BasketLumpsum_NEFTTest@3336e6b6</td></tr>
<tr>
<td title='com.Test.Rankmfselenium.BasketLumpsumUPITest.checkbasketcount()'><b>checkbasketcount</b><br>Test class: com.Test.Rankmfselenium.BasketLumpsumUPITest</td>
<td></td>
<td>3</td>
<td>com.Test.Rankmfselenium.BasketLumpsumUPITest@7c3fdb62</td></tr>
<tr>
<td title='com.Test.Rankmfselenium.ExploreNewPageTest.Click_Explorerankmf()'><b>Click_Explorerankmf</b><br>Test class: com.Test.Rankmfselenium.ExploreNewPageTest</td>
<td></td>
<td>7</td>
<td>com.Test.Rankmfselenium.ExploreNewPageTest@cd1e646</td></tr>
<tr>
<td title='com.Test.Rankmfselenium.BasketLumpsum_NEFTTest.ClickonVerifyOTP()'><b>ClickonVerifyOTP</b><br>Test class: com.Test.Rankmfselenium.BasketLumpsum_NEFTTest</td>
<td></td>
<td>2</td>
<td>com.Test.Rankmfselenium.BasketLumpsum_NEFTTest@3336e6b6</td></tr>
<tr>
<td title='com.Test.PartnersRankmf.PartnerCRMPageTest.CRM_Tab()'><b>CRM_Tab</b><br>Test class: com.Test.PartnersRankmf.PartnerCRMPageTest</td>
<td></td>
<td>111</td>
<td>com.Test.PartnersRankmf.PartnerCRMPageTest@6950ed69</td></tr>
<tr>
<td title='com.Test.PartnersRankmf.Partners_ActiveRateCardTest.DashbaordPage()'><b>DashbaordPage</b><br>Test class: com.Test.PartnersRankmf.Partners_ActiveRateCardTest</td>
<td></td>
<td>9</td>
<td>com.Test.PartnersRankmf.Partners_ActiveRateCardTest@6dd7b5a3</td></tr>
<tr>
<td title='com.Test.Rankmfselenium.ExploreNewPageTest.Review_PaymentPage()'><b>Review_PaymentPage</b><br>Test class: com.Test.Rankmfselenium.ExploreNewPageTest</td>
<td></td>
<td>9</td>
<td>com.Test.Rankmfselenium.ExploreNewPageTest@cd1e646</td></tr>
<tr>
<td title='com.Test.Rankmfselenium.BasketlumpsumOrderNetBankingTest.clickonSigninPage()'><b>clickonSigninPage</b><br>Test class: com.Test.Rankmfselenium.BasketlumpsumOrderNetBankingTest</td>
<td></td>
<td>2</td>
<td>com.Test.Rankmfselenium.BasketlumpsumOrderNetBankingTest@205d38da</td></tr>
<tr>
<td title='com.Test.Rankmfselenium.ExploreNewPageTest.Click_Myinvestment()'><b>Click_Myinvestment</b><br>Test class: com.Test.Rankmfselenium.ExploreNewPageTest</td>
<td></td>
<td>75</td>
<td>com.Test.Rankmfselenium.ExploreNewPageTest@cd1e646</td></tr>
<tr>
<td title='com.Test.Rankmfselenium.BasketLumpsum_NEFTTest.show_orderplaced_popup()'><b>show_orderplaced_popup</b><br>Test class: com.Test.Rankmfselenium.BasketLumpsum_NEFTTest</td>
<td></td>
<td>2</td>
<td>com.Test.Rankmfselenium.BasketLumpsum_NEFTTest@3336e6b6</td></tr>
<tr>
<td title='com.Test.Rankmfselenium.BasketlumpsumOrderNetBankingTest.clickoninvest()'><b>clickoninvest</b><br>Test class: com.Test.Rankmfselenium.BasketlumpsumOrderNetBankingTest</td>
<td></td>
<td>3</td>
<td>com.Test.Rankmfselenium.BasketlumpsumOrderNetBankingTest@205d38da</td></tr>
<tr>
<td title='com.Test.Rankmfselenium.ExploreNewPageTest.enterotpnum()'><b>enterotpnum</b><br>Test class: com.Test.Rankmfselenium.ExploreNewPageTest</td>
<td></td>
<td>46</td>
<td>com.Test.Rankmfselenium.ExploreNewPageTest@cd1e646</td></tr>
<tr>
<td title='com.Test.PartnersRankmf.PartnerCRMPageTest.LoginButton()'><b>LoginButton</b><br>Test class: com.Test.PartnersRankmf.PartnerCRMPageTest</td>
<td></td>
<td>2</td>
<td>com.Test.PartnersRankmf.PartnerCRMPageTest@6950ed69</td></tr>
<tr>
<td title='com.Test.Rankmfselenium.BasketLumpsumUPITest.clickonSigninPage()'><b>clickonSigninPage</b><br>Test class: com.Test.Rankmfselenium.BasketLumpsumUPITest</td>
<td></td>
<td>2</td>
<td>com.Test.Rankmfselenium.BasketLumpsumUPITest@7c3fdb62</td></tr>
<tr>
<td title='com.Test.Rankmfselenium.BasketlumpsumOrderNetBankingTest.clickonpaymentmode()'><b>clickonpaymentmode</b><br>Test class: com.Test.Rankmfselenium.BasketlumpsumOrderNetBankingTest</td>
<td></td>
<td>2</td>
<td>com.Test.Rankmfselenium.BasketlumpsumOrderNetBankingTest@205d38da</td></tr>
<tr>
<td title='com.Test.Rankmfselenium.BasketLumpsum_NEFTTest.clickonpaymentmode()'><b>clickonpaymentmode</b><br>Test class: com.Test.Rankmfselenium.BasketLumpsum_NEFTTest</td>
<td></td>
<td>2</td>
<td>com.Test.Rankmfselenium.BasketLumpsum_NEFTTest@3336e6b6</td></tr>
<tr>
<td title='com.Test.Rankmfselenium.Normal_lumpsumNetbankingTest.clickonSigninPage()'><b>clickonSigninPage</b><br>Test class: com.Test.Rankmfselenium.Normal_lumpsumNetbankingTest</td>
<td></td>
<td>2</td>
<td>com.Test.Rankmfselenium.Normal_lumpsumNetbankingTest@26adfd2d</td></tr>
<tr>
<td title='com.Test.PartnersRankmf.Partners_ActiveRateCardTest.clickonLoginpage()'><b>clickonLoginpage</b><br>Test class: com.Test.PartnersRankmf.Partners_ActiveRateCardTest</td>
<td></td>
<td>2</td>
<td>com.Test.PartnersRankmf.Partners_ActiveRateCardTest@6dd7b5a3</td></tr>
<tr>
<td title='com.Test.Rankmfselenium.BasketLumpsumUPITest.clickoninvest()'><b>clickoninvest</b><br>Test class: com.Test.Rankmfselenium.BasketLumpsumUPITest</td>
<td></td>
<td>3</td>
<td>com.Test.Rankmfselenium.BasketLumpsumUPITest@7c3fdb62</td></tr>
<tr>
<td title='com.Test.Rankmfselenium.BasketSipOrderTest.clickonSigninPage()'><b>clickonSigninPage</b><br>Test class: com.Test.Rankmfselenium.BasketSipOrderTest</td>
<td></td>
<td>2</td>
<td>com.Test.Rankmfselenium.BasketSipOrderTest@31edaa7d</td></tr>
<tr>
<td title='com.Test.Rankmfselenium.BasketLumpsum_NEFTTest.clickonSigninPage()'><b>clickonSigninPage</b><br>Test class: com.Test.Rankmfselenium.BasketLumpsum_NEFTTest</td>
<td></td>
<td>2</td>
<td>com.Test.Rankmfselenium.BasketLumpsum_NEFTTest@3336e6b6</td></tr>
<tr>
<td title='com.Test.Rankmfselenium.BasketLumpsum_NEFTTest.verifybasketcount()'><b>verifybasketcount</b><br>Test class: com.Test.Rankmfselenium.BasketLumpsum_NEFTTest</td>
<td></td>
<td>3</td>
<td>com.Test.Rankmfselenium.BasketLumpsum_NEFTTest@3336e6b6</td></tr>
<tr>
<td title='com.Test.Rankmfselenium.BasketLumpsumUPITest.clickonpaymentmode()'><b>clickonpaymentmode</b><br>Test class: com.Test.Rankmfselenium.BasketLumpsumUPITest</td>
<td></td>
<td>4</td>
<td>com.Test.Rankmfselenium.BasketLumpsumUPITest@7c3fdb62</td></tr>
</table><p>
<table width='100%' border='1' class='invocation-skipped'>
<tr><td colspan='4' align='center'><b>SKIPPED TESTS</b></td></tr>
<tr><td><b>Test method</b></td>
<td><b>Attribute(s)</b></td>
<td width="30%"><b>Exception</b></td>
<td width="10%"><b>Time (seconds)</b></td>
<td><b>Instance</b></td>
</tr>
<tr>
<td title='com.Test.Rankmfselenium.Normal_lumpsumNetbankingTest.enterotpnum()'><b>enterotpnum</b><br>Test class: com.Test.Rankmfselenium.Normal_lumpsumNetbankingTest</td>
<td><div><pre>java.lang.Throwable: Method com.Test.Rankmfselenium.Normal_lumpsumNetbankingTest.enterotpnum() on instance com.Test.Rankmfselenium.Normal_lumpsumNetbankingTest@26adfd2d depends on not successfully finished methods 
[com.Test.Rankmfselenium.Normal_lumpsumNetbankingTest.Click_VerifyOTP() on instance com.Test.Rankmfselenium.Normal_lumpsumNetbankingTest@26adfd2d]
	at java.base/java.util.ArrayList.forEach(ArrayList.java:1511)
... Removed 18 stack frames</pre></div><a href='#' onClick='toggleBox("stack-trace1803714790", this, "Click to show all stack frames", "Click to hide stack frames")'>Click to show all stack frames</a>
<div class='stack-trace' id='stack-trace1803714790'><pre>java.lang.Throwable: Method com.Test.Rankmfselenium.Normal_lumpsumNetbankingTest.enterotpnum() on instance com.Test.Rankmfselenium.Normal_lumpsumNetbankingTest@26adfd2d depends on not successfully finished methods 
[com.Test.Rankmfselenium.Normal_lumpsumNetbankingTest.Click_VerifyOTP() on instance com.Test.Rankmfselenium.Normal_lumpsumNetbankingTest@26adfd2d]
	at org.testng.internal.invokers.TestInvoker.invokeTestMethods(TestInvoker.java:159)
	at org.testng.internal.invokers.TestMethodWorker.invokeTestMethods(TestMethodWorker.java:154)
	at org.testng.internal.invokers.TestMethodWorker.run(TestMethodWorker.java:134)
	at java.base/java.util.ArrayList.forEach(ArrayList.java:1511)
	at org.testng.TestRunner.privateRun(TestRunner.java:741)
	at org.testng.TestRunner.run(TestRunner.java:616)
	at org.testng.SuiteRunner.runTest(SuiteRunner.java:421)
	at org.testng.SuiteRunner.runSequentially(SuiteRunner.java:413)
	at org.testng.SuiteRunner.privateRun(SuiteRunner.java:373)
	at org.testng.SuiteRunner.run(SuiteRunner.java:312)
	at org.testng.SuiteRunnerWorker.runSuite(SuiteRunnerWorker.java:52)
	at org.testng.SuiteRunnerWorker.run(SuiteRunnerWorker.java:95)
	at org.testng.TestNG.runSuitesSequentially(TestNG.java:1274)
	at org.testng.TestNG.runSuitesLocally(TestNG.java:1208)
	at org.testng.TestNG.runSuites(TestNG.java:1112)
	at org.testng.TestNG.run(TestNG.java:1079)
	at org.testng.remote.AbstractRemoteTestNG.run(AbstractRemoteTestNG.java:115)
	at org.testng.remote.RemoteTestNG.initAndRun(RemoteTestNG.java:293)
	at org.testng.remote.RemoteTestNG.main(RemoteTestNG.java:91)
</pre></div></td>
<td>0</td>
<td>com.Test.Rankmfselenium.Normal_lumpsumNetbankingTest@26adfd2d</td></tr>
<tr>
<td title='com.Test.Rankmfselenium.BasketLumpsumUPITest.Clickon_logout()'><b>Clickon_logout</b><br>Test class: com.Test.Rankmfselenium.BasketLumpsumUPITest</td>
<td><div><pre>java.lang.Throwable: Method com.Test.Rankmfselenium.BasketLumpsumUPITest.Clickon_logout() on instance com.Test.Rankmfselenium.BasketLumpsumUPITest@7c3fdb62 depends on not successfully finished methods 
[com.Test.Rankmfselenium.BasketLumpsumUPITest.enterotpnum() on instance com.Test.Rankmfselenium.BasketLumpsumUPITest@7c3fdb62]
	at java.base/java.util.ArrayList.forEach(ArrayList.java:1511)
... Removed 18 stack frames</pre></div><a href='#' onClick='toggleBox("stack-trace923539816", this, "Click to show all stack frames", "Click to hide stack frames")'>Click to show all stack frames</a>
<div class='stack-trace' id='stack-trace923539816'><pre>java.lang.Throwable: Method com.Test.Rankmfselenium.BasketLumpsumUPITest.Clickon_logout() on instance com.Test.Rankmfselenium.BasketLumpsumUPITest@7c3fdb62 depends on not successfully finished methods 
[com.Test.Rankmfselenium.BasketLumpsumUPITest.enterotpnum() on instance com.Test.Rankmfselenium.BasketLumpsumUPITest@7c3fdb62]
	at org.testng.internal.invokers.TestInvoker.invokeTestMethods(TestInvoker.java:159)
	at org.testng.internal.invokers.TestMethodWorker.invokeTestMethods(TestMethodWorker.java:154)
	at org.testng.internal.invokers.TestMethodWorker.run(TestMethodWorker.java:134)
	at java.base/java.util.ArrayList.forEach(ArrayList.java:1511)
	at org.testng.TestRunner.privateRun(TestRunner.java:741)
	at org.testng.TestRunner.run(TestRunner.java:616)
	at org.testng.SuiteRunner.runTest(SuiteRunner.java:421)
	at org.testng.SuiteRunner.runSequentially(SuiteRunner.java:413)
	at org.testng.SuiteRunner.privateRun(SuiteRunner.java:373)
	at org.testng.SuiteRunner.run(SuiteRunner.java:312)
	at org.testng.SuiteRunnerWorker.runSuite(SuiteRunnerWorker.java:52)
	at org.testng.SuiteRunnerWorker.run(SuiteRunnerWorker.java:95)
	at org.testng.TestNG.runSuitesSequentially(TestNG.java:1274)
	at org.testng.TestNG.runSuitesLocally(TestNG.java:1208)
	at org.testng.TestNG.runSuites(TestNG.java:1112)
	at org.testng.TestNG.run(TestNG.java:1079)
	at org.testng.remote.AbstractRemoteTestNG.run(AbstractRemoteTestNG.java:115)
	at org.testng.remote.RemoteTestNG.initAndRun(RemoteTestNG.java:293)
	at org.testng.remote.RemoteTestNG.main(RemoteTestNG.java:91)
</pre></div></td>
<td>0</td>
<td>com.Test.Rankmfselenium.BasketLumpsumUPITest@7c3fdb62</td></tr>
<tr>
<td title='com.Test.Rankmfselenium.BasketSipOrderTest.Clickon_logout()'><b>Clickon_logout</b><br>Test class: com.Test.Rankmfselenium.BasketSipOrderTest</td>
<td><div><pre>java.lang.Throwable: Method com.Test.Rankmfselenium.BasketSipOrderTest.Clickon_logout() on instance com.Test.Rankmfselenium.BasketSipOrderTest@31edaa7d depends on not successfully finished methods 
[com.Test.Rankmfselenium.BasketSipOrderTest.Clickon_cancelsmartsiporder() on instance com.Test.Rankmfselenium.BasketSipOrderTest@31edaa7d]
	at java.base/java.util.ArrayList.forEach(ArrayList.java:1511)
... Removed 18 stack frames</pre></div><a href='#' onClick='toggleBox("stack-trace1868964323", this, "Click to show all stack frames", "Click to hide stack frames")'>Click to show all stack frames</a>
<div class='stack-trace' id='stack-trace1868964323'><pre>java.lang.Throwable: Method com.Test.Rankmfselenium.BasketSipOrderTest.Clickon_logout() on instance com.Test.Rankmfselenium.BasketSipOrderTest@31edaa7d depends on not successfully finished methods 
[com.Test.Rankmfselenium.BasketSipOrderTest.Clickon_cancelsmartsiporder() on instance com.Test.Rankmfselenium.BasketSipOrderTest@31edaa7d]
	at org.testng.internal.invokers.TestInvoker.invokeTestMethods(TestInvoker.java:159)
	at org.testng.internal.invokers.TestMethodWorker.invokeTestMethods(TestMethodWorker.java:154)
	at org.testng.internal.invokers.TestMethodWorker.run(TestMethodWorker.java:134)
	at java.base/java.util.ArrayList.forEach(ArrayList.java:1511)
	at org.testng.TestRunner.privateRun(TestRunner.java:741)
	at org.testng.TestRunner.run(TestRunner.java:616)
	at org.testng.SuiteRunner.runTest(SuiteRunner.java:421)
	at org.testng.SuiteRunner.runSequentially(SuiteRunner.java:413)
	at org.testng.SuiteRunner.privateRun(SuiteRunner.java:373)
	at org.testng.SuiteRunner.run(SuiteRunner.java:312)
	at org.testng.SuiteRunnerWorker.runSuite(SuiteRunnerWorker.java:52)
	at org.testng.SuiteRunnerWorker.run(SuiteRunnerWorker.java:95)
	at org.testng.TestNG.runSuitesSequentially(TestNG.java:1274)
	at org.testng.TestNG.runSuitesLocally(TestNG.java:1208)
	at org.testng.TestNG.runSuites(TestNG.java:1112)
	at org.testng.TestNG.run(TestNG.java:1079)
	at org.testng.remote.AbstractRemoteTestNG.run(AbstractRemoteTestNG.java:115)
	at org.testng.remote.RemoteTestNG.initAndRun(RemoteTestNG.java:293)
	at org.testng.remote.RemoteTestNG.main(RemoteTestNG.java:91)
</pre></div></td>
<td>0</td>
<td>com.Test.Rankmfselenium.BasketSipOrderTest@31edaa7d</td></tr>
<tr>
<td title='com.Test.Rankmfselenium.BasketLumpsumUPITest.Click_logoutbtn()'><b>Click_logoutbtn</b><br>Test class: com.Test.Rankmfselenium.BasketLumpsumUPITest</td>
<td><div><pre>java.lang.Throwable: Method com.Test.Rankmfselenium.BasketLumpsumUPITest.Click_logoutbtn() on instance com.Test.Rankmfselenium.BasketLumpsumUPITest@7c3fdb62 depends on not successfully finished methods 
[com.Test.Rankmfselenium.BasketLumpsumUPITest.Clickon_logout() on instance com.Test.Rankmfselenium.BasketLumpsumUPITest@7c3fdb62]
	at java.base/java.util.ArrayList.forEach(ArrayList.java:1511)
... Removed 18 stack frames</pre></div><a href='#' onClick='toggleBox("stack-trace839259983", this, "Click to show all stack frames", "Click to hide stack frames")'>Click to show all stack frames</a>
<div class='stack-trace' id='stack-trace839259983'><pre>java.lang.Throwable: Method com.Test.Rankmfselenium.BasketLumpsumUPITest.Click_logoutbtn() on instance com.Test.Rankmfselenium.BasketLumpsumUPITest@7c3fdb62 depends on not successfully finished methods 
[com.Test.Rankmfselenium.BasketLumpsumUPITest.Clickon_logout() on instance com.Test.Rankmfselenium.BasketLumpsumUPITest@7c3fdb62]
	at org.testng.internal.invokers.TestInvoker.invokeTestMethods(TestInvoker.java:159)
	at org.testng.internal.invokers.TestMethodWorker.invokeTestMethods(TestMethodWorker.java:154)
	at org.testng.internal.invokers.TestMethodWorker.run(TestMethodWorker.java:134)
	at java.base/java.util.ArrayList.forEach(ArrayList.java:1511)
	at org.testng.TestRunner.privateRun(TestRunner.java:741)
	at org.testng.TestRunner.run(TestRunner.java:616)
	at org.testng.SuiteRunner.runTest(SuiteRunner.java:421)
	at org.testng.SuiteRunner.runSequentially(SuiteRunner.java:413)
	at org.testng.SuiteRunner.privateRun(SuiteRunner.java:373)
	at org.testng.SuiteRunner.run(SuiteRunner.java:312)
	at org.testng.SuiteRunnerWorker.runSuite(SuiteRunnerWorker.java:52)
	at org.testng.SuiteRunnerWorker.run(SuiteRunnerWorker.java:95)
	at org.testng.TestNG.runSuitesSequentially(TestNG.java:1274)
	at org.testng.TestNG.runSuitesLocally(TestNG.java:1208)
	at org.testng.TestNG.runSuites(TestNG.java:1112)
	at org.testng.TestNG.run(TestNG.java:1079)
	at org.testng.remote.AbstractRemoteTestNG.run(AbstractRemoteTestNG.java:115)
	at org.testng.remote.RemoteTestNG.initAndRun(RemoteTestNG.java:293)
	at org.testng.remote.RemoteTestNG.main(RemoteTestNG.java:91)
</pre></div></td>
<td>0</td>
<td>com.Test.Rankmfselenium.BasketLumpsumUPITest@7c3fdb62</td></tr>
<tr>
<td title='com.Test.Rankmfselenium.BasketSipOrderTest.select_startdate()'><b>select_startdate</b><br>Test class: com.Test.Rankmfselenium.BasketSipOrderTest</td>
<td><div><pre>java.lang.Throwable: Method com.Test.Rankmfselenium.BasketSipOrderTest.select_startdate() on instance com.Test.Rankmfselenium.BasketSipOrderTest@31edaa7d depends on not successfully finished methods 
[com.Test.Rankmfselenium.BasketSipOrderTest.clickoninvest() on instance com.Test.Rankmfselenium.BasketSipOrderTest@31edaa7d]
	at java.base/java.util.ArrayList.forEach(ArrayList.java:1511)
... Removed 18 stack frames</pre></div><a href='#' onClick='toggleBox("stack-trace1555055322", this, "Click to show all stack frames", "Click to hide stack frames")'>Click to show all stack frames</a>
<div class='stack-trace' id='stack-trace1555055322'><pre>java.lang.Throwable: Method com.Test.Rankmfselenium.BasketSipOrderTest.select_startdate() on instance com.Test.Rankmfselenium.BasketSipOrderTest@31edaa7d depends on not successfully finished methods 
[com.Test.Rankmfselenium.BasketSipOrderTest.clickoninvest() on instance com.Test.Rankmfselenium.BasketSipOrderTest@31edaa7d]
	at org.testng.internal.invokers.TestInvoker.invokeTestMethods(TestInvoker.java:159)
	at org.testng.internal.invokers.TestMethodWorker.invokeTestMethods(TestMethodWorker.java:154)
	at org.testng.internal.invokers.TestMethodWorker.run(TestMethodWorker.java:134)
	at java.base/java.util.ArrayList.forEach(ArrayList.java:1511)
	at org.testng.TestRunner.privateRun(TestRunner.java:741)
	at org.testng.TestRunner.run(TestRunner.java:616)
	at org.testng.SuiteRunner.runTest(SuiteRunner.java:421)
	at org.testng.SuiteRunner.runSequentially(SuiteRunner.java:413)
	at org.testng.SuiteRunner.privateRun(SuiteRunner.java:373)
	at org.testng.SuiteRunner.run(SuiteRunner.java:312)
	at org.testng.SuiteRunnerWorker.runSuite(SuiteRunnerWorker.java:52)
	at org.testng.SuiteRunnerWorker.run(SuiteRunnerWorker.java:95)
	at org.testng.TestNG.runSuitesSequentially(TestNG.java:1274)
	at org.testng.TestNG.runSuitesLocally(TestNG.java:1208)
	at org.testng.TestNG.runSuites(TestNG.java:1112)
	at org.testng.TestNG.run(TestNG.java:1079)
	at org.testng.remote.AbstractRemoteTestNG.run(AbstractRemoteTestNG.java:115)
	at org.testng.remote.RemoteTestNG.initAndRun(RemoteTestNG.java:293)
	at org.testng.remote.RemoteTestNG.main(RemoteTestNG.java:91)
</pre></div></td>
<td>0</td>
<td>com.Test.Rankmfselenium.BasketSipOrderTest@31edaa7d</td></tr>
<tr>
<td title='com.Test.Rankmfselenium.BasketSipOrderTest.RedirectNetbankingurl()'><b>RedirectNetbankingurl</b><br>Test class: com.Test.Rankmfselenium.BasketSipOrderTest</td>
<td><div><pre>java.lang.Throwable: Method com.Test.Rankmfselenium.BasketSipOrderTest.RedirectNetbankingurl() on instance com.Test.Rankmfselenium.BasketSipOrderTest@31edaa7d depends on not successfully finished methods 
[com.Test.Rankmfselenium.BasketSipOrderTest.enterotpnum() on instance com.Test.Rankmfselenium.BasketSipOrderTest@31edaa7d]
	at java.base/java.util.ArrayList.forEach(ArrayList.java:1511)
... Removed 18 stack frames</pre></div><a href='#' onClick='toggleBox("stack-trace1935870377", this, "Click to show all stack frames", "Click to hide stack frames")'>Click to show all stack frames</a>
<div class='stack-trace' id='stack-trace1935870377'><pre>java.lang.Throwable: Method com.Test.Rankmfselenium.BasketSipOrderTest.RedirectNetbankingurl() on instance com.Test.Rankmfselenium.BasketSipOrderTest@31edaa7d depends on not successfully finished methods 
[com.Test.Rankmfselenium.BasketSipOrderTest.enterotpnum() on instance com.Test.Rankmfselenium.BasketSipOrderTest@31edaa7d]
	at org.testng.internal.invokers.TestInvoker.invokeTestMethods(TestInvoker.java:159)
	at org.testng.internal.invokers.TestMethodWorker.invokeTestMethods(TestMethodWorker.java:154)
	at org.testng.internal.invokers.TestMethodWorker.run(TestMethodWorker.java:134)
	at java.base/java.util.ArrayList.forEach(ArrayList.java:1511)
	at org.testng.TestRunner.privateRun(TestRunner.java:741)
	at org.testng.TestRunner.run(TestRunner.java:616)
	at org.testng.SuiteRunner.runTest(SuiteRunner.java:421)
	at org.testng.SuiteRunner.runSequentially(SuiteRunner.java:413)
	at org.testng.SuiteRunner.privateRun(SuiteRunner.java:373)
	at org.testng.SuiteRunner.run(SuiteRunner.java:312)
	at org.testng.SuiteRunnerWorker.runSuite(SuiteRunnerWorker.java:52)
	at org.testng.SuiteRunnerWorker.run(SuiteRunnerWorker.java:95)
	at org.testng.TestNG.runSuitesSequentially(TestNG.java:1274)
	at org.testng.TestNG.runSuitesLocally(TestNG.java:1208)
	at org.testng.TestNG.runSuites(TestNG.java:1112)
	at org.testng.TestNG.run(TestNG.java:1079)
	at org.testng.remote.AbstractRemoteTestNG.run(AbstractRemoteTestNG.java:115)
	at org.testng.remote.RemoteTestNG.initAndRun(RemoteTestNG.java:293)
	at org.testng.remote.RemoteTestNG.main(RemoteTestNG.java:91)
</pre></div></td>
<td>0</td>
<td>com.Test.Rankmfselenium.BasketSipOrderTest@31edaa7d</td></tr>
<tr>
<td title='com.Test.Rankmfselenium.BasketlumpsumOrderNetBankingTest.Clickon_logout()'><b>Clickon_logout</b><br>Test class: com.Test.Rankmfselenium.BasketlumpsumOrderNetBankingTest</td>
<td><div><pre>java.lang.Throwable: Method com.Test.Rankmfselenium.BasketlumpsumOrderNetBankingTest.Clickon_logout() on instance com.Test.Rankmfselenium.BasketlumpsumOrderNetBankingTest@205d38da depends on not successfully finished methods 
[com.Test.Rankmfselenium.BasketlumpsumOrderNetBankingTest.RedirectNetbankingurl() on instance com.Test.Rankmfselenium.BasketlumpsumOrderNetBankingTest@205d38da]
	at java.base/java.util.ArrayList.forEach(ArrayList.java:1511)
... Removed 18 stack frames</pre></div><a href='#' onClick='toggleBox("stack-trace1831478624", this, "Click to show all stack frames", "Click to hide stack frames")'>Click to show all stack frames</a>
<div class='stack-trace' id='stack-trace1831478624'><pre>java.lang.Throwable: Method com.Test.Rankmfselenium.BasketlumpsumOrderNetBankingTest.Clickon_logout() on instance com.Test.Rankmfselenium.BasketlumpsumOrderNetBankingTest@205d38da depends on not successfully finished methods 
[com.Test.Rankmfselenium.BasketlumpsumOrderNetBankingTest.RedirectNetbankingurl() on instance com.Test.Rankmfselenium.BasketlumpsumOrderNetBankingTest@205d38da]
	at org.testng.internal.invokers.TestInvoker.invokeTestMethods(TestInvoker.java:159)
	at org.testng.internal.invokers.TestMethodWorker.invokeTestMethods(TestMethodWorker.java:154)
	at org.testng.internal.invokers.TestMethodWorker.run(TestMethodWorker.java:134)
	at java.base/java.util.ArrayList.forEach(ArrayList.java:1511)
	at org.testng.TestRunner.privateRun(TestRunner.java:741)
	at org.testng.TestRunner.run(TestRunner.java:616)
	at org.testng.SuiteRunner.runTest(SuiteRunner.java:421)
	at org.testng.SuiteRunner.runSequentially(SuiteRunner.java:413)
	at org.testng.SuiteRunner.privateRun(SuiteRunner.java:373)
	at org.testng.SuiteRunner.run(SuiteRunner.java:312)
	at org.testng.SuiteRunnerWorker.runSuite(SuiteRunnerWorker.java:52)
	at org.testng.SuiteRunnerWorker.run(SuiteRunnerWorker.java:95)
	at org.testng.TestNG.runSuitesSequentially(TestNG.java:1274)
	at org.testng.TestNG.runSuitesLocally(TestNG.java:1208)
	at org.testng.TestNG.runSuites(TestNG.java:1112)
	at org.testng.TestNG.run(TestNG.java:1079)
	at org.testng.remote.AbstractRemoteTestNG.run(AbstractRemoteTestNG.java:115)
	at org.testng.remote.RemoteTestNG.initAndRun(RemoteTestNG.java:293)
	at org.testng.remote.RemoteTestNG.main(RemoteTestNG.java:91)
</pre></div></td>
<td>0</td>
<td>com.Test.Rankmfselenium.BasketlumpsumOrderNetBankingTest@205d38da</td></tr>
<tr>
<td title='com.Test.Rankmfselenium.BasketSipOrderTest.Click_logoutbtn()'><b>Click_logoutbtn</b><br>Test class: com.Test.Rankmfselenium.BasketSipOrderTest</td>
<td><div><pre>java.lang.Throwable: Method com.Test.Rankmfselenium.BasketSipOrderTest.Click_logoutbtn() on instance com.Test.Rankmfselenium.BasketSipOrderTest@31edaa7d depends on not successfully finished methods 
[com.Test.Rankmfselenium.BasketSipOrderTest.Clickon_logout() on instance com.Test.Rankmfselenium.BasketSipOrderTest@31edaa7d]
	at java.base/java.util.ArrayList.forEach(ArrayList.java:1511)
... Removed 18 stack frames</pre></div><a href='#' onClick='toggleBox("stack-trace2089360295", this, "Click to show all stack frames", "Click to hide stack frames")'>Click to show all stack frames</a>
<div class='stack-trace' id='stack-trace2089360295'><pre>java.lang.Throwable: Method com.Test.Rankmfselenium.BasketSipOrderTest.Click_logoutbtn() on instance com.Test.Rankmfselenium.BasketSipOrderTest@31edaa7d depends on not successfully finished methods 
[com.Test.Rankmfselenium.BasketSipOrderTest.Clickon_logout() on instance com.Test.Rankmfselenium.BasketSipOrderTest@31edaa7d]
	at org.testng.internal.invokers.TestInvoker.invokeTestMethods(TestInvoker.java:159)
	at org.testng.internal.invokers.TestMethodWorker.invokeTestMethods(TestMethodWorker.java:154)
	at org.testng.internal.invokers.TestMethodWorker.run(TestMethodWorker.java:134)
	at java.base/java.util.ArrayList.forEach(ArrayList.java:1511)
	at org.testng.TestRunner.privateRun(TestRunner.java:741)
	at org.testng.TestRunner.run(TestRunner.java:616)
	at org.testng.SuiteRunner.runTest(SuiteRunner.java:421)
	at org.testng.SuiteRunner.runSequentially(SuiteRunner.java:413)
	at org.testng.SuiteRunner.privateRun(SuiteRunner.java:373)
	at org.testng.SuiteRunner.run(SuiteRunner.java:312)
	at org.testng.SuiteRunnerWorker.runSuite(SuiteRunnerWorker.java:52)
	at org.testng.SuiteRunnerWorker.run(SuiteRunnerWorker.java:95)
	at org.testng.TestNG.runSuitesSequentially(TestNG.java:1274)
	at org.testng.TestNG.runSuitesLocally(TestNG.java:1208)
	at org.testng.TestNG.runSuites(TestNG.java:1112)
	at org.testng.TestNG.run(TestNG.java:1079)
	at org.testng.remote.AbstractRemoteTestNG.run(AbstractRemoteTestNG.java:115)
	at org.testng.remote.RemoteTestNG.initAndRun(RemoteTestNG.java:293)
	at org.testng.remote.RemoteTestNG.main(RemoteTestNG.java:91)
</pre></div></td>
<td>0</td>
<td>com.Test.Rankmfselenium.BasketSipOrderTest@31edaa7d</td></tr>
<tr>
<td title='com.Test.Rankmfselenium.Normal_lumpsumNetbankingTest.Click_VerifyOTP()'><b>Click_VerifyOTP</b><br>Test class: com.Test.Rankmfselenium.Normal_lumpsumNetbankingTest</td>
<td><div><pre>java.lang.Throwable: Method com.Test.Rankmfselenium.Normal_lumpsumNetbankingTest.Click_VerifyOTP() on instance com.Test.Rankmfselenium.Normal_lumpsumNetbankingTest@26adfd2d depends on not successfully finished methods 
[com.Test.Rankmfselenium.Normal_lumpsumNetbankingTest.Select_PaymentMode() on instance com.Test.Rankmfselenium.Normal_lumpsumNetbankingTest@26adfd2d]
	at java.base/java.util.ArrayList.forEach(ArrayList.java:1511)
... Removed 18 stack frames</pre></div><a href='#' onClick='toggleBox("stack-trace2091439256", this, "Click to show all stack frames", "Click to hide stack frames")'>Click to show all stack frames</a>
<div class='stack-trace' id='stack-trace2091439256'><pre>java.lang.Throwable: Method com.Test.Rankmfselenium.Normal_lumpsumNetbankingTest.Click_VerifyOTP() on instance com.Test.Rankmfselenium.Normal_lumpsumNetbankingTest@26adfd2d depends on not successfully finished methods 
[com.Test.Rankmfselenium.Normal_lumpsumNetbankingTest.Select_PaymentMode() on instance com.Test.Rankmfselenium.Normal_lumpsumNetbankingTest@26adfd2d]
	at org.testng.internal.invokers.TestInvoker.invokeTestMethods(TestInvoker.java:159)
	at org.testng.internal.invokers.TestMethodWorker.invokeTestMethods(TestMethodWorker.java:154)
	at org.testng.internal.invokers.TestMethodWorker.run(TestMethodWorker.java:134)
	at java.base/java.util.ArrayList.forEach(ArrayList.java:1511)
	at org.testng.TestRunner.privateRun(TestRunner.java:741)
	at org.testng.TestRunner.run(TestRunner.java:616)
	at org.testng.SuiteRunner.runTest(SuiteRunner.java:421)
	at org.testng.SuiteRunner.runSequentially(SuiteRunner.java:413)
	at org.testng.SuiteRunner.privateRun(SuiteRunner.java:373)
	at org.testng.SuiteRunner.run(SuiteRunner.java:312)
	at org.testng.SuiteRunnerWorker.runSuite(SuiteRunnerWorker.java:52)
	at org.testng.SuiteRunnerWorker.run(SuiteRunnerWorker.java:95)
	at org.testng.TestNG.runSuitesSequentially(TestNG.java:1274)
	at org.testng.TestNG.runSuitesLocally(TestNG.java:1208)
	at org.testng.TestNG.runSuites(TestNG.java:1112)
	at org.testng.TestNG.run(TestNG.java:1079)
	at org.testng.remote.AbstractRemoteTestNG.run(AbstractRemoteTestNG.java:115)
	at org.testng.remote.RemoteTestNG.initAndRun(RemoteTestNG.java:293)
	at org.testng.remote.RemoteTestNG.main(RemoteTestNG.java:91)
</pre></div></td>
<td>0</td>
<td>com.Test.Rankmfselenium.Normal_lumpsumNetbankingTest@26adfd2d</td></tr>
<tr>
<td title='com.Test.Rankmfselenium.BasketlumpsumOrderNetBankingTest.Click_logoutbtn()'><b>Click_logoutbtn</b><br>Test class: com.Test.Rankmfselenium.BasketlumpsumOrderNetBankingTest</td>
<td><div><pre>java.lang.Throwable: Method com.Test.Rankmfselenium.BasketlumpsumOrderNetBankingTest.Click_logoutbtn() on instance com.Test.Rankmfselenium.BasketlumpsumOrderNetBankingTest@205d38da depends on not successfully finished methods 
[com.Test.Rankmfselenium.BasketlumpsumOrderNetBankingTest.Clickon_logout() on instance com.Test.Rankmfselenium.BasketlumpsumOrderNetBankingTest@205d38da]
	at java.base/java.util.ArrayList.forEach(ArrayList.java:1511)
... Removed 18 stack frames</pre></div><a href='#' onClick='toggleBox("stack-trace58791184", this, "Click to show all stack frames", "Click to hide stack frames")'>Click to show all stack frames</a>
<div class='stack-trace' id='stack-trace58791184'><pre>java.lang.Throwable: Method com.Test.Rankmfselenium.BasketlumpsumOrderNetBankingTest.Click_logoutbtn() on instance com.Test.Rankmfselenium.BasketlumpsumOrderNetBankingTest@205d38da depends on not successfully finished methods 
[com.Test.Rankmfselenium.BasketlumpsumOrderNetBankingTest.Clickon_logout() on instance com.Test.Rankmfselenium.BasketlumpsumOrderNetBankingTest@205d38da]
	at org.testng.internal.invokers.TestInvoker.invokeTestMethods(TestInvoker.java:159)
	at org.testng.internal.invokers.TestMethodWorker.invokeTestMethods(TestMethodWorker.java:154)
	at org.testng.internal.invokers.TestMethodWorker.run(TestMethodWorker.java:134)
	at java.base/java.util.ArrayList.forEach(ArrayList.java:1511)
	at org.testng.TestRunner.privateRun(TestRunner.java:741)
	at org.testng.TestRunner.run(TestRunner.java:616)
	at org.testng.SuiteRunner.runTest(SuiteRunner.java:421)
	at org.testng.SuiteRunner.runSequentially(SuiteRunner.java:413)
	at org.testng.SuiteRunner.privateRun(SuiteRunner.java:373)
	at org.testng.SuiteRunner.run(SuiteRunner.java:312)
	at org.testng.SuiteRunnerWorker.runSuite(SuiteRunnerWorker.java:52)
	at org.testng.SuiteRunnerWorker.run(SuiteRunnerWorker.java:95)
	at org.testng.TestNG.runSuitesSequentially(TestNG.java:1274)
	at org.testng.TestNG.runSuitesLocally(TestNG.java:1208)
	at org.testng.TestNG.runSuites(TestNG.java:1112)
	at org.testng.TestNG.run(TestNG.java:1079)
	at org.testng.remote.AbstractRemoteTestNG.run(AbstractRemoteTestNG.java:115)
	at org.testng.remote.RemoteTestNG.initAndRun(RemoteTestNG.java:293)
	at org.testng.remote.RemoteTestNG.main(RemoteTestNG.java:91)
</pre></div></td>
<td>0</td>
<td>com.Test.Rankmfselenium.BasketlumpsumOrderNetBankingTest@205d38da</td></tr>
<tr>
<td title='com.Test.Rankmfselenium.BasketSipOrderTest.enterotpnum()'><b>enterotpnum</b><br>Test class: com.Test.Rankmfselenium.BasketSipOrderTest</td>
<td><div><pre>java.lang.Throwable: Method com.Test.Rankmfselenium.BasketSipOrderTest.enterotpnum() on instance com.Test.Rankmfselenium.BasketSipOrderTest@31edaa7d depends on not successfully finished methods 
[com.Test.Rankmfselenium.BasketSipOrderTest.ClickonVerifyOTP() on instance com.Test.Rankmfselenium.BasketSipOrderTest@31edaa7d]
	at java.base/java.util.ArrayList.forEach(ArrayList.java:1511)
... Removed 18 stack frames</pre></div><a href='#' onClick='toggleBox("stack-trace1817662245", this, "Click to show all stack frames", "Click to hide stack frames")'>Click to show all stack frames</a>
<div class='stack-trace' id='stack-trace1817662245'><pre>java.lang.Throwable: Method com.Test.Rankmfselenium.BasketSipOrderTest.enterotpnum() on instance com.Test.Rankmfselenium.BasketSipOrderTest@31edaa7d depends on not successfully finished methods 
[com.Test.Rankmfselenium.BasketSipOrderTest.ClickonVerifyOTP() on instance com.Test.Rankmfselenium.BasketSipOrderTest@31edaa7d]
	at org.testng.internal.invokers.TestInvoker.invokeTestMethods(TestInvoker.java:159)
	at org.testng.internal.invokers.TestMethodWorker.invokeTestMethods(TestMethodWorker.java:154)
	at org.testng.internal.invokers.TestMethodWorker.run(TestMethodWorker.java:134)
	at java.base/java.util.ArrayList.forEach(ArrayList.java:1511)
	at org.testng.TestRunner.privateRun(TestRunner.java:741)
	at org.testng.TestRunner.run(TestRunner.java:616)
	at org.testng.SuiteRunner.runTest(SuiteRunner.java:421)
	at org.testng.SuiteRunner.runSequentially(SuiteRunner.java:413)
	at org.testng.SuiteRunner.privateRun(SuiteRunner.java:373)
	at org.testng.SuiteRunner.run(SuiteRunner.java:312)
	at org.testng.SuiteRunnerWorker.runSuite(SuiteRunnerWorker.java:52)
	at org.testng.SuiteRunnerWorker.run(SuiteRunnerWorker.java:95)
	at org.testng.TestNG.runSuitesSequentially(TestNG.java:1274)
	at org.testng.TestNG.runSuitesLocally(TestNG.java:1208)
	at org.testng.TestNG.runSuites(TestNG.java:1112)
	at org.testng.TestNG.run(TestNG.java:1079)
	at org.testng.remote.AbstractRemoteTestNG.run(AbstractRemoteTestNG.java:115)
	at org.testng.remote.RemoteTestNG.initAndRun(RemoteTestNG.java:293)
	at org.testng.remote.RemoteTestNG.main(RemoteTestNG.java:91)
</pre></div></td>
<td>0</td>
<td>com.Test.Rankmfselenium.BasketSipOrderTest@31edaa7d</td></tr>
<tr>
<td title='com.Test.Rankmfselenium.BasketlumpsumOrderNetBankingTest.RedirectNetbankingurl()'><b>RedirectNetbankingurl</b><br>Test class: com.Test.Rankmfselenium.BasketlumpsumOrderNetBankingTest</td>
<td><div><pre>java.lang.Throwable: Method com.Test.Rankmfselenium.BasketlumpsumOrderNetBankingTest.RedirectNetbankingurl() on instance com.Test.Rankmfselenium.BasketlumpsumOrderNetBankingTest@205d38da depends on not successfully finished methods 
[com.Test.Rankmfselenium.BasketlumpsumOrderNetBankingTest.enterotpnum() on instance com.Test.Rankmfselenium.BasketlumpsumOrderNetBankingTest@205d38da]
	at java.base/java.util.ArrayList.forEach(ArrayList.java:1511)
... Removed 18 stack frames</pre></div><a href='#' onClick='toggleBox("stack-trace1787913218", this, "Click to show all stack frames", "Click to hide stack frames")'>Click to show all stack frames</a>
<div class='stack-trace' id='stack-trace1787913218'><pre>java.lang.Throwable: Method com.Test.Rankmfselenium.BasketlumpsumOrderNetBankingTest.RedirectNetbankingurl() on instance com.Test.Rankmfselenium.BasketlumpsumOrderNetBankingTest@205d38da depends on not successfully finished methods 
[com.Test.Rankmfselenium.BasketlumpsumOrderNetBankingTest.enterotpnum() on instance com.Test.Rankmfselenium.BasketlumpsumOrderNetBankingTest@205d38da]
	at org.testng.internal.invokers.TestInvoker.invokeTestMethods(TestInvoker.java:159)
	at org.testng.internal.invokers.TestMethodWorker.invokeTestMethods(TestMethodWorker.java:154)
	at org.testng.internal.invokers.TestMethodWorker.run(TestMethodWorker.java:134)
	at java.base/java.util.ArrayList.forEach(ArrayList.java:1511)
	at org.testng.TestRunner.privateRun(TestRunner.java:741)
	at org.testng.TestRunner.run(TestRunner.java:616)
	at org.testng.SuiteRunner.runTest(SuiteRunner.java:421)
	at org.testng.SuiteRunner.runSequentially(SuiteRunner.java:413)
	at org.testng.SuiteRunner.privateRun(SuiteRunner.java:373)
	at org.testng.SuiteRunner.run(SuiteRunner.java:312)
	at org.testng.SuiteRunnerWorker.runSuite(SuiteRunnerWorker.java:52)
	at org.testng.SuiteRunnerWorker.run(SuiteRunnerWorker.java:95)
	at org.testng.TestNG.runSuitesSequentially(TestNG.java:1274)
	at org.testng.TestNG.runSuitesLocally(TestNG.java:1208)
	at org.testng.TestNG.runSuites(TestNG.java:1112)
	at org.testng.TestNG.run(TestNG.java:1079)
	at org.testng.remote.AbstractRemoteTestNG.run(AbstractRemoteTestNG.java:115)
	at org.testng.remote.RemoteTestNG.initAndRun(RemoteTestNG.java:293)
	at org.testng.remote.RemoteTestNG.main(RemoteTestNG.java:91)
</pre></div></td>
<td>0</td>
<td>com.Test.Rankmfselenium.BasketlumpsumOrderNetBankingTest@205d38da</td></tr>
<tr>
<td title='com.Test.Rankmfselenium.BasketLumpsum_NEFTTest.Click_logoutbtn()'><b>Click_logoutbtn</b><br>Test class: com.Test.Rankmfselenium.BasketLumpsum_NEFTTest</td>
<td><div><pre>java.lang.Throwable: Method com.Test.Rankmfselenium.BasketLumpsum_NEFTTest.Click_logoutbtn() on instance com.Test.Rankmfselenium.BasketLumpsum_NEFTTest@3336e6b6 depends on not successfully finished methods 
[com.Test.Rankmfselenium.BasketLumpsum_NEFTTest.Clickon_logout() on instance com.Test.Rankmfselenium.BasketLumpsum_NEFTTest@3336e6b6]
	at java.base/java.util.ArrayList.forEach(ArrayList.java:1511)
... Removed 18 stack frames</pre></div><a href='#' onClick='toggleBox("stack-trace2130400175", this, "Click to show all stack frames", "Click to hide stack frames")'>Click to show all stack frames</a>
<div class='stack-trace' id='stack-trace2130400175'><pre>java.lang.Throwable: Method com.Test.Rankmfselenium.BasketLumpsum_NEFTTest.Click_logoutbtn() on instance com.Test.Rankmfselenium.BasketLumpsum_NEFTTest@3336e6b6 depends on not successfully finished methods 
[com.Test.Rankmfselenium.BasketLumpsum_NEFTTest.Clickon_logout() on instance com.Test.Rankmfselenium.BasketLumpsum_NEFTTest@3336e6b6]
	at org.testng.internal.invokers.TestInvoker.invokeTestMethods(TestInvoker.java:159)
	at org.testng.internal.invokers.TestMethodWorker.invokeTestMethods(TestMethodWorker.java:154)
	at org.testng.internal.invokers.TestMethodWorker.run(TestMethodWorker.java:134)
	at java.base/java.util.ArrayList.forEach(ArrayList.java:1511)
	at org.testng.TestRunner.privateRun(TestRunner.java:741)
	at org.testng.TestRunner.run(TestRunner.java:616)
	at org.testng.SuiteRunner.runTest(SuiteRunner.java:421)
	at org.testng.SuiteRunner.runSequentially(SuiteRunner.java:413)
	at org.testng.SuiteRunner.privateRun(SuiteRunner.java:373)
	at org.testng.SuiteRunner.run(SuiteRunner.java:312)
	at org.testng.SuiteRunnerWorker.runSuite(SuiteRunnerWorker.java:52)
	at org.testng.SuiteRunnerWorker.run(SuiteRunnerWorker.java:95)
	at org.testng.TestNG.runSuitesSequentially(TestNG.java:1274)
	at org.testng.TestNG.runSuitesLocally(TestNG.java:1208)
	at org.testng.TestNG.runSuites(TestNG.java:1112)
	at org.testng.TestNG.run(TestNG.java:1079)
	at org.testng.remote.AbstractRemoteTestNG.run(AbstractRemoteTestNG.java:115)
	at org.testng.remote.RemoteTestNG.initAndRun(RemoteTestNG.java:293)
	at org.testng.remote.RemoteTestNG.main(RemoteTestNG.java:91)
</pre></div></td>
<td>0</td>
<td>com.Test.Rankmfselenium.BasketLumpsum_NEFTTest@3336e6b6</td></tr>
<tr>
<td title='com.Test.Rankmfselenium.BasketSipOrderTest.ClickonVerifyOTP()'><b>ClickonVerifyOTP</b><br>Test class: com.Test.Rankmfselenium.BasketSipOrderTest</td>
<td><div><pre>java.lang.Throwable: Method com.Test.Rankmfselenium.BasketSipOrderTest.ClickonVerifyOTP() on instance com.Test.Rankmfselenium.BasketSipOrderTest@31edaa7d depends on not successfully finished methods 
[com.Test.Rankmfselenium.BasketSipOrderTest.Clickon_Confrim() on instance com.Test.Rankmfselenium.BasketSipOrderTest@31edaa7d]
	at java.base/java.util.ArrayList.forEach(ArrayList.java:1511)
... Removed 18 stack frames</pre></div><a href='#' onClick='toggleBox("stack-trace795156371", this, "Click to show all stack frames", "Click to hide stack frames")'>Click to show all stack frames</a>
<div class='stack-trace' id='stack-trace795156371'><pre>java.lang.Throwable: Method com.Test.Rankmfselenium.BasketSipOrderTest.ClickonVerifyOTP() on instance com.Test.Rankmfselenium.BasketSipOrderTest@31edaa7d depends on not successfully finished methods 
[com.Test.Rankmfselenium.BasketSipOrderTest.Clickon_Confrim() on instance com.Test.Rankmfselenium.BasketSipOrderTest@31edaa7d]
	at org.testng.internal.invokers.TestInvoker.invokeTestMethods(TestInvoker.java:159)
	at org.testng.internal.invokers.TestMethodWorker.invokeTestMethods(TestMethodWorker.java:154)
	at org.testng.internal.invokers.TestMethodWorker.run(TestMethodWorker.java:134)
	at java.base/java.util.ArrayList.forEach(ArrayList.java:1511)
	at org.testng.TestRunner.privateRun(TestRunner.java:741)
	at org.testng.TestRunner.run(TestRunner.java:616)
	at org.testng.SuiteRunner.runTest(SuiteRunner.java:421)
	at org.testng.SuiteRunner.runSequentially(SuiteRunner.java:413)
	at org.testng.SuiteRunner.privateRun(SuiteRunner.java:373)
	at org.testng.SuiteRunner.run(SuiteRunner.java:312)
	at org.testng.SuiteRunnerWorker.runSuite(SuiteRunnerWorker.java:52)
	at org.testng.SuiteRunnerWorker.run(SuiteRunnerWorker.java:95)
	at org.testng.TestNG.runSuitesSequentially(TestNG.java:1274)
	at org.testng.TestNG.runSuitesLocally(TestNG.java:1208)
	at org.testng.TestNG.runSuites(TestNG.java:1112)
	at org.testng.TestNG.run(TestNG.java:1079)
	at org.testng.remote.AbstractRemoteTestNG.run(AbstractRemoteTestNG.java:115)
	at org.testng.remote.RemoteTestNG.initAndRun(RemoteTestNG.java:293)
	at org.testng.remote.RemoteTestNG.main(RemoteTestNG.java:91)
</pre></div></td>
<td>0</td>
<td>com.Test.Rankmfselenium.BasketSipOrderTest@31edaa7d</td></tr>
<tr>
<td title='com.Test.Rankmfselenium.Normal_lumpsumNetbankingTest.Select_PaymentMode()'><b>Select_PaymentMode</b><br>Test class: com.Test.Rankmfselenium.Normal_lumpsumNetbankingTest</td>
<td><div><pre>java.lang.Throwable: Method com.Test.Rankmfselenium.Normal_lumpsumNetbankingTest.Select_PaymentMode() on instance com.Test.Rankmfselenium.Normal_lumpsumNetbankingTest@26adfd2d depends on not successfully finished methods 
[com.Test.Rankmfselenium.Normal_lumpsumNetbankingTest.click_INVEST() on instance com.Test.Rankmfselenium.Normal_lumpsumNetbankingTest@26adfd2d]
	at java.base/java.util.ArrayList.forEach(ArrayList.java:1511)
... Removed 18 stack frames</pre></div><a href='#' onClick='toggleBox("stack-trace180489140", this, "Click to show all stack frames", "Click to hide stack frames")'>Click to show all stack frames</a>
<div class='stack-trace' id='stack-trace180489140'><pre>java.lang.Throwable: Method com.Test.Rankmfselenium.Normal_lumpsumNetbankingTest.Select_PaymentMode() on instance com.Test.Rankmfselenium.Normal_lumpsumNetbankingTest@26adfd2d depends on not successfully finished methods 
[com.Test.Rankmfselenium.Normal_lumpsumNetbankingTest.click_INVEST() on instance com.Test.Rankmfselenium.Normal_lumpsumNetbankingTest@26adfd2d]
	at org.testng.internal.invokers.TestInvoker.invokeTestMethods(TestInvoker.java:159)
	at org.testng.internal.invokers.TestMethodWorker.invokeTestMethods(TestMethodWorker.java:154)
	at org.testng.internal.invokers.TestMethodWorker.run(TestMethodWorker.java:134)
	at java.base/java.util.ArrayList.forEach(ArrayList.java:1511)
	at org.testng.TestRunner.privateRun(TestRunner.java:741)
	at org.testng.TestRunner.run(TestRunner.java:616)
	at org.testng.SuiteRunner.runTest(SuiteRunner.java:421)
	at org.testng.SuiteRunner.runSequentially(SuiteRunner.java:413)
	at org.testng.SuiteRunner.privateRun(SuiteRunner.java:373)
	at org.testng.SuiteRunner.run(SuiteRunner.java:312)
	at org.testng.SuiteRunnerWorker.runSuite(SuiteRunnerWorker.java:52)
	at org.testng.SuiteRunnerWorker.run(SuiteRunnerWorker.java:95)
	at org.testng.TestNG.runSuitesSequentially(TestNG.java:1274)
	at org.testng.TestNG.runSuitesLocally(TestNG.java:1208)
	at org.testng.TestNG.runSuites(TestNG.java:1112)
	at org.testng.TestNG.run(TestNG.java:1079)
	at org.testng.remote.AbstractRemoteTestNG.run(AbstractRemoteTestNG.java:115)
	at org.testng.remote.RemoteTestNG.initAndRun(RemoteTestNG.java:293)
	at org.testng.remote.RemoteTestNG.main(RemoteTestNG.java:91)
</pre></div></td>
<td>0</td>
<td>com.Test.Rankmfselenium.Normal_lumpsumNetbankingTest@26adfd2d</td></tr>
<tr>
<td title='com.Test.Rankmfselenium.BasketSipOrderTest.Clickon_Confrim()'><b>Clickon_Confrim</b><br>Test class: com.Test.Rankmfselenium.BasketSipOrderTest</td>
<td><div><pre>java.lang.Throwable: Method com.Test.Rankmfselenium.BasketSipOrderTest.Clickon_Confrim() on instance com.Test.Rankmfselenium.BasketSipOrderTest@31edaa7d depends on not successfully finished methods 
[com.Test.Rankmfselenium.BasketSipOrderTest.select_startdate() on instance com.Test.Rankmfselenium.BasketSipOrderTest@31edaa7d]
	at java.base/java.util.ArrayList.forEach(ArrayList.java:1511)
... Removed 18 stack frames</pre></div><a href='#' onClick='toggleBox("stack-trace1461360262", this, "Click to show all stack frames", "Click to hide stack frames")'>Click to show all stack frames</a>
<div class='stack-trace' id='stack-trace1461360262'><pre>java.lang.Throwable: Method com.Test.Rankmfselenium.BasketSipOrderTest.Clickon_Confrim() on instance com.Test.Rankmfselenium.BasketSipOrderTest@31edaa7d depends on not successfully finished methods 
[com.Test.Rankmfselenium.BasketSipOrderTest.select_startdate() on instance com.Test.Rankmfselenium.BasketSipOrderTest@31edaa7d]
	at org.testng.internal.invokers.TestInvoker.invokeTestMethods(TestInvoker.java:159)
	at org.testng.internal.invokers.TestMethodWorker.invokeTestMethods(TestMethodWorker.java:154)
	at org.testng.internal.invokers.TestMethodWorker.run(TestMethodWorker.java:134)
	at java.base/java.util.ArrayList.forEach(ArrayList.java:1511)
	at org.testng.TestRunner.privateRun(TestRunner.java:741)
	at org.testng.TestRunner.run(TestRunner.java:616)
	at org.testng.SuiteRunner.runTest(SuiteRunner.java:421)
	at org.testng.SuiteRunner.runSequentially(SuiteRunner.java:413)
	at org.testng.SuiteRunner.privateRun(SuiteRunner.java:373)
	at org.testng.SuiteRunner.run(SuiteRunner.java:312)
	at org.testng.SuiteRunnerWorker.runSuite(SuiteRunnerWorker.java:52)
	at org.testng.SuiteRunnerWorker.run(SuiteRunnerWorker.java:95)
	at org.testng.TestNG.runSuitesSequentially(TestNG.java:1274)
	at org.testng.TestNG.runSuitesLocally(TestNG.java:1208)
	at org.testng.TestNG.runSuites(TestNG.java:1112)
	at org.testng.TestNG.run(TestNG.java:1079)
	at org.testng.remote.AbstractRemoteTestNG.run(AbstractRemoteTestNG.java:115)
	at org.testng.remote.RemoteTestNG.initAndRun(RemoteTestNG.java:293)
	at org.testng.remote.RemoteTestNG.main(RemoteTestNG.java:91)
</pre></div></td>
<td>0</td>
<td>com.Test.Rankmfselenium.BasketSipOrderTest@31edaa7d</td></tr>
<tr>
<td title='com.Test.Rankmfselenium.BasketSipOrderTest.Clickon_cancelsmartsiporder()'><b>Clickon_cancelsmartsiporder</b><br>Test class: com.Test.Rankmfselenium.BasketSipOrderTest</td>
<td><div><pre>java.lang.Throwable: Method com.Test.Rankmfselenium.BasketSipOrderTest.Clickon_cancelsmartsiporder() on instance com.Test.Rankmfselenium.BasketSipOrderTest@31edaa7d depends on not successfully finished methods 
[com.Test.Rankmfselenium.BasketSipOrderTest.RedirectNetbankingurl() on instance com.Test.Rankmfselenium.BasketSipOrderTest@31edaa7d]
	at java.base/java.util.ArrayList.forEach(ArrayList.java:1511)
... Removed 18 stack frames</pre></div><a href='#' onClick='toggleBox("stack-trace411787317", this, "Click to show all stack frames", "Click to hide stack frames")'>Click to show all stack frames</a>
<div class='stack-trace' id='stack-trace411787317'><pre>java.lang.Throwable: Method com.Test.Rankmfselenium.BasketSipOrderTest.Clickon_cancelsmartsiporder() on instance com.Test.Rankmfselenium.BasketSipOrderTest@31edaa7d depends on not successfully finished methods 
[com.Test.Rankmfselenium.BasketSipOrderTest.RedirectNetbankingurl() on instance com.Test.Rankmfselenium.BasketSipOrderTest@31edaa7d]
	at org.testng.internal.invokers.TestInvoker.invokeTestMethods(TestInvoker.java:159)
	at org.testng.internal.invokers.TestMethodWorker.invokeTestMethods(TestMethodWorker.java:154)
	at org.testng.internal.invokers.TestMethodWorker.run(TestMethodWorker.java:134)
	at java.base/java.util.ArrayList.forEach(ArrayList.java:1511)
	at org.testng.TestRunner.privateRun(TestRunner.java:741)
	at org.testng.TestRunner.run(TestRunner.java:616)
	at org.testng.SuiteRunner.runTest(SuiteRunner.java:421)
	at org.testng.SuiteRunner.runSequentially(SuiteRunner.java:413)
	at org.testng.SuiteRunner.privateRun(SuiteRunner.java:373)
	at org.testng.SuiteRunner.run(SuiteRunner.java:312)
	at org.testng.SuiteRunnerWorker.runSuite(SuiteRunnerWorker.java:52)
	at org.testng.SuiteRunnerWorker.run(SuiteRunnerWorker.java:95)
	at org.testng.TestNG.runSuitesSequentially(TestNG.java:1274)
	at org.testng.TestNG.runSuitesLocally(TestNG.java:1208)
	at org.testng.TestNG.runSuites(TestNG.java:1112)
	at org.testng.TestNG.run(TestNG.java:1079)
	at org.testng.remote.AbstractRemoteTestNG.run(AbstractRemoteTestNG.java:115)
	at org.testng.remote.RemoteTestNG.initAndRun(RemoteTestNG.java:293)
	at org.testng.remote.RemoteTestNG.main(RemoteTestNG.java:91)
</pre></div></td>
<td>0</td>
<td>com.Test.Rankmfselenium.BasketSipOrderTest@31edaa7d</td></tr>
</table><p>
</body>
</html>