<?xml version="1.0" encoding="UTF-8"?>
<!-- Generated by org.testng.reporters.JUnitXMLReporter -->
<testsuite ignored="0" hostname="DESKTOP-KMVAA5F" failures="1" tests="17" name="BasketSmartsiporderTest" time="36.666" errors="0" timestamp="2022-05-10T11:23:04 IST">
  <testcase classname="com.Test.Rankmfselenium.BasketSmartsiporderTest" name="ClickonSigninPage" time="0.843"/>
  <testcase classname="com.Test.Rankmfselenium.BasketSmartsiporderTest" name="Clickon_TotalInvestmentvalue" time="2.638"/>
  <testcase classname="com.Test.Rankmfselenium.BasketSmartsiporderTest" name="Click_HomePage" time="4.909"/>
  <testcase classname="com.Test.Rankmfselenium.BasketSmartsiporderTest" name="Click_Investsmartsip" time="3.228"/>
  <testcase classname="com.Test.Rankmfselenium.BasketSmartsiporderTest" name="Click_smartsip" time="2.247"/>
  <testcase classname="com.Test.Rankmfselenium.BasketSmartsiporderTest" name="click_continue" time="4.04"/>
  <testcase classname="com.Test.Rankmfselenium.BasketSmartsiporderTest" name="Installementdate" time="5.22"/>
  <testcase classname="com.Test.Rankmfselenium.BasketSmartsiporderTest" name="InstallementStartdate" time="2.589"/>
  <testcase classname="com.Test.Rankmfselenium.BasketSmartsiporderTest" name="Clickalert" time="2.134"/>
  <testcase classname="com.Test.Rankmfselenium.BasketSmartsiporderTest" name="check_VerifyOTP" time="2.305"/>
  <testcase classname="com.Test.Rankmfselenium.BasketSmartsiporderTest" name="check_enterotpnum" time="2.166">
    <failure type="java.lang.IllegalArgumentException" message="Keys to send should be a not null CharSequence">
      <![CDATA[java.lang.IllegalArgumentException: Keys to send should be a not null CharSequence
at org.openqa.selenium.remote.RemoteWebElement.sendKeys(RemoteWebElement.java:97)
at com.Test.RANKMFSELENIUM.BasketAction.Enterotpnumber(BasketAction.java:38)
at com.Test.Rankmfselenium.BasketSmartsiporderTest.check_enterotpnum(BasketSmartsiporderTest.java:113)
at java.base/java.util.ArrayList.forEach(ArrayList.java:1511)
... Removed 30 stack frames]]>
    </failure>
  </testcase> <!-- check_enterotpnum -->
  <testcase classname="com.Test.Rankmfselenium.BasketSmartsiporderTest" name="Clickon_confirmcontinue" time="0.0">
    <skipped/>
  </testcase> <!-- Clickon_confirmcontinue -->
  <testcase classname="com.Test.Rankmfselenium.BasketSmartsiporderTest" name="Clickon_fetchsmartsippalcedorder" time="0.0">
    <skipped/>
  </testcase> <!-- Clickon_fetchsmartsippalcedorder -->
  <testcase classname="com.Test.Rankmfselenium.BasketSmartsiporderTest" name="Clickon_closepopup" time="0.001">
    <skipped/>
  </testcase> <!-- Clickon_closepopup -->
  <testcase classname="com.Test.Rankmfselenium.BasketSmartsiporderTest" name="Clickon_cancelsmartsiporder" time="0.0">
    <skipped/>
  </testcase> <!-- Clickon_cancelsmartsiporder -->
  <testcase classname="com.Test.Rankmfselenium.BasketSmartsiporderTest" name="Clickon_logout" time="0.0">
    <skipped/>
  </testcase> <!-- Clickon_logout -->
  <testcase classname="com.Test.Rankmfselenium.BasketSmartsiporderTest" name="Click_logoutbtn" time="0.0">
    <skipped/>
  </testcase> <!-- Click_logoutbtn -->
</testsuite> <!-- BasketSmartsiporderTest -->
