<html>
<head>
<title>TestNG:  BasketSmartsiporderTest</title>
<link href="../testng.css" rel="stylesheet" type="text/css" />
<link href="../my-testng.css" rel="stylesheet" type="text/css" />

<style type="text/css">
.log { display: none;} 
.stack-trace { display: none;} 
</style>
<script type="text/javascript">
<!--
function flip(e) {
  current = e.style.display;
  if (current == 'block') {
    e.style.display = 'none';
    return 0;
  }
  else {
    e.style.display = 'block';
    return 1;
  }
}

function toggleBox(szDivId, elem, msg1, msg2)
{
  var res = -1;  if (document.getElementById) {
    res = flip(document.getElementById(szDivId));
  }
  else if (document.all) {
    // this is the way old msie versions work
    res = flip(document.all[szDivId]);
  }
  if(elem) {
    if(res == 0) elem.innerHTML = msg1; else elem.innerHTML = msg2;
  }

}

function toggleAllBoxes() {
  if (document.getElementsByTagName) {
    d = document.getElementsByTagName('div');
    for (i = 0; i < d.length; i++) {
      if (d[i].className == 'log') {
        flip(d[i]);
      }
    }
  }
}

// -->
</script>

</head>
<body>
<h2 align='center'>BasketSmartsiporderTest</h2><table border='1' align="center">
<tr>
<td>Tests passed/Failed/Skipped:</td><td>10/1/6</td>
</tr><tr>
<td>Started on:</td><td>Tue May 10 11:22:27 IST 2022</td>
</tr>
<tr><td>Total time:</td><td>36 seconds (36666 ms)</td>
</tr><tr>
<td>Included groups:</td><td></td>
</tr><tr>
<td>Excluded groups:</td><td></td>
</tr>
</table><p/>
<small><i>(Hover the method name to see the test class name)</i></small><p/>
<table width='100%' border='1' class='invocation-failed'>
<tr><td colspan='4' align='center'><b>FAILED TESTS</b></td></tr>
<tr><td><b>Test method</b></td>
<td width="30%"><b>Exception</b></td>
<td width="10%"><b>Time (seconds)</b></td>
<td><b>Instance</b></td>
</tr>
<tr>
<td title='com.Test.Rankmfselenium.BasketSmartsiporderTest.check_enterotpnum()'><b>check_enterotpnum</b><br>Test class: com.Test.Rankmfselenium.BasketSmartsiporderTest</td>
<td><div><pre>java.lang.IllegalArgumentException: Keys to send should be a not null CharSequence
	at org.openqa.selenium.remote.RemoteWebElement.sendKeys(RemoteWebElement.java:97)
	at com.Test.RANKMFSELENIUM.BasketAction.Enterotpnumber(BasketAction.java:38)
	at com.Test.Rankmfselenium.BasketSmartsiporderTest.check_enterotpnum(BasketSmartsiporderTest.java:113)
	at java.base/java.util.ArrayList.forEach(ArrayList.java:1511)
... Removed 30 stack frames</pre></div><a href='#' onClick='toggleBox("stack-trace1446615966", this, "Click to show all stack frames", "Click to hide stack frames")'>Click to show all stack frames</a>
<div class='stack-trace' id='stack-trace1446615966'><pre>java.lang.IllegalArgumentException: Keys to send should be a not null CharSequence
	at org.openqa.selenium.remote.RemoteWebElement.sendKeys(RemoteWebElement.java:97)
	at com.Test.RANKMFSELENIUM.BasketAction.Enterotpnumber(BasketAction.java:38)
	at com.Test.Rankmfselenium.BasketSmartsiporderTest.check_enterotpnum(BasketSmartsiporderTest.java:113)
	at java.base/jdk.internal.reflect.NativeMethodAccessorImpl.invoke0(Native Method)
	at java.base/jdk.internal.reflect.NativeMethodAccessorImpl.invoke(NativeMethodAccessorImpl.java:77)
	at java.base/jdk.internal.reflect.DelegatingMethodAccessorImpl.invoke(DelegatingMethodAccessorImpl.java:43)
	at java.base/java.lang.reflect.Method.invoke(Method.java:568)
	at org.testng.internal.invokers.MethodInvocationHelper.invokeMethod(MethodInvocationHelper.java:135)
	at org.testng.internal.invokers.TestInvoker.invokeMethod(TestInvoker.java:673)
	at org.testng.internal.invokers.TestInvoker.invokeTestMethod(TestInvoker.java:220)
	at org.testng.internal.invokers.MethodRunner.runInSequence(MethodRunner.java:50)
	at org.testng.internal.invokers.TestInvoker$MethodInvocationAgent.invoke(TestInvoker.java:945)
	at org.testng.internal.invokers.TestInvoker.invokeTestMethods(TestInvoker.java:193)
	at org.testng.internal.invokers.TestMethodWorker.invokeTestMethods(TestMethodWorker.java:146)
	at org.testng.internal.invokers.TestMethodWorker.run(TestMethodWorker.java:128)
	at java.base/java.util.ArrayList.forEach(ArrayList.java:1511)
	at org.testng.TestRunner.privateRun(TestRunner.java:808)
	at org.testng.TestRunner.run(TestRunner.java:603)
	at org.testng.SuiteRunner.runTest(SuiteRunner.java:429)
	at org.testng.SuiteRunner.runSequentially(SuiteRunner.java:423)
	at org.testng.SuiteRunner.privateRun(SuiteRunner.java:383)
	at org.testng.SuiteRunner.run(SuiteRunner.java:326)
	at org.testng.SuiteRunnerWorker.runSuite(SuiteRunnerWorker.java:52)
	at org.testng.SuiteRunnerWorker.run(SuiteRunnerWorker.java:95)
	at org.testng.TestNG.runSuitesSequentially(TestNG.java:1249)
	at org.testng.TestNG.runSuitesLocally(TestNG.java:1169)
	at org.testng.TestNG.runSuites(TestNG.java:1092)
	at org.testng.TestNG.run(TestNG.java:1060)
	at org.apache.maven.surefire.testng.TestNGExecutor.run(TestNGExecutor.java:293)
	at org.apache.maven.surefire.testng.TestNGXmlTestSuite.execute(TestNGXmlTestSuite.java:84)
	at org.apache.maven.surefire.testng.TestNGProvider.invoke(TestNGProvider.java:91)
	at org.apache.maven.surefire.booter.ForkedBooter.invokeProviderInSameClassLoader(ForkedBooter.java:200)
	at org.apache.maven.surefire.booter.ForkedBooter.runSuitesInProcess(ForkedBooter.java:153)
	at org.apache.maven.surefire.booter.ForkedBooter.main(ForkedBooter.java:103)
</pre></div></td>
<td>2</td>
<td>com.Test.Rankmfselenium.BasketSmartsiporderTest@bae7dc0</td></tr>
</table><p>
<table width='100%' border='1' class='invocation-passed'>
<tr><td colspan='4' align='center'><b>PASSED TESTS</b></td></tr>
<tr><td><b>Test method</b></td>
<td width="30%"><b>Exception</b></td>
<td width="10%"><b>Time (seconds)</b></td>
<td><b>Instance</b></td>
</tr>
<tr>
<td title='com.Test.Rankmfselenium.BasketSmartsiporderTest.click_continue()'><b>click_continue</b><br>Test class: com.Test.Rankmfselenium.BasketSmartsiporderTest</td>
<td></td>
<td>4</td>
<td>com.Test.Rankmfselenium.BasketSmartsiporderTest@bae7dc0</td></tr>
<tr>
<td title='com.Test.Rankmfselenium.BasketSmartsiporderTest.InstallementStartdate()'><b>InstallementStartdate</b><br>Test class: com.Test.Rankmfselenium.BasketSmartsiporderTest</td>
<td></td>
<td>2</td>
<td>com.Test.Rankmfselenium.BasketSmartsiporderTest@bae7dc0</td></tr>
<tr>
<td title='com.Test.Rankmfselenium.BasketSmartsiporderTest.check_VerifyOTP()'><b>check_VerifyOTP</b><br>Test class: com.Test.Rankmfselenium.BasketSmartsiporderTest</td>
<td></td>
<td>2</td>
<td>com.Test.Rankmfselenium.BasketSmartsiporderTest@bae7dc0</td></tr>
<tr>
<td title='com.Test.Rankmfselenium.BasketSmartsiporderTest.Click_Investsmartsip()'><b>Click_Investsmartsip</b><br>Test class: com.Test.Rankmfselenium.BasketSmartsiporderTest</td>
<td></td>
<td>3</td>
<td>com.Test.Rankmfselenium.BasketSmartsiporderTest@bae7dc0</td></tr>
<tr>
<td title='com.Test.Rankmfselenium.BasketSmartsiporderTest.Click_HomePage()'><b>Click_HomePage</b><br>Test class: com.Test.Rankmfselenium.BasketSmartsiporderTest</td>
<td></td>
<td>4</td>
<td>com.Test.Rankmfselenium.BasketSmartsiporderTest@bae7dc0</td></tr>
<tr>
<td title='com.Test.Rankmfselenium.BasketSmartsiporderTest.Click_smartsip()'><b>Click_smartsip</b><br>Test class: com.Test.Rankmfselenium.BasketSmartsiporderTest</td>
<td></td>
<td>2</td>
<td>com.Test.Rankmfselenium.BasketSmartsiporderTest@bae7dc0</td></tr>
<tr>
<td title='com.Test.Rankmfselenium.BasketSmartsiporderTest.Clickalert()'><b>Clickalert</b><br>Test class: com.Test.Rankmfselenium.BasketSmartsiporderTest</td>
<td></td>
<td>2</td>
<td>com.Test.Rankmfselenium.BasketSmartsiporderTest@bae7dc0</td></tr>
<tr>
<td title='com.Test.Rankmfselenium.BasketSmartsiporderTest.Clickon_TotalInvestmentvalue()'><b>Clickon_TotalInvestmentvalue</b><br>Test class: com.Test.Rankmfselenium.BasketSmartsiporderTest</td>
<td></td>
<td>2</td>
<td>com.Test.Rankmfselenium.BasketSmartsiporderTest@bae7dc0</td></tr>
<tr>
<td title='com.Test.Rankmfselenium.BasketSmartsiporderTest.Installementdate()'><b>Installementdate</b><br>Test class: com.Test.Rankmfselenium.BasketSmartsiporderTest</td>
<td></td>
<td>5</td>
<td>com.Test.Rankmfselenium.BasketSmartsiporderTest@bae7dc0</td></tr>
<tr>
<td title='com.Test.Rankmfselenium.BasketSmartsiporderTest.ClickonSigninPage()'><b>ClickonSigninPage</b><br>Test class: com.Test.Rankmfselenium.BasketSmartsiporderTest</td>
<td></td>
<td>0</td>
<td>com.Test.Rankmfselenium.BasketSmartsiporderTest@bae7dc0</td></tr>
</table><p>
<table width='100%' border='1' class='invocation-skipped'>
<tr><td colspan='4' align='center'><b>SKIPPED TESTS</b></td></tr>
<tr><td><b>Test method</b></td>
<td width="30%"><b>Exception</b></td>
<td width="10%"><b>Time (seconds)</b></td>
<td><b>Instance</b></td>
</tr>
<tr>
<td title='com.Test.Rankmfselenium.BasketSmartsiporderTest.Clickon_fetchsmartsippalcedorder()'><b>Clickon_fetchsmartsippalcedorder</b><br>Test class: com.Test.Rankmfselenium.BasketSmartsiporderTest</td>
<td><div><pre>java.lang.Throwable: Method com.Test.Rankmfselenium.BasketSmartsiporderTest.Clickon_fetchsmartsippalcedorder() on instance com.Test.Rankmfselenium.BasketSmartsiporderTest@bae7dc0 depends on not successfully finished methods 
[com.Test.Rankmfselenium.BasketSmartsiporderTest.Clickon_confirmcontinue() on instance com.Test.Rankmfselenium.BasketSmartsiporderTest@bae7dc0]
	at java.base/java.util.ArrayList.forEach(ArrayList.java:1511)
... Removed 21 stack frames</pre></div><a href='#' onClick='toggleBox("stack-trace1140697305", this, "Click to show all stack frames", "Click to hide stack frames")'>Click to show all stack frames</a>
<div class='stack-trace' id='stack-trace1140697305'><pre>java.lang.Throwable: Method com.Test.Rankmfselenium.BasketSmartsiporderTest.Clickon_fetchsmartsippalcedorder() on instance com.Test.Rankmfselenium.BasketSmartsiporderTest@bae7dc0 depends on not successfully finished methods 
[com.Test.Rankmfselenium.BasketSmartsiporderTest.Clickon_confirmcontinue() on instance com.Test.Rankmfselenium.BasketSmartsiporderTest@bae7dc0]
	at org.testng.internal.invokers.TestInvoker.invokeTestMethods(TestInvoker.java:149)
	at org.testng.internal.invokers.TestMethodWorker.invokeTestMethods(TestMethodWorker.java:146)
	at org.testng.internal.invokers.TestMethodWorker.run(TestMethodWorker.java:128)
	at java.base/java.util.ArrayList.forEach(ArrayList.java:1511)
	at org.testng.TestRunner.privateRun(TestRunner.java:808)
	at org.testng.TestRunner.run(TestRunner.java:603)
	at org.testng.SuiteRunner.runTest(SuiteRunner.java:429)
	at org.testng.SuiteRunner.runSequentially(SuiteRunner.java:423)
	at org.testng.SuiteRunner.privateRun(SuiteRunner.java:383)
	at org.testng.SuiteRunner.run(SuiteRunner.java:326)
	at org.testng.SuiteRunnerWorker.runSuite(SuiteRunnerWorker.java:52)
	at org.testng.SuiteRunnerWorker.run(SuiteRunnerWorker.java:95)
	at org.testng.TestNG.runSuitesSequentially(TestNG.java:1249)
	at org.testng.TestNG.runSuitesLocally(TestNG.java:1169)
	at org.testng.TestNG.runSuites(TestNG.java:1092)
	at org.testng.TestNG.run(TestNG.java:1060)
	at org.apache.maven.surefire.testng.TestNGExecutor.run(TestNGExecutor.java:293)
	at org.apache.maven.surefire.testng.TestNGXmlTestSuite.execute(TestNGXmlTestSuite.java:84)
	at org.apache.maven.surefire.testng.TestNGProvider.invoke(TestNGProvider.java:91)
	at org.apache.maven.surefire.booter.ForkedBooter.invokeProviderInSameClassLoader(ForkedBooter.java:200)
	at org.apache.maven.surefire.booter.ForkedBooter.runSuitesInProcess(ForkedBooter.java:153)
	at org.apache.maven.surefire.booter.ForkedBooter.main(ForkedBooter.java:103)
</pre></div></td>
<td>0</td>
<td>com.Test.Rankmfselenium.BasketSmartsiporderTest@bae7dc0</td></tr>
<tr>
<td title='com.Test.Rankmfselenium.BasketSmartsiporderTest.Clickon_logout()'><b>Clickon_logout</b><br>Test class: com.Test.Rankmfselenium.BasketSmartsiporderTest</td>
<td><div><pre>java.lang.Throwable: Method com.Test.Rankmfselenium.BasketSmartsiporderTest.Clickon_logout() on instance com.Test.Rankmfselenium.BasketSmartsiporderTest@bae7dc0 depends on not successfully finished methods 
[com.Test.Rankmfselenium.BasketSmartsiporderTest.Clickon_cancelsmartsiporder() on instance com.Test.Rankmfselenium.BasketSmartsiporderTest@bae7dc0]
	at java.base/java.util.ArrayList.forEach(ArrayList.java:1511)
... Removed 21 stack frames</pre></div><a href='#' onClick='toggleBox("stack-trace683523720", this, "Click to show all stack frames", "Click to hide stack frames")'>Click to show all stack frames</a>
<div class='stack-trace' id='stack-trace683523720'><pre>java.lang.Throwable: Method com.Test.Rankmfselenium.BasketSmartsiporderTest.Clickon_logout() on instance com.Test.Rankmfselenium.BasketSmartsiporderTest@bae7dc0 depends on not successfully finished methods 
[com.Test.Rankmfselenium.BasketSmartsiporderTest.Clickon_cancelsmartsiporder() on instance com.Test.Rankmfselenium.BasketSmartsiporderTest@bae7dc0]
	at org.testng.internal.invokers.TestInvoker.invokeTestMethods(TestInvoker.java:149)
	at org.testng.internal.invokers.TestMethodWorker.invokeTestMethods(TestMethodWorker.java:146)
	at org.testng.internal.invokers.TestMethodWorker.run(TestMethodWorker.java:128)
	at java.base/java.util.ArrayList.forEach(ArrayList.java:1511)
	at org.testng.TestRunner.privateRun(TestRunner.java:808)
	at org.testng.TestRunner.run(TestRunner.java:603)
	at org.testng.SuiteRunner.runTest(SuiteRunner.java:429)
	at org.testng.SuiteRunner.runSequentially(SuiteRunner.java:423)
	at org.testng.SuiteRunner.privateRun(SuiteRunner.java:383)
	at org.testng.SuiteRunner.run(SuiteRunner.java:326)
	at org.testng.SuiteRunnerWorker.runSuite(SuiteRunnerWorker.java:52)
	at org.testng.SuiteRunnerWorker.run(SuiteRunnerWorker.java:95)
	at org.testng.TestNG.runSuitesSequentially(TestNG.java:1249)
	at org.testng.TestNG.runSuitesLocally(TestNG.java:1169)
	at org.testng.TestNG.runSuites(TestNG.java:1092)
	at org.testng.TestNG.run(TestNG.java:1060)
	at org.apache.maven.surefire.testng.TestNGExecutor.run(TestNGExecutor.java:293)
	at org.apache.maven.surefire.testng.TestNGXmlTestSuite.execute(TestNGXmlTestSuite.java:84)
	at org.apache.maven.surefire.testng.TestNGProvider.invoke(TestNGProvider.java:91)
	at org.apache.maven.surefire.booter.ForkedBooter.invokeProviderInSameClassLoader(ForkedBooter.java:200)
	at org.apache.maven.surefire.booter.ForkedBooter.runSuitesInProcess(ForkedBooter.java:153)
	at org.apache.maven.surefire.booter.ForkedBooter.main(ForkedBooter.java:103)
</pre></div></td>
<td>0</td>
<td>com.Test.Rankmfselenium.BasketSmartsiporderTest@bae7dc0</td></tr>
<tr>
<td title='com.Test.Rankmfselenium.BasketSmartsiporderTest.Clickon_confirmcontinue()'><b>Clickon_confirmcontinue</b><br>Test class: com.Test.Rankmfselenium.BasketSmartsiporderTest</td>
<td><div><pre>java.lang.Throwable: Method com.Test.Rankmfselenium.BasketSmartsiporderTest.Clickon_confirmcontinue() on instance com.Test.Rankmfselenium.BasketSmartsiporderTest@bae7dc0 depends on not successfully finished methods 
[com.Test.Rankmfselenium.BasketSmartsiporderTest.check_enterotpnum() on instance com.Test.Rankmfselenium.BasketSmartsiporderTest@bae7dc0]
	at java.base/java.util.ArrayList.forEach(ArrayList.java:1511)
... Removed 21 stack frames</pre></div><a href='#' onClick='toggleBox("stack-trace884599555", this, "Click to show all stack frames", "Click to hide stack frames")'>Click to show all stack frames</a>
<div class='stack-trace' id='stack-trace884599555'><pre>java.lang.Throwable: Method com.Test.Rankmfselenium.BasketSmartsiporderTest.Clickon_confirmcontinue() on instance com.Test.Rankmfselenium.BasketSmartsiporderTest@bae7dc0 depends on not successfully finished methods 
[com.Test.Rankmfselenium.BasketSmartsiporderTest.check_enterotpnum() on instance com.Test.Rankmfselenium.BasketSmartsiporderTest@bae7dc0]
	at org.testng.internal.invokers.TestInvoker.invokeTestMethods(TestInvoker.java:149)
	at org.testng.internal.invokers.TestMethodWorker.invokeTestMethods(TestMethodWorker.java:146)
	at org.testng.internal.invokers.TestMethodWorker.run(TestMethodWorker.java:128)
	at java.base/java.util.ArrayList.forEach(ArrayList.java:1511)
	at org.testng.TestRunner.privateRun(TestRunner.java:808)
	at org.testng.TestRunner.run(TestRunner.java:603)
	at org.testng.SuiteRunner.runTest(SuiteRunner.java:429)
	at org.testng.SuiteRunner.runSequentially(SuiteRunner.java:423)
	at org.testng.SuiteRunner.privateRun(SuiteRunner.java:383)
	at org.testng.SuiteRunner.run(SuiteRunner.java:326)
	at org.testng.SuiteRunnerWorker.runSuite(SuiteRunnerWorker.java:52)
	at org.testng.SuiteRunnerWorker.run(SuiteRunnerWorker.java:95)
	at org.testng.TestNG.runSuitesSequentially(TestNG.java:1249)
	at org.testng.TestNG.runSuitesLocally(TestNG.java:1169)
	at org.testng.TestNG.runSuites(TestNG.java:1092)
	at org.testng.TestNG.run(TestNG.java:1060)
	at org.apache.maven.surefire.testng.TestNGExecutor.run(TestNGExecutor.java:293)
	at org.apache.maven.surefire.testng.TestNGXmlTestSuite.execute(TestNGXmlTestSuite.java:84)
	at org.apache.maven.surefire.testng.TestNGProvider.invoke(TestNGProvider.java:91)
	at org.apache.maven.surefire.booter.ForkedBooter.invokeProviderInSameClassLoader(ForkedBooter.java:200)
	at org.apache.maven.surefire.booter.ForkedBooter.runSuitesInProcess(ForkedBooter.java:153)
	at org.apache.maven.surefire.booter.ForkedBooter.main(ForkedBooter.java:103)
</pre></div></td>
<td>0</td>
<td>com.Test.Rankmfselenium.BasketSmartsiporderTest@bae7dc0</td></tr>
<tr>
<td title='com.Test.Rankmfselenium.BasketSmartsiporderTest.Clickon_closepopup()'><b>Clickon_closepopup</b><br>Test class: com.Test.Rankmfselenium.BasketSmartsiporderTest</td>
<td><div><pre>java.lang.Throwable: Method com.Test.Rankmfselenium.BasketSmartsiporderTest.Clickon_closepopup() on instance com.Test.Rankmfselenium.BasketSmartsiporderTest@bae7dc0 depends on not successfully finished methods 
[com.Test.Rankmfselenium.BasketSmartsiporderTest.Clickon_fetchsmartsippalcedorder() on instance com.Test.Rankmfselenium.BasketSmartsiporderTest@bae7dc0]
	at java.base/java.util.ArrayList.forEach(ArrayList.java:1511)
... Removed 21 stack frames</pre></div><a href='#' onClick='toggleBox("stack-trace1238905282", this, "Click to show all stack frames", "Click to hide stack frames")'>Click to show all stack frames</a>
<div class='stack-trace' id='stack-trace1238905282'><pre>java.lang.Throwable: Method com.Test.Rankmfselenium.BasketSmartsiporderTest.Clickon_closepopup() on instance com.Test.Rankmfselenium.BasketSmartsiporderTest@bae7dc0 depends on not successfully finished methods 
[com.Test.Rankmfselenium.BasketSmartsiporderTest.Clickon_fetchsmartsippalcedorder() on instance com.Test.Rankmfselenium.BasketSmartsiporderTest@bae7dc0]
	at org.testng.internal.invokers.TestInvoker.invokeTestMethods(TestInvoker.java:149)
	at org.testng.internal.invokers.TestMethodWorker.invokeTestMethods(TestMethodWorker.java:146)
	at org.testng.internal.invokers.TestMethodWorker.run(TestMethodWorker.java:128)
	at java.base/java.util.ArrayList.forEach(ArrayList.java:1511)
	at org.testng.TestRunner.privateRun(TestRunner.java:808)
	at org.testng.TestRunner.run(TestRunner.java:603)
	at org.testng.SuiteRunner.runTest(SuiteRunner.java:429)
	at org.testng.SuiteRunner.runSequentially(SuiteRunner.java:423)
	at org.testng.SuiteRunner.privateRun(SuiteRunner.java:383)
	at org.testng.SuiteRunner.run(SuiteRunner.java:326)
	at org.testng.SuiteRunnerWorker.runSuite(SuiteRunnerWorker.java:52)
	at org.testng.SuiteRunnerWorker.run(SuiteRunnerWorker.java:95)
	at org.testng.TestNG.runSuitesSequentially(TestNG.java:1249)
	at org.testng.TestNG.runSuitesLocally(TestNG.java:1169)
	at org.testng.TestNG.runSuites(TestNG.java:1092)
	at org.testng.TestNG.run(TestNG.java:1060)
	at org.apache.maven.surefire.testng.TestNGExecutor.run(TestNGExecutor.java:293)
	at org.apache.maven.surefire.testng.TestNGXmlTestSuite.execute(TestNGXmlTestSuite.java:84)
	at org.apache.maven.surefire.testng.TestNGProvider.invoke(TestNGProvider.java:91)
	at org.apache.maven.surefire.booter.ForkedBooter.invokeProviderInSameClassLoader(ForkedBooter.java:200)
	at org.apache.maven.surefire.booter.ForkedBooter.runSuitesInProcess(ForkedBooter.java:153)
	at org.apache.maven.surefire.booter.ForkedBooter.main(ForkedBooter.java:103)
</pre></div></td>
<td>0</td>
<td>com.Test.Rankmfselenium.BasketSmartsiporderTest@bae7dc0</td></tr>
<tr>
<td title='com.Test.Rankmfselenium.BasketSmartsiporderTest.Clickon_cancelsmartsiporder()'><b>Clickon_cancelsmartsiporder</b><br>Test class: com.Test.Rankmfselenium.BasketSmartsiporderTest</td>
<td><div><pre>java.lang.Throwable: Method com.Test.Rankmfselenium.BasketSmartsiporderTest.Clickon_cancelsmartsiporder() on instance com.Test.Rankmfselenium.BasketSmartsiporderTest@bae7dc0 depends on not successfully finished methods 
[com.Test.Rankmfselenium.BasketSmartsiporderTest.Clickon_closepopup() on instance com.Test.Rankmfselenium.BasketSmartsiporderTest@bae7dc0]
	at java.base/java.util.ArrayList.forEach(ArrayList.java:1511)
... Removed 21 stack frames</pre></div><a href='#' onClick='toggleBox("stack-trace1403495948", this, "Click to show all stack frames", "Click to hide stack frames")'>Click to show all stack frames</a>
<div class='stack-trace' id='stack-trace1403495948'><pre>java.lang.Throwable: Method com.Test.Rankmfselenium.BasketSmartsiporderTest.Clickon_cancelsmartsiporder() on instance com.Test.Rankmfselenium.BasketSmartsiporderTest@bae7dc0 depends on not successfully finished methods 
[com.Test.Rankmfselenium.BasketSmartsiporderTest.Clickon_closepopup() on instance com.Test.Rankmfselenium.BasketSmartsiporderTest@bae7dc0]
	at org.testng.internal.invokers.TestInvoker.invokeTestMethods(TestInvoker.java:149)
	at org.testng.internal.invokers.TestMethodWorker.invokeTestMethods(TestMethodWorker.java:146)
	at org.testng.internal.invokers.TestMethodWorker.run(TestMethodWorker.java:128)
	at java.base/java.util.ArrayList.forEach(ArrayList.java:1511)
	at org.testng.TestRunner.privateRun(TestRunner.java:808)
	at org.testng.TestRunner.run(TestRunner.java:603)
	at org.testng.SuiteRunner.runTest(SuiteRunner.java:429)
	at org.testng.SuiteRunner.runSequentially(SuiteRunner.java:423)
	at org.testng.SuiteRunner.privateRun(SuiteRunner.java:383)
	at org.testng.SuiteRunner.run(SuiteRunner.java:326)
	at org.testng.SuiteRunnerWorker.runSuite(SuiteRunnerWorker.java:52)
	at org.testng.SuiteRunnerWorker.run(SuiteRunnerWorker.java:95)
	at org.testng.TestNG.runSuitesSequentially(TestNG.java:1249)
	at org.testng.TestNG.runSuitesLocally(TestNG.java:1169)
	at org.testng.TestNG.runSuites(TestNG.java:1092)
	at org.testng.TestNG.run(TestNG.java:1060)
	at org.apache.maven.surefire.testng.TestNGExecutor.run(TestNGExecutor.java:293)
	at org.apache.maven.surefire.testng.TestNGXmlTestSuite.execute(TestNGXmlTestSuite.java:84)
	at org.apache.maven.surefire.testng.TestNGProvider.invoke(TestNGProvider.java:91)
	at org.apache.maven.surefire.booter.ForkedBooter.invokeProviderInSameClassLoader(ForkedBooter.java:200)
	at org.apache.maven.surefire.booter.ForkedBooter.runSuitesInProcess(ForkedBooter.java:153)
	at org.apache.maven.surefire.booter.ForkedBooter.main(ForkedBooter.java:103)
</pre></div></td>
<td>0</td>
<td>com.Test.Rankmfselenium.BasketSmartsiporderTest@bae7dc0</td></tr>
<tr>
<td title='com.Test.Rankmfselenium.BasketSmartsiporderTest.Click_logoutbtn()'><b>Click_logoutbtn</b><br>Test class: com.Test.Rankmfselenium.BasketSmartsiporderTest</td>
<td><div><pre>java.lang.Throwable: Method com.Test.Rankmfselenium.BasketSmartsiporderTest.Click_logoutbtn() on instance com.Test.Rankmfselenium.BasketSmartsiporderTest@bae7dc0 depends on not successfully finished methods 
[com.Test.Rankmfselenium.BasketSmartsiporderTest.Clickon_logout() on instance com.Test.Rankmfselenium.BasketSmartsiporderTest@bae7dc0]
	at java.base/java.util.ArrayList.forEach(ArrayList.java:1511)
... Removed 21 stack frames</pre></div><a href='#' onClick='toggleBox("stack-trace111702054", this, "Click to show all stack frames", "Click to hide stack frames")'>Click to show all stack frames</a>
<div class='stack-trace' id='stack-trace111702054'><pre>java.lang.Throwable: Method com.Test.Rankmfselenium.BasketSmartsiporderTest.Click_logoutbtn() on instance com.Test.Rankmfselenium.BasketSmartsiporderTest@bae7dc0 depends on not successfully finished methods 
[com.Test.Rankmfselenium.BasketSmartsiporderTest.Clickon_logout() on instance com.Test.Rankmfselenium.BasketSmartsiporderTest@bae7dc0]
	at org.testng.internal.invokers.TestInvoker.invokeTestMethods(TestInvoker.java:149)
	at org.testng.internal.invokers.TestMethodWorker.invokeTestMethods(TestMethodWorker.java:146)
	at org.testng.internal.invokers.TestMethodWorker.run(TestMethodWorker.java:128)
	at java.base/java.util.ArrayList.forEach(ArrayList.java:1511)
	at org.testng.TestRunner.privateRun(TestRunner.java:808)
	at org.testng.TestRunner.run(TestRunner.java:603)
	at org.testng.SuiteRunner.runTest(SuiteRunner.java:429)
	at org.testng.SuiteRunner.runSequentially(SuiteRunner.java:423)
	at org.testng.SuiteRunner.privateRun(SuiteRunner.java:383)
	at org.testng.SuiteRunner.run(SuiteRunner.java:326)
	at org.testng.SuiteRunnerWorker.runSuite(SuiteRunnerWorker.java:52)
	at org.testng.SuiteRunnerWorker.run(SuiteRunnerWorker.java:95)
	at org.testng.TestNG.runSuitesSequentially(TestNG.java:1249)
	at org.testng.TestNG.runSuitesLocally(TestNG.java:1169)
	at org.testng.TestNG.runSuites(TestNG.java:1092)
	at org.testng.TestNG.run(TestNG.java:1060)
	at org.apache.maven.surefire.testng.TestNGExecutor.run(TestNGExecutor.java:293)
	at org.apache.maven.surefire.testng.TestNGXmlTestSuite.execute(TestNGXmlTestSuite.java:84)
	at org.apache.maven.surefire.testng.TestNGProvider.invoke(TestNGProvider.java:91)
	at org.apache.maven.surefire.booter.ForkedBooter.invokeProviderInSameClassLoader(ForkedBooter.java:200)
	at org.apache.maven.surefire.booter.ForkedBooter.runSuitesInProcess(ForkedBooter.java:153)
	at org.apache.maven.surefire.booter.ForkedBooter.main(ForkedBooter.java:103)
</pre></div></td>
<td>0</td>
<td>com.Test.Rankmfselenium.BasketSmartsiporderTest@bae7dc0</td></tr>
</table><p>
</body>
</html>