<?xml version="1.0" encoding="UTF-8"?>
<!-- Generated by org.testng.reporters.JUnitXMLReporter -->
<testsuite ignored="0" hostname="DESKTOP-KMVAA5F" failures="1" tests="17" name="BasketNormalSiporderTest" time="43.789" errors="0" timestamp="2022-05-10T11:23:48 IST">
  <testcase classname="com.Test.Rankmfselenium.BasketNormalSiporderTest" name="ClickonSigninPage" time="1.069"/>
  <testcase classname="com.Test.Rankmfselenium.BasketNormalSiporderTest" name="Clickon_TotalInvestmentvalue" time="2.82"/>
  <testcase classname="com.Test.Rankmfselenium.BasketNormalSiporderTest" name="Click_HomePage" time="3.021"/>
  <testcase classname="com.Test.Rankmfselenium.BasketNormalSiporderTest" name="search_mutualfunds" time="9.362"/>
  <testcase classname="com.Test.Rankmfselenium.BasketNormalSiporderTest" name="Click_Normalsip" time="6.622"/>
  <testcase classname="com.Test.Rankmfselenium.BasketNormalSiporderTest" name="Click_sipcontinuebtn" time="2.444"/>
  <testcase classname="com.Test.Rankmfselenium.BasketNormalSiporderTest" name="InstallementStartdate" time="3.202"/>
  <testcase classname="com.Test.Rankmfselenium.BasketNormalSiporderTest" name="Startdatepicker" time="3.374"/>
  <testcase classname="com.Test.Rankmfselenium.BasketNormalSiporderTest" name="Click_continuebtn" time="2.17"/>
  <testcase classname="com.Test.Rankmfselenium.BasketNormalSiporderTest" name="check_VerifyOTP" time="2.409"/>
  <testcase classname="com.Test.Rankmfselenium.BasketNormalSiporderTest" name="check_enterotpnum" time="2.174">
    <failure type="java.lang.IllegalArgumentException" message="Keys to send should be a not null CharSequence">
      <![CDATA[java.lang.IllegalArgumentException: Keys to send should be a not null CharSequence
at org.openqa.selenium.remote.RemoteWebElement.sendKeys(RemoteWebElement.java:97)
at com.Test.RANKMFSELENIUM.DashboardNormalSiporderTest.enterotpnumber(DashboardNormalSiporderTest.java:153)
at com.Test.Rankmfselenium.BasketNormalSiporderTest.check_enterotpnum(BasketNormalSiporderTest.java:125)
at java.base/java.util.ArrayList.forEach(ArrayList.java:1511)
... Removed 30 stack frames]]>
    </failure>
  </testcase> <!-- check_enterotpnum -->
  <testcase classname="com.Test.Rankmfselenium.BasketNormalSiporderTest" name="Clickon_confirmcontinue" time="0.0">
    <skipped/>
  </testcase> <!-- Clickon_confirmcontinue -->
  <testcase classname="com.Test.Rankmfselenium.BasketNormalSiporderTest" name="Clickon_fetchnormalpalcedorder" time="0.0">
    <skipped/>
  </testcase> <!-- Clickon_fetchnormalpalcedorder -->
  <testcase classname="com.Test.Rankmfselenium.BasketNormalSiporderTest" name="Clickon_skipstep" time="0.0">
    <skipped/>
  </testcase> <!-- Clickon_skipstep -->
  <testcase classname="com.Test.Rankmfselenium.BasketNormalSiporderTest" name="Clickon_cancelsmartsiporder" time="0.0">
    <skipped/>
  </testcase> <!-- Clickon_cancelsmartsiporder -->
  <testcase classname="com.Test.Rankmfselenium.BasketNormalSiporderTest" name="Clickon_logout" time="0.0">
    <skipped/>
  </testcase> <!-- Clickon_logout -->
  <testcase classname="com.Test.Rankmfselenium.BasketNormalSiporderTest" name="Click_logoutbtn" time="0.0">
    <skipped/>
  </testcase> <!-- Click_logoutbtn -->
</testsuite> <!-- BasketNormalSiporderTest -->
