<html>
<head>
<title>TestNG:  BasketSipOrder</title>
<link href="../testng.css" rel="stylesheet" type="text/css" />
<link href="../my-testng.css" rel="stylesheet" type="text/css" />

<style type="text/css">
.log { display: none;} 
.stack-trace { display: none;} 
</style>
<script type="text/javascript">
<!--
function flip(e) {
  current = e.style.display;
  if (current == 'block') {
    e.style.display = 'none';
    return 0;
  }
  else {
    e.style.display = 'block';
    return 1;
  }
}

function toggleBox(szDivId, elem, msg1, msg2)
{
  var res = -1;  if (document.getElementById) {
    res = flip(document.getElementById(szDivId));
  }
  else if (document.all) {
    // this is the way old msie versions work
    res = flip(document.all[szDivId]);
  }
  if(elem) {
    if(res == 0) elem.innerHTML = msg1; else elem.innerHTML = msg2;
  }

}

function toggleAllBoxes() {
  if (document.getElementsByTagName) {
    d = document.getElementsByTagName('div');
    for (i = 0; i < d.length; i++) {
      if (d[i].className == 'log') {
        flip(d[i]);
      }
    }
  }
}

// -->
</script>

</head>
<body>
<h2 align='center'>BasketSipOrder</h2><table border='1' align="center">
<tr>
<td>Tests passed/Failed/Skipped:</td><td>9/1/3</td>
</tr><tr>
<td>Started on:</td><td>Tue May 10 11:21:30 IST 2022</td>
</tr>
<tr><td>Total time:</td><td>57 seconds (57224 ms)</td>
</tr><tr>
<td>Included groups:</td><td></td>
</tr><tr>
<td>Excluded groups:</td><td></td>
</tr>
</table><p/>
<small><i>(Hover the method name to see the test class name)</i></small><p/>
<table width='100%' border='1' class='invocation-failed'>
<tr><td colspan='4' align='center'><b>FAILED TESTS</b></td></tr>
<tr><td><b>Test method</b></td>
<td width="30%"><b>Exception</b></td>
<td width="10%"><b>Time (seconds)</b></td>
<td><b>Instance</b></td>
</tr>
<tr>
<td title='com.Test.Rankmfselenium.BasketSIPOrder.check_fetchlumpsumsiptext()'><b>check_fetchlumpsumsiptext</b><br>Test class: com.Test.Rankmfselenium.BasketSIPOrder</td>
<td><div><pre>org.openqa.selenium.NoSuchElementException: no such element: Unable to locate element: {&quot;method&quot;:&quot;xpath&quot;,&quot;selector&quot;:&quot;//p[contains(text(),&apos;Your monthly SIP order for Investment of&apos;)]&quot;}
  (Session info: chrome=101.0.4951.54)
For documentation on this error, please visit: https://www.seleniumhq.org/exceptions/no_such_element.html
Build info: version: &apos;3.141.59&apos;, revision: &apos;e82be7d358&apos;, time: &apos;2018-11-14T08:17:03&apos;
System info: host: &apos;DESKTOP-KMVAA5F&apos;, ip: &apos;172.19.19.141&apos;, os.name: &apos;Windows 10&apos;, os.arch: &apos;amd64&apos;, os.version: &apos;10.0&apos;, java.version: &apos;17.0.2&apos;
Driver info: org.openqa.selenium.chrome.ChromeDriver
Capabilities {acceptInsecureCerts: false, browserName: chrome, browserVersion: 101.0.4951.54, chrome: {chromedriverVersion: 100.0.4896.60 (6a5d10861ce8..., userDataDir: C:\Users\samco\AppData\Loca...}, goog:chromeOptions: {debuggerAddress: localhost:55159}, javascriptEnabled: true, networkConnectionEnabled: false, pageLoadStrategy: normal, platform: WINDOWS, platformName: WINDOWS, proxy: Proxy(), setWindowRect: true, strictFileInteractability: false, timeouts: {implicit: 0, pageLoad: 300000, script: 30000}, unhandledPromptBehavior: dismiss and notify, webauthn:extension:credBlob: true, webauthn:extension:largeBlob: true, webauthn:virtualAuthenticators: true}
Session ID: 944752369a9bb029ab151319fedcb2d9
*** Element info: {Using=xpath, value=//p[contains(text(),&apos;Your monthly SIP order for Investment of&apos;)]}
	at org.openqa.selenium.remote.http.W3CHttpResponseCodec.createException(W3CHttpResponseCodec.java:187)
	at org.openqa.selenium.remote.http.W3CHttpResponseCodec.decode(W3CHttpResponseCodec.java:122)
	at org.openqa.selenium.remote.http.W3CHttpResponseCodec.decode(W3CHttpResponseCodec.java:49)
	at org.openqa.selenium.remote.HttpCommandExecutor.execute(HttpCommandExecutor.java:158)
	at org.openqa.selenium.remote.service.DriverCommandExecutor.execute(DriverCommandExecutor.java:83)
	at org.openqa.selenium.remote.RemoteWebDriver.execute(RemoteWebDriver.java:552)
	at org.openqa.selenium.remote.RemoteWebDriver.findElement(RemoteWebDriver.java:323)
	at org.openqa.selenium.remote.RemoteWebDriver.findElementByXPath(RemoteWebDriver.java:428)
	at org.openqa.selenium.By$ByXPath.findElement(By.java:353)
	at org.openqa.selenium.remote.RemoteWebDriver.findElement(RemoteWebDriver.java:315)
	at com.Test.RANKMFSELENIUM.DashboardBasketSiporder.fetchlumpsumsiptext(DashboardBasketSiporder.java:118)
	at com.Test.Rankmfselenium.BasketSIPOrder.check_fetchlumpsumsiptext(BasketSIPOrder.java:99)
	at java.base/java.util.ArrayList.forEach(ArrayList.java:1511)
... Removed 35 stack frames</pre></div><a href='#' onClick='toggleBox("stack-trace1987154353", this, "Click to show all stack frames", "Click to hide stack frames")'>Click to show all stack frames</a>
<div class='stack-trace' id='stack-trace1987154353'><pre>org.openqa.selenium.NoSuchElementException: no such element: Unable to locate element: {&quot;method&quot;:&quot;xpath&quot;,&quot;selector&quot;:&quot;//p[contains(text(),&apos;Your monthly SIP order for Investment of&apos;)]&quot;}
  (Session info: chrome=101.0.4951.54)
For documentation on this error, please visit: https://www.seleniumhq.org/exceptions/no_such_element.html
Build info: version: &apos;3.141.59&apos;, revision: &apos;e82be7d358&apos;, time: &apos;2018-11-14T08:17:03&apos;
System info: host: &apos;DESKTOP-KMVAA5F&apos;, ip: &apos;172.19.19.141&apos;, os.name: &apos;Windows 10&apos;, os.arch: &apos;amd64&apos;, os.version: &apos;10.0&apos;, java.version: &apos;17.0.2&apos;
Driver info: org.openqa.selenium.chrome.ChromeDriver
Capabilities {acceptInsecureCerts: false, browserName: chrome, browserVersion: 101.0.4951.54, chrome: {chromedriverVersion: 100.0.4896.60 (6a5d10861ce8..., userDataDir: C:\Users\samco\AppData\Loca...}, goog:chromeOptions: {debuggerAddress: localhost:55159}, javascriptEnabled: true, networkConnectionEnabled: false, pageLoadStrategy: normal, platform: WINDOWS, platformName: WINDOWS, proxy: Proxy(), setWindowRect: true, strictFileInteractability: false, timeouts: {implicit: 0, pageLoad: 300000, script: 30000}, unhandledPromptBehavior: dismiss and notify, webauthn:extension:credBlob: true, webauthn:extension:largeBlob: true, webauthn:virtualAuthenticators: true}
Session ID: 944752369a9bb029ab151319fedcb2d9
*** Element info: {Using=xpath, value=//p[contains(text(),&apos;Your monthly SIP order for Investment of&apos;)]}
	at java.base/jdk.internal.reflect.NativeConstructorAccessorImpl.newInstance0(Native Method)
	at java.base/jdk.internal.reflect.NativeConstructorAccessorImpl.newInstance(NativeConstructorAccessorImpl.java:77)
	at java.base/jdk.internal.reflect.DelegatingConstructorAccessorImpl.newInstance(DelegatingConstructorAccessorImpl.java:45)
	at java.base/java.lang.reflect.Constructor.newInstanceWithCaller(Constructor.java:499)
	at java.base/java.lang.reflect.Constructor.newInstance(Constructor.java:480)
	at org.openqa.selenium.remote.http.W3CHttpResponseCodec.createException(W3CHttpResponseCodec.java:187)
	at org.openqa.selenium.remote.http.W3CHttpResponseCodec.decode(W3CHttpResponseCodec.java:122)
	at org.openqa.selenium.remote.http.W3CHttpResponseCodec.decode(W3CHttpResponseCodec.java:49)
	at org.openqa.selenium.remote.HttpCommandExecutor.execute(HttpCommandExecutor.java:158)
	at org.openqa.selenium.remote.service.DriverCommandExecutor.execute(DriverCommandExecutor.java:83)
	at org.openqa.selenium.remote.RemoteWebDriver.execute(RemoteWebDriver.java:552)
	at org.openqa.selenium.remote.RemoteWebDriver.findElement(RemoteWebDriver.java:323)
	at org.openqa.selenium.remote.RemoteWebDriver.findElementByXPath(RemoteWebDriver.java:428)
	at org.openqa.selenium.By$ByXPath.findElement(By.java:353)
	at org.openqa.selenium.remote.RemoteWebDriver.findElement(RemoteWebDriver.java:315)
	at com.Test.RANKMFSELENIUM.DashboardBasketSiporder.fetchlumpsumsiptext(DashboardBasketSiporder.java:118)
	at com.Test.Rankmfselenium.BasketSIPOrder.check_fetchlumpsumsiptext(BasketSIPOrder.java:99)
	at java.base/jdk.internal.reflect.NativeMethodAccessorImpl.invoke0(Native Method)
	at java.base/jdk.internal.reflect.NativeMethodAccessorImpl.invoke(NativeMethodAccessorImpl.java:77)
	at java.base/jdk.internal.reflect.DelegatingMethodAccessorImpl.invoke(DelegatingMethodAccessorImpl.java:43)
	at java.base/java.lang.reflect.Method.invoke(Method.java:568)
	at org.testng.internal.invokers.MethodInvocationHelper.invokeMethod(MethodInvocationHelper.java:135)
	at org.testng.internal.invokers.TestInvoker.invokeMethod(TestInvoker.java:673)
	at org.testng.internal.invokers.TestInvoker.invokeTestMethod(TestInvoker.java:220)
	at org.testng.internal.invokers.MethodRunner.runInSequence(MethodRunner.java:50)
	at org.testng.internal.invokers.TestInvoker$MethodInvocationAgent.invoke(TestInvoker.java:945)
	at org.testng.internal.invokers.TestInvoker.invokeTestMethods(TestInvoker.java:193)
	at org.testng.internal.invokers.TestMethodWorker.invokeTestMethods(TestMethodWorker.java:146)
	at org.testng.internal.invokers.TestMethodWorker.run(TestMethodWorker.java:128)
	at java.base/java.util.ArrayList.forEach(ArrayList.java:1511)
	at org.testng.TestRunner.privateRun(TestRunner.java:808)
	at org.testng.TestRunner.run(TestRunner.java:603)
	at org.testng.SuiteRunner.runTest(SuiteRunner.java:429)
	at org.testng.SuiteRunner.runSequentially(SuiteRunner.java:423)
	at org.testng.SuiteRunner.privateRun(SuiteRunner.java:383)
	at org.testng.SuiteRunner.run(SuiteRunner.java:326)
	at org.testng.SuiteRunnerWorker.runSuite(SuiteRunnerWorker.java:52)
	at org.testng.SuiteRunnerWorker.run(SuiteRunnerWorker.java:95)
	at org.testng.TestNG.runSuitesSequentially(TestNG.java:1249)
	at org.testng.TestNG.runSuitesLocally(TestNG.java:1169)
	at org.testng.TestNG.runSuites(TestNG.java:1092)
	at org.testng.TestNG.run(TestNG.java:1060)
	at org.apache.maven.surefire.testng.TestNGExecutor.run(TestNGExecutor.java:293)
	at org.apache.maven.surefire.testng.TestNGXmlTestSuite.execute(TestNGXmlTestSuite.java:84)
	at org.apache.maven.surefire.testng.TestNGProvider.invoke(TestNGProvider.java:91)
	at org.apache.maven.surefire.booter.ForkedBooter.invokeProviderInSameClassLoader(ForkedBooter.java:200)
	at org.apache.maven.surefire.booter.ForkedBooter.runSuitesInProcess(ForkedBooter.java:153)
	at org.apache.maven.surefire.booter.ForkedBooter.main(ForkedBooter.java:103)
</pre></div></td>
<td>3</td>
<td>com.Test.Rankmfselenium.BasketSIPOrder@66d3eec0</td></tr>
</table><p>
<table width='100%' border='1' class='invocation-passed'>
<tr><td colspan='4' align='center'><b>PASSED TESTS</b></td></tr>
<tr><td><b>Test method</b></td>
<td width="30%"><b>Exception</b></td>
<td width="10%"><b>Time (seconds)</b></td>
<td><b>Instance</b></td>
</tr>
<tr>
<td title='com.Test.Rankmfselenium.BasketSIPOrder.check_VerifyOTP()'><b>check_VerifyOTP</b><br>Test class: com.Test.Rankmfselenium.BasketSIPOrder</td>
<td></td>
<td>2</td>
<td>com.Test.Rankmfselenium.BasketSIPOrder@66d3eec0</td></tr>
<tr>
<td title='com.Test.Rankmfselenium.BasketSIPOrder.check_enterotpnum()'><b>check_enterotpnum</b><br>Test class: com.Test.Rankmfselenium.BasketSIPOrder</td>
<td></td>
<td>2</td>
<td>com.Test.Rankmfselenium.BasketSIPOrder@66d3eec0</td></tr>
<tr>
<td title='com.Test.Rankmfselenium.BasketSIPOrder.clickonconservative()'><b>clickonconservative</b><br>Test class: com.Test.Rankmfselenium.BasketSIPOrder</td>
<td></td>
<td>14</td>
<td>com.Test.Rankmfselenium.BasketSIPOrder@66d3eec0</td></tr>
<tr>
<td title='com.Test.Rankmfselenium.BasketSIPOrder.Clickon_confirmcontinue()'><b>Clickon_confirmcontinue</b><br>Test class: com.Test.Rankmfselenium.BasketSIPOrder</td>
<td></td>
<td>2</td>
<td>com.Test.Rankmfselenium.BasketSIPOrder@66d3eec0</td></tr>
<tr>
<td title='com.Test.Rankmfselenium.BasketSIPOrder.clickonSigninPage()'><b>clickonSigninPage</b><br>Test class: com.Test.Rankmfselenium.BasketSIPOrder</td>
<td></td>
<td>0</td>
<td>com.Test.Rankmfselenium.BasketSIPOrder@66d3eec0</td></tr>
<tr>
<td title='com.Test.Rankmfselenium.BasketSIPOrder.Clickon_StartDate()'><b>Clickon_StartDate</b><br>Test class: com.Test.Rankmfselenium.BasketSIPOrder</td>
<td></td>
<td>4</td>
<td>com.Test.Rankmfselenium.BasketSIPOrder@66d3eec0</td></tr>
<tr>
<td title='com.Test.Rankmfselenium.BasketSIPOrder.Clickonbasketpage()'><b>Clickonbasketpage</b><br>Test class: com.Test.Rankmfselenium.BasketSIPOrder</td>
<td></td>
<td>5</td>
<td>com.Test.Rankmfselenium.BasketSIPOrder@66d3eec0</td></tr>
<tr>
<td title='com.Test.Rankmfselenium.BasketSIPOrder.ClickOn_Quantity()'><b>ClickOn_Quantity</b><br>Test class: com.Test.Rankmfselenium.BasketSIPOrder</td>
<td></td>
<td>9</td>
<td>com.Test.Rankmfselenium.BasketSIPOrder@66d3eec0</td></tr>
<tr>
<td title='com.Test.Rankmfselenium.BasketSIPOrder.Click_SIP()'><b>Click_SIP</b><br>Test class: com.Test.Rankmfselenium.BasketSIPOrder</td>
<td></td>
<td>3</td>
<td>com.Test.Rankmfselenium.BasketSIPOrder@66d3eec0</td></tr>
</table><p>
<table width='100%' border='1' class='invocation-skipped'>
<tr><td colspan='4' align='center'><b>SKIPPED TESTS</b></td></tr>
<tr><td><b>Test method</b></td>
<td width="30%"><b>Exception</b></td>
<td width="10%"><b>Time (seconds)</b></td>
<td><b>Instance</b></td>
</tr>
<tr>
<td title='com.Test.Rankmfselenium.BasketSIPOrder.Orderplacetext()'><b>Orderplacetext</b><br>Test class: com.Test.Rankmfselenium.BasketSIPOrder</td>
<td><div><pre>java.lang.Throwable: Method com.Test.Rankmfselenium.BasketSIPOrder.Orderplacetext() on instance com.Test.Rankmfselenium.BasketSIPOrder@66d3eec0 depends on not successfully finished methods 
[com.Test.Rankmfselenium.BasketSIPOrder.check_fetchlumpsumsiptext() on instance com.Test.Rankmfselenium.BasketSIPOrder@66d3eec0]
	at java.base/java.util.ArrayList.forEach(ArrayList.java:1511)
... Removed 21 stack frames</pre></div><a href='#' onClick='toggleBox("stack-trace347572726", this, "Click to show all stack frames", "Click to hide stack frames")'>Click to show all stack frames</a>
<div class='stack-trace' id='stack-trace347572726'><pre>java.lang.Throwable: Method com.Test.Rankmfselenium.BasketSIPOrder.Orderplacetext() on instance com.Test.Rankmfselenium.BasketSIPOrder@66d3eec0 depends on not successfully finished methods 
[com.Test.Rankmfselenium.BasketSIPOrder.check_fetchlumpsumsiptext() on instance com.Test.Rankmfselenium.BasketSIPOrder@66d3eec0]
	at org.testng.internal.invokers.TestInvoker.invokeTestMethods(TestInvoker.java:149)
	at org.testng.internal.invokers.TestMethodWorker.invokeTestMethods(TestMethodWorker.java:146)
	at org.testng.internal.invokers.TestMethodWorker.run(TestMethodWorker.java:128)
	at java.base/java.util.ArrayList.forEach(ArrayList.java:1511)
	at org.testng.TestRunner.privateRun(TestRunner.java:808)
	at org.testng.TestRunner.run(TestRunner.java:603)
	at org.testng.SuiteRunner.runTest(SuiteRunner.java:429)
	at org.testng.SuiteRunner.runSequentially(SuiteRunner.java:423)
	at org.testng.SuiteRunner.privateRun(SuiteRunner.java:383)
	at org.testng.SuiteRunner.run(SuiteRunner.java:326)
	at org.testng.SuiteRunnerWorker.runSuite(SuiteRunnerWorker.java:52)
	at org.testng.SuiteRunnerWorker.run(SuiteRunnerWorker.java:95)
	at org.testng.TestNG.runSuitesSequentially(TestNG.java:1249)
	at org.testng.TestNG.runSuitesLocally(TestNG.java:1169)
	at org.testng.TestNG.runSuites(TestNG.java:1092)
	at org.testng.TestNG.run(TestNG.java:1060)
	at org.apache.maven.surefire.testng.TestNGExecutor.run(TestNGExecutor.java:293)
	at org.apache.maven.surefire.testng.TestNGXmlTestSuite.execute(TestNGXmlTestSuite.java:84)
	at org.apache.maven.surefire.testng.TestNGProvider.invoke(TestNGProvider.java:91)
	at org.apache.maven.surefire.booter.ForkedBooter.invokeProviderInSameClassLoader(ForkedBooter.java:200)
	at org.apache.maven.surefire.booter.ForkedBooter.runSuitesInProcess(ForkedBooter.java:153)
	at org.apache.maven.surefire.booter.ForkedBooter.main(ForkedBooter.java:103)
</pre></div></td>
<td>0</td>
<td>com.Test.Rankmfselenium.BasketSIPOrder@66d3eec0</td></tr>
<tr>
<td title='com.Test.Rankmfselenium.BasketSIPOrder.Clickon_logout()'><b>Clickon_logout</b><br>Test class: com.Test.Rankmfselenium.BasketSIPOrder</td>
<td><div><pre>java.lang.Throwable: Method com.Test.Rankmfselenium.BasketSIPOrder.Clickon_logout() on instance com.Test.Rankmfselenium.BasketSIPOrder@66d3eec0 depends on not successfully finished methods 
[com.Test.Rankmfselenium.BasketSIPOrder.Orderplacetext() on instance com.Test.Rankmfselenium.BasketSIPOrder@66d3eec0]
	at java.base/java.util.ArrayList.forEach(ArrayList.java:1511)
... Removed 21 stack frames</pre></div><a href='#' onClick='toggleBox("stack-trace1857126088", this, "Click to show all stack frames", "Click to hide stack frames")'>Click to show all stack frames</a>
<div class='stack-trace' id='stack-trace1857126088'><pre>java.lang.Throwable: Method com.Test.Rankmfselenium.BasketSIPOrder.Clickon_logout() on instance com.Test.Rankmfselenium.BasketSIPOrder@66d3eec0 depends on not successfully finished methods 
[com.Test.Rankmfselenium.BasketSIPOrder.Orderplacetext() on instance com.Test.Rankmfselenium.BasketSIPOrder@66d3eec0]
	at org.testng.internal.invokers.TestInvoker.invokeTestMethods(TestInvoker.java:149)
	at org.testng.internal.invokers.TestMethodWorker.invokeTestMethods(TestMethodWorker.java:146)
	at org.testng.internal.invokers.TestMethodWorker.run(TestMethodWorker.java:128)
	at java.base/java.util.ArrayList.forEach(ArrayList.java:1511)
	at org.testng.TestRunner.privateRun(TestRunner.java:808)
	at org.testng.TestRunner.run(TestRunner.java:603)
	at org.testng.SuiteRunner.runTest(SuiteRunner.java:429)
	at org.testng.SuiteRunner.runSequentially(SuiteRunner.java:423)
	at org.testng.SuiteRunner.privateRun(SuiteRunner.java:383)
	at org.testng.SuiteRunner.run(SuiteRunner.java:326)
	at org.testng.SuiteRunnerWorker.runSuite(SuiteRunnerWorker.java:52)
	at org.testng.SuiteRunnerWorker.run(SuiteRunnerWorker.java:95)
	at org.testng.TestNG.runSuitesSequentially(TestNG.java:1249)
	at org.testng.TestNG.runSuitesLocally(TestNG.java:1169)
	at org.testng.TestNG.runSuites(TestNG.java:1092)
	at org.testng.TestNG.run(TestNG.java:1060)
	at org.apache.maven.surefire.testng.TestNGExecutor.run(TestNGExecutor.java:293)
	at org.apache.maven.surefire.testng.TestNGXmlTestSuite.execute(TestNGXmlTestSuite.java:84)
	at org.apache.maven.surefire.testng.TestNGProvider.invoke(TestNGProvider.java:91)
	at org.apache.maven.surefire.booter.ForkedBooter.invokeProviderInSameClassLoader(ForkedBooter.java:200)
	at org.apache.maven.surefire.booter.ForkedBooter.runSuitesInProcess(ForkedBooter.java:153)
	at org.apache.maven.surefire.booter.ForkedBooter.main(ForkedBooter.java:103)
</pre></div></td>
<td>0</td>
<td>com.Test.Rankmfselenium.BasketSIPOrder@66d3eec0</td></tr>
<tr>
<td title='com.Test.Rankmfselenium.BasketSIPOrder.Click_logoutbtn()'><b>Click_logoutbtn</b><br>Test class: com.Test.Rankmfselenium.BasketSIPOrder</td>
<td><div><pre>java.lang.Throwable: Method com.Test.Rankmfselenium.BasketSIPOrder.Click_logoutbtn() on instance com.Test.Rankmfselenium.BasketSIPOrder@66d3eec0 depends on not successfully finished methods 
[com.Test.Rankmfselenium.BasketSIPOrder.Clickon_logout() on instance com.Test.Rankmfselenium.BasketSIPOrder@66d3eec0]
	at java.base/java.util.ArrayList.forEach(ArrayList.java:1511)
... Removed 21 stack frames</pre></div><a href='#' onClick='toggleBox("stack-trace1930401429", this, "Click to show all stack frames", "Click to hide stack frames")'>Click to show all stack frames</a>
<div class='stack-trace' id='stack-trace1930401429'><pre>java.lang.Throwable: Method com.Test.Rankmfselenium.BasketSIPOrder.Click_logoutbtn() on instance com.Test.Rankmfselenium.BasketSIPOrder@66d3eec0 depends on not successfully finished methods 
[com.Test.Rankmfselenium.BasketSIPOrder.Clickon_logout() on instance com.Test.Rankmfselenium.BasketSIPOrder@66d3eec0]
	at org.testng.internal.invokers.TestInvoker.invokeTestMethods(TestInvoker.java:149)
	at org.testng.internal.invokers.TestMethodWorker.invokeTestMethods(TestMethodWorker.java:146)
	at org.testng.internal.invokers.TestMethodWorker.run(TestMethodWorker.java:128)
	at java.base/java.util.ArrayList.forEach(ArrayList.java:1511)
	at org.testng.TestRunner.privateRun(TestRunner.java:808)
	at org.testng.TestRunner.run(TestRunner.java:603)
	at org.testng.SuiteRunner.runTest(SuiteRunner.java:429)
	at org.testng.SuiteRunner.runSequentially(SuiteRunner.java:423)
	at org.testng.SuiteRunner.privateRun(SuiteRunner.java:383)
	at org.testng.SuiteRunner.run(SuiteRunner.java:326)
	at org.testng.SuiteRunnerWorker.runSuite(SuiteRunnerWorker.java:52)
	at org.testng.SuiteRunnerWorker.run(SuiteRunnerWorker.java:95)
	at org.testng.TestNG.runSuitesSequentially(TestNG.java:1249)
	at org.testng.TestNG.runSuitesLocally(TestNG.java:1169)
	at org.testng.TestNG.runSuites(TestNG.java:1092)
	at org.testng.TestNG.run(TestNG.java:1060)
	at org.apache.maven.surefire.testng.TestNGExecutor.run(TestNGExecutor.java:293)
	at org.apache.maven.surefire.testng.TestNGXmlTestSuite.execute(TestNGXmlTestSuite.java:84)
	at org.apache.maven.surefire.testng.TestNGProvider.invoke(TestNGProvider.java:91)
	at org.apache.maven.surefire.booter.ForkedBooter.invokeProviderInSameClassLoader(ForkedBooter.java:200)
	at org.apache.maven.surefire.booter.ForkedBooter.runSuitesInProcess(ForkedBooter.java:153)
	at org.apache.maven.surefire.booter.ForkedBooter.main(ForkedBooter.java:103)
</pre></div></td>
<td>0</td>
<td>com.Test.Rankmfselenium.BasketSIPOrder@66d3eec0</td></tr>
</table><p>
</body>
</html>