<?xml version="1.0" encoding="UTF-8"?>
<testng-results ignored="0" total="55" passed="37" failed="3" skipped="15">
  <reporter-output>
  </reporter-output>
  <suite started-at="2022-05-10T11:20:57 IST" name="Suite" finished-at="2022-05-10T11:23:48 IST" duration-ms="171041">
    <groups>
      <group name="Regression">
        <method signature="BasketlumpsumOrderTest.clickonSigninPage()[pri:0, instance:com.Test.Rankmfselenium.BasketlumpsumOrderTest@3059cbc]" name="clickonSigninPage" class="com.Test.Rankmfselenium.BasketlumpsumOrderTest"/>
        <method signature="BasketlumpsumOrderTest.clickonbasketpage()[pri:0, instance:com.Test.Rankmfselenium.BasketlumpsumOrderTest@3059cbc]" name="clickonbasketpage" class="com.Test.Rankmfselenium.BasketlumpsumOrderTest"/>
        <method signature="BasketlumpsumOrderTest.Clickonconservative()[pri:0, instance:com.Test.Rankmfselenium.BasketlumpsumOrderTest@3059cbc]" name="Clickonconservative" class="com.Test.Rankmfselenium.BasketlumpsumOrderTest"/>
        <method signature="BasketlumpsumOrderTest.clickoninvest()[pri:0, instance:com.Test.Rankmfselenium.BasketlumpsumOrderTest@3059cbc]" name="clickoninvest" class="com.Test.Rankmfselenium.BasketlumpsumOrderTest"/>
        <method signature="BasketlumpsumOrderTest.clickonpaymentmode()[pri:0, instance:com.Test.Rankmfselenium.BasketlumpsumOrderTest@3059cbc]" name="clickonpaymentmode" class="com.Test.Rankmfselenium.BasketlumpsumOrderTest"/>
        <method signature="BasketlumpsumOrderTest.ClickonVerifyOTP()[pri:0, instance:com.Test.Rankmfselenium.BasketlumpsumOrderTest@3059cbc]" name="ClickonVerifyOTP" class="com.Test.Rankmfselenium.BasketlumpsumOrderTest"/>
        <method signature="BasketlumpsumOrderTest.enterotpnum()[pri:0, instance:com.Test.Rankmfselenium.BasketlumpsumOrderTest@3059cbc]" name="enterotpnum" class="com.Test.Rankmfselenium.BasketlumpsumOrderTest"/>
        <method signature="BasketlumpsumOrderTest.RedirectNetbankingurl()[pri:0, instance:com.Test.Rankmfselenium.BasketlumpsumOrderTest@3059cbc]" name="RedirectNetbankingurl" class="com.Test.Rankmfselenium.BasketlumpsumOrderTest"/>
        <method signature="BasketSIPOrder.clickonSigninPage()[pri:0, instance:com.Test.Rankmfselenium.BasketSIPOrder@66d3eec0]" name="clickonSigninPage" class="com.Test.Rankmfselenium.BasketSIPOrder"/>
        <method signature="BasketSIPOrder.Clickonbasketpage()[pri:0, instance:com.Test.Rankmfselenium.BasketSIPOrder@66d3eec0]" name="Clickonbasketpage" class="com.Test.Rankmfselenium.BasketSIPOrder"/>
        <method signature="BasketSIPOrder.clickonconservative()[pri:0, instance:com.Test.Rankmfselenium.BasketSIPOrder@66d3eec0]" name="clickonconservative" class="com.Test.Rankmfselenium.BasketSIPOrder"/>
        <method signature="BasketSIPOrder.Click_SIP()[pri:0, instance:com.Test.Rankmfselenium.BasketSIPOrder@66d3eec0]" name="Click_SIP" class="com.Test.Rankmfselenium.BasketSIPOrder"/>
        <method signature="BasketSIPOrder.ClickOn_Quantity()[pri:0, instance:com.Test.Rankmfselenium.BasketSIPOrder@66d3eec0]" name="ClickOn_Quantity" class="com.Test.Rankmfselenium.BasketSIPOrder"/>
        <method signature="BasketSIPOrder.Clickon_StartDate()[pri:0, instance:com.Test.Rankmfselenium.BasketSIPOrder@66d3eec0]" name="Clickon_StartDate" class="com.Test.Rankmfselenium.BasketSIPOrder"/>
        <method signature="BasketSIPOrder.Clickon_confirmcontinue()[pri:0, instance:com.Test.Rankmfselenium.BasketSIPOrder@66d3eec0]" name="Clickon_confirmcontinue" class="com.Test.Rankmfselenium.BasketSIPOrder"/>
        <method signature="BasketSIPOrder.check_VerifyOTP()[pri:0, instance:com.Test.Rankmfselenium.BasketSIPOrder@66d3eec0]" name="check_VerifyOTP" class="com.Test.Rankmfselenium.BasketSIPOrder"/>
        <method signature="BasketSIPOrder.check_enterotpnum()[pri:0, instance:com.Test.Rankmfselenium.BasketSIPOrder@66d3eec0]" name="check_enterotpnum" class="com.Test.Rankmfselenium.BasketSIPOrder"/>
        <method signature="BasketSIPOrder.check_fetchlumpsumsiptext()[pri:0, instance:com.Test.Rankmfselenium.BasketSIPOrder@66d3eec0]" name="check_fetchlumpsumsiptext" class="com.Test.Rankmfselenium.BasketSIPOrder"/>
        <method signature="BasketSIPOrder.Orderplacetext()[pri:0, instance:com.Test.Rankmfselenium.BasketSIPOrder@66d3eec0]" name="Orderplacetext" class="com.Test.Rankmfselenium.BasketSIPOrder"/>
        <method signature="BasketSIPOrder.Clickon_logout()[pri:0, instance:com.Test.Rankmfselenium.BasketSIPOrder@66d3eec0]" name="Clickon_logout" class="com.Test.Rankmfselenium.BasketSIPOrder"/>
        <method signature="BasketSIPOrder.Click_logoutbtn()[pri:0, instance:com.Test.Rankmfselenium.BasketSIPOrder@66d3eec0]" name="Click_logoutbtn" class="com.Test.Rankmfselenium.BasketSIPOrder"/>
        <method signature="BasketSmartsiporderTest.ClickonSigninPage()[pri:0, instance:com.Test.Rankmfselenium.BasketSmartsiporderTest@bae7dc0]" name="ClickonSigninPage" class="com.Test.Rankmfselenium.BasketSmartsiporderTest"/>
        <method signature="BasketSmartsiporderTest.Clickon_TotalInvestmentvalue()[pri:0, instance:com.Test.Rankmfselenium.BasketSmartsiporderTest@bae7dc0]" name="Clickon_TotalInvestmentvalue" class="com.Test.Rankmfselenium.BasketSmartsiporderTest"/>
        <method signature="BasketSmartsiporderTest.Click_HomePage()[pri:0, instance:com.Test.Rankmfselenium.BasketSmartsiporderTest@bae7dc0]" name="Click_HomePage" class="com.Test.Rankmfselenium.BasketSmartsiporderTest"/>
        <method signature="BasketSmartsiporderTest.Click_Investsmartsip()[pri:0, instance:com.Test.Rankmfselenium.BasketSmartsiporderTest@bae7dc0]" name="Click_Investsmartsip" class="com.Test.Rankmfselenium.BasketSmartsiporderTest"/>
        <method signature="BasketSmartsiporderTest.Click_smartsip()[pri:0, instance:com.Test.Rankmfselenium.BasketSmartsiporderTest@bae7dc0]" name="Click_smartsip" class="com.Test.Rankmfselenium.BasketSmartsiporderTest"/>
        <method signature="BasketSmartsiporderTest.click_continue()[pri:0, instance:com.Test.Rankmfselenium.BasketSmartsiporderTest@bae7dc0]" name="click_continue" class="com.Test.Rankmfselenium.BasketSmartsiporderTest"/>
        <method signature="BasketSmartsiporderTest.Installementdate()[pri:0, instance:com.Test.Rankmfselenium.BasketSmartsiporderTest@bae7dc0]" name="Installementdate" class="com.Test.Rankmfselenium.BasketSmartsiporderTest"/>
        <method signature="BasketSmartsiporderTest.InstallementStartdate()[pri:0, instance:com.Test.Rankmfselenium.BasketSmartsiporderTest@bae7dc0]" name="InstallementStartdate" class="com.Test.Rankmfselenium.BasketSmartsiporderTest"/>
        <method signature="BasketSmartsiporderTest.Clickalert()[pri:0, instance:com.Test.Rankmfselenium.BasketSmartsiporderTest@bae7dc0]" name="Clickalert" class="com.Test.Rankmfselenium.BasketSmartsiporderTest"/>
        <method signature="BasketSmartsiporderTest.check_VerifyOTP()[pri:0, instance:com.Test.Rankmfselenium.BasketSmartsiporderTest@bae7dc0]" name="check_VerifyOTP" class="com.Test.Rankmfselenium.BasketSmartsiporderTest"/>
        <method signature="BasketSmartsiporderTest.check_enterotpnum()[pri:0, instance:com.Test.Rankmfselenium.BasketSmartsiporderTest@bae7dc0]" name="check_enterotpnum" class="com.Test.Rankmfselenium.BasketSmartsiporderTest"/>
        <method signature="BasketSmartsiporderTest.Clickon_confirmcontinue()[pri:0, instance:com.Test.Rankmfselenium.BasketSmartsiporderTest@bae7dc0]" name="Clickon_confirmcontinue" class="com.Test.Rankmfselenium.BasketSmartsiporderTest"/>
        <method signature="BasketSmartsiporderTest.Clickon_fetchsmartsippalcedorder()[pri:0, instance:com.Test.Rankmfselenium.BasketSmartsiporderTest@bae7dc0]" name="Clickon_fetchsmartsippalcedorder" class="com.Test.Rankmfselenium.BasketSmartsiporderTest"/>
        <method signature="BasketSmartsiporderTest.Clickon_closepopup()[pri:0, instance:com.Test.Rankmfselenium.BasketSmartsiporderTest@bae7dc0]" name="Clickon_closepopup" class="com.Test.Rankmfselenium.BasketSmartsiporderTest"/>
        <method signature="BasketSmartsiporderTest.Clickon_cancelsmartsiporder()[pri:0, instance:com.Test.Rankmfselenium.BasketSmartsiporderTest@bae7dc0]" name="Clickon_cancelsmartsiporder" class="com.Test.Rankmfselenium.BasketSmartsiporderTest"/>
        <method signature="BasketSmartsiporderTest.Clickon_logout()[pri:0, instance:com.Test.Rankmfselenium.BasketSmartsiporderTest@bae7dc0]" name="Clickon_logout" class="com.Test.Rankmfselenium.BasketSmartsiporderTest"/>
        <method signature="BasketSmartsiporderTest.Click_logoutbtn()[pri:0, instance:com.Test.Rankmfselenium.BasketSmartsiporderTest@bae7dc0]" name="Click_logoutbtn" class="com.Test.Rankmfselenium.BasketSmartsiporderTest"/>
        <method signature="BasketNormalSiporderTest.ClickonSigninPage()[pri:0, instance:com.Test.Rankmfselenium.BasketNormalSiporderTest@6e0f5f7f]" name="ClickonSigninPage" class="com.Test.Rankmfselenium.BasketNormalSiporderTest"/>
        <method signature="BasketNormalSiporderTest.Clickon_TotalInvestmentvalue()[pri:0, instance:com.Test.Rankmfselenium.BasketNormalSiporderTest@6e0f5f7f]" name="Clickon_TotalInvestmentvalue" class="com.Test.Rankmfselenium.BasketNormalSiporderTest"/>
        <method signature="BasketNormalSiporderTest.Click_HomePage()[pri:0, instance:com.Test.Rankmfselenium.BasketNormalSiporderTest@6e0f5f7f]" name="Click_HomePage" class="com.Test.Rankmfselenium.BasketNormalSiporderTest"/>
        <method signature="BasketNormalSiporderTest.search_mutualfunds()[pri:0, instance:com.Test.Rankmfselenium.BasketNormalSiporderTest@6e0f5f7f]" name="search_mutualfunds" class="com.Test.Rankmfselenium.BasketNormalSiporderTest"/>
        <method signature="BasketNormalSiporderTest.Click_Normalsip()[pri:0, instance:com.Test.Rankmfselenium.BasketNormalSiporderTest@6e0f5f7f]" name="Click_Normalsip" class="com.Test.Rankmfselenium.BasketNormalSiporderTest"/>
        <method signature="BasketNormalSiporderTest.Click_sipcontinuebtn()[pri:0, instance:com.Test.Rankmfselenium.BasketNormalSiporderTest@6e0f5f7f]" name="Click_sipcontinuebtn" class="com.Test.Rankmfselenium.BasketNormalSiporderTest"/>
        <method signature="BasketNormalSiporderTest.InstallementStartdate()[pri:0, instance:com.Test.Rankmfselenium.BasketNormalSiporderTest@6e0f5f7f]" name="InstallementStartdate" class="com.Test.Rankmfselenium.BasketNormalSiporderTest"/>
        <method signature="BasketNormalSiporderTest.Startdatepicker()[pri:0, instance:com.Test.Rankmfselenium.BasketNormalSiporderTest@6e0f5f7f]" name="Startdatepicker" class="com.Test.Rankmfselenium.BasketNormalSiporderTest"/>
        <method signature="BasketNormalSiporderTest.Click_continuebtn()[pri:0, instance:com.Test.Rankmfselenium.BasketNormalSiporderTest@6e0f5f7f]" name="Click_continuebtn" class="com.Test.Rankmfselenium.BasketNormalSiporderTest"/>
        <method signature="BasketNormalSiporderTest.check_VerifyOTP()[pri:0, instance:com.Test.Rankmfselenium.BasketNormalSiporderTest@6e0f5f7f]" name="check_VerifyOTP" class="com.Test.Rankmfselenium.BasketNormalSiporderTest"/>
        <method signature="BasketNormalSiporderTest.check_enterotpnum()[pri:0, instance:com.Test.Rankmfselenium.BasketNormalSiporderTest@6e0f5f7f]" name="check_enterotpnum" class="com.Test.Rankmfselenium.BasketNormalSiporderTest"/>
        <method signature="BasketNormalSiporderTest.Clickon_confirmcontinue()[pri:0, instance:com.Test.Rankmfselenium.BasketNormalSiporderTest@6e0f5f7f]" name="Clickon_confirmcontinue" class="com.Test.Rankmfselenium.BasketNormalSiporderTest"/>
        <method signature="BasketNormalSiporderTest.Clickon_fetchnormalpalcedorder()[pri:0, instance:com.Test.Rankmfselenium.BasketNormalSiporderTest@6e0f5f7f]" name="Clickon_fetchnormalpalcedorder" class="com.Test.Rankmfselenium.BasketNormalSiporderTest"/>
        <method signature="BasketNormalSiporderTest.Clickon_skipstep()[pri:0, instance:com.Test.Rankmfselenium.BasketNormalSiporderTest@6e0f5f7f]" name="Clickon_skipstep" class="com.Test.Rankmfselenium.BasketNormalSiporderTest"/>
        <method signature="BasketNormalSiporderTest.Clickon_cancelsmartsiporder()[pri:0, instance:com.Test.Rankmfselenium.BasketNormalSiporderTest@6e0f5f7f]" name="Clickon_cancelsmartsiporder" class="com.Test.Rankmfselenium.BasketNormalSiporderTest"/>
        <method signature="BasketNormalSiporderTest.Clickon_logout()[pri:0, instance:com.Test.Rankmfselenium.BasketNormalSiporderTest@6e0f5f7f]" name="Clickon_logout" class="com.Test.Rankmfselenium.BasketNormalSiporderTest"/>
        <method signature="BasketNormalSiporderTest.Click_logoutbtn()[pri:0, instance:com.Test.Rankmfselenium.BasketNormalSiporderTest@6e0f5f7f]" name="Click_logoutbtn" class="com.Test.Rankmfselenium.BasketNormalSiporderTest"/>
      </group> <!-- Regression -->
    </groups>
    <test started-at="2022-05-10T11:20:57 IST" name="BasketLumpsumorder" finished-at="2022-05-10T11:21:29 IST" duration-ms="32183">
      <class name="com.Test.Rankmfselenium.BasketlumpsumOrderTest">
        <test-method is-config="true" signature="SetInitialization()[pri:0, instance:com.Test.Rankmfselenium.BasketlumpsumOrderTest@3059cbc]" started-at="2022-05-10T11:20:57 IST" name="SetInitialization" finished-at="2022-05-10T11:21:03 IST" duration-ms="6097" status="PASS">
          <reporter-output>
          </reporter-output>
        </test-method> <!-- SetInitialization -->
        <test-method signature="clickonSigninPage()[pri:0, instance:com.Test.Rankmfselenium.BasketlumpsumOrderTest@3059cbc]" started-at="2022-05-10T11:21:03 IST" name="clickonSigninPage" finished-at="2022-05-10T11:21:04 IST" duration-ms="973" status="PASS">
          <reporter-output>
          </reporter-output>
        </test-method> <!-- clickonSigninPage -->
        <test-method signature="clickonbasketpage()[pri:0, instance:com.Test.Rankmfselenium.BasketlumpsumOrderTest@3059cbc]" started-at="2022-05-10T11:21:04 IST" name="clickonbasketpage" finished-at="2022-05-10T11:21:09 IST" depends-on-methods="com.Test.Rankmfselenium.BasketlumpsumOrderTest.clickonSigninPage" duration-ms="4631" status="PASS">
          <reporter-output>
          </reporter-output>
        </test-method> <!-- clickonbasketpage -->
        <test-method signature="Clickonconservative()[pri:0, instance:com.Test.Rankmfselenium.BasketlumpsumOrderTest@3059cbc]" started-at="2022-05-10T11:21:09 IST" name="Clickonconservative" finished-at="2022-05-10T11:21:15 IST" depends-on-methods="com.Test.Rankmfselenium.BasketlumpsumOrderTest.clickonbasketpage" duration-ms="6524" status="PASS">
          <reporter-output>
          </reporter-output>
        </test-method> <!-- Clickonconservative -->
        <test-method signature="clickoninvest()[pri:0, instance:com.Test.Rankmfselenium.BasketlumpsumOrderTest@3059cbc]" started-at="2022-05-10T11:21:15 IST" name="clickoninvest" finished-at="2022-05-10T11:21:18 IST" depends-on-methods="com.Test.Rankmfselenium.BasketlumpsumOrderTest.Clickonconservative" duration-ms="3187" status="PASS">
          <reporter-output>
          </reporter-output>
        </test-method> <!-- clickoninvest -->
        <test-method signature="clickonpaymentmode()[pri:0, instance:com.Test.Rankmfselenium.BasketlumpsumOrderTest@3059cbc]" started-at="2022-05-10T11:21:18 IST" name="clickonpaymentmode" finished-at="2022-05-10T11:21:21 IST" depends-on-methods="com.Test.Rankmfselenium.BasketlumpsumOrderTest.clickoninvest" duration-ms="2359" status="PASS">
          <reporter-output>
          </reporter-output>
        </test-method> <!-- clickonpaymentmode -->
        <test-method signature="ClickonVerifyOTP()[pri:0, instance:com.Test.Rankmfselenium.BasketlumpsumOrderTest@3059cbc]" started-at="2022-05-10T11:21:21 IST" name="ClickonVerifyOTP" finished-at="2022-05-10T11:21:23 IST" depends-on-methods="com.Test.Rankmfselenium.BasketlumpsumOrderTest.clickonpaymentmode" duration-ms="2306" status="PASS">
          <reporter-output>
          </reporter-output>
        </test-method> <!-- ClickonVerifyOTP -->
        <test-method signature="enterotpnum()[pri:0, instance:com.Test.Rankmfselenium.BasketlumpsumOrderTest@3059cbc]" started-at="2022-05-10T11:21:23 IST" name="enterotpnum" finished-at="2022-05-10T11:21:26 IST" depends-on-methods="com.Test.Rankmfselenium.BasketlumpsumOrderTest.ClickonVerifyOTP" duration-ms="2738" status="PASS">
          <reporter-output>
          </reporter-output>
        </test-method> <!-- enterotpnum -->
        <test-method signature="RedirectNetbankingurl()[pri:0, instance:com.Test.Rankmfselenium.BasketlumpsumOrderTest@3059cbc]" started-at="2022-05-10T11:21:26 IST" name="RedirectNetbankingurl" finished-at="2022-05-10T11:21:29 IST" depends-on-methods="com.Test.Rankmfselenium.BasketlumpsumOrderTest.enterotpnum" duration-ms="3283" status="PASS">
          <reporter-output>
          </reporter-output>
        </test-method> <!-- RedirectNetbankingurl -->
      </class> <!-- com.Test.Rankmfselenium.BasketlumpsumOrderTest -->
    </test> <!-- BasketLumpsumorder -->
    <test started-at="2022-05-10T11:21:30 IST" name="BasketSipOrder" finished-at="2022-05-10T11:22:27 IST" duration-ms="57224">
      <class name="com.Test.Rankmfselenium.BasketSIPOrder">
        <test-method is-config="true" signature="SetInitialization()[pri:0, instance:com.Test.Rankmfselenium.BasketSIPOrder@66d3eec0]" started-at="2022-05-10T11:21:30 IST" name="SetInitialization" finished-at="2022-05-10T11:21:39 IST" duration-ms="9117" status="PASS">
          <reporter-output>
          </reporter-output>
        </test-method> <!-- SetInitialization -->
        <test-method signature="clickonSigninPage()[pri:0, instance:com.Test.Rankmfselenium.BasketSIPOrder@66d3eec0]" started-at="2022-05-10T11:21:39 IST" name="clickonSigninPage" finished-at="2022-05-10T11:21:40 IST" duration-ms="539" status="PASS">
          <reporter-output>
          </reporter-output>
        </test-method> <!-- clickonSigninPage -->
        <test-method signature="Clickonbasketpage()[pri:0, instance:com.Test.Rankmfselenium.BasketSIPOrder@66d3eec0]" started-at="2022-05-10T11:21:40 IST" name="Clickonbasketpage" finished-at="2022-05-10T11:21:45 IST" depends-on-methods="com.Test.Rankmfselenium.BasketSIPOrder.clickonSigninPage" duration-ms="5672" status="PASS">
          <reporter-output>
          </reporter-output>
        </test-method> <!-- Clickonbasketpage -->
        <test-method signature="clickonconservative()[pri:0, instance:com.Test.Rankmfselenium.BasketSIPOrder@66d3eec0]" started-at="2022-05-10T11:21:45 IST" name="clickonconservative" finished-at="2022-05-10T11:22:00 IST" depends-on-methods="com.Test.Rankmfselenium.BasketSIPOrder.Clickonbasketpage" duration-ms="14728" status="PASS">
          <reporter-output>
          </reporter-output>
        </test-method> <!-- clickonconservative -->
        <test-method signature="Click_SIP()[pri:0, instance:com.Test.Rankmfselenium.BasketSIPOrder@66d3eec0]" started-at="2022-05-10T11:22:00 IST" name="Click_SIP" finished-at="2022-05-10T11:22:03 IST" depends-on-methods="com.Test.Rankmfselenium.BasketSIPOrder.clickonconservative" duration-ms="3149" status="PASS">
          <reporter-output>
          </reporter-output>
        </test-method> <!-- Click_SIP -->
        <test-method signature="ClickOn_Quantity()[pri:0, instance:com.Test.Rankmfselenium.BasketSIPOrder@66d3eec0]" started-at="2022-05-10T11:22:03 IST" name="ClickOn_Quantity" finished-at="2022-05-10T11:22:12 IST" depends-on-methods="com.Test.Rankmfselenium.BasketSIPOrder.Click_SIP" duration-ms="9271" status="PASS">
          <reporter-output>
          </reporter-output>
        </test-method> <!-- ClickOn_Quantity -->
        <test-method signature="Clickon_StartDate()[pri:0, instance:com.Test.Rankmfselenium.BasketSIPOrder@66d3eec0]" started-at="2022-05-10T11:22:12 IST" name="Clickon_StartDate" finished-at="2022-05-10T11:22:17 IST" depends-on-methods="com.Test.Rankmfselenium.BasketSIPOrder.Click_SIP" duration-ms="4755" status="PASS">
          <reporter-output>
          </reporter-output>
        </test-method> <!-- Clickon_StartDate -->
        <test-method signature="Clickon_confirmcontinue()[pri:0, instance:com.Test.Rankmfselenium.BasketSIPOrder@66d3eec0]" started-at="2022-05-10T11:22:17 IST" name="Clickon_confirmcontinue" finished-at="2022-05-10T11:22:19 IST" depends-on-methods="com.Test.Rankmfselenium.BasketSIPOrder.Clickon_StartDate" duration-ms="2128" status="PASS">
          <reporter-output>
          </reporter-output>
        </test-method> <!-- Clickon_confirmcontinue -->
        <test-method signature="check_VerifyOTP()[pri:0, instance:com.Test.Rankmfselenium.BasketSIPOrder@66d3eec0]" started-at="2022-05-10T11:22:19 IST" name="check_VerifyOTP" finished-at="2022-05-10T11:22:22 IST" depends-on-methods="com.Test.Rankmfselenium.BasketSIPOrder.Clickon_confirmcontinue" duration-ms="2233" status="PASS">
          <reporter-output>
          </reporter-output>
        </test-method> <!-- check_VerifyOTP -->
        <test-method signature="check_enterotpnum()[pri:0, instance:com.Test.Rankmfselenium.BasketSIPOrder@66d3eec0]" started-at="2022-05-10T11:22:22 IST" name="check_enterotpnum" finished-at="2022-05-10T11:22:24 IST" depends-on-methods="com.Test.Rankmfselenium.BasketSIPOrder.check_VerifyOTP" duration-ms="2162" status="PASS">
          <reporter-output>
          </reporter-output>
        </test-method> <!-- check_enterotpnum -->
        <test-method signature="check_fetchlumpsumsiptext()[pri:0, instance:com.Test.Rankmfselenium.BasketSIPOrder@66d3eec0]" started-at="2022-05-10T11:22:24 IST" name="check_fetchlumpsumsiptext" finished-at="2022-05-10T11:22:27 IST" depends-on-methods="com.Test.Rankmfselenium.BasketSIPOrder.check_enterotpnum" duration-ms="3036" status="FAIL">
          <exception class="org.openqa.selenium.NoSuchElementException">
            <message>
              <![CDATA[no such element: Unable to locate element: {"method":"xpath","selector":"//p[contains(text(),'Your monthly SIP order for Investment of')]"}
  (Session info: chrome=101.0.4951.54)
For documentation on this error, please visit: https://www.seleniumhq.org/exceptions/no_such_element.html
Build info: version: '3.141.59', revision: 'e82be7d358', time: '2018-11-14T08:17:03'
System info: host: 'DESKTOP-KMVAA5F', ip: '172.19.19.141', os.name: 'Windows 10', os.arch: 'amd64', os.version: '10.0', java.version: '17.0.2'
Driver info: org.openqa.selenium.chrome.ChromeDriver
Capabilities {acceptInsecureCerts: false, browserName: chrome, browserVersion: 101.0.4951.54, chrome: {chromedriverVersion: 100.0.4896.60 (6a5d10861ce8..., userDataDir: C:\Users\samco\AppData\Loca...}, goog:chromeOptions: {debuggerAddress: localhost:55159}, javascriptEnabled: true, networkConnectionEnabled: false, pageLoadStrategy: normal, platform: WINDOWS, platformName: WINDOWS, proxy: Proxy(), setWindowRect: true, strictFileInteractability: false, timeouts: {implicit: 0, pageLoad: 300000, script: 30000}, unhandledPromptBehavior: dismiss and notify, webauthn:extension:credBlob: true, webauthn:extension:largeBlob: true, webauthn:virtualAuthenticators: true}
Session ID: 944752369a9bb029ab151319fedcb2d9
*** Element info: {Using=xpath, value=//p[contains(text(),'Your monthly SIP order for Investment of')]}]]>
            </message>
            <full-stacktrace>
              <![CDATA[org.openqa.selenium.NoSuchElementException: no such element: Unable to locate element: {"method":"xpath","selector":"//p[contains(text(),'Your monthly SIP order for Investment of')]"}
  (Session info: chrome=101.0.4951.54)
For documentation on this error, please visit: https://www.seleniumhq.org/exceptions/no_such_element.html
Build info: version: '3.141.59', revision: 'e82be7d358', time: '2018-11-14T08:17:03'
System info: host: 'DESKTOP-KMVAA5F', ip: '172.19.19.141', os.name: 'Windows 10', os.arch: 'amd64', os.version: '10.0', java.version: '17.0.2'
Driver info: org.openqa.selenium.chrome.ChromeDriver
Capabilities {acceptInsecureCerts: false, browserName: chrome, browserVersion: 101.0.4951.54, chrome: {chromedriverVersion: 100.0.4896.60 (6a5d10861ce8..., userDataDir: C:\Users\samco\AppData\Loca...}, goog:chromeOptions: {debuggerAddress: localhost:55159}, javascriptEnabled: true, networkConnectionEnabled: false, pageLoadStrategy: normal, platform: WINDOWS, platformName: WINDOWS, proxy: Proxy(), setWindowRect: true, strictFileInteractability: false, timeouts: {implicit: 0, pageLoad: 300000, script: 30000}, unhandledPromptBehavior: dismiss and notify, webauthn:extension:credBlob: true, webauthn:extension:largeBlob: true, webauthn:virtualAuthenticators: true}
Session ID: 944752369a9bb029ab151319fedcb2d9
*** Element info: {Using=xpath, value=//p[contains(text(),'Your monthly SIP order for Investment of')]}
at java.base/jdk.internal.reflect.NativeConstructorAccessorImpl.newInstance0(Native Method)
at java.base/jdk.internal.reflect.NativeConstructorAccessorImpl.newInstance(NativeConstructorAccessorImpl.java:77)
at java.base/jdk.internal.reflect.DelegatingConstructorAccessorImpl.newInstance(DelegatingConstructorAccessorImpl.java:45)
at java.base/java.lang.reflect.Constructor.newInstanceWithCaller(Constructor.java:499)
at java.base/java.lang.reflect.Constructor.newInstance(Constructor.java:480)
at org.openqa.selenium.remote.http.W3CHttpResponseCodec.createException(W3CHttpResponseCodec.java:187)
at org.openqa.selenium.remote.http.W3CHttpResponseCodec.decode(W3CHttpResponseCodec.java:122)
at org.openqa.selenium.remote.http.W3CHttpResponseCodec.decode(W3CHttpResponseCodec.java:49)
at org.openqa.selenium.remote.HttpCommandExecutor.execute(HttpCommandExecutor.java:158)
at org.openqa.selenium.remote.service.DriverCommandExecutor.execute(DriverCommandExecutor.java:83)
at org.openqa.selenium.remote.RemoteWebDriver.execute(RemoteWebDriver.java:552)
at org.openqa.selenium.remote.RemoteWebDriver.findElement(RemoteWebDriver.java:323)
at org.openqa.selenium.remote.RemoteWebDriver.findElementByXPath(RemoteWebDriver.java:428)
at org.openqa.selenium.By$ByXPath.findElement(By.java:353)
at org.openqa.selenium.remote.RemoteWebDriver.findElement(RemoteWebDriver.java:315)
at com.Test.RANKMFSELENIUM.DashboardBasketSiporder.fetchlumpsumsiptext(DashboardBasketSiporder.java:118)
at com.Test.Rankmfselenium.BasketSIPOrder.check_fetchlumpsumsiptext(BasketSIPOrder.java:99)
at java.base/jdk.internal.reflect.NativeMethodAccessorImpl.invoke0(Native Method)
at java.base/jdk.internal.reflect.NativeMethodAccessorImpl.invoke(NativeMethodAccessorImpl.java:77)
at java.base/jdk.internal.reflect.DelegatingMethodAccessorImpl.invoke(DelegatingMethodAccessorImpl.java:43)
at java.base/java.lang.reflect.Method.invoke(Method.java:568)
at org.testng.internal.invokers.MethodInvocationHelper.invokeMethod(MethodInvocationHelper.java:135)
at org.testng.internal.invokers.TestInvoker.invokeMethod(TestInvoker.java:673)
at org.testng.internal.invokers.TestInvoker.invokeTestMethod(TestInvoker.java:220)
at org.testng.internal.invokers.MethodRunner.runInSequence(MethodRunner.java:50)
at org.testng.internal.invokers.TestInvoker$MethodInvocationAgent.invoke(TestInvoker.java:945)
at org.testng.internal.invokers.TestInvoker.invokeTestMethods(TestInvoker.java:193)
at org.testng.internal.invokers.TestMethodWorker.invokeTestMethods(TestMethodWorker.java:146)
at org.testng.internal.invokers.TestMethodWorker.run(TestMethodWorker.java:128)
at java.base/java.util.ArrayList.forEach(ArrayList.java:1511)
at org.testng.TestRunner.privateRun(TestRunner.java:808)
at org.testng.TestRunner.run(TestRunner.java:603)
at org.testng.SuiteRunner.runTest(SuiteRunner.java:429)
at org.testng.SuiteRunner.runSequentially(SuiteRunner.java:423)
at org.testng.SuiteRunner.privateRun(SuiteRunner.java:383)
at org.testng.SuiteRunner.run(SuiteRunner.java:326)
at org.testng.SuiteRunnerWorker.runSuite(SuiteRunnerWorker.java:52)
at org.testng.SuiteRunnerWorker.run(SuiteRunnerWorker.java:95)
at org.testng.TestNG.runSuitesSequentially(TestNG.java:1249)
at org.testng.TestNG.runSuitesLocally(TestNG.java:1169)
at org.testng.TestNG.runSuites(TestNG.java:1092)
at org.testng.TestNG.run(TestNG.java:1060)
at org.apache.maven.surefire.testng.TestNGExecutor.run(TestNGExecutor.java:293)
at org.apache.maven.surefire.testng.TestNGXmlTestSuite.execute(TestNGXmlTestSuite.java:84)
at org.apache.maven.surefire.testng.TestNGProvider.invoke(TestNGProvider.java:91)
at org.apache.maven.surefire.booter.ForkedBooter.invokeProviderInSameClassLoader(ForkedBooter.java:200)
at org.apache.maven.surefire.booter.ForkedBooter.runSuitesInProcess(ForkedBooter.java:153)
at org.apache.maven.surefire.booter.ForkedBooter.main(ForkedBooter.java:103)
]]>
            </full-stacktrace>
          </exception> <!-- org.openqa.selenium.NoSuchElementException -->
          <reporter-output>
          </reporter-output>
        </test-method> <!-- check_fetchlumpsumsiptext -->
        <test-method signature="Orderplacetext()[pri:0, instance:com.Test.Rankmfselenium.BasketSIPOrder@66d3eec0]" started-at="2022-05-10T11:22:27 IST" name="Orderplacetext" finished-at="2022-05-10T11:22:27 IST" depends-on-methods="com.Test.Rankmfselenium.BasketSIPOrder.check_fetchlumpsumsiptext" duration-ms="0" status="SKIP">
          <exception class="java.lang.Throwable">
            <message>
              <![CDATA[Method com.Test.Rankmfselenium.BasketSIPOrder.Orderplacetext() on instance com.Test.Rankmfselenium.BasketSIPOrder@66d3eec0 depends on not successfully finished methods 
[com.Test.Rankmfselenium.BasketSIPOrder.check_fetchlumpsumsiptext() on instance com.Test.Rankmfselenium.BasketSIPOrder@66d3eec0]]]>
            </message>
            <full-stacktrace>
              <![CDATA[java.lang.Throwable: Method com.Test.Rankmfselenium.BasketSIPOrder.Orderplacetext() on instance com.Test.Rankmfselenium.BasketSIPOrder@66d3eec0 depends on not successfully finished methods 
[com.Test.Rankmfselenium.BasketSIPOrder.check_fetchlumpsumsiptext() on instance com.Test.Rankmfselenium.BasketSIPOrder@66d3eec0]
at org.testng.internal.invokers.TestInvoker.invokeTestMethods(TestInvoker.java:149)
at org.testng.internal.invokers.TestMethodWorker.invokeTestMethods(TestMethodWorker.java:146)
at org.testng.internal.invokers.TestMethodWorker.run(TestMethodWorker.java:128)
at java.base/java.util.ArrayList.forEach(ArrayList.java:1511)
at org.testng.TestRunner.privateRun(TestRunner.java:808)
at org.testng.TestRunner.run(TestRunner.java:603)
at org.testng.SuiteRunner.runTest(SuiteRunner.java:429)
at org.testng.SuiteRunner.runSequentially(SuiteRunner.java:423)
at org.testng.SuiteRunner.privateRun(SuiteRunner.java:383)
at org.testng.SuiteRunner.run(SuiteRunner.java:326)
at org.testng.SuiteRunnerWorker.runSuite(SuiteRunnerWorker.java:52)
at org.testng.SuiteRunnerWorker.run(SuiteRunnerWorker.java:95)
at org.testng.TestNG.runSuitesSequentially(TestNG.java:1249)
at org.testng.TestNG.runSuitesLocally(TestNG.java:1169)
at org.testng.TestNG.runSuites(TestNG.java:1092)
at org.testng.TestNG.run(TestNG.java:1060)
at org.apache.maven.surefire.testng.TestNGExecutor.run(TestNGExecutor.java:293)
at org.apache.maven.surefire.testng.TestNGXmlTestSuite.execute(TestNGXmlTestSuite.java:84)
at org.apache.maven.surefire.testng.TestNGProvider.invoke(TestNGProvider.java:91)
at org.apache.maven.surefire.booter.ForkedBooter.invokeProviderInSameClassLoader(ForkedBooter.java:200)
at org.apache.maven.surefire.booter.ForkedBooter.runSuitesInProcess(ForkedBooter.java:153)
at org.apache.maven.surefire.booter.ForkedBooter.main(ForkedBooter.java:103)
]]>
            </full-stacktrace>
          </exception> <!-- java.lang.Throwable -->
          <reporter-output>
          </reporter-output>
        </test-method> <!-- Orderplacetext -->
        <test-method signature="Clickon_logout()[pri:0, instance:com.Test.Rankmfselenium.BasketSIPOrder@66d3eec0]" started-at="2022-05-10T11:22:27 IST" name="Clickon_logout" finished-at="2022-05-10T11:22:27 IST" depends-on-methods="com.Test.Rankmfselenium.BasketSIPOrder.Orderplacetext" duration-ms="0" status="SKIP">
          <exception class="java.lang.Throwable">
            <message>
              <![CDATA[Method com.Test.Rankmfselenium.BasketSIPOrder.Clickon_logout() on instance com.Test.Rankmfselenium.BasketSIPOrder@66d3eec0 depends on not successfully finished methods 
[com.Test.Rankmfselenium.BasketSIPOrder.Orderplacetext() on instance com.Test.Rankmfselenium.BasketSIPOrder@66d3eec0]]]>
            </message>
            <full-stacktrace>
              <![CDATA[java.lang.Throwable: Method com.Test.Rankmfselenium.BasketSIPOrder.Clickon_logout() on instance com.Test.Rankmfselenium.BasketSIPOrder@66d3eec0 depends on not successfully finished methods 
[com.Test.Rankmfselenium.BasketSIPOrder.Orderplacetext() on instance com.Test.Rankmfselenium.BasketSIPOrder@66d3eec0]
at org.testng.internal.invokers.TestInvoker.invokeTestMethods(TestInvoker.java:149)
at org.testng.internal.invokers.TestMethodWorker.invokeTestMethods(TestMethodWorker.java:146)
at org.testng.internal.invokers.TestMethodWorker.run(TestMethodWorker.java:128)
at java.base/java.util.ArrayList.forEach(ArrayList.java:1511)
at org.testng.TestRunner.privateRun(TestRunner.java:808)
at org.testng.TestRunner.run(TestRunner.java:603)
at org.testng.SuiteRunner.runTest(SuiteRunner.java:429)
at org.testng.SuiteRunner.runSequentially(SuiteRunner.java:423)
at org.testng.SuiteRunner.privateRun(SuiteRunner.java:383)
at org.testng.SuiteRunner.run(SuiteRunner.java:326)
at org.testng.SuiteRunnerWorker.runSuite(SuiteRunnerWorker.java:52)
at org.testng.SuiteRunnerWorker.run(SuiteRunnerWorker.java:95)
at org.testng.TestNG.runSuitesSequentially(TestNG.java:1249)
at org.testng.TestNG.runSuitesLocally(TestNG.java:1169)
at org.testng.TestNG.runSuites(TestNG.java:1092)
at org.testng.TestNG.run(TestNG.java:1060)
at org.apache.maven.surefire.testng.TestNGExecutor.run(TestNGExecutor.java:293)
at org.apache.maven.surefire.testng.TestNGXmlTestSuite.execute(TestNGXmlTestSuite.java:84)
at org.apache.maven.surefire.testng.TestNGProvider.invoke(TestNGProvider.java:91)
at org.apache.maven.surefire.booter.ForkedBooter.invokeProviderInSameClassLoader(ForkedBooter.java:200)
at org.apache.maven.surefire.booter.ForkedBooter.runSuitesInProcess(ForkedBooter.java:153)
at org.apache.maven.surefire.booter.ForkedBooter.main(ForkedBooter.java:103)
]]>
            </full-stacktrace>
          </exception> <!-- java.lang.Throwable -->
          <reporter-output>
          </reporter-output>
        </test-method> <!-- Clickon_logout -->
        <test-method signature="Click_logoutbtn()[pri:0, instance:com.Test.Rankmfselenium.BasketSIPOrder@66d3eec0]" started-at="2022-05-10T11:22:27 IST" name="Click_logoutbtn" finished-at="2022-05-10T11:22:27 IST" depends-on-methods="com.Test.Rankmfselenium.BasketSIPOrder.Clickon_logout" duration-ms="0" status="SKIP">
          <exception class="java.lang.Throwable">
            <message>
              <![CDATA[Method com.Test.Rankmfselenium.BasketSIPOrder.Click_logoutbtn() on instance com.Test.Rankmfselenium.BasketSIPOrder@66d3eec0 depends on not successfully finished methods 
[com.Test.Rankmfselenium.BasketSIPOrder.Clickon_logout() on instance com.Test.Rankmfselenium.BasketSIPOrder@66d3eec0]]]>
            </message>
            <full-stacktrace>
              <![CDATA[java.lang.Throwable: Method com.Test.Rankmfselenium.BasketSIPOrder.Click_logoutbtn() on instance com.Test.Rankmfselenium.BasketSIPOrder@66d3eec0 depends on not successfully finished methods 
[com.Test.Rankmfselenium.BasketSIPOrder.Clickon_logout() on instance com.Test.Rankmfselenium.BasketSIPOrder@66d3eec0]
at org.testng.internal.invokers.TestInvoker.invokeTestMethods(TestInvoker.java:149)
at org.testng.internal.invokers.TestMethodWorker.invokeTestMethods(TestMethodWorker.java:146)
at org.testng.internal.invokers.TestMethodWorker.run(TestMethodWorker.java:128)
at java.base/java.util.ArrayList.forEach(ArrayList.java:1511)
at org.testng.TestRunner.privateRun(TestRunner.java:808)
at org.testng.TestRunner.run(TestRunner.java:603)
at org.testng.SuiteRunner.runTest(SuiteRunner.java:429)
at org.testng.SuiteRunner.runSequentially(SuiteRunner.java:423)
at org.testng.SuiteRunner.privateRun(SuiteRunner.java:383)
at org.testng.SuiteRunner.run(SuiteRunner.java:326)
at org.testng.SuiteRunnerWorker.runSuite(SuiteRunnerWorker.java:52)
at org.testng.SuiteRunnerWorker.run(SuiteRunnerWorker.java:95)
at org.testng.TestNG.runSuitesSequentially(TestNG.java:1249)
at org.testng.TestNG.runSuitesLocally(TestNG.java:1169)
at org.testng.TestNG.runSuites(TestNG.java:1092)
at org.testng.TestNG.run(TestNG.java:1060)
at org.apache.maven.surefire.testng.TestNGExecutor.run(TestNGExecutor.java:293)
at org.apache.maven.surefire.testng.TestNGXmlTestSuite.execute(TestNGXmlTestSuite.java:84)
at org.apache.maven.surefire.testng.TestNGProvider.invoke(TestNGProvider.java:91)
at org.apache.maven.surefire.booter.ForkedBooter.invokeProviderInSameClassLoader(ForkedBooter.java:200)
at org.apache.maven.surefire.booter.ForkedBooter.runSuitesInProcess(ForkedBooter.java:153)
at org.apache.maven.surefire.booter.ForkedBooter.main(ForkedBooter.java:103)
]]>
            </full-stacktrace>
          </exception> <!-- java.lang.Throwable -->
          <reporter-output>
          </reporter-output>
        </test-method> <!-- Click_logoutbtn -->
      </class> <!-- com.Test.Rankmfselenium.BasketSIPOrder -->
    </test> <!-- BasketSipOrder -->
    <test started-at="2022-05-10T11:22:27 IST" name="BasketSmartsiporderTest" finished-at="2022-05-10T11:23:04 IST" duration-ms="36666">
      <class name="com.Test.Rankmfselenium.BasketSmartsiporderTest">
        <test-method is-config="true" signature="SetInitialization()[pri:0, instance:com.Test.Rankmfselenium.BasketSmartsiporderTest@bae7dc0]" started-at="2022-05-10T11:22:27 IST" name="SetInitialization" finished-at="2022-05-10T11:22:31 IST" duration-ms="4010" status="PASS">
          <reporter-output>
          </reporter-output>
        </test-method> <!-- SetInitialization -->
        <test-method signature="ClickonSigninPage()[pri:0, instance:com.Test.Rankmfselenium.BasketSmartsiporderTest@bae7dc0]" started-at="2022-05-10T11:22:31 IST" name="ClickonSigninPage" finished-at="2022-05-10T11:22:32 IST" duration-ms="843" status="PASS">
          <reporter-output>
          </reporter-output>
        </test-method> <!-- ClickonSigninPage -->
        <test-method signature="Clickon_TotalInvestmentvalue()[pri:0, instance:com.Test.Rankmfselenium.BasketSmartsiporderTest@bae7dc0]" started-at="2022-05-10T11:22:32 IST" name="Clickon_TotalInvestmentvalue" finished-at="2022-05-10T11:22:35 IST" depends-on-methods="com.Test.Rankmfselenium.BasketSmartsiporderTest.ClickonSigninPage" duration-ms="2638" status="PASS">
          <reporter-output>
          </reporter-output>
        </test-method> <!-- Clickon_TotalInvestmentvalue -->
        <test-method signature="Click_HomePage()[pri:0, instance:com.Test.Rankmfselenium.BasketSmartsiporderTest@bae7dc0]" started-at="2022-05-10T11:22:35 IST" name="Click_HomePage" finished-at="2022-05-10T11:22:40 IST" depends-on-methods="com.Test.Rankmfselenium.BasketSmartsiporderTest.Clickon_TotalInvestmentvalue" duration-ms="4909" status="PASS">
          <reporter-output>
          </reporter-output>
        </test-method> <!-- Click_HomePage -->
        <test-method signature="Click_Investsmartsip()[pri:0, instance:com.Test.Rankmfselenium.BasketSmartsiporderTest@bae7dc0]" started-at="2022-05-10T11:22:40 IST" name="Click_Investsmartsip" finished-at="2022-05-10T11:22:43 IST" depends-on-methods="com.Test.Rankmfselenium.BasketSmartsiporderTest.Click_HomePage" duration-ms="3228" status="PASS">
          <reporter-output>
          </reporter-output>
        </test-method> <!-- Click_Investsmartsip -->
        <test-method signature="Click_smartsip()[pri:0, instance:com.Test.Rankmfselenium.BasketSmartsiporderTest@bae7dc0]" started-at="2022-05-10T11:22:43 IST" name="Click_smartsip" finished-at="2022-05-10T11:22:45 IST" depends-on-methods="com.Test.Rankmfselenium.BasketSmartsiporderTest.Click_Investsmartsip" duration-ms="2247" status="PASS">
          <reporter-output>
          </reporter-output>
        </test-method> <!-- Click_smartsip -->
        <test-method signature="click_continue()[pri:0, instance:com.Test.Rankmfselenium.BasketSmartsiporderTest@bae7dc0]" started-at="2022-05-10T11:22:45 IST" name="click_continue" finished-at="2022-05-10T11:22:49 IST" depends-on-methods="com.Test.Rankmfselenium.BasketSmartsiporderTest.Click_smartsip" duration-ms="4040" status="PASS">
          <reporter-output>
          </reporter-output>
        </test-method> <!-- click_continue -->
        <test-method signature="Installementdate()[pri:0, instance:com.Test.Rankmfselenium.BasketSmartsiporderTest@bae7dc0]" started-at="2022-05-10T11:22:49 IST" name="Installementdate" finished-at="2022-05-10T11:22:54 IST" depends-on-methods="com.Test.Rankmfselenium.BasketSmartsiporderTest.click_continue" duration-ms="5220" status="PASS">
          <reporter-output>
          </reporter-output>
        </test-method> <!-- Installementdate -->
        <test-method signature="InstallementStartdate()[pri:0, instance:com.Test.Rankmfselenium.BasketSmartsiporderTest@bae7dc0]" started-at="2022-05-10T11:22:54 IST" name="InstallementStartdate" finished-at="2022-05-10T11:22:57 IST" depends-on-methods="com.Test.Rankmfselenium.BasketSmartsiporderTest.Installementdate" duration-ms="2589" status="PASS">
          <reporter-output>
          </reporter-output>
        </test-method> <!-- InstallementStartdate -->
        <test-method signature="Clickalert()[pri:0, instance:com.Test.Rankmfselenium.BasketSmartsiporderTest@bae7dc0]" started-at="2022-05-10T11:22:57 IST" name="Clickalert" finished-at="2022-05-10T11:22:59 IST" depends-on-methods="com.Test.Rankmfselenium.BasketSmartsiporderTest.InstallementStartdate" duration-ms="2134" status="PASS">
          <reporter-output>
          </reporter-output>
        </test-method> <!-- Clickalert -->
        <test-method signature="check_VerifyOTP()[pri:0, instance:com.Test.Rankmfselenium.BasketSmartsiporderTest@bae7dc0]" started-at="2022-05-10T11:22:59 IST" name="check_VerifyOTP" finished-at="2022-05-10T11:23:01 IST" depends-on-methods="com.Test.Rankmfselenium.BasketSmartsiporderTest.Clickalert" duration-ms="2305" status="PASS">
          <reporter-output>
          </reporter-output>
        </test-method> <!-- check_VerifyOTP -->
        <test-method signature="check_enterotpnum()[pri:0, instance:com.Test.Rankmfselenium.BasketSmartsiporderTest@bae7dc0]" started-at="2022-05-10T11:23:01 IST" name="check_enterotpnum" finished-at="2022-05-10T11:23:04 IST" depends-on-methods="com.Test.Rankmfselenium.BasketSmartsiporderTest.check_VerifyOTP" duration-ms="2166" status="FAIL">
          <exception class="java.lang.IllegalArgumentException">
            <message>
              <![CDATA[Keys to send should be a not null CharSequence]]>
            </message>
            <full-stacktrace>
              <![CDATA[java.lang.IllegalArgumentException: Keys to send should be a not null CharSequence
at org.openqa.selenium.remote.RemoteWebElement.sendKeys(RemoteWebElement.java:97)
at com.Test.RANKMFSELENIUM.BasketAction.Enterotpnumber(BasketAction.java:38)
at com.Test.Rankmfselenium.BasketSmartsiporderTest.check_enterotpnum(BasketSmartsiporderTest.java:113)
at java.base/jdk.internal.reflect.NativeMethodAccessorImpl.invoke0(Native Method)
at java.base/jdk.internal.reflect.NativeMethodAccessorImpl.invoke(NativeMethodAccessorImpl.java:77)
at java.base/jdk.internal.reflect.DelegatingMethodAccessorImpl.invoke(DelegatingMethodAccessorImpl.java:43)
at java.base/java.lang.reflect.Method.invoke(Method.java:568)
at org.testng.internal.invokers.MethodInvocationHelper.invokeMethod(MethodInvocationHelper.java:135)
at org.testng.internal.invokers.TestInvoker.invokeMethod(TestInvoker.java:673)
at org.testng.internal.invokers.TestInvoker.invokeTestMethod(TestInvoker.java:220)
at org.testng.internal.invokers.MethodRunner.runInSequence(MethodRunner.java:50)
at org.testng.internal.invokers.TestInvoker$MethodInvocationAgent.invoke(TestInvoker.java:945)
at org.testng.internal.invokers.TestInvoker.invokeTestMethods(TestInvoker.java:193)
at org.testng.internal.invokers.TestMethodWorker.invokeTestMethods(TestMethodWorker.java:146)
at org.testng.internal.invokers.TestMethodWorker.run(TestMethodWorker.java:128)
at java.base/java.util.ArrayList.forEach(ArrayList.java:1511)
at org.testng.TestRunner.privateRun(TestRunner.java:808)
at org.testng.TestRunner.run(TestRunner.java:603)
at org.testng.SuiteRunner.runTest(SuiteRunner.java:429)
at org.testng.SuiteRunner.runSequentially(SuiteRunner.java:423)
at org.testng.SuiteRunner.privateRun(SuiteRunner.java:383)
at org.testng.SuiteRunner.run(SuiteRunner.java:326)
at org.testng.SuiteRunnerWorker.runSuite(SuiteRunnerWorker.java:52)
at org.testng.SuiteRunnerWorker.run(SuiteRunnerWorker.java:95)
at org.testng.TestNG.runSuitesSequentially(TestNG.java:1249)
at org.testng.TestNG.runSuitesLocally(TestNG.java:1169)
at org.testng.TestNG.runSuites(TestNG.java:1092)
at org.testng.TestNG.run(TestNG.java:1060)
at org.apache.maven.surefire.testng.TestNGExecutor.run(TestNGExecutor.java:293)
at org.apache.maven.surefire.testng.TestNGXmlTestSuite.execute(TestNGXmlTestSuite.java:84)
at org.apache.maven.surefire.testng.TestNGProvider.invoke(TestNGProvider.java:91)
at org.apache.maven.surefire.booter.ForkedBooter.invokeProviderInSameClassLoader(ForkedBooter.java:200)
at org.apache.maven.surefire.booter.ForkedBooter.runSuitesInProcess(ForkedBooter.java:153)
at org.apache.maven.surefire.booter.ForkedBooter.main(ForkedBooter.java:103)
]]>
            </full-stacktrace>
          </exception> <!-- java.lang.IllegalArgumentException -->
          <reporter-output>
          </reporter-output>
        </test-method> <!-- check_enterotpnum -->
        <test-method signature="Clickon_confirmcontinue()[pri:0, instance:com.Test.Rankmfselenium.BasketSmartsiporderTest@bae7dc0]" started-at="2022-05-10T11:23:04 IST" name="Clickon_confirmcontinue" finished-at="2022-05-10T11:23:04 IST" depends-on-methods="com.Test.Rankmfselenium.BasketSmartsiporderTest.check_enterotpnum" duration-ms="0" status="SKIP">
          <exception class="java.lang.Throwable">
            <message>
              <![CDATA[Method com.Test.Rankmfselenium.BasketSmartsiporderTest.Clickon_confirmcontinue() on instance com.Test.Rankmfselenium.BasketSmartsiporderTest@bae7dc0 depends on not successfully finished methods 
[com.Test.Rankmfselenium.BasketSmartsiporderTest.check_enterotpnum() on instance com.Test.Rankmfselenium.BasketSmartsiporderTest@bae7dc0]]]>
            </message>
            <full-stacktrace>
              <![CDATA[java.lang.Throwable: Method com.Test.Rankmfselenium.BasketSmartsiporderTest.Clickon_confirmcontinue() on instance com.Test.Rankmfselenium.BasketSmartsiporderTest@bae7dc0 depends on not successfully finished methods 
[com.Test.Rankmfselenium.BasketSmartsiporderTest.check_enterotpnum() on instance com.Test.Rankmfselenium.BasketSmartsiporderTest@bae7dc0]
at org.testng.internal.invokers.TestInvoker.invokeTestMethods(TestInvoker.java:149)
at org.testng.internal.invokers.TestMethodWorker.invokeTestMethods(TestMethodWorker.java:146)
at org.testng.internal.invokers.TestMethodWorker.run(TestMethodWorker.java:128)
at java.base/java.util.ArrayList.forEach(ArrayList.java:1511)
at org.testng.TestRunner.privateRun(TestRunner.java:808)
at org.testng.TestRunner.run(TestRunner.java:603)
at org.testng.SuiteRunner.runTest(SuiteRunner.java:429)
at org.testng.SuiteRunner.runSequentially(SuiteRunner.java:423)
at org.testng.SuiteRunner.privateRun(SuiteRunner.java:383)
at org.testng.SuiteRunner.run(SuiteRunner.java:326)
at org.testng.SuiteRunnerWorker.runSuite(SuiteRunnerWorker.java:52)
at org.testng.SuiteRunnerWorker.run(SuiteRunnerWorker.java:95)
at org.testng.TestNG.runSuitesSequentially(TestNG.java:1249)
at org.testng.TestNG.runSuitesLocally(TestNG.java:1169)
at org.testng.TestNG.runSuites(TestNG.java:1092)
at org.testng.TestNG.run(TestNG.java:1060)
at org.apache.maven.surefire.testng.TestNGExecutor.run(TestNGExecutor.java:293)
at org.apache.maven.surefire.testng.TestNGXmlTestSuite.execute(TestNGXmlTestSuite.java:84)
at org.apache.maven.surefire.testng.TestNGProvider.invoke(TestNGProvider.java:91)
at org.apache.maven.surefire.booter.ForkedBooter.invokeProviderInSameClassLoader(ForkedBooter.java:200)
at org.apache.maven.surefire.booter.ForkedBooter.runSuitesInProcess(ForkedBooter.java:153)
at org.apache.maven.surefire.booter.ForkedBooter.main(ForkedBooter.java:103)
]]>
            </full-stacktrace>
          </exception> <!-- java.lang.Throwable -->
          <reporter-output>
          </reporter-output>
        </test-method> <!-- Clickon_confirmcontinue -->
        <test-method signature="Clickon_fetchsmartsippalcedorder()[pri:0, instance:com.Test.Rankmfselenium.BasketSmartsiporderTest@bae7dc0]" started-at="2022-05-10T11:23:04 IST" name="Clickon_fetchsmartsippalcedorder" finished-at="2022-05-10T11:23:04 IST" depends-on-methods="com.Test.Rankmfselenium.BasketSmartsiporderTest.Clickon_confirmcontinue" duration-ms="0" status="SKIP">
          <exception class="java.lang.Throwable">
            <message>
              <![CDATA[Method com.Test.Rankmfselenium.BasketSmartsiporderTest.Clickon_fetchsmartsippalcedorder() on instance com.Test.Rankmfselenium.BasketSmartsiporderTest@bae7dc0 depends on not successfully finished methods 
[com.Test.Rankmfselenium.BasketSmartsiporderTest.Clickon_confirmcontinue() on instance com.Test.Rankmfselenium.BasketSmartsiporderTest@bae7dc0]]]>
            </message>
            <full-stacktrace>
              <![CDATA[java.lang.Throwable: Method com.Test.Rankmfselenium.BasketSmartsiporderTest.Clickon_fetchsmartsippalcedorder() on instance com.Test.Rankmfselenium.BasketSmartsiporderTest@bae7dc0 depends on not successfully finished methods 
[com.Test.Rankmfselenium.BasketSmartsiporderTest.Clickon_confirmcontinue() on instance com.Test.Rankmfselenium.BasketSmartsiporderTest@bae7dc0]
at org.testng.internal.invokers.TestInvoker.invokeTestMethods(TestInvoker.java:149)
at org.testng.internal.invokers.TestMethodWorker.invokeTestMethods(TestMethodWorker.java:146)
at org.testng.internal.invokers.TestMethodWorker.run(TestMethodWorker.java:128)
at java.base/java.util.ArrayList.forEach(ArrayList.java:1511)
at org.testng.TestRunner.privateRun(TestRunner.java:808)
at org.testng.TestRunner.run(TestRunner.java:603)
at org.testng.SuiteRunner.runTest(SuiteRunner.java:429)
at org.testng.SuiteRunner.runSequentially(SuiteRunner.java:423)
at org.testng.SuiteRunner.privateRun(SuiteRunner.java:383)
at org.testng.SuiteRunner.run(SuiteRunner.java:326)
at org.testng.SuiteRunnerWorker.runSuite(SuiteRunnerWorker.java:52)
at org.testng.SuiteRunnerWorker.run(SuiteRunnerWorker.java:95)
at org.testng.TestNG.runSuitesSequentially(TestNG.java:1249)
at org.testng.TestNG.runSuitesLocally(TestNG.java:1169)
at org.testng.TestNG.runSuites(TestNG.java:1092)
at org.testng.TestNG.run(TestNG.java:1060)
at org.apache.maven.surefire.testng.TestNGExecutor.run(TestNGExecutor.java:293)
at org.apache.maven.surefire.testng.TestNGXmlTestSuite.execute(TestNGXmlTestSuite.java:84)
at org.apache.maven.surefire.testng.TestNGProvider.invoke(TestNGProvider.java:91)
at org.apache.maven.surefire.booter.ForkedBooter.invokeProviderInSameClassLoader(ForkedBooter.java:200)
at org.apache.maven.surefire.booter.ForkedBooter.runSuitesInProcess(ForkedBooter.java:153)
at org.apache.maven.surefire.booter.ForkedBooter.main(ForkedBooter.java:103)
]]>
            </full-stacktrace>
          </exception> <!-- java.lang.Throwable -->
          <reporter-output>
          </reporter-output>
        </test-method> <!-- Clickon_fetchsmartsippalcedorder -->
        <test-method signature="Clickon_closepopup()[pri:0, instance:com.Test.Rankmfselenium.BasketSmartsiporderTest@bae7dc0]" started-at="2022-05-10T11:23:04 IST" name="Clickon_closepopup" finished-at="2022-05-10T11:23:04 IST" depends-on-methods="com.Test.Rankmfselenium.BasketSmartsiporderTest.Clickon_fetchsmartsippalcedorder" duration-ms="1" status="SKIP">
          <exception class="java.lang.Throwable">
            <message>
              <![CDATA[Method com.Test.Rankmfselenium.BasketSmartsiporderTest.Clickon_closepopup() on instance com.Test.Rankmfselenium.BasketSmartsiporderTest@bae7dc0 depends on not successfully finished methods 
[com.Test.Rankmfselenium.BasketSmartsiporderTest.Clickon_fetchsmartsippalcedorder() on instance com.Test.Rankmfselenium.BasketSmartsiporderTest@bae7dc0]]]>
            </message>
            <full-stacktrace>
              <![CDATA[java.lang.Throwable: Method com.Test.Rankmfselenium.BasketSmartsiporderTest.Clickon_closepopup() on instance com.Test.Rankmfselenium.BasketSmartsiporderTest@bae7dc0 depends on not successfully finished methods 
[com.Test.Rankmfselenium.BasketSmartsiporderTest.Clickon_fetchsmartsippalcedorder() on instance com.Test.Rankmfselenium.BasketSmartsiporderTest@bae7dc0]
at org.testng.internal.invokers.TestInvoker.invokeTestMethods(TestInvoker.java:149)
at org.testng.internal.invokers.TestMethodWorker.invokeTestMethods(TestMethodWorker.java:146)
at org.testng.internal.invokers.TestMethodWorker.run(TestMethodWorker.java:128)
at java.base/java.util.ArrayList.forEach(ArrayList.java:1511)
at org.testng.TestRunner.privateRun(TestRunner.java:808)
at org.testng.TestRunner.run(TestRunner.java:603)
at org.testng.SuiteRunner.runTest(SuiteRunner.java:429)
at org.testng.SuiteRunner.runSequentially(SuiteRunner.java:423)
at org.testng.SuiteRunner.privateRun(SuiteRunner.java:383)
at org.testng.SuiteRunner.run(SuiteRunner.java:326)
at org.testng.SuiteRunnerWorker.runSuite(SuiteRunnerWorker.java:52)
at org.testng.SuiteRunnerWorker.run(SuiteRunnerWorker.java:95)
at org.testng.TestNG.runSuitesSequentially(TestNG.java:1249)
at org.testng.TestNG.runSuitesLocally(TestNG.java:1169)
at org.testng.TestNG.runSuites(TestNG.java:1092)
at org.testng.TestNG.run(TestNG.java:1060)
at org.apache.maven.surefire.testng.TestNGExecutor.run(TestNGExecutor.java:293)
at org.apache.maven.surefire.testng.TestNGXmlTestSuite.execute(TestNGXmlTestSuite.java:84)
at org.apache.maven.surefire.testng.TestNGProvider.invoke(TestNGProvider.java:91)
at org.apache.maven.surefire.booter.ForkedBooter.invokeProviderInSameClassLoader(ForkedBooter.java:200)
at org.apache.maven.surefire.booter.ForkedBooter.runSuitesInProcess(ForkedBooter.java:153)
at org.apache.maven.surefire.booter.ForkedBooter.main(ForkedBooter.java:103)
]]>
            </full-stacktrace>
          </exception> <!-- java.lang.Throwable -->
          <reporter-output>
          </reporter-output>
        </test-method> <!-- Clickon_closepopup -->
        <test-method signature="Clickon_cancelsmartsiporder()[pri:0, instance:com.Test.Rankmfselenium.BasketSmartsiporderTest@bae7dc0]" started-at="2022-05-10T11:23:04 IST" name="Clickon_cancelsmartsiporder" finished-at="2022-05-10T11:23:04 IST" depends-on-methods="com.Test.Rankmfselenium.BasketSmartsiporderTest.Clickon_closepopup" duration-ms="0" status="SKIP">
          <exception class="java.lang.Throwable">
            <message>
              <![CDATA[Method com.Test.Rankmfselenium.BasketSmartsiporderTest.Clickon_cancelsmartsiporder() on instance com.Test.Rankmfselenium.BasketSmartsiporderTest@bae7dc0 depends on not successfully finished methods 
[com.Test.Rankmfselenium.BasketSmartsiporderTest.Clickon_closepopup() on instance com.Test.Rankmfselenium.BasketSmartsiporderTest@bae7dc0]]]>
            </message>
            <full-stacktrace>
              <![CDATA[java.lang.Throwable: Method com.Test.Rankmfselenium.BasketSmartsiporderTest.Clickon_cancelsmartsiporder() on instance com.Test.Rankmfselenium.BasketSmartsiporderTest@bae7dc0 depends on not successfully finished methods 
[com.Test.Rankmfselenium.BasketSmartsiporderTest.Clickon_closepopup() on instance com.Test.Rankmfselenium.BasketSmartsiporderTest@bae7dc0]
at org.testng.internal.invokers.TestInvoker.invokeTestMethods(TestInvoker.java:149)
at org.testng.internal.invokers.TestMethodWorker.invokeTestMethods(TestMethodWorker.java:146)
at org.testng.internal.invokers.TestMethodWorker.run(TestMethodWorker.java:128)
at java.base/java.util.ArrayList.forEach(ArrayList.java:1511)
at org.testng.TestRunner.privateRun(TestRunner.java:808)
at org.testng.TestRunner.run(TestRunner.java:603)
at org.testng.SuiteRunner.runTest(SuiteRunner.java:429)
at org.testng.SuiteRunner.runSequentially(SuiteRunner.java:423)
at org.testng.SuiteRunner.privateRun(SuiteRunner.java:383)
at org.testng.SuiteRunner.run(SuiteRunner.java:326)
at org.testng.SuiteRunnerWorker.runSuite(SuiteRunnerWorker.java:52)
at org.testng.SuiteRunnerWorker.run(SuiteRunnerWorker.java:95)
at org.testng.TestNG.runSuitesSequentially(TestNG.java:1249)
at org.testng.TestNG.runSuitesLocally(TestNG.java:1169)
at org.testng.TestNG.runSuites(TestNG.java:1092)
at org.testng.TestNG.run(TestNG.java:1060)
at org.apache.maven.surefire.testng.TestNGExecutor.run(TestNGExecutor.java:293)
at org.apache.maven.surefire.testng.TestNGXmlTestSuite.execute(TestNGXmlTestSuite.java:84)
at org.apache.maven.surefire.testng.TestNGProvider.invoke(TestNGProvider.java:91)
at org.apache.maven.surefire.booter.ForkedBooter.invokeProviderInSameClassLoader(ForkedBooter.java:200)
at org.apache.maven.surefire.booter.ForkedBooter.runSuitesInProcess(ForkedBooter.java:153)
at org.apache.maven.surefire.booter.ForkedBooter.main(ForkedBooter.java:103)
]]>
            </full-stacktrace>
          </exception> <!-- java.lang.Throwable -->
          <reporter-output>
          </reporter-output>
        </test-method> <!-- Clickon_cancelsmartsiporder -->
        <test-method signature="Clickon_logout()[pri:0, instance:com.Test.Rankmfselenium.BasketSmartsiporderTest@bae7dc0]" started-at="2022-05-10T11:23:04 IST" name="Clickon_logout" finished-at="2022-05-10T11:23:04 IST" depends-on-methods="com.Test.Rankmfselenium.BasketSmartsiporderTest.Clickon_cancelsmartsiporder" duration-ms="0" status="SKIP">
          <exception class="java.lang.Throwable">
            <message>
              <![CDATA[Method com.Test.Rankmfselenium.BasketSmartsiporderTest.Clickon_logout() on instance com.Test.Rankmfselenium.BasketSmartsiporderTest@bae7dc0 depends on not successfully finished methods 
[com.Test.Rankmfselenium.BasketSmartsiporderTest.Clickon_cancelsmartsiporder() on instance com.Test.Rankmfselenium.BasketSmartsiporderTest@bae7dc0]]]>
            </message>
            <full-stacktrace>
              <![CDATA[java.lang.Throwable: Method com.Test.Rankmfselenium.BasketSmartsiporderTest.Clickon_logout() on instance com.Test.Rankmfselenium.BasketSmartsiporderTest@bae7dc0 depends on not successfully finished methods 
[com.Test.Rankmfselenium.BasketSmartsiporderTest.Clickon_cancelsmartsiporder() on instance com.Test.Rankmfselenium.BasketSmartsiporderTest@bae7dc0]
at org.testng.internal.invokers.TestInvoker.invokeTestMethods(TestInvoker.java:149)
at org.testng.internal.invokers.TestMethodWorker.invokeTestMethods(TestMethodWorker.java:146)
at org.testng.internal.invokers.TestMethodWorker.run(TestMethodWorker.java:128)
at java.base/java.util.ArrayList.forEach(ArrayList.java:1511)
at org.testng.TestRunner.privateRun(TestRunner.java:808)
at org.testng.TestRunner.run(TestRunner.java:603)
at org.testng.SuiteRunner.runTest(SuiteRunner.java:429)
at org.testng.SuiteRunner.runSequentially(SuiteRunner.java:423)
at org.testng.SuiteRunner.privateRun(SuiteRunner.java:383)
at org.testng.SuiteRunner.run(SuiteRunner.java:326)
at org.testng.SuiteRunnerWorker.runSuite(SuiteRunnerWorker.java:52)
at org.testng.SuiteRunnerWorker.run(SuiteRunnerWorker.java:95)
at org.testng.TestNG.runSuitesSequentially(TestNG.java:1249)
at org.testng.TestNG.runSuitesLocally(TestNG.java:1169)
at org.testng.TestNG.runSuites(TestNG.java:1092)
at org.testng.TestNG.run(TestNG.java:1060)
at org.apache.maven.surefire.testng.TestNGExecutor.run(TestNGExecutor.java:293)
at org.apache.maven.surefire.testng.TestNGXmlTestSuite.execute(TestNGXmlTestSuite.java:84)
at org.apache.maven.surefire.testng.TestNGProvider.invoke(TestNGProvider.java:91)
at org.apache.maven.surefire.booter.ForkedBooter.invokeProviderInSameClassLoader(ForkedBooter.java:200)
at org.apache.maven.surefire.booter.ForkedBooter.runSuitesInProcess(ForkedBooter.java:153)
at org.apache.maven.surefire.booter.ForkedBooter.main(ForkedBooter.java:103)
]]>
            </full-stacktrace>
          </exception> <!-- java.lang.Throwable -->
          <reporter-output>
          </reporter-output>
        </test-method> <!-- Clickon_logout -->
        <test-method signature="Click_logoutbtn()[pri:0, instance:com.Test.Rankmfselenium.BasketSmartsiporderTest@bae7dc0]" started-at="2022-05-10T11:23:04 IST" name="Click_logoutbtn" finished-at="2022-05-10T11:23:04 IST" depends-on-methods="com.Test.Rankmfselenium.BasketSmartsiporderTest.Clickon_logout" duration-ms="0" status="SKIP">
          <exception class="java.lang.Throwable">
            <message>
              <![CDATA[Method com.Test.Rankmfselenium.BasketSmartsiporderTest.Click_logoutbtn() on instance com.Test.Rankmfselenium.BasketSmartsiporderTest@bae7dc0 depends on not successfully finished methods 
[com.Test.Rankmfselenium.BasketSmartsiporderTest.Clickon_logout() on instance com.Test.Rankmfselenium.BasketSmartsiporderTest@bae7dc0]]]>
            </message>
            <full-stacktrace>
              <![CDATA[java.lang.Throwable: Method com.Test.Rankmfselenium.BasketSmartsiporderTest.Click_logoutbtn() on instance com.Test.Rankmfselenium.BasketSmartsiporderTest@bae7dc0 depends on not successfully finished methods 
[com.Test.Rankmfselenium.BasketSmartsiporderTest.Clickon_logout() on instance com.Test.Rankmfselenium.BasketSmartsiporderTest@bae7dc0]
at org.testng.internal.invokers.TestInvoker.invokeTestMethods(TestInvoker.java:149)
at org.testng.internal.invokers.TestMethodWorker.invokeTestMethods(TestMethodWorker.java:146)
at org.testng.internal.invokers.TestMethodWorker.run(TestMethodWorker.java:128)
at java.base/java.util.ArrayList.forEach(ArrayList.java:1511)
at org.testng.TestRunner.privateRun(TestRunner.java:808)
at org.testng.TestRunner.run(TestRunner.java:603)
at org.testng.SuiteRunner.runTest(SuiteRunner.java:429)
at org.testng.SuiteRunner.runSequentially(SuiteRunner.java:423)
at org.testng.SuiteRunner.privateRun(SuiteRunner.java:383)
at org.testng.SuiteRunner.run(SuiteRunner.java:326)
at org.testng.SuiteRunnerWorker.runSuite(SuiteRunnerWorker.java:52)
at org.testng.SuiteRunnerWorker.run(SuiteRunnerWorker.java:95)
at org.testng.TestNG.runSuitesSequentially(TestNG.java:1249)
at org.testng.TestNG.runSuitesLocally(TestNG.java:1169)
at org.testng.TestNG.runSuites(TestNG.java:1092)
at org.testng.TestNG.run(TestNG.java:1060)
at org.apache.maven.surefire.testng.TestNGExecutor.run(TestNGExecutor.java:293)
at org.apache.maven.surefire.testng.TestNGXmlTestSuite.execute(TestNGXmlTestSuite.java:84)
at org.apache.maven.surefire.testng.TestNGProvider.invoke(TestNGProvider.java:91)
at org.apache.maven.surefire.booter.ForkedBooter.invokeProviderInSameClassLoader(ForkedBooter.java:200)
at org.apache.maven.surefire.booter.ForkedBooter.runSuitesInProcess(ForkedBooter.java:153)
at org.apache.maven.surefire.booter.ForkedBooter.main(ForkedBooter.java:103)
]]>
            </full-stacktrace>
          </exception> <!-- java.lang.Throwable -->
          <reporter-output>
          </reporter-output>
        </test-method> <!-- Click_logoutbtn -->
      </class> <!-- com.Test.Rankmfselenium.BasketSmartsiporderTest -->
    </test> <!-- BasketSmartsiporderTest -->
    <test started-at="2022-05-10T11:23:04 IST" name="BasketNormalSiporderTest" finished-at="2022-05-10T11:23:48 IST" duration-ms="43789">
      <class name="com.Test.Rankmfselenium.BasketNormalSiporderTest">
        <test-method is-config="true" signature="SetInitialization()[pri:0, instance:com.Test.Rankmfselenium.BasketNormalSiporderTest@6e0f5f7f]" started-at="2022-05-10T11:23:04 IST" name="SetInitialization" finished-at="2022-05-10T11:23:09 IST" duration-ms="4716" status="PASS">
          <reporter-output>
          </reporter-output>
        </test-method> <!-- SetInitialization -->
        <test-method signature="ClickonSigninPage()[pri:0, instance:com.Test.Rankmfselenium.BasketNormalSiporderTest@6e0f5f7f]" started-at="2022-05-10T11:23:09 IST" name="ClickonSigninPage" finished-at="2022-05-10T11:23:10 IST" duration-ms="1069" status="PASS">
          <reporter-output>
          </reporter-output>
        </test-method> <!-- ClickonSigninPage -->
        <test-method signature="Clickon_TotalInvestmentvalue()[pri:0, instance:com.Test.Rankmfselenium.BasketNormalSiporderTest@6e0f5f7f]" started-at="2022-05-10T11:23:10 IST" name="Clickon_TotalInvestmentvalue" finished-at="2022-05-10T11:23:13 IST" depends-on-methods="com.Test.Rankmfselenium.BasketNormalSiporderTest.ClickonSigninPage" duration-ms="2820" status="PASS">
          <reporter-output>
          </reporter-output>
        </test-method> <!-- Clickon_TotalInvestmentvalue -->
        <test-method signature="Click_HomePage()[pri:0, instance:com.Test.Rankmfselenium.BasketNormalSiporderTest@6e0f5f7f]" started-at="2022-05-10T11:23:13 IST" name="Click_HomePage" finished-at="2022-05-10T11:23:16 IST" depends-on-methods="com.Test.Rankmfselenium.BasketNormalSiporderTest.Clickon_TotalInvestmentvalue" duration-ms="3021" status="PASS">
          <reporter-output>
          </reporter-output>
        </test-method> <!-- Click_HomePage -->
        <test-method signature="search_mutualfunds()[pri:0, instance:com.Test.Rankmfselenium.BasketNormalSiporderTest@6e0f5f7f]" started-at="2022-05-10T11:23:16 IST" name="search_mutualfunds" finished-at="2022-05-10T11:23:25 IST" depends-on-methods="com.Test.Rankmfselenium.BasketNormalSiporderTest.Click_HomePage" duration-ms="9362" status="PASS">
          <reporter-output>
          </reporter-output>
        </test-method> <!-- search_mutualfunds -->
        <test-method signature="Click_Normalsip()[pri:0, instance:com.Test.Rankmfselenium.BasketNormalSiporderTest@6e0f5f7f]" started-at="2022-05-10T11:23:25 IST" name="Click_Normalsip" finished-at="2022-05-10T11:23:32 IST" depends-on-methods="com.Test.Rankmfselenium.BasketNormalSiporderTest.search_mutualfunds" duration-ms="6622" status="PASS">
          <reporter-output>
          </reporter-output>
        </test-method> <!-- Click_Normalsip -->
        <test-method signature="Click_sipcontinuebtn()[pri:0, instance:com.Test.Rankmfselenium.BasketNormalSiporderTest@6e0f5f7f]" started-at="2022-05-10T11:23:32 IST" name="Click_sipcontinuebtn" finished-at="2022-05-10T11:23:34 IST" depends-on-methods="com.Test.Rankmfselenium.BasketNormalSiporderTest.Click_Normalsip" duration-ms="2444" status="PASS">
          <reporter-output>
          </reporter-output>
        </test-method> <!-- Click_sipcontinuebtn -->
        <test-method signature="InstallementStartdate()[pri:0, instance:com.Test.Rankmfselenium.BasketNormalSiporderTest@6e0f5f7f]" started-at="2022-05-10T11:23:34 IST" name="InstallementStartdate" finished-at="2022-05-10T11:23:37 IST" depends-on-methods="com.Test.Rankmfselenium.BasketNormalSiporderTest.Click_sipcontinuebtn" duration-ms="3202" status="PASS">
          <reporter-output>
          </reporter-output>
        </test-method> <!-- InstallementStartdate -->
        <test-method signature="Startdatepicker()[pri:0, instance:com.Test.Rankmfselenium.BasketNormalSiporderTest@6e0f5f7f]" started-at="2022-05-10T11:23:37 IST" name="Startdatepicker" finished-at="2022-05-10T11:23:41 IST" depends-on-methods="com.Test.Rankmfselenium.BasketNormalSiporderTest.InstallementStartdate" duration-ms="3374" status="PASS">
          <reporter-output>
          </reporter-output>
        </test-method> <!-- Startdatepicker -->
        <test-method signature="Click_continuebtn()[pri:0, instance:com.Test.Rankmfselenium.BasketNormalSiporderTest@6e0f5f7f]" started-at="2022-05-10T11:23:41 IST" name="Click_continuebtn" finished-at="2022-05-10T11:23:43 IST" depends-on-methods="com.Test.Rankmfselenium.BasketNormalSiporderTest.Startdatepicker" duration-ms="2170" status="PASS">
          <reporter-output>
          </reporter-output>
        </test-method> <!-- Click_continuebtn -->
        <test-method signature="check_VerifyOTP()[pri:0, instance:com.Test.Rankmfselenium.BasketNormalSiporderTest@6e0f5f7f]" started-at="2022-05-10T11:23:43 IST" name="check_VerifyOTP" finished-at="2022-05-10T11:23:45 IST" depends-on-methods="com.Test.Rankmfselenium.BasketNormalSiporderTest.Click_continuebtn" duration-ms="2409" status="PASS">
          <reporter-output>
          </reporter-output>
        </test-method> <!-- check_VerifyOTP -->
        <test-method signature="check_enterotpnum()[pri:0, instance:com.Test.Rankmfselenium.BasketNormalSiporderTest@6e0f5f7f]" started-at="2022-05-10T11:23:45 IST" name="check_enterotpnum" finished-at="2022-05-10T11:23:47 IST" depends-on-methods="com.Test.Rankmfselenium.BasketNormalSiporderTest.check_VerifyOTP" duration-ms="2174" status="FAIL">
          <exception class="java.lang.IllegalArgumentException">
            <message>
              <![CDATA[Keys to send should be a not null CharSequence]]>
            </message>
            <full-stacktrace>
              <![CDATA[java.lang.IllegalArgumentException: Keys to send should be a not null CharSequence
at org.openqa.selenium.remote.RemoteWebElement.sendKeys(RemoteWebElement.java:97)
at com.Test.RANKMFSELENIUM.DashboardNormalSiporderTest.enterotpnumber(DashboardNormalSiporderTest.java:153)
at com.Test.Rankmfselenium.BasketNormalSiporderTest.check_enterotpnum(BasketNormalSiporderTest.java:125)
at java.base/jdk.internal.reflect.NativeMethodAccessorImpl.invoke0(Native Method)
at java.base/jdk.internal.reflect.NativeMethodAccessorImpl.invoke(NativeMethodAccessorImpl.java:77)
at java.base/jdk.internal.reflect.DelegatingMethodAccessorImpl.invoke(DelegatingMethodAccessorImpl.java:43)
at java.base/java.lang.reflect.Method.invoke(Method.java:568)
at org.testng.internal.invokers.MethodInvocationHelper.invokeMethod(MethodInvocationHelper.java:135)
at org.testng.internal.invokers.TestInvoker.invokeMethod(TestInvoker.java:673)
at org.testng.internal.invokers.TestInvoker.invokeTestMethod(TestInvoker.java:220)
at org.testng.internal.invokers.MethodRunner.runInSequence(MethodRunner.java:50)
at org.testng.internal.invokers.TestInvoker$MethodInvocationAgent.invoke(TestInvoker.java:945)
at org.testng.internal.invokers.TestInvoker.invokeTestMethods(TestInvoker.java:193)
at org.testng.internal.invokers.TestMethodWorker.invokeTestMethods(TestMethodWorker.java:146)
at org.testng.internal.invokers.TestMethodWorker.run(TestMethodWorker.java:128)
at java.base/java.util.ArrayList.forEach(ArrayList.java:1511)
at org.testng.TestRunner.privateRun(TestRunner.java:808)
at org.testng.TestRunner.run(TestRunner.java:603)
at org.testng.SuiteRunner.runTest(SuiteRunner.java:429)
at org.testng.SuiteRunner.runSequentially(SuiteRunner.java:423)
at org.testng.SuiteRunner.privateRun(SuiteRunner.java:383)
at org.testng.SuiteRunner.run(SuiteRunner.java:326)
at org.testng.SuiteRunnerWorker.runSuite(SuiteRunnerWorker.java:52)
at org.testng.SuiteRunnerWorker.run(SuiteRunnerWorker.java:95)
at org.testng.TestNG.runSuitesSequentially(TestNG.java:1249)
at org.testng.TestNG.runSuitesLocally(TestNG.java:1169)
at org.testng.TestNG.runSuites(TestNG.java:1092)
at org.testng.TestNG.run(TestNG.java:1060)
at org.apache.maven.surefire.testng.TestNGExecutor.run(TestNGExecutor.java:293)
at org.apache.maven.surefire.testng.TestNGXmlTestSuite.execute(TestNGXmlTestSuite.java:84)
at org.apache.maven.surefire.testng.TestNGProvider.invoke(TestNGProvider.java:91)
at org.apache.maven.surefire.booter.ForkedBooter.invokeProviderInSameClassLoader(ForkedBooter.java:200)
at org.apache.maven.surefire.booter.ForkedBooter.runSuitesInProcess(ForkedBooter.java:153)
at org.apache.maven.surefire.booter.ForkedBooter.main(ForkedBooter.java:103)
]]>
            </full-stacktrace>
          </exception> <!-- java.lang.IllegalArgumentException -->
          <reporter-output>
          </reporter-output>
        </test-method> <!-- check_enterotpnum -->
        <test-method signature="Clickon_confirmcontinue()[pri:0, instance:com.Test.Rankmfselenium.BasketNormalSiporderTest@6e0f5f7f]" started-at="2022-05-10T11:23:48 IST" name="Clickon_confirmcontinue" finished-at="2022-05-10T11:23:48 IST" depends-on-methods="com.Test.Rankmfselenium.BasketNormalSiporderTest.check_enterotpnum" duration-ms="0" status="SKIP">
          <exception class="java.lang.Throwable">
            <message>
              <![CDATA[Method com.Test.Rankmfselenium.BasketNormalSiporderTest.Clickon_confirmcontinue() on instance com.Test.Rankmfselenium.BasketNormalSiporderTest@6e0f5f7f depends on not successfully finished methods 
[com.Test.Rankmfselenium.BasketNormalSiporderTest.check_enterotpnum() on instance com.Test.Rankmfselenium.BasketNormalSiporderTest@6e0f5f7f]]]>
            </message>
            <full-stacktrace>
              <![CDATA[java.lang.Throwable: Method com.Test.Rankmfselenium.BasketNormalSiporderTest.Clickon_confirmcontinue() on instance com.Test.Rankmfselenium.BasketNormalSiporderTest@6e0f5f7f depends on not successfully finished methods 
[com.Test.Rankmfselenium.BasketNormalSiporderTest.check_enterotpnum() on instance com.Test.Rankmfselenium.BasketNormalSiporderTest@6e0f5f7f]
at org.testng.internal.invokers.TestInvoker.invokeTestMethods(TestInvoker.java:149)
at org.testng.internal.invokers.TestMethodWorker.invokeTestMethods(TestMethodWorker.java:146)
at org.testng.internal.invokers.TestMethodWorker.run(TestMethodWorker.java:128)
at java.base/java.util.ArrayList.forEach(ArrayList.java:1511)
at org.testng.TestRunner.privateRun(TestRunner.java:808)
at org.testng.TestRunner.run(TestRunner.java:603)
at org.testng.SuiteRunner.runTest(SuiteRunner.java:429)
at org.testng.SuiteRunner.runSequentially(SuiteRunner.java:423)
at org.testng.SuiteRunner.privateRun(SuiteRunner.java:383)
at org.testng.SuiteRunner.run(SuiteRunner.java:326)
at org.testng.SuiteRunnerWorker.runSuite(SuiteRunnerWorker.java:52)
at org.testng.SuiteRunnerWorker.run(SuiteRunnerWorker.java:95)
at org.testng.TestNG.runSuitesSequentially(TestNG.java:1249)
at org.testng.TestNG.runSuitesLocally(TestNG.java:1169)
at org.testng.TestNG.runSuites(TestNG.java:1092)
at org.testng.TestNG.run(TestNG.java:1060)
at org.apache.maven.surefire.testng.TestNGExecutor.run(TestNGExecutor.java:293)
at org.apache.maven.surefire.testng.TestNGXmlTestSuite.execute(TestNGXmlTestSuite.java:84)
at org.apache.maven.surefire.testng.TestNGProvider.invoke(TestNGProvider.java:91)
at org.apache.maven.surefire.booter.ForkedBooter.invokeProviderInSameClassLoader(ForkedBooter.java:200)
at org.apache.maven.surefire.booter.ForkedBooter.runSuitesInProcess(ForkedBooter.java:153)
at org.apache.maven.surefire.booter.ForkedBooter.main(ForkedBooter.java:103)
]]>
            </full-stacktrace>
          </exception> <!-- java.lang.Throwable -->
          <reporter-output>
          </reporter-output>
        </test-method> <!-- Clickon_confirmcontinue -->
        <test-method signature="Clickon_fetchnormalpalcedorder()[pri:0, instance:com.Test.Rankmfselenium.BasketNormalSiporderTest@6e0f5f7f]" started-at="2022-05-10T11:23:48 IST" name="Clickon_fetchnormalpalcedorder" finished-at="2022-05-10T11:23:48 IST" depends-on-methods="com.Test.Rankmfselenium.BasketNormalSiporderTest.Clickon_confirmcontinue" duration-ms="0" status="SKIP">
          <exception class="java.lang.Throwable">
            <message>
              <![CDATA[Method com.Test.Rankmfselenium.BasketNormalSiporderTest.Clickon_fetchnormalpalcedorder() on instance com.Test.Rankmfselenium.BasketNormalSiporderTest@6e0f5f7f depends on not successfully finished methods 
[com.Test.Rankmfselenium.BasketNormalSiporderTest.Clickon_confirmcontinue() on instance com.Test.Rankmfselenium.BasketNormalSiporderTest@6e0f5f7f]]]>
            </message>
            <full-stacktrace>
              <![CDATA[java.lang.Throwable: Method com.Test.Rankmfselenium.BasketNormalSiporderTest.Clickon_fetchnormalpalcedorder() on instance com.Test.Rankmfselenium.BasketNormalSiporderTest@6e0f5f7f depends on not successfully finished methods 
[com.Test.Rankmfselenium.BasketNormalSiporderTest.Clickon_confirmcontinue() on instance com.Test.Rankmfselenium.BasketNormalSiporderTest@6e0f5f7f]
at org.testng.internal.invokers.TestInvoker.invokeTestMethods(TestInvoker.java:149)
at org.testng.internal.invokers.TestMethodWorker.invokeTestMethods(TestMethodWorker.java:146)
at org.testng.internal.invokers.TestMethodWorker.run(TestMethodWorker.java:128)
at java.base/java.util.ArrayList.forEach(ArrayList.java:1511)
at org.testng.TestRunner.privateRun(TestRunner.java:808)
at org.testng.TestRunner.run(TestRunner.java:603)
at org.testng.SuiteRunner.runTest(SuiteRunner.java:429)
at org.testng.SuiteRunner.runSequentially(SuiteRunner.java:423)
at org.testng.SuiteRunner.privateRun(SuiteRunner.java:383)
at org.testng.SuiteRunner.run(SuiteRunner.java:326)
at org.testng.SuiteRunnerWorker.runSuite(SuiteRunnerWorker.java:52)
at org.testng.SuiteRunnerWorker.run(SuiteRunnerWorker.java:95)
at org.testng.TestNG.runSuitesSequentially(TestNG.java:1249)
at org.testng.TestNG.runSuitesLocally(TestNG.java:1169)
at org.testng.TestNG.runSuites(TestNG.java:1092)
at org.testng.TestNG.run(TestNG.java:1060)
at org.apache.maven.surefire.testng.TestNGExecutor.run(TestNGExecutor.java:293)
at org.apache.maven.surefire.testng.TestNGXmlTestSuite.execute(TestNGXmlTestSuite.java:84)
at org.apache.maven.surefire.testng.TestNGProvider.invoke(TestNGProvider.java:91)
at org.apache.maven.surefire.booter.ForkedBooter.invokeProviderInSameClassLoader(ForkedBooter.java:200)
at org.apache.maven.surefire.booter.ForkedBooter.runSuitesInProcess(ForkedBooter.java:153)
at org.apache.maven.surefire.booter.ForkedBooter.main(ForkedBooter.java:103)
]]>
            </full-stacktrace>
          </exception> <!-- java.lang.Throwable -->
          <reporter-output>
          </reporter-output>
        </test-method> <!-- Clickon_fetchnormalpalcedorder -->
        <test-method signature="Clickon_skipstep()[pri:0, instance:com.Test.Rankmfselenium.BasketNormalSiporderTest@6e0f5f7f]" started-at="2022-05-10T11:23:48 IST" name="Clickon_skipstep" finished-at="2022-05-10T11:23:48 IST" depends-on-methods="com.Test.Rankmfselenium.BasketNormalSiporderTest.Clickon_confirmcontinue" duration-ms="0" status="SKIP">
          <exception class="java.lang.Throwable">
            <message>
              <![CDATA[Method com.Test.Rankmfselenium.BasketNormalSiporderTest.Clickon_skipstep() on instance com.Test.Rankmfselenium.BasketNormalSiporderTest@6e0f5f7f depends on not successfully finished methods 
[com.Test.Rankmfselenium.BasketNormalSiporderTest.Clickon_confirmcontinue() on instance com.Test.Rankmfselenium.BasketNormalSiporderTest@6e0f5f7f]]]>
            </message>
            <full-stacktrace>
              <![CDATA[java.lang.Throwable: Method com.Test.Rankmfselenium.BasketNormalSiporderTest.Clickon_skipstep() on instance com.Test.Rankmfselenium.BasketNormalSiporderTest@6e0f5f7f depends on not successfully finished methods 
[com.Test.Rankmfselenium.BasketNormalSiporderTest.Clickon_confirmcontinue() on instance com.Test.Rankmfselenium.BasketNormalSiporderTest@6e0f5f7f]
at org.testng.internal.invokers.TestInvoker.invokeTestMethods(TestInvoker.java:149)
at org.testng.internal.invokers.TestMethodWorker.invokeTestMethods(TestMethodWorker.java:146)
at org.testng.internal.invokers.TestMethodWorker.run(TestMethodWorker.java:128)
at java.base/java.util.ArrayList.forEach(ArrayList.java:1511)
at org.testng.TestRunner.privateRun(TestRunner.java:808)
at org.testng.TestRunner.run(TestRunner.java:603)
at org.testng.SuiteRunner.runTest(SuiteRunner.java:429)
at org.testng.SuiteRunner.runSequentially(SuiteRunner.java:423)
at org.testng.SuiteRunner.privateRun(SuiteRunner.java:383)
at org.testng.SuiteRunner.run(SuiteRunner.java:326)
at org.testng.SuiteRunnerWorker.runSuite(SuiteRunnerWorker.java:52)
at org.testng.SuiteRunnerWorker.run(SuiteRunnerWorker.java:95)
at org.testng.TestNG.runSuitesSequentially(TestNG.java:1249)
at org.testng.TestNG.runSuitesLocally(TestNG.java:1169)
at org.testng.TestNG.runSuites(TestNG.java:1092)
at org.testng.TestNG.run(TestNG.java:1060)
at org.apache.maven.surefire.testng.TestNGExecutor.run(TestNGExecutor.java:293)
at org.apache.maven.surefire.testng.TestNGXmlTestSuite.execute(TestNGXmlTestSuite.java:84)
at org.apache.maven.surefire.testng.TestNGProvider.invoke(TestNGProvider.java:91)
at org.apache.maven.surefire.booter.ForkedBooter.invokeProviderInSameClassLoader(ForkedBooter.java:200)
at org.apache.maven.surefire.booter.ForkedBooter.runSuitesInProcess(ForkedBooter.java:153)
at org.apache.maven.surefire.booter.ForkedBooter.main(ForkedBooter.java:103)
]]>
            </full-stacktrace>
          </exception> <!-- java.lang.Throwable -->
          <reporter-output>
          </reporter-output>
        </test-method> <!-- Clickon_skipstep -->
        <test-method signature="Click_logoutbtn()[pri:0, instance:com.Test.Rankmfselenium.BasketNormalSiporderTest@6e0f5f7f]" started-at="2022-05-10T11:23:48 IST" name="Click_logoutbtn" finished-at="2022-05-10T11:23:48 IST" depends-on-methods="com.Test.Rankmfselenium.BasketNormalSiporderTest.Clickon_logout" duration-ms="0" status="SKIP">
          <exception class="java.lang.Throwable">
            <message>
              <![CDATA[Method com.Test.Rankmfselenium.BasketNormalSiporderTest.Click_logoutbtn() on instance com.Test.Rankmfselenium.BasketNormalSiporderTest@6e0f5f7f depends on not successfully finished methods 
[com.Test.Rankmfselenium.BasketNormalSiporderTest.Clickon_logout() on instance com.Test.Rankmfselenium.BasketNormalSiporderTest@6e0f5f7f]]]>
            </message>
            <full-stacktrace>
              <![CDATA[java.lang.Throwable: Method com.Test.Rankmfselenium.BasketNormalSiporderTest.Click_logoutbtn() on instance com.Test.Rankmfselenium.BasketNormalSiporderTest@6e0f5f7f depends on not successfully finished methods 
[com.Test.Rankmfselenium.BasketNormalSiporderTest.Clickon_logout() on instance com.Test.Rankmfselenium.BasketNormalSiporderTest@6e0f5f7f]
at org.testng.internal.invokers.TestInvoker.invokeTestMethods(TestInvoker.java:149)
at org.testng.internal.invokers.TestMethodWorker.invokeTestMethods(TestMethodWorker.java:146)
at org.testng.internal.invokers.TestMethodWorker.run(TestMethodWorker.java:128)
at java.base/java.util.ArrayList.forEach(ArrayList.java:1511)
at org.testng.TestRunner.privateRun(TestRunner.java:808)
at org.testng.TestRunner.run(TestRunner.java:603)
at org.testng.SuiteRunner.runTest(SuiteRunner.java:429)
at org.testng.SuiteRunner.runSequentially(SuiteRunner.java:423)
at org.testng.SuiteRunner.privateRun(SuiteRunner.java:383)
at org.testng.SuiteRunner.run(SuiteRunner.java:326)
at org.testng.SuiteRunnerWorker.runSuite(SuiteRunnerWorker.java:52)
at org.testng.SuiteRunnerWorker.run(SuiteRunnerWorker.java:95)
at org.testng.TestNG.runSuitesSequentially(TestNG.java:1249)
at org.testng.TestNG.runSuitesLocally(TestNG.java:1169)
at org.testng.TestNG.runSuites(TestNG.java:1092)
at org.testng.TestNG.run(TestNG.java:1060)
at org.apache.maven.surefire.testng.TestNGExecutor.run(TestNGExecutor.java:293)
at org.apache.maven.surefire.testng.TestNGXmlTestSuite.execute(TestNGXmlTestSuite.java:84)
at org.apache.maven.surefire.testng.TestNGProvider.invoke(TestNGProvider.java:91)
at org.apache.maven.surefire.booter.ForkedBooter.invokeProviderInSameClassLoader(ForkedBooter.java:200)
at org.apache.maven.surefire.booter.ForkedBooter.runSuitesInProcess(ForkedBooter.java:153)
at org.apache.maven.surefire.booter.ForkedBooter.main(ForkedBooter.java:103)
]]>
            </full-stacktrace>
          </exception> <!-- java.lang.Throwable -->
          <reporter-output>
          </reporter-output>
        </test-method> <!-- Click_logoutbtn -->
        <test-method signature="Clickon_cancelsmartsiporder()[pri:0, instance:com.Test.Rankmfselenium.BasketNormalSiporderTest@6e0f5f7f]" started-at="2022-05-10T11:23:48 IST" name="Clickon_cancelsmartsiporder" finished-at="2022-05-10T11:23:48 IST" depends-on-methods="com.Test.Rankmfselenium.BasketNormalSiporderTest.Clickon_skipstep" duration-ms="0" status="SKIP">
          <exception class="java.lang.Throwable">
            <message>
              <![CDATA[Method com.Test.Rankmfselenium.BasketNormalSiporderTest.Clickon_cancelsmartsiporder() on instance com.Test.Rankmfselenium.BasketNormalSiporderTest@6e0f5f7f depends on not successfully finished methods 
[com.Test.Rankmfselenium.BasketNormalSiporderTest.Clickon_skipstep() on instance com.Test.Rankmfselenium.BasketNormalSiporderTest@6e0f5f7f]]]>
            </message>
            <full-stacktrace>
              <![CDATA[java.lang.Throwable: Method com.Test.Rankmfselenium.BasketNormalSiporderTest.Clickon_cancelsmartsiporder() on instance com.Test.Rankmfselenium.BasketNormalSiporderTest@6e0f5f7f depends on not successfully finished methods 
[com.Test.Rankmfselenium.BasketNormalSiporderTest.Clickon_skipstep() on instance com.Test.Rankmfselenium.BasketNormalSiporderTest@6e0f5f7f]
at org.testng.internal.invokers.TestInvoker.invokeTestMethods(TestInvoker.java:149)
at org.testng.internal.invokers.TestMethodWorker.invokeTestMethods(TestMethodWorker.java:146)
at org.testng.internal.invokers.TestMethodWorker.run(TestMethodWorker.java:128)
at java.base/java.util.ArrayList.forEach(ArrayList.java:1511)
at org.testng.TestRunner.privateRun(TestRunner.java:808)
at org.testng.TestRunner.run(TestRunner.java:603)
at org.testng.SuiteRunner.runTest(SuiteRunner.java:429)
at org.testng.SuiteRunner.runSequentially(SuiteRunner.java:423)
at org.testng.SuiteRunner.privateRun(SuiteRunner.java:383)
at org.testng.SuiteRunner.run(SuiteRunner.java:326)
at org.testng.SuiteRunnerWorker.runSuite(SuiteRunnerWorker.java:52)
at org.testng.SuiteRunnerWorker.run(SuiteRunnerWorker.java:95)
at org.testng.TestNG.runSuitesSequentially(TestNG.java:1249)
at org.testng.TestNG.runSuitesLocally(TestNG.java:1169)
at org.testng.TestNG.runSuites(TestNG.java:1092)
at org.testng.TestNG.run(TestNG.java:1060)
at org.apache.maven.surefire.testng.TestNGExecutor.run(TestNGExecutor.java:293)
at org.apache.maven.surefire.testng.TestNGXmlTestSuite.execute(TestNGXmlTestSuite.java:84)
at org.apache.maven.surefire.testng.TestNGProvider.invoke(TestNGProvider.java:91)
at org.apache.maven.surefire.booter.ForkedBooter.invokeProviderInSameClassLoader(ForkedBooter.java:200)
at org.apache.maven.surefire.booter.ForkedBooter.runSuitesInProcess(ForkedBooter.java:153)
at org.apache.maven.surefire.booter.ForkedBooter.main(ForkedBooter.java:103)
]]>
            </full-stacktrace>
          </exception> <!-- java.lang.Throwable -->
          <reporter-output>
          </reporter-output>
        </test-method> <!-- Clickon_cancelsmartsiporder -->
        <test-method signature="Clickon_logout()[pri:0, instance:com.Test.Rankmfselenium.BasketNormalSiporderTest@6e0f5f7f]" started-at="2022-05-10T11:23:48 IST" name="Clickon_logout" finished-at="2022-05-10T11:23:48 IST" depends-on-methods="com.Test.Rankmfselenium.BasketNormalSiporderTest.Clickon_cancelsmartsiporder" duration-ms="0" status="SKIP">
          <exception class="java.lang.Throwable">
            <message>
              <![CDATA[Method com.Test.Rankmfselenium.BasketNormalSiporderTest.Clickon_logout() on instance com.Test.Rankmfselenium.BasketNormalSiporderTest@6e0f5f7f depends on not successfully finished methods 
[com.Test.Rankmfselenium.BasketNormalSiporderTest.Clickon_cancelsmartsiporder() on instance com.Test.Rankmfselenium.BasketNormalSiporderTest@6e0f5f7f]]]>
            </message>
            <full-stacktrace>
              <![CDATA[java.lang.Throwable: Method com.Test.Rankmfselenium.BasketNormalSiporderTest.Clickon_logout() on instance com.Test.Rankmfselenium.BasketNormalSiporderTest@6e0f5f7f depends on not successfully finished methods 
[com.Test.Rankmfselenium.BasketNormalSiporderTest.Clickon_cancelsmartsiporder() on instance com.Test.Rankmfselenium.BasketNormalSiporderTest@6e0f5f7f]
at org.testng.internal.invokers.TestInvoker.invokeTestMethods(TestInvoker.java:149)
at org.testng.internal.invokers.TestMethodWorker.invokeTestMethods(TestMethodWorker.java:146)
at org.testng.internal.invokers.TestMethodWorker.run(TestMethodWorker.java:128)
at java.base/java.util.ArrayList.forEach(ArrayList.java:1511)
at org.testng.TestRunner.privateRun(TestRunner.java:808)
at org.testng.TestRunner.run(TestRunner.java:603)
at org.testng.SuiteRunner.runTest(SuiteRunner.java:429)
at org.testng.SuiteRunner.runSequentially(SuiteRunner.java:423)
at org.testng.SuiteRunner.privateRun(SuiteRunner.java:383)
at org.testng.SuiteRunner.run(SuiteRunner.java:326)
at org.testng.SuiteRunnerWorker.runSuite(SuiteRunnerWorker.java:52)
at org.testng.SuiteRunnerWorker.run(SuiteRunnerWorker.java:95)
at org.testng.TestNG.runSuitesSequentially(TestNG.java:1249)
at org.testng.TestNG.runSuitesLocally(TestNG.java:1169)
at org.testng.TestNG.runSuites(TestNG.java:1092)
at org.testng.TestNG.run(TestNG.java:1060)
at org.apache.maven.surefire.testng.TestNGExecutor.run(TestNGExecutor.java:293)
at org.apache.maven.surefire.testng.TestNGXmlTestSuite.execute(TestNGXmlTestSuite.java:84)
at org.apache.maven.surefire.testng.TestNGProvider.invoke(TestNGProvider.java:91)
at org.apache.maven.surefire.booter.ForkedBooter.invokeProviderInSameClassLoader(ForkedBooter.java:200)
at org.apache.maven.surefire.booter.ForkedBooter.runSuitesInProcess(ForkedBooter.java:153)
at org.apache.maven.surefire.booter.ForkedBooter.main(ForkedBooter.java:103)
]]>
            </full-stacktrace>
          </exception> <!-- java.lang.Throwable -->
          <reporter-output>
          </reporter-output>
        </test-method> <!-- Clickon_logout -->
      </class> <!-- com.Test.Rankmfselenium.BasketNormalSiporderTest -->
    </test> <!-- BasketNormalSiporderTest -->
  </suite> <!-- Suite -->
</testng-results>
