<?xml version="1.0" encoding="UTF-8"?>
<!-- Generated by org.testng.reporters.JUnitReportReporter -->
<testsuite hostname="DESKTOP-KMVAA5F" failures="0" tests="4" name="com.Test.Rankmfselenium.NSEDownloadTest" time="4.928" errors="1" timestamp="2023-11-01T11:18:37 IST" skipped="3">
  <testcase classname="com.Test.Rankmfselenium.NSEDownloadTest" name="Clickonurl" time="0.000">
    <skipped/>
  </testcase> <!-- Clickonurl -->
  <system-out/>
  <testcase classname="com.Test.Rankmfselenium.NSEDownloadTest" name="SetInitialization" time="4.928">
    <error message="session not created: This version of ChromeDriver only supports Chrome version 116
Current browser version is 118.0.5993.118 with binary path C:\Program Files (x86)\Google\Chrome\Application\chrome.exe
Build info: version: &#039;3.141.59&#039;, revision: &#039;e82be7d358&#039;, time: &#039;2018-11-14T08:17:03&#039;
System info: host: &#039;DESKTOP-KMVAA5F&#039;, ip: &#039;192.168.80.125&#039;, os.name: &#039;Windows 10&#039;, os.arch: &#039;amd64&#039;, os.version: &#039;10.0&#039;, java.version: &#039;11&#039;
Driver info: driver.version: ChromeDriver
remote stacktrace: 	GetHandleVerifier [0x00F937C3+48947]
	(No symbol) [0x00F28551]
	(No symbol) [0x00E2C92D]
	(No symbol) [0x00E4F180]
	(No symbol) [0x00E4B178]
	(No symbol) [0x00E4950E]
	(No symbol) [0x00E7B840]
	(No symbol) [0x00E7B3CC]
	(No symbol) [0x00E74E86]
	(No symbol) [0x00E516C7]
	(No symbol) [0x00E5284D]
	GetHandleVerifier [0x011DFDF9+2458985]
	GetHandleVerifier [0x0122744F+2751423]
	GetHandleVerifier [0x01221361+2726609]
	GetHandleVerifier [0x01010680+560624]
	(No symbol) [0x00F3238C]
	(No symbol) [0x00F2E268]
	(No symbol) [0x00F2E392]
	(No symbol) [0x00F210B7]
	BaseThreadInitThunk [0x75CE7BA9+25]
	RtlInitializeExceptionChain [0x7762BD3B+107]
	RtlClearBits [0x7762BCBF+191]
" type="org.openqa.selenium.SessionNotCreatedException">
      <![CDATA[org.openqa.selenium.SessionNotCreatedException: session not created: This version of ChromeDriver only supports Chrome version 116
Current browser version is 118.0.5993.118 with binary path C:\Program Files (x86)\Google\Chrome\Application\chrome.exe
Build info: version: '3.141.59', revision: 'e82be7d358', time: '2018-11-14T08:17:03'
System info: host: 'DESKTOP-KMVAA5F', ip: '192.168.80.125', os.name: 'Windows 10', os.arch: 'amd64', os.version: '10.0', java.version: '11'
Driver info: driver.version: ChromeDriver
remote stacktrace: GetHandleVerifier [0x00F937C3+48947]
(No symbol) [0x00F28551]
(No symbol) [0x00E2C92D]
(No symbol) [0x00E4F180]
(No symbol) [0x00E4B178]
(No symbol) [0x00E4950E]
(No symbol) [0x00E7B840]
(No symbol) [0x00E7B3CC]
(No symbol) [0x00E74E86]
(No symbol) [0x00E516C7]
(No symbol) [0x00E5284D]
GetHandleVerifier [0x011DFDF9+2458985]
GetHandleVerifier [0x0122744F+2751423]
GetHandleVerifier [0x01221361+2726609]
GetHandleVerifier [0x01010680+560624]
(No symbol) [0x00F3238C]
(No symbol) [0x00F2E268]
(No symbol) [0x00F2E392]
(No symbol) [0x00F210B7]
BaseThreadInitThunk [0x75CE7BA9+25]
RtlInitializeExceptionChain [0x7762BD3B+107]
RtlClearBits [0x7762BCBF+191]

at java.base/jdk.internal.reflect.NativeConstructorAccessorImpl.newInstance0(Native Method)
at java.base/jdk.internal.reflect.NativeConstructorAccessorImpl.newInstance(NativeConstructorAccessorImpl.java:62)
at java.base/jdk.internal.reflect.DelegatingConstructorAccessorImpl.newInstance(DelegatingConstructorAccessorImpl.java:45)
at java.base/java.lang.reflect.Constructor.newInstance(Constructor.java:490)
at org.openqa.selenium.remote.W3CHandshakeResponse.lambda$errorHandler$0(W3CHandshakeResponse.java:62)
at org.openqa.selenium.remote.HandshakeResponse.lambda$getResponseFunction$0(HandshakeResponse.java:30)
at org.openqa.selenium.remote.ProtocolHandshake.lambda$createSession$0(ProtocolHandshake.java:126)
at java.base/java.util.stream.ReferencePipeline$3$1.accept(ReferencePipeline.java:195)
at java.base/java.util.Spliterators$ArraySpliterator.tryAdvance(Spliterators.java:958)
at java.base/java.util.stream.ReferencePipeline.forEachWithCancel(ReferencePipeline.java:127)
at java.base/java.util.stream.AbstractPipeline.copyIntoWithCancel(AbstractPipeline.java:502)
at java.base/java.util.stream.AbstractPipeline.copyInto(AbstractPipeline.java:488)
at java.base/java.util.stream.AbstractPipeline.wrapAndCopyInto(AbstractPipeline.java:474)
at java.base/java.util.stream.FindOps$FindOp.evaluateSequential(FindOps.java:150)
at java.base/java.util.stream.AbstractPipeline.evaluate(AbstractPipeline.java:234)
at java.base/java.util.stream.ReferencePipeline.findFirst(ReferencePipeline.java:543)
at org.openqa.selenium.remote.ProtocolHandshake.createSession(ProtocolHandshake.java:128)
at org.openqa.selenium.remote.ProtocolHandshake.createSession(ProtocolHandshake.java:74)
at org.openqa.selenium.remote.HttpCommandExecutor.execute(HttpCommandExecutor.java:136)
at org.openqa.selenium.remote.service.DriverCommandExecutor.execute(DriverCommandExecutor.java:83)
at org.openqa.selenium.remote.RemoteWebDriver.execute(RemoteWebDriver.java:552)
at org.openqa.selenium.remote.RemoteWebDriver.startSession(RemoteWebDriver.java:213)
at org.openqa.selenium.remote.RemoteWebDriver.<init>(RemoteWebDriver.java:131)
at org.openqa.selenium.chrome.ChromeDriver.<init>(ChromeDriver.java:181)
at org.openqa.selenium.chrome.ChromeDriver.<init>(ChromeDriver.java:168)
at org.openqa.selenium.chrome.ChromeDriver.<init>(ChromeDriver.java:123)
at com.Test.Rankmfselenium.NSEDownloadTest.SetInitialization(NSEDownloadTest.java:32)
at java.base/jdk.internal.reflect.NativeMethodAccessorImpl.invoke0(Native Method)
at java.base/jdk.internal.reflect.NativeMethodAccessorImpl.invoke(NativeMethodAccessorImpl.java:62)
at java.base/jdk.internal.reflect.DelegatingMethodAccessorImpl.invoke(DelegatingMethodAccessorImpl.java:43)
at java.base/java.lang.reflect.Method.invoke(Method.java:566)
at org.testng.internal.MethodInvocationHelper.invokeMethod(MethodInvocationHelper.java:133)
at org.testng.internal.MethodInvocationHelper.invokeMethodConsideringTimeout(MethodInvocationHelper.java:62)
at org.testng.internal.ConfigInvoker.invokeConfigurationMethod(ConfigInvoker.java:385)
at org.testng.internal.ConfigInvoker.invokeConfigurations(ConfigInvoker.java:321)
at org.testng.internal.TestMethodWorker.invokeBeforeClassMethods(TestMethodWorker.java:176)
at org.testng.internal.TestMethodWorker.run(TestMethodWorker.java:122)
at java.base/java.util.ArrayList.forEach(ArrayList.java:1540)
at org.testng.TestRunner.privateRun(TestRunner.java:794)
at org.testng.TestRunner.run(TestRunner.java:596)
at org.testng.SuiteRunner.runTest(SuiteRunner.java:377)
at org.testng.SuiteRunner.runSequentially(SuiteRunner.java:371)
at org.testng.SuiteRunner.privateRun(SuiteRunner.java:332)
at org.testng.SuiteRunner.run(SuiteRunner.java:276)
at org.testng.SuiteRunnerWorker.runSuite(SuiteRunnerWorker.java:53)
at org.testng.SuiteRunnerWorker.run(SuiteRunnerWorker.java:96)
at org.testng.TestNG.runSuitesSequentially(TestNG.java:1212)
at org.testng.TestNG.runSuitesLocally(TestNG.java:1134)
at org.testng.TestNG.runSuites(TestNG.java:1063)
at org.testng.TestNG.run(TestNG.java:1031)
at org.testng.remote.AbstractRemoteTestNG.run(AbstractRemoteTestNG.java:115)
at org.testng.remote.RemoteTestNG.initAndRun(RemoteTestNG.java:251)
at org.testng.remote.RemoteTestNG.main(RemoteTestNG.java:77)
]]>
    </error>
  </testcase> <!-- SetInitialization -->
  <system-out/>
  <testcase classname="com.Test.Rankmfselenium.NSEDownloadTest" name="Clickon_Marketdownloadcapital" time="0.000">
    <skipped/>
  </testcase> <!-- Clickon_Marketdownloadcapital -->
  <system-out/>
  <testcase classname="com.Test.Rankmfselenium.NSEDownloadTest" name="Clickon_datepicker" time="0.000">
    <skipped/>
  </testcase> <!-- Clickon_datepicker -->
  <system-out/>
</testsuite> <!-- com.Test.Rankmfselenium.NSEDownloadTest -->
