<?xml version="1.0" encoding="UTF-8"?>
<!-- Generated by org.testng.reporters.JUnitReportReporter -->
<testsuite hostname="DESKTOP-KMVAA5F" failures="0" tests="7" name="com.Test.Rankmfselenium.smartswitchportfolio" time="0.219" errors="1" timestamp="2022-05-11T14:07:04 IST" skipped="6">
  <testcase classname="com.Test.Rankmfselenium.smartswitchportfolio" name="Clickon_uploadbtn" time="0.000">
    <skipped/>
  </testcase> <!-- Clickon_uploadbtn -->
  <system-out/>
  <testcase classname="com.Test.Rankmfselenium.smartswitchportfolio" name="Clickon_browse" time="0.000">
    <skipped/>
  </testcase> <!-- Clickon_browse -->
  <system-out/>
  <testcase classname="com.Test.Rankmfselenium.smartswitchportfolio" name="ClickonEvaluateportfolio" time="0.000">
    <skipped/>
  </testcase> <!-- ClickonEvaluateportfolio -->
  <system-out/>
  <testcase classname="com.Test.Rankmfselenium.smartswitchportfolio" name="Checkdetails_portfolioanalysis" time="0.000">
    <skipped/>
  </testcase> <!-- Checkdetails_portfolioanalysis -->
  <system-out/>
  <testcase classname="com.Test.Rankmfselenium.smartswitchportfolio" name="Click_proceedbutton" time="0.000">
    <skipped/>
  </testcase> <!-- Click_proceedbutton -->
  <system-out/>
  <testcase classname="com.Test.Rankmfselenium.smartswitchportfolio" name="ClickonSigninPage" time="0.219">
    <error message="Keys to send should be a not null CharSequence" type="java.lang.IllegalArgumentException">
      <![CDATA[java.lang.IllegalArgumentException: Keys to send should be a not null CharSequence
at org.openqa.selenium.remote.RemoteWebElement.sendKeys(RemoteWebElement.java:97)
at java.base/jdk.internal.reflect.NativeMethodAccessorImpl.invoke0(Native Method)
at java.base/jdk.internal.reflect.NativeMethodAccessorImpl.invoke(NativeMethodAccessorImpl.java:62)
at java.base/jdk.internal.reflect.DelegatingMethodAccessorImpl.invoke(DelegatingMethodAccessorImpl.java:43)
at java.base/java.lang.reflect.Method.invoke(Method.java:566)
at org.openqa.selenium.support.pagefactory.internal.LocatingElementHandler.invoke(LocatingElementHandler.java:51)
at com.sun.proxy.$Proxy11.sendKeys(Unknown Source)
at com.Test.RANKMFSELENIUM.LoginPage.smartswitchlogin(LoginPage.java:60)
at com.Test.RANKMFSELENIUM.DashboardSmartSwitchportfolio.signinlogin(DashboardSmartSwitchportfolio.java:30)
at com.Test.Rankmfselenium.smartswitchportfolio.ClickonSigninPage(smartswitchportfolio.java:44)
at java.base/jdk.internal.reflect.NativeMethodAccessorImpl.invoke0(Native Method)
at java.base/jdk.internal.reflect.NativeMethodAccessorImpl.invoke(NativeMethodAccessorImpl.java:62)
at java.base/jdk.internal.reflect.DelegatingMethodAccessorImpl.invoke(DelegatingMethodAccessorImpl.java:43)
at java.base/java.lang.reflect.Method.invoke(Method.java:566)
at org.testng.internal.MethodInvocationHelper.invokeMethod(MethodInvocationHelper.java:133)
at org.testng.internal.TestInvoker.invokeMethod(TestInvoker.java:598)
at org.testng.internal.TestInvoker.invokeTestMethod(TestInvoker.java:173)
at org.testng.internal.MethodRunner.runInSequence(MethodRunner.java:46)
at org.testng.internal.TestInvoker$MethodInvocationAgent.invoke(TestInvoker.java:824)
at org.testng.internal.TestInvoker.invokeTestMethods(TestInvoker.java:146)
at org.testng.internal.TestMethodWorker.invokeTestMethods(TestMethodWorker.java:146)
at org.testng.internal.TestMethodWorker.run(TestMethodWorker.java:128)
at java.base/java.util.ArrayList.forEach(ArrayList.java:1540)
at org.testng.TestRunner.privateRun(TestRunner.java:794)
at org.testng.TestRunner.run(TestRunner.java:596)
at org.testng.SuiteRunner.runTest(SuiteRunner.java:377)
at org.testng.SuiteRunner.runSequentially(SuiteRunner.java:371)
at org.testng.SuiteRunner.privateRun(SuiteRunner.java:332)
at org.testng.SuiteRunner.run(SuiteRunner.java:276)
at org.testng.SuiteRunnerWorker.runSuite(SuiteRunnerWorker.java:53)
at org.testng.SuiteRunnerWorker.run(SuiteRunnerWorker.java:96)
at org.testng.TestNG.runSuitesSequentially(TestNG.java:1212)
at org.testng.TestNG.runSuitesLocally(TestNG.java:1134)
at org.testng.TestNG.runSuites(TestNG.java:1063)
at org.testng.TestNG.run(TestNG.java:1031)
at org.testng.remote.AbstractRemoteTestNG.run(AbstractRemoteTestNG.java:115)
at org.testng.remote.RemoteTestNG.initAndRun(RemoteTestNG.java:251)
at org.testng.remote.RemoteTestNG.main(RemoteTestNG.java:77)
]]>
    </error>
  </testcase> <!-- ClickonSigninPage -->
  <system-out/>
  <testcase classname="com.Test.Rankmfselenium.smartswitchportfolio" name="Clickon_portfolio" time="0.000">
    <skipped/>
  </testcase> <!-- Clickon_portfolio -->
  <system-out/>
</testsuite> <!-- com.Test.Rankmfselenium.smartswitchportfolio -->
