<?xml version="1.0" encoding="UTF-8"?>
<!-- Generated by org.testng.reporters.JUnitReportReporter -->
<<<<<<< HEAD
<testsuite hostname="DESKTOP-M8IT876" failures="0" tests="15" name="com.Test.Rankmfselenium.NormalSmartsiporderTest" time="4.702" errors="1" timestamp="2025-10-27T17:28:20 IST" skipped="13">
  <testcase classname="com.Test.Rankmfselenium.NormalSmartsiporderTest" name="check_enterotpnum" time="0.001">
    <skipped/>
  </testcase> <!-- check_enterotpnum -->
  <testcase classname="com.Test.Rankmfselenium.NormalSmartsiporderTest" name="Installementdate" time="0.000">
    <skipped/>
  </testcase> <!-- Installementdate -->
  <testcase classname="com.Test.Rankmfselenium.NormalSmartsiporderTest" name="click_continue" time="0.000">
    <skipped/>
  </testcase> <!-- click_continue -->
  <testcase classname="com.Test.Rankmfselenium.NormalSmartsiporderTest" name="Clickalert" time="0.000">
    <skipped/>
  </testcase> <!-- Clickalert -->
  <testcase classname="com.Test.Rankmfselenium.NormalSmartsiporderTest" name="Click_logoutbtn" time="0.001">
    <skipped/>
  </testcase> <!-- Click_logoutbtn -->
  <testcase classname="com.Test.Rankmfselenium.NormalSmartsiporderTest" name="InstallementStartdate" time="0.000">
    <skipped/>
  </testcase> <!-- InstallementStartdate -->
  <testcase classname="com.Test.Rankmfselenium.NormalSmartsiporderTest" name="Clickon_cancelsmartsiporder" time="0.001">
    <skipped/>
  </testcase> <!-- Clickon_cancelsmartsiporder -->
  <testcase classname="com.Test.Rankmfselenium.NormalSmartsiporderTest" name="Click_SmartSip" time="0.000">
    <skipped/>
  </testcase> <!-- Click_SmartSip -->
  <testcase classname="com.Test.Rankmfselenium.NormalSmartsiporderTest" name="FetchOrderPlaceText_SmartSIP" time="0.000">
    <skipped/>
  </testcase> <!-- FetchOrderPlaceText_SmartSIP -->
  <testcase classname="com.Test.Rankmfselenium.NormalSmartsiporderTest" name="check_VerifyOTP" time="0.000">
    <skipped/>
  </testcase> <!-- check_VerifyOTP -->
  <testcase classname="com.Test.Rankmfselenium.NormalSmartsiporderTest" name="Click_Investsmartsip" time="0.000">
    <skipped/>
  </testcase> <!-- Click_Investsmartsip -->
  <testcase classname="com.Test.Rankmfselenium.NormalSmartsiporderTest" name="ClickonSigninPage" time="2.627"/>
  <testcase classname="com.Test.Rankmfselenium.NormalSmartsiporderTest" name="Clickon_confirmcontinue" time="0.001">
    <skipped/>
  </testcase> <!-- Clickon_confirmcontinue -->
  <testcase classname="com.Test.Rankmfselenium.NormalSmartsiporderTest" name="Clickon_logout" time="0.001">
    <skipped/>
  </testcase> <!-- Clickon_logout -->
  <testcase classname="com.Test.Rankmfselenium.NormalSmartsiporderTest" name="Clickon_TotalInvestmentvalue" time="2.070">
    <error message="no such element: Unable to locate element: {&quot;method&quot;:&quot;xpath&quot;,&quot;selector&quot;:&quot;//div[@class=&#039;card-panel p_15 border_round light_blue_bg&#039;]&quot;}
  (Session info: chrome=140.0.7339.128)
For documentation on this error, please visit: https://www.selenium.dev/documentation/webdriver/troubleshooting/errors#no-such-element-exception
Build info: version: &#039;4.25.0&#039;, revision: &#039;8a8aea2337&#039;
System info: os.name: &#039;Windows 10&#039;, os.arch: &#039;amd64&#039;, os.version: &#039;10.0&#039;, java.version: &#039;17.0.2&#039;
Driver info: org.openqa.selenium.chrome.ChromeDriver
Command: [f9b00dfdc70ae6d45fffe03e1e01debc, findElement {using=xpath, value=//div[@class=&#039;card-panel p_15 border_round light_blue_bg&#039;]}]
Capabilities {acceptInsecureCerts: false, browserName: chrome, browserVersion: 140.0.7339.128, chrome: {chromedriverVersion: 139.0.7258.154 (9e0d6b2b47f..., userDataDir: C:\Users\RAVIND~1.CHA\AppDa...}, fedcm:accounts: true, goog:chromeOptions: {debuggerAddress: localhost:51854}, networkConnectionEnabled: false, pageLoadStrategy: normal, platformName: windows, proxy: Proxy(), se:cdp: ws://localhost:51854/devtoo..., se:cdpVersion: 140.0.7339.128, setWindowRect: true, strictFileInteractability: false, timeouts: {implicit: 0, pageLoad: 300000, script: 30000}, unhandledPromptBehavior: dismiss and notify, webauthn:extension:credBlob: true, webauthn:extension:largeBlob: true, webauthn:extension:minPinLength: true, webauthn:extension:prf: true, webauthn:virtualAuthenticators: true}
Session ID: f9b00dfdc70ae6d45fffe03e1e01debc" type="org.openqa.selenium.NoSuchElementException">
      <![CDATA[org.openqa.selenium.NoSuchElementException: no such element: Unable to locate element: {"method":"xpath","selector":"//div[@class='card-panel p_15 border_round light_blue_bg']"}
  (Session info: chrome=140.0.7339.128)
For documentation on this error, please visit: https://www.selenium.dev/documentation/webdriver/troubleshooting/errors#no-such-element-exception
Build info: version: '4.25.0', revision: '8a8aea2337'
System info: os.name: 'Windows 10', os.arch: 'amd64', os.version: '10.0', java.version: '17.0.2'
Driver info: org.openqa.selenium.chrome.ChromeDriver
Command: [f9b00dfdc70ae6d45fffe03e1e01debc, findElement {using=xpath, value=//div[@class='card-panel p_15 border_round light_blue_bg']}]
Capabilities {acceptInsecureCerts: false, browserName: chrome, browserVersion: 140.0.7339.128, chrome: {chromedriverVersion: 139.0.7258.154 (9e0d6b2b47f..., userDataDir: C:\Users\RAVIND~1.CHA\AppDa...}, fedcm:accounts: true, goog:chromeOptions: {debuggerAddress: localhost:51854}, networkConnectionEnabled: false, pageLoadStrategy: normal, platformName: windows, proxy: Proxy(), se:cdp: ws://localhost:51854/devtoo..., se:cdpVersion: 140.0.7339.128, setWindowRect: true, strictFileInteractability: false, timeouts: {implicit: 0, pageLoad: 300000, script: 30000}, unhandledPromptBehavior: dismiss and notify, webauthn:extension:credBlob: true, webauthn:extension:largeBlob: true, webauthn:extension:minPinLength: true, webauthn:extension:prf: true, webauthn:virtualAuthenticators: true}
Session ID: f9b00dfdc70ae6d45fffe03e1e01debc
at java.base/jdk.internal.reflect.NativeConstructorAccessorImpl.newInstance0(Native Method)
at java.base/jdk.internal.reflect.NativeConstructorAccessorImpl.newInstance(NativeConstructorAccessorImpl.java:77)
at java.base/jdk.internal.reflect.DelegatingConstructorAccessorImpl.newInstance(DelegatingConstructorAccessorImpl.java:45)
at java.base/java.lang.reflect.Constructor.newInstanceWithCaller(Constructor.java:499)
at java.base/java.lang.reflect.Constructor.newInstance(Constructor.java:480)
at org.openqa.selenium.remote.ErrorCodec.decode(ErrorCodec.java:167)
at org.openqa.selenium.remote.codec.w3c.W3CHttpResponseCodec.decode(W3CHttpResponseCodec.java:138)
at org.openqa.selenium.remote.codec.w3c.W3CHttpResponseCodec.decode(W3CHttpResponseCodec.java:50)
at org.openqa.selenium.remote.HttpCommandExecutor.execute(HttpCommandExecutor.java:190)
at org.openqa.selenium.remote.service.DriverCommandExecutor.invokeExecute(DriverCommandExecutor.java:216)
at org.openqa.selenium.remote.service.DriverCommandExecutor.execute(DriverCommandExecutor.java:174)
at org.openqa.selenium.remote.RemoteWebDriver.execute(RemoteWebDriver.java:545)
at org.openqa.selenium.remote.ElementLocation$ElementFinder$2.findElement(ElementLocation.java:165)
at org.openqa.selenium.remote.ElementLocation.findElement(ElementLocation.java:59)
at org.openqa.selenium.remote.RemoteWebDriver.findElement(RemoteWebDriver.java:368)
at org.openqa.selenium.remote.RemoteWebDriver.findElement(RemoteWebDriver.java:362)
at com.Test.RANKMFSELENIUM.HomepageTest.TotalInvestmentvalue(HomepageTest.java:138)
at com.Test.Rankmfselenium.NormalSmartsiporderTest.Clickon_TotalInvestmentvalue(NormalSmartsiporderTest.java:53)
at java.base/jdk.internal.reflect.NativeMethodAccessorImpl.invoke0(Native Method)
at java.base/jdk.internal.reflect.NativeMethodAccessorImpl.invoke(NativeMethodAccessorImpl.java:77)
at java.base/jdk.internal.reflect.DelegatingMethodAccessorImpl.invoke(DelegatingMethodAccessorImpl.java:43)
at java.base/java.lang.reflect.Method.invoke(Method.java:568)
at org.testng.internal.invokers.MethodInvocationHelper.invokeMethod(MethodInvocationHelper.java:141)
at org.testng.internal.invokers.TestInvoker.invokeMethod(TestInvoker.java:687)
at org.testng.internal.invokers.TestInvoker.invokeTestMethod(TestInvoker.java:230)
at org.testng.internal.invokers.MethodRunner.runInSequence(MethodRunner.java:63)
at org.testng.internal.invokers.TestInvoker$MethodInvocationAgent.invoke(TestInvoker.java:995)
at org.testng.internal.invokers.TestInvoker.invokeTestMethods(TestInvoker.java:203)
at org.testng.internal.invokers.TestMethodWorker.invokeTestMethods(TestMethodWorker.java:154)
at org.testng.internal.invokers.TestMethodWorker.run(TestMethodWorker.java:134)
at java.base/java.util.ArrayList.forEach(ArrayList.java:1511)
at org.testng.TestRunner.privateRun(TestRunner.java:741)
at org.testng.TestRunner.run(TestRunner.java:616)
at org.testng.SuiteRunner.runTest(SuiteRunner.java:421)
at org.testng.SuiteRunner.runSequentially(SuiteRunner.java:413)
at org.testng.SuiteRunner.privateRun(SuiteRunner.java:373)
at org.testng.SuiteRunner.run(SuiteRunner.java:312)
at org.testng.SuiteRunnerWorker.runSuite(SuiteRunnerWorker.java:52)
at org.testng.SuiteRunnerWorker.run(SuiteRunnerWorker.java:95)
at org.testng.TestNG.runSuitesSequentially(TestNG.java:1274)
at org.testng.TestNG.runSuitesLocally(TestNG.java:1208)
at org.testng.TestNG.runSuites(TestNG.java:1112)
at org.testng.TestNG.run(TestNG.java:1079)
at org.testng.remote.AbstractRemoteTestNG.run(AbstractRemoteTestNG.java:115)
at org.testng.remote.RemoteTestNG.initAndRun(RemoteTestNG.java:293)
at org.testng.remote.RemoteTestNG.main(RemoteTestNG.java:91)
]]>
    </error>
  </testcase> <!-- Clickon_TotalInvestmentvalue -->
=======
<testsuite hostname="DESKTOP-KMVAA5F" failures="0" tests="15" name="com.Test.Rankmfselenium.NormalSmartsiporderTest" time="9.379" errors="1" timestamp="2023-08-09T14:11:59 IST" skipped="12">
  <testcase classname="com.Test.Rankmfselenium.NormalSmartsiporderTest" name="check_VerifyOTP" time="0.000">
    <skipped/>
  </testcase> <!-- check_VerifyOTP -->
  <system-out/>
  <testcase classname="com.Test.Rankmfselenium.NormalSmartsiporderTest" name="Clickon_cancelsmartsiporder" time="0.000">
    <skipped/>
  </testcase> <!-- Clickon_cancelsmartsiporder -->
  <system-out/>
  <testcase classname="com.Test.Rankmfselenium.NormalSmartsiporderTest" name="Clickalert" time="0.000">
    <skipped/>
  </testcase> <!-- Clickalert -->
  <system-out/>
  <testcase classname="com.Test.Rankmfselenium.NormalSmartsiporderTest" name="Installementdate" time="0.000">
    <skipped/>
  </testcase> <!-- Installementdate -->
  <system-out/>
  <testcase classname="com.Test.Rankmfselenium.NormalSmartsiporderTest" name="Click_logoutbtn" time="0.000">
    <skipped/>
  </testcase> <!-- Click_logoutbtn -->
  <system-out/>
  <testcase classname="com.Test.Rankmfselenium.NormalSmartsiporderTest" name="FetchOrderPlaceText_SmartSIP" time="0.000">
    <skipped/>
  </testcase> <!-- FetchOrderPlaceText_SmartSIP -->
  <system-out/>
  <testcase classname="com.Test.Rankmfselenium.NormalSmartsiporderTest" name="Click_Investsmartsip" time="3.058">
    <error message="no such element: Unable to locate element: {&quot;method&quot;:&quot;xpath&quot;,&quot;selector&quot;:&quot;//a[contains(text(),&#039;Invest in SmartSIP Today&#039;)]&quot;}
  (Session info: chrome=115.0.5790.171)
For documentation on this error, please visit: https://www.seleniumhq.org/exceptions/no_such_element.html
Build info: version: &#039;3.141.59&#039;, revision: &#039;e82be7d358&#039;, time: &#039;2018-11-14T08:17:03&#039;
System info: host: &#039;DESKTOP-KMVAA5F&#039;, ip: &#039;192.168.80.125&#039;, os.name: &#039;Windows 10&#039;, os.arch: &#039;amd64&#039;, os.version: &#039;10.0&#039;, java.version: &#039;11&#039;
Driver info: org.openqa.selenium.chrome.ChromeDriver
Capabilities {acceptInsecureCerts: false, browserName: chrome, browserVersion: 115.0.5790.171, chrome: {chromedriverVersion: 114.0.5735.90 (386bc09e8f4f..., userDataDir: C:\Users\samco\AppData\Loca...}, goog:chromeOptions: {debuggerAddress: localhost:59719}, javascriptEnabled: true, networkConnectionEnabled: false, pageLoadStrategy: normal, platform: WINDOWS, platformName: WINDOWS, proxy: Proxy(), setWindowRect: true, strictFileInteractability: false, timeouts: {implicit: 0, pageLoad: 300000, script: 30000}, unhandledPromptBehavior: dismiss and notify, webauthn:extension:credBlob: true, webauthn:extension:largeBlob: true, webauthn:extension:minPinLength: true, webauthn:extension:prf: true, webauthn:virtualAuthenticators: true}
Session ID: 54bd1c6807805c0fb135fb6665610bc7
*** Element info: {Using=xpath, value=//a[contains(text(),&#039;Invest in SmartSIP Today&#039;)]}" type="org.openqa.selenium.NoSuchElementException">
      <![CDATA[org.openqa.selenium.NoSuchElementException: no such element: Unable to locate element: {"method":"xpath","selector":"//a[contains(text(),'Invest in SmartSIP Today')]"}
  (Session info: chrome=115.0.5790.171)
For documentation on this error, please visit: https://www.seleniumhq.org/exceptions/no_such_element.html
Build info: version: '3.141.59', revision: 'e82be7d358', time: '2018-11-14T08:17:03'
System info: host: 'DESKTOP-KMVAA5F', ip: '192.168.80.125', os.name: 'Windows 10', os.arch: 'amd64', os.version: '10.0', java.version: '11'
Driver info: org.openqa.selenium.chrome.ChromeDriver
Capabilities {acceptInsecureCerts: false, browserName: chrome, browserVersion: 115.0.5790.171, chrome: {chromedriverVersion: 114.0.5735.90 (386bc09e8f4f..., userDataDir: C:\Users\samco\AppData\Loca...}, goog:chromeOptions: {debuggerAddress: localhost:59719}, javascriptEnabled: true, networkConnectionEnabled: false, pageLoadStrategy: normal, platform: WINDOWS, platformName: WINDOWS, proxy: Proxy(), setWindowRect: true, strictFileInteractability: false, timeouts: {implicit: 0, pageLoad: 300000, script: 30000}, unhandledPromptBehavior: dismiss and notify, webauthn:extension:credBlob: true, webauthn:extension:largeBlob: true, webauthn:extension:minPinLength: true, webauthn:extension:prf: true, webauthn:virtualAuthenticators: true}
Session ID: 54bd1c6807805c0fb135fb6665610bc7
*** Element info: {Using=xpath, value=//a[contains(text(),'Invest in SmartSIP Today')]}
at java.base/jdk.internal.reflect.NativeConstructorAccessorImpl.newInstance0(Native Method)
at java.base/jdk.internal.reflect.NativeConstructorAccessorImpl.newInstance(NativeConstructorAccessorImpl.java:62)
at java.base/jdk.internal.reflect.DelegatingConstructorAccessorImpl.newInstance(DelegatingConstructorAccessorImpl.java:45)
at java.base/java.lang.reflect.Constructor.newInstance(Constructor.java:490)
at org.openqa.selenium.remote.http.W3CHttpResponseCodec.createException(W3CHttpResponseCodec.java:187)
at org.openqa.selenium.remote.http.W3CHttpResponseCodec.decode(W3CHttpResponseCodec.java:122)
at org.openqa.selenium.remote.http.W3CHttpResponseCodec.decode(W3CHttpResponseCodec.java:49)
at org.openqa.selenium.remote.HttpCommandExecutor.execute(HttpCommandExecutor.java:158)
at org.openqa.selenium.remote.service.DriverCommandExecutor.execute(DriverCommandExecutor.java:83)
at org.openqa.selenium.remote.RemoteWebDriver.execute(RemoteWebDriver.java:552)
at org.openqa.selenium.remote.RemoteWebDriver.findElement(RemoteWebDriver.java:323)
at org.openqa.selenium.remote.RemoteWebDriver.findElementByXPath(RemoteWebDriver.java:428)
at org.openqa.selenium.By$ByXPath.findElement(By.java:353)
at org.openqa.selenium.remote.RemoteWebDriver.findElement(RemoteWebDriver.java:315)
at com.Test.RANKMFSELENIUM.HomepageTest.Investsmartsip(HomepageTest.java:50)
at com.Test.RANKMFSELENIUM.NormalSmartSipOrder.click_Investsmartsip(NormalSmartSipOrder.java:37)
at com.Test.Rankmfselenium.NormalSmartsiporderTest.Click_Investsmartsip(NormalSmartsiporderTest.java:66)
at java.base/jdk.internal.reflect.NativeMethodAccessorImpl.invoke0(Native Method)
at java.base/jdk.internal.reflect.NativeMethodAccessorImpl.invoke(NativeMethodAccessorImpl.java:62)
at java.base/jdk.internal.reflect.DelegatingMethodAccessorImpl.invoke(DelegatingMethodAccessorImpl.java:43)
at java.base/java.lang.reflect.Method.invoke(Method.java:566)
at org.testng.internal.MethodInvocationHelper.invokeMethod(MethodInvocationHelper.java:133)
at org.testng.internal.TestInvoker.invokeMethod(TestInvoker.java:598)
at org.testng.internal.TestInvoker.invokeTestMethod(TestInvoker.java:173)
at org.testng.internal.MethodRunner.runInSequence(MethodRunner.java:46)
at org.testng.internal.TestInvoker$MethodInvocationAgent.invoke(TestInvoker.java:824)
at org.testng.internal.TestInvoker.invokeTestMethods(TestInvoker.java:146)
at org.testng.internal.TestMethodWorker.invokeTestMethods(TestMethodWorker.java:146)
at org.testng.internal.TestMethodWorker.run(TestMethodWorker.java:128)
at java.base/java.util.ArrayList.forEach(ArrayList.java:1540)
at org.testng.TestRunner.privateRun(TestRunner.java:794)
at org.testng.TestRunner.run(TestRunner.java:596)
at org.testng.SuiteRunner.runTest(SuiteRunner.java:377)
at org.testng.SuiteRunner.runSequentially(SuiteRunner.java:371)
at org.testng.SuiteRunner.privateRun(SuiteRunner.java:332)
at org.testng.SuiteRunner.run(SuiteRunner.java:276)
at org.testng.SuiteRunnerWorker.runSuite(SuiteRunnerWorker.java:53)
at org.testng.SuiteRunnerWorker.run(SuiteRunnerWorker.java:96)
at org.testng.TestNG.runSuitesSequentially(TestNG.java:1212)
at org.testng.TestNG.runSuitesLocally(TestNG.java:1134)
at org.testng.TestNG.runSuites(TestNG.java:1063)
at org.testng.TestNG.run(TestNG.java:1031)
at org.testng.remote.AbstractRemoteTestNG.run(AbstractRemoteTestNG.java:115)
at org.testng.remote.RemoteTestNG.initAndRun(RemoteTestNG.java:251)
at org.testng.remote.RemoteTestNG.main(RemoteTestNG.java:77)
]]>
    </error>
  </testcase> <!-- Click_Investsmartsip -->
  <system-out/>
  <testcase classname="com.Test.Rankmfselenium.NormalSmartsiporderTest" name="Clickon_confirmcontinue" time="0.000">
    <skipped/>
  </testcase> <!-- Clickon_confirmcontinue -->
  <system-out/>
  <testcase classname="com.Test.Rankmfselenium.NormalSmartsiporderTest" name="Click_SmartSip" time="0.000">
    <skipped/>
  </testcase> <!-- Click_SmartSip -->
  <system-out/>
  <testcase classname="com.Test.Rankmfselenium.NormalSmartsiporderTest" name="click_continue" time="0.000">
    <skipped/>
  </testcase> <!-- click_continue -->
  <system-out/>
  <testcase classname="com.Test.Rankmfselenium.NormalSmartsiporderTest" name="Clickon_TotalInvestmentvalue" time="2.917"/>
  <system-out/>
  <testcase classname="com.Test.Rankmfselenium.NormalSmartsiporderTest" name="ClickonSigninPage" time="3.404"/>
  <system-out/>
  <testcase classname="com.Test.Rankmfselenium.NormalSmartsiporderTest" name="InstallementStartdate" time="0.000">
    <skipped/>
  </testcase> <!-- InstallementStartdate -->
  <system-out/>
  <testcase classname="com.Test.Rankmfselenium.NormalSmartsiporderTest" name="check_enterotpnum" time="0.000">
    <skipped/>
  </testcase> <!-- check_enterotpnum -->
  <system-out/>
  <testcase classname="com.Test.Rankmfselenium.NormalSmartsiporderTest" name="Clickon_logout" time="0.000">
    <skipped/>
  </testcase> <!-- Clickon_logout -->
  <system-out/>
>>>>>>> ee410d6c12b415293c21901c1d29a1db63f6a0d6
</testsuite> <!-- com.Test.Rankmfselenium.NormalSmartsiporderTest -->
