<?xml version="1.0" encoding="UTF-8"?>
<!-- Generated by org.testng.reporters.JUnitReportReporter -->
<testsuite hostname="DESKTOP-KMVAA5F" failures="0" tests="17" name="com.Test.Rankmfselenium.BasketSmartsiporderTest" time="5.683" errors="1" timestamp="2022-10-13T16:22:46 IST" skipped="14">
  <testcase classname="com.Test.Rankmfselenium.BasketSmartsiporderTest" name="InstallementStartdate" time="0.000">
    <skipped/>
  </testcase> <!-- InstallementStartdate -->
  <system-out/>
  <testcase classname="com.Test.Rankmfselenium.BasketSmartsiporderTest" name="Clickon_closepopup" time="0.000">
    <skipped/>
  </testcase> <!-- Clickon_closepopup -->
  <system-out/>
  <testcase classname="com.Test.Rankmfselenium.BasketSmartsiporderTest" name="check_enterotpnum" time="0.000">
    <skipped/>
  </testcase> <!-- check_enterotpnum -->
  <system-out/>
  <testcase classname="com.Test.Rankmfselenium.BasketSmartsiporderTest" name="Clickon_confirmcontinue" time="0.000">
    <skipped/>
  </testcase> <!-- Clickon_confirmcontinue -->
  <system-out/>
  <testcase classname="com.Test.Rankmfselenium.BasketSmartsiporderTest" name="Click_HomePage" time="3.065">
    <error message="no such element: Unable to locate element: {&quot;method&quot;:&quot;xpath&quot;,&quot;selector&quot;:&quot;//body[1]/div[1]/header[1]/div[2]/div[1]/div[1]/nav[1]/div[1]/a[2]&quot;}
  (Session info: chrome=106.0.5249.119)
For documentation on this error, please visit: https://www.seleniumhq.org/exceptions/no_such_element.html
Build info: version: &#039;3.141.59&#039;, revision: &#039;e82be7d358&#039;, time: &#039;2018-11-14T08:17:03&#039;
System info: host: &#039;DESKTOP-KMVAA5F&#039;, ip: &#039;192.168.80.48&#039;, os.name: &#039;Windows 10&#039;, os.arch: &#039;amd64&#039;, os.version: &#039;10.0&#039;, java.version: &#039;11&#039;
Driver info: org.openqa.selenium.chrome.ChromeDriver
Capabilities {acceptInsecureCerts: false, browserName: chrome, browserVersion: 106.0.5249.119, chrome: {chromedriverVersion: 106.0.5249.61 (511755355844..., userDataDir: C:\Users\samco\AppData\Loca...}, goog:chromeOptions: {debuggerAddress: localhost:56844}, javascriptEnabled: true, networkConnectionEnabled: false, pageLoadStrategy: normal, platform: WINDOWS, platformName: WINDOWS, proxy: Proxy(), setWindowRect: true, strictFileInteractability: false, timeouts: {implicit: 0, pageLoad: 300000, script: 30000}, unhandledPromptBehavior: dismiss and notify, webauthn:extension:credBlob: true, webauthn:extension:largeBlob: true, webauthn:virtualAuthenticators: true}
Session ID: 0cf44ac8563944505ecd0113bb9694fd
*** Element info: {Using=xpath, value=//body[1]/div[1]/header[1]/div[2]/div[1]/div[1]/nav[1]/div[1]/a[2]}" type="org.openqa.selenium.NoSuchElementException">
      <![CDATA[org.openqa.selenium.NoSuchElementException: no such element: Unable to locate element: {"method":"xpath","selector":"//body[1]/div[1]/header[1]/div[2]/div[1]/div[1]/nav[1]/div[1]/a[2]"}
  (Session info: chrome=106.0.5249.119)
For documentation on this error, please visit: https://www.seleniumhq.org/exceptions/no_such_element.html
Build info: version: '3.141.59', revision: 'e82be7d358', time: '2018-11-14T08:17:03'
System info: host: 'DESKTOP-KMVAA5F', ip: '192.168.80.48', os.name: 'Windows 10', os.arch: 'amd64', os.version: '10.0', java.version: '11'
Driver info: org.openqa.selenium.chrome.ChromeDriver
Capabilities {acceptInsecureCerts: false, browserName: chrome, browserVersion: 106.0.5249.119, chrome: {chromedriverVersion: 106.0.5249.61 (511755355844..., userDataDir: C:\Users\samco\AppData\Loca...}, goog:chromeOptions: {debuggerAddress: localhost:56844}, javascriptEnabled: true, networkConnectionEnabled: false, pageLoadStrategy: normal, platform: WINDOWS, platformName: WINDOWS, proxy: Proxy(), setWindowRect: true, strictFileInteractability: false, timeouts: {implicit: 0, pageLoad: 300000, script: 30000}, unhandledPromptBehavior: dismiss and notify, webauthn:extension:credBlob: true, webauthn:extension:largeBlob: true, webauthn:virtualAuthenticators: true}
Session ID: 0cf44ac8563944505ecd0113bb9694fd
*** Element info: {Using=xpath, value=//body[1]/div[1]/header[1]/div[2]/div[1]/div[1]/nav[1]/div[1]/a[2]}
at java.base/jdk.internal.reflect.NativeConstructorAccessorImpl.newInstance0(Native Method)
at java.base/jdk.internal.reflect.NativeConstructorAccessorImpl.newInstance(NativeConstructorAccessorImpl.java:62)
at java.base/jdk.internal.reflect.DelegatingConstructorAccessorImpl.newInstance(DelegatingConstructorAccessorImpl.java:45)
at java.base/java.lang.reflect.Constructor.newInstance(Constructor.java:490)
at org.openqa.selenium.remote.http.W3CHttpResponseCodec.createException(W3CHttpResponseCodec.java:187)
at org.openqa.selenium.remote.http.W3CHttpResponseCodec.decode(W3CHttpResponseCodec.java:122)
at org.openqa.selenium.remote.http.W3CHttpResponseCodec.decode(W3CHttpResponseCodec.java:49)
at org.openqa.selenium.remote.HttpCommandExecutor.execute(HttpCommandExecutor.java:158)
at org.openqa.selenium.remote.service.DriverCommandExecutor.execute(DriverCommandExecutor.java:83)
at org.openqa.selenium.remote.RemoteWebDriver.execute(RemoteWebDriver.java:552)
at org.openqa.selenium.remote.RemoteWebDriver.findElement(RemoteWebDriver.java:323)
at org.openqa.selenium.remote.RemoteWebDriver.findElementByXPath(RemoteWebDriver.java:428)
at org.openqa.selenium.By$ByXPath.findElement(By.java:353)
at org.openqa.selenium.remote.RemoteWebDriver.findElement(RemoteWebDriver.java:315)
at com.Test.RANKMFSELENIUM.HomepageTest.Click_HomePage(HomepageTest.java:37)
at com.Test.RANKMFSELENIUM.BasketSmartSipOrder.click_HomePage(BasketSmartSipOrder.java:23)
at com.Test.Rankmfselenium.BasketSmartsiporderTest.Click_HomePage(BasketSmartsiporderTest.java:58)
at java.base/jdk.internal.reflect.NativeMethodAccessorImpl.invoke0(Native Method)
at java.base/jdk.internal.reflect.NativeMethodAccessorImpl.invoke(NativeMethodAccessorImpl.java:62)
at java.base/jdk.internal.reflect.DelegatingMethodAccessorImpl.invoke(DelegatingMethodAccessorImpl.java:43)
at java.base/java.lang.reflect.Method.invoke(Method.java:566)
at org.testng.internal.MethodInvocationHelper.invokeMethod(MethodInvocationHelper.java:133)
at org.testng.internal.TestInvoker.invokeMethod(TestInvoker.java:598)
at org.testng.internal.TestInvoker.invokeTestMethod(TestInvoker.java:173)
at org.testng.internal.MethodRunner.runInSequence(MethodRunner.java:46)
at org.testng.internal.TestInvoker$MethodInvocationAgent.invoke(TestInvoker.java:824)
at org.testng.internal.TestInvoker.invokeTestMethods(TestInvoker.java:146)
at org.testng.internal.TestMethodWorker.invokeTestMethods(TestMethodWorker.java:146)
at org.testng.internal.TestMethodWorker.run(TestMethodWorker.java:128)
at java.base/java.util.ArrayList.forEach(ArrayList.java:1540)
at org.testng.TestRunner.privateRun(TestRunner.java:794)
at org.testng.TestRunner.run(TestRunner.java:596)
at org.testng.SuiteRunner.runTest(SuiteRunner.java:377)
at org.testng.SuiteRunner.runSequentially(SuiteRunner.java:371)
at org.testng.SuiteRunner.privateRun(SuiteRunner.java:332)
at org.testng.SuiteRunner.run(SuiteRunner.java:276)
at org.testng.SuiteRunnerWorker.runSuite(SuiteRunnerWorker.java:53)
at org.testng.SuiteRunnerWorker.run(SuiteRunnerWorker.java:96)
at org.testng.TestNG.runSuitesSequentially(TestNG.java:1212)
at org.testng.TestNG.runSuitesLocally(TestNG.java:1134)
at org.testng.TestNG.runSuites(TestNG.java:1063)
at org.testng.TestNG.run(TestNG.java:1031)
at org.testng.remote.AbstractRemoteTestNG.run(AbstractRemoteTestNG.java:115)
at org.testng.remote.RemoteTestNG.initAndRun(RemoteTestNG.java:251)
at org.testng.remote.RemoteTestNG.main(RemoteTestNG.java:77)
]]>
    </error>
  </testcase> <!-- Click_HomePage -->
  <system-out/>
  <testcase classname="com.Test.Rankmfselenium.BasketSmartsiporderTest" name="Click_Investsmartsip" time="0.000">
    <skipped/>
  </testcase> <!-- Click_Investsmartsip -->
  <system-out/>
  <testcase classname="com.Test.Rankmfselenium.BasketSmartsiporderTest" name="ClickonSigninPage" time="0.505"/>
  <system-out/>
  <testcase classname="com.Test.Rankmfselenium.BasketSmartsiporderTest" name="Clickon_TotalInvestmentvalue" time="2.113"/>
  <system-out/>
  <testcase classname="com.Test.Rankmfselenium.BasketSmartsiporderTest" name="check_VerifyOTP" time="0.000">
    <skipped/>
  </testcase> <!-- check_VerifyOTP -->
  <system-out/>
  <testcase classname="com.Test.Rankmfselenium.BasketSmartsiporderTest" name="Clickon_logout" time="0.000">
    <skipped/>
  </testcase> <!-- Clickon_logout -->
  <system-out/>
  <testcase classname="com.Test.Rankmfselenium.BasketSmartsiporderTest" name="Click_logoutbtn" time="0.000">
    <skipped/>
  </testcase> <!-- Click_logoutbtn -->
  <system-out/>
  <testcase classname="com.Test.Rankmfselenium.BasketSmartsiporderTest" name="Clickon_cancelsmartsiporder" time="0.000">
    <skipped/>
  </testcase> <!-- Clickon_cancelsmartsiporder -->
  <system-out/>
  <testcase classname="com.Test.Rankmfselenium.BasketSmartsiporderTest" name="click_continue" time="0.000">
    <skipped/>
  </testcase> <!-- click_continue -->
  <system-out/>
  <testcase classname="com.Test.Rankmfselenium.BasketSmartsiporderTest" name="Click_smartsip" time="0.000">
    <skipped/>
  </testcase> <!-- Click_smartsip -->
  <system-out/>
  <testcase classname="com.Test.Rankmfselenium.BasketSmartsiporderTest" name="Clickalert" time="0.000">
    <skipped/>
  </testcase> <!-- Clickalert -->
  <system-out/>
  <testcase classname="com.Test.Rankmfselenium.BasketSmartsiporderTest" name="Clickon_fetchsmartsippalcedorder" time="0.000">
    <skipped/>
  </testcase> <!-- Clickon_fetchsmartsippalcedorder -->
  <system-out/>
  <testcase classname="com.Test.Rankmfselenium.BasketSmartsiporderTest" name="Installementdate" time="0.000">
    <skipped/>
  </testcase> <!-- Installementdate -->
  <system-out/>
</testsuite> <!-- com.Test.Rankmfselenium.BasketSmartsiporderTest -->
