<?xml version="1.0" encoding="UTF-8"?>
<!-- Generated by org.testng.reporters.JUnitReportReporter -->
<testsuite hostname="DESKTOP-KMVAA5F" failures="0" tests="17" name="com.Test.Rankmfselenium.BasketNormalSiporderTest" time="38.667" errors="1" timestamp="2022-05-10T11:23:48 IST" skipped="6">
  <testcase classname="com.Test.Rankmfselenium.BasketNormalSiporderTest" name="Clickon_TotalInvestmentvalue" time="2.820"/>
  <system-out/>
  <testcase classname="com.Test.Rankmfselenium.BasketNormalSiporderTest" name="Startdatepicker" time="3.374"/>
  <system-out/>
  <testcase classname="com.Test.Rankmfselenium.BasketNormalSiporderTest" name="check_enterotpnum" time="2.174">
    <error message="Keys to send should be a not null CharSequence" type="java.lang.IllegalArgumentException">
      <![CDATA[java.lang.IllegalArgumentException: Keys to send should be a not null CharSequence
at org.openqa.selenium.remote.RemoteWebElement.sendKeys(RemoteWebElement.java:97)
at com.Test.RANKMFSELENIUM.DashboardNormalSiporderTest.enterotpnumber(DashboardNormalSiporderTest.java:153)
at com.Test.Rankmfselenium.BasketNormalSiporderTest.check_enterotpnum(BasketNormalSiporderTest.java:125)
at java.base/jdk.internal.reflect.NativeMethodAccessorImpl.invoke0(Native Method)
at java.base/jdk.internal.reflect.NativeMethodAccessorImpl.invoke(NativeMethodAccessorImpl.java:77)
at java.base/jdk.internal.reflect.DelegatingMethodAccessorImpl.invoke(DelegatingMethodAccessorImpl.java:43)
at java.base/java.lang.reflect.Method.invoke(Method.java:568)
at org.testng.internal.invokers.MethodInvocationHelper.invokeMethod(MethodInvocationHelper.java:135)
at org.testng.internal.invokers.TestInvoker.invokeMethod(TestInvoker.java:673)
at org.testng.internal.invokers.TestInvoker.invokeTestMethod(TestInvoker.java:220)
at org.testng.internal.invokers.MethodRunner.runInSequence(MethodRunner.java:50)
at org.testng.internal.invokers.TestInvoker$MethodInvocationAgent.invoke(TestInvoker.java:945)
at org.testng.internal.invokers.TestInvoker.invokeTestMethods(TestInvoker.java:193)
at org.testng.internal.invokers.TestMethodWorker.invokeTestMethods(TestMethodWorker.java:146)
at org.testng.internal.invokers.TestMethodWorker.run(TestMethodWorker.java:128)
at java.base/java.util.ArrayList.forEach(ArrayList.java:1511)
at org.testng.TestRunner.privateRun(TestRunner.java:808)
at org.testng.TestRunner.run(TestRunner.java:603)
at org.testng.SuiteRunner.runTest(SuiteRunner.java:429)
at org.testng.SuiteRunner.runSequentially(SuiteRunner.java:423)
at org.testng.SuiteRunner.privateRun(SuiteRunner.java:383)
at org.testng.SuiteRunner.run(SuiteRunner.java:326)
at org.testng.SuiteRunnerWorker.runSuite(SuiteRunnerWorker.java:52)
at org.testng.SuiteRunnerWorker.run(SuiteRunnerWorker.java:95)
at org.testng.TestNG.runSuitesSequentially(TestNG.java:1249)
at org.testng.TestNG.runSuitesLocally(TestNG.java:1169)
at org.testng.TestNG.runSuites(TestNG.java:1092)
at org.testng.TestNG.run(TestNG.java:1060)
at org.apache.maven.surefire.testng.TestNGExecutor.run(TestNGExecutor.java:293)
at org.apache.maven.surefire.testng.TestNGXmlTestSuite.execute(TestNGXmlTestSuite.java:84)
at org.apache.maven.surefire.testng.TestNGProvider.invoke(TestNGProvider.java:91)
at org.apache.maven.surefire.booter.ForkedBooter.invokeProviderInSameClassLoader(ForkedBooter.java:200)
at org.apache.maven.surefire.booter.ForkedBooter.runSuitesInProcess(ForkedBooter.java:153)
at org.apache.maven.surefire.booter.ForkedBooter.main(ForkedBooter.java:103)
]]>
    </error>
  </testcase> <!-- check_enterotpnum -->
  <system-out/>
  <testcase classname="com.Test.Rankmfselenium.BasketNormalSiporderTest" name="search_mutualfunds" time="9.362"/>
  <system-out/>
  <testcase classname="com.Test.Rankmfselenium.BasketNormalSiporderTest" name="Clickon_fetchnormalpalcedorder" time="0.000">
    <skipped/>
  </testcase> <!-- Clickon_fetchnormalpalcedorder -->
  <system-out/>
  <testcase classname="com.Test.Rankmfselenium.BasketNormalSiporderTest" name="Click_logoutbtn" time="0.000">
    <skipped/>
  </testcase> <!-- Click_logoutbtn -->
  <system-out/>
  <testcase classname="com.Test.Rankmfselenium.BasketNormalSiporderTest" name="Click_continuebtn" time="2.170"/>
  <system-out/>
  <testcase classname="com.Test.Rankmfselenium.BasketNormalSiporderTest" name="InstallementStartdate" time="3.202"/>
  <system-out/>
  <testcase classname="com.Test.Rankmfselenium.BasketNormalSiporderTest" name="Clickon_cancelsmartsiporder" time="0.000">
    <skipped/>
  </testcase> <!-- Clickon_cancelsmartsiporder -->
  <system-out/>
  <testcase classname="com.Test.Rankmfselenium.BasketNormalSiporderTest" name="Click_HomePage" time="3.021"/>
  <system-out/>
  <testcase classname="com.Test.Rankmfselenium.BasketNormalSiporderTest" name="ClickonSigninPage" time="1.069"/>
  <system-out/>
  <testcase classname="com.Test.Rankmfselenium.BasketNormalSiporderTest" name="Click_Normalsip" time="6.622"/>
  <system-out/>
  <testcase classname="com.Test.Rankmfselenium.BasketNormalSiporderTest" name="Clickon_logout" time="0.000">
    <skipped/>
  </testcase> <!-- Clickon_logout -->
  <system-out/>
  <testcase classname="com.Test.Rankmfselenium.BasketNormalSiporderTest" name="Clickon_skipstep" time="0.000">
    <skipped/>
  </testcase> <!-- Clickon_skipstep -->
  <system-out/>
  <testcase classname="com.Test.Rankmfselenium.BasketNormalSiporderTest" name="Click_sipcontinuebtn" time="2.444"/>
  <system-out/>
  <testcase classname="com.Test.Rankmfselenium.BasketNormalSiporderTest" name="check_VerifyOTP" time="2.409"/>
  <system-out/>
  <testcase classname="com.Test.Rankmfselenium.BasketNormalSiporderTest" name="Clickon_confirmcontinue" time="0.000">
    <skipped/>
  </testcase> <!-- Clickon_confirmcontinue -->
  <system-out/>
</testsuite> <!-- com.Test.Rankmfselenium.BasketNormalSiporderTest -->
